{"EventID":3,"UtcTime":"2026-03-09 16:39:51.749","Computer":"10.20.30.41","ProcessGuid":"{f994d776-f83a-288b-31ae-c16e2d3e9c81}","ProcessId":2008,"Image":"bastion-sensor.exe","User":"NT AUTHORITY\\SYSTEM","Protocol":"tcp","SourceIp":"10.20.30.41","SourcePort":57965,"DestinationIp":"104.18.22.51","DestinationPort":443}
{"EventID":3,"UtcTime":"2026-03-09 16:40:21.658","Computer":"10.20.30.41","ProcessGuid":"{f994d776-f83a-288b-31ae-c16e2d3e9c81}","ProcessId":2008,"Image":"bastion-sensor.exe","User":"NT AUTHORITY\\SYSTEM","Protocol":"tcp","SourceIp":"10.20.30.41","SourcePort":49938,"DestinationIp":"104.18.22.51","DestinationPort":443}
{"EventID":3,"UtcTime":"2026-03-09 16:40:38.924","Computer":"10.20.30.41","ProcessGuid":"{18d8f26f-d16e-7c42-cc7a-bb96b22125cd}","ProcessId":2008,"Image":"node-bridge.exe","User":"LARKSPUR\\priya.nair","Protocol":"tcp","SourceIp":"10.20.30.41","SourcePort":64675,"DestinationIp":"193.42.33.81","DestinationPort":443}
{"EventID":3,"UtcTime":"2026-03-09 16:40:51.521","Computer":"10.20.30.41","ProcessGuid":"{f994d776-f83a-288b-31ae-c16e2d3e9c81}","ProcessId":2008,"Image":"bastion-sensor.exe","User":"NT AUTHORITY\\SYSTEM","Protocol":"tcp","SourceIp":"10.20.30.41","SourcePort":60315,"DestinationIp":"104.18.22.51","DestinationPort":443}
{"EventID":3,"UtcTime":"2026-03-09 16:41:12.078","Computer":"10.20.30.58","ProcessGuid":"{78bfb53d-429c-a544-d767-20530ccd25c3}","ProcessId":48100,"Image":"svchost.exe","User":"NT AUTHORITY\\SYSTEM","Protocol":"tcp","SourceIp":"10.20.30.58","SourcePort":51263,"DestinationIp":"91.213.50.77","DestinationPort":443}
{"EventID":3,"UtcTime":"2026-03-09 16:41:21.583","Computer":"10.20.30.41","ProcessGuid":"{f994d776-f83a-288b-31ae-c16e2d3e9c81}","ProcessId":2008,"Image":"bastion-sensor.exe","User":"NT AUTHORITY\\SYSTEM","Protocol":"tcp","SourceIp":"10.20.30.41","SourcePort":63097,"DestinationIp":"104.18.22.51","DestinationPort":443}
{"EventID":3,"UtcTime":"2026-03-09 16:41:22.730","Computer":"10.20.30.41","ProcessGuid":"{18d8f26f-d16e-7c42-cc7a-bb96b22125cd}","ProcessId":2008,"Image":"node-bridge.exe","User":"LARKSPUR\\priya.nair","Protocol":"tcp","SourceIp":"10.20.30.41","SourcePort":58628,"DestinationIp":"193.42.33.81","DestinationPort":443}
{"EventID":3,"UtcTime":"2026-03-09 16:41:51.487","Computer":"10.20.30.41","ProcessGuid":"{f994d776-f83a-288b-31ae-c16e2d3e9c81}","ProcessId":2008,"Image":"bastion-sensor.exe","User":"NT AUTHORITY\\SYSTEM","Protocol":"tcp","SourceIp":"10.20.30.41","SourcePort":55755,"DestinationIp":"104.18.22.51","DestinationPort":443}
{"EventID":3,"UtcTime":"2026-03-09 16:42:09.332","Computer":"10.20.30.41","ProcessGuid":"{18d8f26f-d16e-7c42-cc7a-bb96b22125cd}","ProcessId":2008,"Image":"node-bridge.exe","User":"LARKSPUR\\priya.nair","Protocol":"tcp","SourceIp":"10.20.30.41","SourcePort":53166,"DestinationIp":"193.42.33.81","DestinationPort":443}
{"EventID":3,"UtcTime":"2026-03-09 16:42:21.646","Computer":"10.20.30.41","ProcessGuid":"{f994d776-f83a-288b-31ae-c16e2d3e9c81}","ProcessId":2008,"Image":"bastion-sensor.exe","User":"NT AUTHORITY\\SYSTEM","Protocol":"tcp","SourceIp":"10.20.30.41","SourcePort":56260,"DestinationIp":"104.18.22.51","DestinationPort":443}
{"EventID":3,"UtcTime":"2026-03-09 16:42:51.508","Computer":"10.20.30.41","ProcessGuid":"{f994d776-f83a-288b-31ae-c16e2d3e9c81}","ProcessId":2008,"Image":"bastion-sensor.exe","User":"NT AUTHORITY\\SYSTEM","Protocol":"tcp","SourceIp":"10.20.30.41","SourcePort":53590,"DestinationIp":"104.18.22.51","DestinationPort":443}
{"EventID":3,"UtcTime":"2026-03-09 16:42:52.455","Computer":"10.20.30.41","ProcessGuid":"{18d8f26f-d16e-7c42-cc7a-bb96b22125cd}","ProcessId":2008,"Image":"node-bridge.exe","User":"LARKSPUR\\priya.nair","Protocol":"tcp","SourceIp":"10.20.30.41","SourcePort":57197,"DestinationIp":"193.42.33.81","DestinationPort":443}
{"EventID":3,"UtcTime":"2026-03-09 16:43:21.160","Computer":"10.20.30.41","ProcessGuid":"{f994d776-f83a-288b-31ae-c16e2d3e9c81}","ProcessId":2008,"Image":"bastion-sensor.exe","User":"NT AUTHORITY\\SYSTEM","Protocol":"tcp","SourceIp":"10.20.30.41","SourcePort":51071,"DestinationIp":"104.18.22.51","DestinationPort":443}
{"EventID":3,"UtcTime":"2026-03-09 16:43:41.859","Computer":"10.20.30.41","ProcessGuid":"{18d8f26f-d16e-7c42-cc7a-bb96b22125cd}","ProcessId":2008,"Image":"node-bridge.exe","User":"LARKSPUR\\priya.nair","Protocol":"tcp","SourceIp":"10.20.30.41","SourcePort":52633,"DestinationIp":"193.42.33.81","DestinationPort":443}
{"EventID":3,"UtcTime":"2026-03-09 16:43:51.674","Computer":"10.20.30.41","ProcessGuid":"{f994d776-f83a-288b-31ae-c16e2d3e9c81}","ProcessId":2008,"Image":"bastion-sensor.exe","User":"NT AUTHORITY\\SYSTEM","Protocol":"tcp","SourceIp":"10.20.30.41","SourcePort":65491,"DestinationIp":"104.18.22.51","DestinationPort":443}
{"EventID":3,"UtcTime":"2026-03-09 16:44:21.896","Computer":"10.20.30.41","ProcessGuid":"{f994d776-f83a-288b-31ae-c16e2d3e9c81}","ProcessId":2008,"Image":"bastion-sensor.exe","User":"NT AUTHORITY\\SYSTEM","Protocol":"tcp","SourceIp":"10.20.30.41","SourcePort":63649,"DestinationIp":"104.18.22.51","DestinationPort":443}
{"EventID":3,"UtcTime":"2026-03-09 16:44:26.155","Computer":"10.20.30.41","ProcessGuid":"{18d8f26f-d16e-7c42-cc7a-bb96b22125cd}","ProcessId":2008,"Image":"node-bridge.exe","User":"LARKSPUR\\priya.nair","Protocol":"tcp","SourceIp":"10.20.30.41","SourcePort":62732,"DestinationIp":"193.42.33.81","DestinationPort":443}
{"EventID":3,"UtcTime":"2026-03-09 16:44:51.925","Computer":"10.20.30.41","ProcessGuid":"{f994d776-f83a-288b-31ae-c16e2d3e9c81}","ProcessId":2008,"Image":"bastion-sensor.exe","User":"NT AUTHORITY\\SYSTEM","Protocol":"tcp","SourceIp":"10.20.30.41","SourcePort":57831,"DestinationIp":"104.18.22.51","DestinationPort":443}
{"EventID":3,"UtcTime":"2026-03-09 16:44:52.879","Computer":"10.20.30.58","ProcessGuid":"{78bfb53d-429c-a544-d767-20530ccd25c3}","ProcessId":48100,"Image":"svchost.exe","User":"NT AUTHORITY\\SYSTEM","Protocol":"tcp","SourceIp":"10.20.30.58","SourcePort":55514,"DestinationIp":"91.213.50.77","DestinationPort":443}
{"EventID":3,"UtcTime":"2026-03-09 16:45:07.653","Computer":"10.20.30.41","ProcessGuid":"{18d8f26f-d16e-7c42-cc7a-bb96b22125cd}","ProcessId":2008,"Image":"node-bridge.exe","User":"LARKSPUR\\priya.nair","Protocol":"tcp","SourceIp":"10.20.30.41","SourcePort":64384,"DestinationIp":"193.42.33.81","DestinationPort":443}
{"EventID":3,"UtcTime":"2026-03-09 16:45:21.703","Computer":"10.20.30.41","ProcessGuid":"{f994d776-f83a-288b-31ae-c16e2d3e9c81}","ProcessId":2008,"Image":"bastion-sensor.exe","User":"NT AUTHORITY\\SYSTEM","Protocol":"tcp","SourceIp":"10.20.30.41","SourcePort":56553,"DestinationIp":"104.18.22.51","DestinationPort":443}
{"EventID":3,"UtcTime":"2026-03-09 16:45:49.449","Computer":"10.20.30.41","ProcessGuid":"{18d8f26f-d16e-7c42-cc7a-bb96b22125cd}","ProcessId":2008,"Image":"node-bridge.exe","User":"LARKSPUR\\priya.nair","Protocol":"tcp","SourceIp":"10.20.30.41","SourcePort":64444,"DestinationIp":"193.42.33.81","DestinationPort":443}
{"EventID":3,"UtcTime":"2026-03-09 16:45:51.910","Computer":"10.20.30.41","ProcessGuid":"{f994d776-f83a-288b-31ae-c16e2d3e9c81}","ProcessId":2008,"Image":"bastion-sensor.exe","User":"NT AUTHORITY\\SYSTEM","Protocol":"tcp","SourceIp":"10.20.30.41","SourcePort":50659,"DestinationIp":"104.18.22.51","DestinationPort":443}
{"EventID":3,"UtcTime":"2026-03-09 16:46:21.908","Computer":"10.20.30.41","ProcessGuid":"{f994d776-f83a-288b-31ae-c16e2d3e9c81}","ProcessId":2008,"Image":"bastion-sensor.exe","User":"NT AUTHORITY\\SYSTEM","Protocol":"tcp","SourceIp":"10.20.30.41","SourcePort":64061,"DestinationIp":"104.18.22.51","DestinationPort":443}
{"EventID":3,"UtcTime":"2026-03-09 16:46:38.664","Computer":"10.20.30.41","ProcessGuid":"{18d8f26f-d16e-7c42-cc7a-bb96b22125cd}","ProcessId":2008,"Image":"node-bridge.exe","User":"LARKSPUR\\priya.nair","Protocol":"tcp","SourceIp":"10.20.30.41","SourcePort":65079,"DestinationIp":"193.42.33.81","DestinationPort":443}
{"EventID":3,"UtcTime":"2026-03-09 16:46:51.408","Computer":"10.20.30.41","ProcessGuid":"{f994d776-f83a-288b-31ae-c16e2d3e9c81}","ProcessId":2008,"Image":"bastion-sensor.exe","User":"NT AUTHORITY\\SYSTEM","Protocol":"tcp","SourceIp":"10.20.30.41","SourcePort":58816,"DestinationIp":"104.18.22.51","DestinationPort":443}
{"EventID":3,"UtcTime":"2026-03-09 16:47:20.042","Computer":"10.20.30.41","ProcessGuid":"{18d8f26f-d16e-7c42-cc7a-bb96b22125cd}","ProcessId":2008,"Image":"node-bridge.exe","User":"LARKSPUR\\priya.nair","Protocol":"tcp","SourceIp":"10.20.30.41","SourcePort":65400,"DestinationIp":"193.42.33.81","DestinationPort":443}
{"EventID":3,"UtcTime":"2026-03-09 16:47:21.060","Computer":"10.20.30.41","ProcessGuid":"{f994d776-f83a-288b-31ae-c16e2d3e9c81}","ProcessId":2008,"Image":"bastion-sensor.exe","User":"NT AUTHORITY\\SYSTEM","Protocol":"tcp","SourceIp":"10.20.30.41","SourcePort":56253,"DestinationIp":"104.18.22.51","DestinationPort":443}
{"EventID":3,"UtcTime":"2026-03-09 16:47:51.148","Computer":"10.20.30.41","ProcessGuid":"{f994d776-f83a-288b-31ae-c16e2d3e9c81}","ProcessId":2008,"Image":"bastion-sensor.exe","User":"NT AUTHORITY\\SYSTEM","Protocol":"tcp","SourceIp":"10.20.30.41","SourcePort":55512,"DestinationIp":"104.18.22.51","DestinationPort":443}
{"EventID":3,"UtcTime":"2026-03-09 16:48:03.267","Computer":"10.20.30.41","ProcessGuid":"{18d8f26f-d16e-7c42-cc7a-bb96b22125cd}","ProcessId":2008,"Image":"node-bridge.exe","User":"LARKSPUR\\priya.nair","Protocol":"tcp","SourceIp":"10.20.30.41","SourcePort":58136,"DestinationIp":"193.42.33.81","DestinationPort":443}
{"EventID":3,"UtcTime":"2026-03-09 16:48:20.604","Computer":"10.20.30.41","ProcessGuid":"{f994d776-f83a-288b-31ae-c16e2d3e9c81}","ProcessId":2008,"Image":"bastion-sensor.exe","User":"NT AUTHORITY\\SYSTEM","Protocol":"tcp","SourceIp":"10.20.30.41","SourcePort":61454,"DestinationIp":"104.18.22.51","DestinationPort":443}
{"EventID":3,"UtcTime":"2026-03-09 16:48:50.114","Computer":"10.20.30.41","ProcessGuid":"{f994d776-f83a-288b-31ae-c16e2d3e9c81}","ProcessId":2008,"Image":"bastion-sensor.exe","User":"NT AUTHORITY\\SYSTEM","Protocol":"tcp","SourceIp":"10.20.30.41","SourcePort":61580,"DestinationIp":"104.18.22.51","DestinationPort":443}
{"EventID":3,"UtcTime":"2026-03-09 16:48:52.102","Computer":"10.20.30.41","ProcessGuid":"{18d8f26f-d16e-7c42-cc7a-bb96b22125cd}","ProcessId":2008,"Image":"node-bridge.exe","User":"LARKSPUR\\priya.nair","Protocol":"tcp","SourceIp":"10.20.30.41","SourcePort":61314,"DestinationIp":"193.42.33.81","DestinationPort":443}
{"EventID":3,"UtcTime":"2026-03-09 16:49:20.128","Computer":"10.20.30.41","ProcessGuid":"{f994d776-f83a-288b-31ae-c16e2d3e9c81}","ProcessId":2008,"Image":"bastion-sensor.exe","User":"NT AUTHORITY\\SYSTEM","Protocol":"tcp","SourceIp":"10.20.30.41","SourcePort":56154,"DestinationIp":"104.18.22.51","DestinationPort":443}
{"EventID":3,"UtcTime":"2026-03-09 16:49:34.543","Computer":"10.20.30.41","ProcessGuid":"{18d8f26f-d16e-7c42-cc7a-bb96b22125cd}","ProcessId":2008,"Image":"node-bridge.exe","User":"LARKSPUR\\priya.nair","Protocol":"tcp","SourceIp":"10.20.30.41","SourcePort":53656,"DestinationIp":"193.42.33.81","DestinationPort":443}
{"EventID":3,"UtcTime":"2026-03-09 16:49:50.625","Computer":"10.20.30.41","ProcessGuid":"{f994d776-f83a-288b-31ae-c16e2d3e9c81}","ProcessId":2008,"Image":"bastion-sensor.exe","User":"NT AUTHORITY\\SYSTEM","Protocol":"tcp","SourceIp":"10.20.30.41","SourcePort":64888,"DestinationIp":"104.18.22.51","DestinationPort":443}
{"EventID":3,"UtcTime":"2026-03-09 16:50:13.004","Computer":"10.20.30.58","ProcessGuid":"{78bfb53d-429c-a544-d767-20530ccd25c3}","ProcessId":48100,"Image":"svchost.exe","User":"NT AUTHORITY\\SYSTEM","Protocol":"tcp","SourceIp":"10.20.30.58","SourcePort":54093,"DestinationIp":"91.213.50.77","DestinationPort":443}
{"EventID":3,"UtcTime":"2026-03-09 16:50:18.599","Computer":"10.20.30.41","ProcessGuid":"{18d8f26f-d16e-7c42-cc7a-bb96b22125cd}","ProcessId":2008,"Image":"node-bridge.exe","User":"LARKSPUR\\priya.nair","Protocol":"tcp","SourceIp":"10.20.30.41","SourcePort":58654,"DestinationIp":"193.42.33.81","DestinationPort":443}
{"EventID":3,"UtcTime":"2026-03-09 16:50:20.808","Computer":"10.20.30.41","ProcessGuid":"{f994d776-f83a-288b-31ae-c16e2d3e9c81}","ProcessId":2008,"Image":"bastion-sensor.exe","User":"NT AUTHORITY\\SYSTEM","Protocol":"tcp","SourceIp":"10.20.30.41","SourcePort":49918,"DestinationIp":"104.18.22.51","DestinationPort":443}
{"EventID":3,"UtcTime":"2026-03-09 16:50:50.816","Computer":"10.20.30.41","ProcessGuid":"{f994d776-f83a-288b-31ae-c16e2d3e9c81}","ProcessId":2008,"Image":"bastion-sensor.exe","User":"NT AUTHORITY\\SYSTEM","Protocol":"tcp","SourceIp":"10.20.30.41","SourcePort":50228,"DestinationIp":"104.18.22.51","DestinationPort":443}
{"EventID":3,"UtcTime":"2026-03-09 16:51:07.100","Computer":"10.20.30.41","ProcessGuid":"{18d8f26f-d16e-7c42-cc7a-bb96b22125cd}","ProcessId":2008,"Image":"node-bridge.exe","User":"LARKSPUR\\priya.nair","Protocol":"tcp","SourceIp":"10.20.30.41","SourcePort":49528,"DestinationIp":"193.42.33.81","DestinationPort":443}
{"EventID":3,"UtcTime":"2026-03-09 16:51:20.914","Computer":"10.20.30.41","ProcessGuid":"{f994d776-f83a-288b-31ae-c16e2d3e9c81}","ProcessId":2008,"Image":"bastion-sensor.exe","User":"NT AUTHORITY\\SYSTEM","Protocol":"tcp","SourceIp":"10.20.30.41","SourcePort":63389,"DestinationIp":"104.18.22.51","DestinationPort":443}
{"EventID":3,"UtcTime":"2026-03-09 16:51:49.296","Computer":"10.20.30.41","ProcessGuid":"{18d8f26f-d16e-7c42-cc7a-bb96b22125cd}","ProcessId":2008,"Image":"node-bridge.exe","User":"LARKSPUR\\priya.nair","Protocol":"tcp","SourceIp":"10.20.30.41","SourcePort":63012,"DestinationIp":"193.42.33.81","DestinationPort":443}
{"EventID":3,"UtcTime":"2026-03-09 16:51:50.574","Computer":"10.20.30.41","ProcessGuid":"{f994d776-f83a-288b-31ae-c16e2d3e9c81}","ProcessId":2008,"Image":"bastion-sensor.exe","User":"NT AUTHORITY\\SYSTEM","Protocol":"tcp","SourceIp":"10.20.30.41","SourcePort":57526,"DestinationIp":"104.18.22.51","DestinationPort":443}
{"EventID":3,"UtcTime":"2026-03-09 16:52:21.024","Computer":"10.20.30.41","ProcessGuid":"{f994d776-f83a-288b-31ae-c16e2d3e9c81}","ProcessId":2008,"Image":"bastion-sensor.exe","User":"NT AUTHORITY\\SYSTEM","Protocol":"tcp","SourceIp":"10.20.30.41","SourcePort":54799,"DestinationIp":"104.18.22.51","DestinationPort":443}
{"EventID":3,"UtcTime":"2026-03-09 16:52:33.414","Computer":"10.20.30.41","ProcessGuid":"{18d8f26f-d16e-7c42-cc7a-bb96b22125cd}","ProcessId":2008,"Image":"node-bridge.exe","User":"LARKSPUR\\priya.nair","Protocol":"tcp","SourceIp":"10.20.30.41","SourcePort":50407,"DestinationIp":"193.42.33.81","DestinationPort":443}
{"EventID":3,"UtcTime":"2026-03-09 16:52:50.435","Computer":"10.20.30.41","ProcessGuid":"{f994d776-f83a-288b-31ae-c16e2d3e9c81}","ProcessId":2008,"Image":"bastion-sensor.exe","User":"NT AUTHORITY\\SYSTEM","Protocol":"tcp","SourceIp":"10.20.30.41","SourcePort":63094,"DestinationIp":"104.18.22.51","DestinationPort":443}
{"EventID":3,"UtcTime":"2026-03-09 16:53:17.046","Computer":"10.20.30.41","ProcessGuid":"{18d8f26f-d16e-7c42-cc7a-bb96b22125cd}","ProcessId":2008,"Image":"node-bridge.exe","User":"LARKSPUR\\priya.nair","Protocol":"tcp","SourceIp":"10.20.30.41","SourcePort":50337,"DestinationIp":"193.42.33.81","DestinationPort":443}
{"EventID":3,"UtcTime":"2026-03-09 16:53:20.171","Computer":"10.20.30.41","ProcessGuid":"{f994d776-f83a-288b-31ae-c16e2d3e9c81}","ProcessId":2008,"Image":"bastion-sensor.exe","User":"NT AUTHORITY\\SYSTEM","Protocol":"tcp","SourceIp":"10.20.30.41","SourcePort":64003,"DestinationIp":"104.18.22.51","DestinationPort":443}
{"EventID":3,"UtcTime":"2026-03-09 16:53:49.665","Computer":"10.20.30.41","ProcessGuid":"{f994d776-f83a-288b-31ae-c16e2d3e9c81}","ProcessId":2008,"Image":"bastion-sensor.exe","User":"NT AUTHORITY\\SYSTEM","Protocol":"tcp","SourceIp":"10.20.30.41","SourcePort":51299,"DestinationIp":"104.18.22.51","DestinationPort":443}
{"EventID":3,"UtcTime":"2026-03-09 16:54:02.972","Computer":"10.20.30.41","ProcessGuid":"{18d8f26f-d16e-7c42-cc7a-bb96b22125cd}","ProcessId":2008,"Image":"node-bridge.exe","User":"LARKSPUR\\priya.nair","Protocol":"tcp","SourceIp":"10.20.30.41","SourcePort":62383,"DestinationIp":"193.42.33.81","DestinationPort":443}
{"EventID":3,"UtcTime":"2026-03-09 16:54:18.974","Computer":"10.20.30.58","ProcessGuid":"{78bfb53d-429c-a544-d767-20530ccd25c3}","ProcessId":48100,"Image":"svchost.exe","User":"NT AUTHORITY\\SYSTEM","Protocol":"tcp","SourceIp":"10.20.30.58","SourcePort":53909,"DestinationIp":"91.213.50.77","DestinationPort":443}
{"EventID":3,"UtcTime":"2026-03-09 16:54:20.008","Computer":"10.20.30.41","ProcessGuid":"{f994d776-f83a-288b-31ae-c16e2d3e9c81}","ProcessId":2008,"Image":"bastion-sensor.exe","User":"NT AUTHORITY\\SYSTEM","Protocol":"tcp","SourceIp":"10.20.30.41","SourcePort":54222,"DestinationIp":"104.18.22.51","DestinationPort":443}
{"EventID":3,"UtcTime":"2026-03-09 16:54:49.684","Computer":"10.20.30.41","ProcessGuid":"{f994d776-f83a-288b-31ae-c16e2d3e9c81}","ProcessId":2008,"Image":"bastion-sensor.exe","User":"NT AUTHORITY\\SYSTEM","Protocol":"tcp","SourceIp":"10.20.30.41","SourcePort":62429,"DestinationIp":"104.18.22.51","DestinationPort":443}
{"EventID":3,"UtcTime":"2026-03-09 16:54:49.835","Computer":"10.20.30.41","ProcessGuid":"{18d8f26f-d16e-7c42-cc7a-bb96b22125cd}","ProcessId":2008,"Image":"node-bridge.exe","User":"LARKSPUR\\priya.nair","Protocol":"tcp","SourceIp":"10.20.30.41","SourcePort":64352,"DestinationIp":"193.42.33.81","DestinationPort":443}
{"EventID":3,"UtcTime":"2026-03-09 16:55:19.998","Computer":"10.20.30.41","ProcessGuid":"{f994d776-f83a-288b-31ae-c16e2d3e9c81}","ProcessId":2008,"Image":"bastion-sensor.exe","User":"NT AUTHORITY\\SYSTEM","Protocol":"tcp","SourceIp":"10.20.30.41","SourcePort":53898,"DestinationIp":"104.18.22.51","DestinationPort":443}
{"EventID":3,"UtcTime":"2026-03-09 16:55:30.412","Computer":"10.20.30.41","ProcessGuid":"{18d8f26f-d16e-7c42-cc7a-bb96b22125cd}","ProcessId":2008,"Image":"node-bridge.exe","User":"LARKSPUR\\priya.nair","Protocol":"tcp","SourceIp":"10.20.30.41","SourcePort":64127,"DestinationIp":"193.42.33.81","DestinationPort":443}
{"EventID":3,"UtcTime":"2026-03-09 16:55:50.221","Computer":"10.20.30.41","ProcessGuid":"{f994d776-f83a-288b-31ae-c16e2d3e9c81}","ProcessId":2008,"Image":"bastion-sensor.exe","User":"NT AUTHORITY\\SYSTEM","Protocol":"tcp","SourceIp":"10.20.30.41","SourcePort":64378,"DestinationIp":"104.18.22.51","DestinationPort":443}
{"EventID":3,"UtcTime":"2026-03-09 16:56:16.713","Computer":"10.20.30.41","ProcessGuid":"{18d8f26f-d16e-7c42-cc7a-bb96b22125cd}","ProcessId":2008,"Image":"node-bridge.exe","User":"LARKSPUR\\priya.nair","Protocol":"tcp","SourceIp":"10.20.30.41","SourcePort":58421,"DestinationIp":"193.42.33.81","DestinationPort":443}
{"EventID":3,"UtcTime":"2026-03-09 16:56:20.509","Computer":"10.20.30.41","ProcessGuid":"{f994d776-f83a-288b-31ae-c16e2d3e9c81}","ProcessId":2008,"Image":"bastion-sensor.exe","User":"NT AUTHORITY\\SYSTEM","Protocol":"tcp","SourceIp":"10.20.30.41","SourcePort":60066,"DestinationIp":"104.18.22.51","DestinationPort":443}
{"EventID":3,"UtcTime":"2026-03-09 16:56:50.109","Computer":"10.20.30.41","ProcessGuid":"{f994d776-f83a-288b-31ae-c16e2d3e9c81}","ProcessId":2008,"Image":"bastion-sensor.exe","User":"NT AUTHORITY\\SYSTEM","Protocol":"tcp","SourceIp":"10.20.30.41","SourcePort":62835,"DestinationIp":"104.18.22.51","DestinationPort":443}
{"EventID":3,"UtcTime":"2026-03-09 16:57:02.127","Computer":"10.20.30.41","ProcessGuid":"{18d8f26f-d16e-7c42-cc7a-bb96b22125cd}","ProcessId":2008,"Image":"node-bridge.exe","User":"LARKSPUR\\priya.nair","Protocol":"tcp","SourceIp":"10.20.30.41","SourcePort":57566,"DestinationIp":"193.42.33.81","DestinationPort":443}
{"EventID":3,"UtcTime":"2026-03-09 16:57:20.683","Computer":"10.20.30.41","ProcessGuid":"{f994d776-f83a-288b-31ae-c16e2d3e9c81}","ProcessId":2008,"Image":"bastion-sensor.exe","User":"NT AUTHORITY\\SYSTEM","Protocol":"tcp","SourceIp":"10.20.30.41","SourcePort":57529,"DestinationIp":"104.18.22.51","DestinationPort":443}
{"EventID":3,"UtcTime":"2026-03-09 16:57:47.425","Computer":"10.20.30.41","ProcessGuid":"{18d8f26f-d16e-7c42-cc7a-bb96b22125cd}","ProcessId":2008,"Image":"node-bridge.exe","User":"LARKSPUR\\priya.nair","Protocol":"tcp","SourceIp":"10.20.30.41","SourcePort":63446,"DestinationIp":"193.42.33.81","DestinationPort":443}
{"EventID":3,"UtcTime":"2026-03-09 16:57:50.864","Computer":"10.20.30.41","ProcessGuid":"{f994d776-f83a-288b-31ae-c16e2d3e9c81}","ProcessId":2008,"Image":"bastion-sensor.exe","User":"NT AUTHORITY\\SYSTEM","Protocol":"tcp","SourceIp":"10.20.30.41","SourcePort":58876,"DestinationIp":"104.18.22.51","DestinationPort":443}
{"EventID":3,"UtcTime":"2026-03-09 16:58:21.444","Computer":"10.20.30.41","ProcessGuid":"{f994d776-f83a-288b-31ae-c16e2d3e9c81}","ProcessId":2008,"Image":"bastion-sensor.exe","User":"NT AUTHORITY\\SYSTEM","Protocol":"tcp","SourceIp":"10.20.30.41","SourcePort":64958,"DestinationIp":"104.18.22.51","DestinationPort":443}
{"EventID":3,"UtcTime":"2026-03-09 16:58:34.737","Computer":"10.20.30.41","ProcessGuid":"{18d8f26f-d16e-7c42-cc7a-bb96b22125cd}","ProcessId":2008,"Image":"node-bridge.exe","User":"LARKSPUR\\priya.nair","Protocol":"tcp","SourceIp":"10.20.30.41","SourcePort":54481,"DestinationIp":"193.42.33.81","DestinationPort":443}
{"EventID":3,"UtcTime":"2026-03-09 16:58:51.268","Computer":"10.20.30.41","ProcessGuid":"{f994d776-f83a-288b-31ae-c16e2d3e9c81}","ProcessId":2008,"Image":"bastion-sensor.exe","User":"NT AUTHORITY\\SYSTEM","Protocol":"tcp","SourceIp":"10.20.30.41","SourcePort":59299,"DestinationIp":"104.18.22.51","DestinationPort":443}
{"EventID":3,"UtcTime":"2026-03-09 16:59:19.142","Computer":"10.20.30.41","ProcessGuid":"{18d8f26f-d16e-7c42-cc7a-bb96b22125cd}","ProcessId":2008,"Image":"node-bridge.exe","User":"LARKSPUR\\priya.nair","Protocol":"tcp","SourceIp":"10.20.30.41","SourcePort":61173,"DestinationIp":"193.42.33.81","DestinationPort":443}
{"EventID":3,"UtcTime":"2026-03-09 16:59:21.546","Computer":"10.20.30.41","ProcessGuid":"{f994d776-f83a-288b-31ae-c16e2d3e9c81}","ProcessId":2008,"Image":"bastion-sensor.exe","User":"NT AUTHORITY\\SYSTEM","Protocol":"tcp","SourceIp":"10.20.30.41","SourcePort":64039,"DestinationIp":"104.18.22.51","DestinationPort":443}
{"EventID":3,"UtcTime":"2026-03-09 16:59:51.651","Computer":"10.20.30.41","ProcessGuid":"{f994d776-f83a-288b-31ae-c16e2d3e9c81}","ProcessId":2008,"Image":"bastion-sensor.exe","User":"NT AUTHORITY\\SYSTEM","Protocol":"tcp","SourceIp":"10.20.30.41","SourcePort":49220,"DestinationIp":"104.18.22.51","DestinationPort":443}
{"EventID":3,"UtcTime":"2026-03-09 17:00:05.359","Computer":"10.20.30.41","ProcessGuid":"{18d8f26f-d16e-7c42-cc7a-bb96b22125cd}","ProcessId":2008,"Image":"node-bridge.exe","User":"LARKSPUR\\priya.nair","Protocol":"tcp","SourceIp":"10.20.30.41","SourcePort":51624,"DestinationIp":"193.42.33.81","DestinationPort":443}
{"EventID":3,"UtcTime":"2026-03-09 17:00:21.992","Computer":"10.20.30.41","ProcessGuid":"{f994d776-f83a-288b-31ae-c16e2d3e9c81}","ProcessId":2008,"Image":"bastion-sensor.exe","User":"NT AUTHORITY\\SYSTEM","Protocol":"tcp","SourceIp":"10.20.30.41","SourcePort":50010,"DestinationIp":"104.18.22.51","DestinationPort":443}
{"EventID":3,"UtcTime":"2026-03-09 17:00:28.540","Computer":"10.20.30.58","ProcessGuid":"{78bfb53d-429c-a544-d767-20530ccd25c3}","ProcessId":48100,"Image":"svchost.exe","User":"NT AUTHORITY\\SYSTEM","Protocol":"tcp","SourceIp":"10.20.30.58","SourcePort":57083,"DestinationIp":"91.213.50.77","DestinationPort":443}
{"EventID":3,"UtcTime":"2026-03-09 17:00:51.400","Computer":"10.20.30.41","ProcessGuid":"{f994d776-f83a-288b-31ae-c16e2d3e9c81}","ProcessId":2008,"Image":"bastion-sensor.exe","User":"NT AUTHORITY\\SYSTEM","Protocol":"tcp","SourceIp":"10.20.30.41","SourcePort":61158,"DestinationIp":"104.18.22.51","DestinationPort":443}
{"EventID":3,"UtcTime":"2026-03-09 17:00:53.737","Computer":"10.20.30.41","ProcessGuid":"{18d8f26f-d16e-7c42-cc7a-bb96b22125cd}","ProcessId":2008,"Image":"node-bridge.exe","User":"LARKSPUR\\priya.nair","Protocol":"tcp","SourceIp":"10.20.30.41","SourcePort":59945,"DestinationIp":"193.42.33.81","DestinationPort":443}
{"EventID":3,"UtcTime":"2026-03-09 17:01:21.799","Computer":"10.20.30.41","ProcessGuid":"{f994d776-f83a-288b-31ae-c16e2d3e9c81}","ProcessId":2008,"Image":"bastion-sensor.exe","User":"NT AUTHORITY\\SYSTEM","Protocol":"tcp","SourceIp":"10.20.30.41","SourcePort":57820,"DestinationIp":"104.18.22.51","DestinationPort":443}
{"EventID":3,"UtcTime":"2026-03-09 17:01:37.399","Computer":"10.20.30.41","ProcessGuid":"{18d8f26f-d16e-7c42-cc7a-bb96b22125cd}","ProcessId":2008,"Image":"node-bridge.exe","User":"LARKSPUR\\priya.nair","Protocol":"tcp","SourceIp":"10.20.30.41","SourcePort":63426,"DestinationIp":"193.42.33.81","DestinationPort":443}
{"EventID":3,"UtcTime":"2026-03-09 17:01:51.307","Computer":"10.20.30.41","ProcessGuid":"{f994d776-f83a-288b-31ae-c16e2d3e9c81}","ProcessId":2008,"Image":"bastion-sensor.exe","User":"NT AUTHORITY\\SYSTEM","Protocol":"tcp","SourceIp":"10.20.30.41","SourcePort":52114,"DestinationIp":"104.18.22.51","DestinationPort":443}
{"EventID":3,"UtcTime":"2026-03-09 17:02:18.209","Computer":"10.20.30.41","ProcessGuid":"{18d8f26f-d16e-7c42-cc7a-bb96b22125cd}","ProcessId":2008,"Image":"node-bridge.exe","User":"LARKSPUR\\priya.nair","Protocol":"tcp","SourceIp":"10.20.30.41","SourcePort":59251,"DestinationIp":"193.42.33.81","DestinationPort":443}
{"EventID":3,"UtcTime":"2026-03-09 17:02:21.214","Computer":"10.20.30.41","ProcessGuid":"{f994d776-f83a-288b-31ae-c16e2d3e9c81}","ProcessId":2008,"Image":"bastion-sensor.exe","User":"NT AUTHORITY\\SYSTEM","Protocol":"tcp","SourceIp":"10.20.30.41","SourcePort":56651,"DestinationIp":"104.18.22.51","DestinationPort":443}
{"EventID":3,"UtcTime":"2026-03-09 17:02:51.117","Computer":"10.20.30.41","ProcessGuid":"{f994d776-f83a-288b-31ae-c16e2d3e9c81}","ProcessId":2008,"Image":"bastion-sensor.exe","User":"NT AUTHORITY\\SYSTEM","Protocol":"tcp","SourceIp":"10.20.30.41","SourcePort":62480,"DestinationIp":"104.18.22.51","DestinationPort":443}
{"EventID":3,"UtcTime":"2026-03-09 17:03:00.117","Computer":"10.20.30.41","ProcessGuid":"{18d8f26f-d16e-7c42-cc7a-bb96b22125cd}","ProcessId":2008,"Image":"node-bridge.exe","User":"LARKSPUR\\priya.nair","Protocol":"tcp","SourceIp":"10.20.30.41","SourcePort":54381,"DestinationIp":"193.42.33.81","DestinationPort":443}
{"EventID":3,"UtcTime":"2026-03-09 17:03:20.702","Computer":"10.20.30.41","ProcessGuid":"{f994d776-f83a-288b-31ae-c16e2d3e9c81}","ProcessId":2008,"Image":"bastion-sensor.exe","User":"NT AUTHORITY\\SYSTEM","Protocol":"tcp","SourceIp":"10.20.30.41","SourcePort":64021,"DestinationIp":"104.18.22.51","DestinationPort":443}
{"EventID":3,"UtcTime":"2026-03-09 17:03:42.745","Computer":"10.20.30.41","ProcessGuid":"{18d8f26f-d16e-7c42-cc7a-bb96b22125cd}","ProcessId":2008,"Image":"node-bridge.exe","User":"LARKSPUR\\priya.nair","Protocol":"tcp","SourceIp":"10.20.30.41","SourcePort":62398,"DestinationIp":"193.42.33.81","DestinationPort":443}
{"EventID":3,"UtcTime":"2026-03-09 17:03:50.445","Computer":"10.20.30.41","ProcessGuid":"{f994d776-f83a-288b-31ae-c16e2d3e9c81}","ProcessId":2008,"Image":"bastion-sensor.exe","User":"NT AUTHORITY\\SYSTEM","Protocol":"tcp","SourceIp":"10.20.30.41","SourcePort":58297,"DestinationIp":"104.18.22.51","DestinationPort":443}
{"EventID":3,"UtcTime":"2026-03-09 17:04:20.404","Computer":"10.20.30.41","ProcessGuid":"{f994d776-f83a-288b-31ae-c16e2d3e9c81}","ProcessId":2008,"Image":"bastion-sensor.exe","User":"NT AUTHORITY\\SYSTEM","Protocol":"tcp","SourceIp":"10.20.30.41","SourcePort":51088,"DestinationIp":"104.18.22.51","DestinationPort":443}
{"EventID":3,"UtcTime":"2026-03-09 17:04:28.938","Computer":"10.20.30.41","ProcessGuid":"{18d8f26f-d16e-7c42-cc7a-bb96b22125cd}","ProcessId":2008,"Image":"node-bridge.exe","User":"LARKSPUR\\priya.nair","Protocol":"tcp","SourceIp":"10.20.30.41","SourcePort":61136,"DestinationIp":"193.42.33.81","DestinationPort":443}
{"EventID":3,"UtcTime":"2026-03-09 17:04:50.818","Computer":"10.20.30.41","ProcessGuid":"{f994d776-f83a-288b-31ae-c16e2d3e9c81}","ProcessId":2008,"Image":"bastion-sensor.exe","User":"NT AUTHORITY\\SYSTEM","Protocol":"tcp","SourceIp":"10.20.30.41","SourcePort":56256,"DestinationIp":"104.18.22.51","DestinationPort":443}
{"EventID":3,"UtcTime":"2026-03-09 17:05:17.540","Computer":"10.20.30.41","ProcessGuid":"{18d8f26f-d16e-7c42-cc7a-bb96b22125cd}","ProcessId":2008,"Image":"node-bridge.exe","User":"LARKSPUR\\priya.nair","Protocol":"tcp","SourceIp":"10.20.30.41","SourcePort":52080,"DestinationIp":"193.42.33.81","DestinationPort":443}
{"EventID":3,"UtcTime":"2026-03-09 17:05:20.912","Computer":"10.20.30.41","ProcessGuid":"{f994d776-f83a-288b-31ae-c16e2d3e9c81}","ProcessId":2008,"Image":"bastion-sensor.exe","User":"NT AUTHORITY\\SYSTEM","Protocol":"tcp","SourceIp":"10.20.30.41","SourcePort":62521,"DestinationIp":"104.18.22.51","DestinationPort":443}
{"EventID":3,"UtcTime":"2026-03-09 17:05:51.150","Computer":"10.20.30.41","ProcessGuid":"{f994d776-f83a-288b-31ae-c16e2d3e9c81}","ProcessId":2008,"Image":"bastion-sensor.exe","User":"NT AUTHORITY\\SYSTEM","Protocol":"tcp","SourceIp":"10.20.30.41","SourcePort":55047,"DestinationIp":"104.18.22.51","DestinationPort":443}
{"EventID":3,"UtcTime":"2026-03-09 17:05:52.759","Computer":"10.20.30.58","ProcessGuid":"{78bfb53d-429c-a544-d767-20530ccd25c3}","ProcessId":48100,"Image":"svchost.exe","User":"NT AUTHORITY\\SYSTEM","Protocol":"tcp","SourceIp":"10.20.30.58","SourcePort":56170,"DestinationIp":"91.213.50.77","DestinationPort":443}
{"EventID":3,"UtcTime":"2026-03-09 17:05:59.425","Computer":"10.20.30.41","ProcessGuid":"{18d8f26f-d16e-7c42-cc7a-bb96b22125cd}","ProcessId":2008,"Image":"node-bridge.exe","User":"LARKSPUR\\priya.nair","Protocol":"tcp","SourceIp":"10.20.30.41","SourcePort":56146,"DestinationIp":"193.42.33.81","DestinationPort":443}
{"EventID":3,"UtcTime":"2026-03-09 17:06:20.877","Computer":"10.20.30.41","ProcessGuid":"{f994d776-f83a-288b-31ae-c16e2d3e9c81}","ProcessId":2008,"Image":"bastion-sensor.exe","User":"NT AUTHORITY\\SYSTEM","Protocol":"tcp","SourceIp":"10.20.30.41","SourcePort":50594,"DestinationIp":"104.18.22.51","DestinationPort":443}
{"EventID":3,"UtcTime":"2026-03-09 17:06:43.899","Computer":"10.20.30.41","ProcessGuid":"{18d8f26f-d16e-7c42-cc7a-bb96b22125cd}","ProcessId":2008,"Image":"node-bridge.exe","User":"LARKSPUR\\priya.nair","Protocol":"tcp","SourceIp":"10.20.30.41","SourcePort":50754,"DestinationIp":"193.42.33.81","DestinationPort":443}
{"EventID":3,"UtcTime":"2026-03-09 17:06:50.644","Computer":"10.20.30.41","ProcessGuid":"{f994d776-f83a-288b-31ae-c16e2d3e9c81}","ProcessId":2008,"Image":"bastion-sensor.exe","User":"NT AUTHORITY\\SYSTEM","Protocol":"tcp","SourceIp":"10.20.30.41","SourcePort":63767,"DestinationIp":"104.18.22.51","DestinationPort":443}
{"EventID":3,"UtcTime":"2026-03-09 17:07:20.522","Computer":"10.20.30.41","ProcessGuid":"{f994d776-f83a-288b-31ae-c16e2d3e9c81}","ProcessId":2008,"Image":"bastion-sensor.exe","User":"NT AUTHORITY\\SYSTEM","Protocol":"tcp","SourceIp":"10.20.30.41","SourcePort":61988,"DestinationIp":"104.18.22.51","DestinationPort":443}
{"EventID":3,"UtcTime":"2026-03-09 17:07:29.886","Computer":"10.20.30.41","ProcessGuid":"{18d8f26f-d16e-7c42-cc7a-bb96b22125cd}","ProcessId":2008,"Image":"node-bridge.exe","User":"LARKSPUR\\priya.nair","Protocol":"tcp","SourceIp":"10.20.30.41","SourcePort":52027,"DestinationIp":"193.42.33.81","DestinationPort":443}
{"EventID":3,"UtcTime":"2026-03-09 17:07:50.992","Computer":"10.20.30.41","ProcessGuid":"{f994d776-f83a-288b-31ae-c16e2d3e9c81}","ProcessId":2008,"Image":"bastion-sensor.exe","User":"NT AUTHORITY\\SYSTEM","Protocol":"tcp","SourceIp":"10.20.30.41","SourcePort":55880,"DestinationIp":"104.18.22.51","DestinationPort":443}
{"EventID":3,"UtcTime":"2026-03-09 17:08:18.443","Computer":"10.20.30.41","ProcessGuid":"{18d8f26f-d16e-7c42-cc7a-bb96b22125cd}","ProcessId":2008,"Image":"node-bridge.exe","User":"LARKSPUR\\priya.nair","Protocol":"tcp","SourceIp":"10.20.30.41","SourcePort":52523,"DestinationIp":"193.42.33.81","DestinationPort":443}
{"EventID":3,"UtcTime":"2026-03-09 17:08:20.627","Computer":"10.20.30.41","ProcessGuid":"{f994d776-f83a-288b-31ae-c16e2d3e9c81}","ProcessId":2008,"Image":"bastion-sensor.exe","User":"NT AUTHORITY\\SYSTEM","Protocol":"tcp","SourceIp":"10.20.30.41","SourcePort":57424,"DestinationIp":"104.18.22.51","DestinationPort":443}
{"EventID":3,"UtcTime":"2026-03-09 17:08:50.584","Computer":"10.20.30.41","ProcessGuid":"{f994d776-f83a-288b-31ae-c16e2d3e9c81}","ProcessId":2008,"Image":"bastion-sensor.exe","User":"NT AUTHORITY\\SYSTEM","Protocol":"tcp","SourceIp":"10.20.30.41","SourcePort":52675,"DestinationIp":"104.18.22.51","DestinationPort":443}
{"EventID":3,"UtcTime":"2026-03-09 17:09:07.412","Computer":"10.20.30.41","ProcessGuid":"{18d8f26f-d16e-7c42-cc7a-bb96b22125cd}","ProcessId":2008,"Image":"node-bridge.exe","User":"LARKSPUR\\priya.nair","Protocol":"tcp","SourceIp":"10.20.30.41","SourcePort":63769,"DestinationIp":"193.42.33.81","DestinationPort":443}
{"EventID":3,"UtcTime":"2026-03-09 17:09:20.537","Computer":"10.20.30.41","ProcessGuid":"{f994d776-f83a-288b-31ae-c16e2d3e9c81}","ProcessId":2008,"Image":"bastion-sensor.exe","User":"NT AUTHORITY\\SYSTEM","Protocol":"tcp","SourceIp":"10.20.30.41","SourcePort":57027,"DestinationIp":"104.18.22.51","DestinationPort":443}
{"EventID":3,"UtcTime":"2026-03-09 17:09:50.647","Computer":"10.20.30.41","ProcessGuid":"{f994d776-f83a-288b-31ae-c16e2d3e9c81}","ProcessId":2008,"Image":"bastion-sensor.exe","User":"NT AUTHORITY\\SYSTEM","Protocol":"tcp","SourceIp":"10.20.30.41","SourcePort":58147,"DestinationIp":"104.18.22.51","DestinationPort":443}
{"EventID":3,"UtcTime":"2026-03-09 17:09:52.524","Computer":"10.20.30.41","ProcessGuid":"{18d8f26f-d16e-7c42-cc7a-bb96b22125cd}","ProcessId":2008,"Image":"node-bridge.exe","User":"LARKSPUR\\priya.nair","Protocol":"tcp","SourceIp":"10.20.30.41","SourcePort":51379,"DestinationIp":"193.42.33.81","DestinationPort":443}
{"EventID":3,"UtcTime":"2026-03-09 17:10:21.225","Computer":"10.20.30.41","ProcessGuid":"{f994d776-f83a-288b-31ae-c16e2d3e9c81}","ProcessId":2008,"Image":"bastion-sensor.exe","User":"NT AUTHORITY\\SYSTEM","Protocol":"tcp","SourceIp":"10.20.30.41","SourcePort":64228,"DestinationIp":"104.18.22.51","DestinationPort":443}
{"EventID":3,"UtcTime":"2026-03-09 17:10:41.187","Computer":"10.20.30.41","ProcessGuid":"{18d8f26f-d16e-7c42-cc7a-bb96b22125cd}","ProcessId":2008,"Image":"node-bridge.exe","User":"LARKSPUR\\priya.nair","Protocol":"tcp","SourceIp":"10.20.30.41","SourcePort":64519,"DestinationIp":"193.42.33.81","DestinationPort":443}
{"EventID":3,"UtcTime":"2026-03-09 17:10:51.662","Computer":"10.20.30.41","ProcessGuid":"{f994d776-f83a-288b-31ae-c16e2d3e9c81}","ProcessId":2008,"Image":"bastion-sensor.exe","User":"NT AUTHORITY\\SYSTEM","Protocol":"tcp","SourceIp":"10.20.30.41","SourcePort":62257,"DestinationIp":"104.18.22.51","DestinationPort":443}
{"EventID":3,"UtcTime":"2026-03-09 17:11:21.089","Computer":"10.20.30.41","ProcessGuid":"{f994d776-f83a-288b-31ae-c16e2d3e9c81}","ProcessId":2008,"Image":"bastion-sensor.exe","User":"NT AUTHORITY\\SYSTEM","Protocol":"tcp","SourceIp":"10.20.30.41","SourcePort":54360,"DestinationIp":"104.18.22.51","DestinationPort":443}
{"EventID":3,"UtcTime":"2026-03-09 17:11:23.936","Computer":"10.20.30.41","ProcessGuid":"{18d8f26f-d16e-7c42-cc7a-bb96b22125cd}","ProcessId":2008,"Image":"node-bridge.exe","User":"LARKSPUR\\priya.nair","Protocol":"tcp","SourceIp":"10.20.30.41","SourcePort":61947,"DestinationIp":"193.42.33.81","DestinationPort":443}
{"EventID":3,"UtcTime":"2026-03-09 17:11:51.155","Computer":"10.20.30.41","ProcessGuid":"{f994d776-f83a-288b-31ae-c16e2d3e9c81}","ProcessId":2008,"Image":"bastion-sensor.exe","User":"NT AUTHORITY\\SYSTEM","Protocol":"tcp","SourceIp":"10.20.30.41","SourcePort":55948,"DestinationIp":"104.18.22.51","DestinationPort":443}
{"EventID":3,"UtcTime":"2026-03-09 17:12:10.546","Computer":"10.20.30.41","ProcessGuid":"{18d8f26f-d16e-7c42-cc7a-bb96b22125cd}","ProcessId":2008,"Image":"node-bridge.exe","User":"LARKSPUR\\priya.nair","Protocol":"tcp","SourceIp":"10.20.30.41","SourcePort":64929,"DestinationIp":"193.42.33.81","DestinationPort":443}
{"EventID":3,"UtcTime":"2026-03-09 17:12:20.661","Computer":"10.20.30.41","ProcessGuid":"{f994d776-f83a-288b-31ae-c16e2d3e9c81}","ProcessId":2008,"Image":"bastion-sensor.exe","User":"NT AUTHORITY\\SYSTEM","Protocol":"tcp","SourceIp":"10.20.30.41","SourcePort":59216,"DestinationIp":"104.18.22.51","DestinationPort":443}
{"EventID":3,"UtcTime":"2026-03-09 17:12:37.071","Computer":"10.20.30.58","ProcessGuid":"{78bfb53d-429c-a544-d767-20530ccd25c3}","ProcessId":48100,"Image":"svchost.exe","User":"NT AUTHORITY\\SYSTEM","Protocol":"tcp","SourceIp":"10.20.30.58","SourcePort":52394,"DestinationIp":"91.213.50.77","DestinationPort":443}
{"EventID":3,"UtcTime":"2026-03-09 17:12:50.702","Computer":"10.20.30.41","ProcessGuid":"{f994d776-f83a-288b-31ae-c16e2d3e9c81}","ProcessId":2008,"Image":"bastion-sensor.exe","User":"NT AUTHORITY\\SYSTEM","Protocol":"tcp","SourceIp":"10.20.30.41","SourcePort":54182,"DestinationIp":"104.18.22.51","DestinationPort":443}
{"EventID":3,"UtcTime":"2026-03-09 17:12:59.809","Computer":"10.20.30.41","ProcessGuid":"{18d8f26f-d16e-7c42-cc7a-bb96b22125cd}","ProcessId":2008,"Image":"node-bridge.exe","User":"LARKSPUR\\priya.nair","Protocol":"tcp","SourceIp":"10.20.30.41","SourcePort":50386,"DestinationIp":"193.42.33.81","DestinationPort":443}
{"EventID":3,"UtcTime":"2026-03-09 17:13:20.642","Computer":"10.20.30.41","ProcessGuid":"{f994d776-f83a-288b-31ae-c16e2d3e9c81}","ProcessId":2008,"Image":"bastion-sensor.exe","User":"NT AUTHORITY\\SYSTEM","Protocol":"tcp","SourceIp":"10.20.30.41","SourcePort":63782,"DestinationIp":"104.18.22.51","DestinationPort":443}
{"EventID":3,"UtcTime":"2026-03-09 17:13:42.346","Computer":"10.20.30.41","ProcessGuid":"{18d8f26f-d16e-7c42-cc7a-bb96b22125cd}","ProcessId":2008,"Image":"node-bridge.exe","User":"LARKSPUR\\priya.nair","Protocol":"tcp","SourceIp":"10.20.30.41","SourcePort":52338,"DestinationIp":"193.42.33.81","DestinationPort":443}
{"EventID":3,"UtcTime":"2026-03-09 17:13:50.227","Computer":"10.20.30.41","ProcessGuid":"{f994d776-f83a-288b-31ae-c16e2d3e9c81}","ProcessId":2008,"Image":"bastion-sensor.exe","User":"NT AUTHORITY\\SYSTEM","Protocol":"tcp","SourceIp":"10.20.30.41","SourcePort":56821,"DestinationIp":"104.18.22.51","DestinationPort":443}
{"EventID":3,"UtcTime":"2026-03-09 17:14:19.993","Computer":"10.20.30.41","ProcessGuid":"{f994d776-f83a-288b-31ae-c16e2d3e9c81}","ProcessId":2008,"Image":"bastion-sensor.exe","User":"NT AUTHORITY\\SYSTEM","Protocol":"tcp","SourceIp":"10.20.30.41","SourcePort":54632,"DestinationIp":"104.18.22.51","DestinationPort":443}
{"EventID":3,"UtcTime":"2026-03-09 17:14:28.351","Computer":"10.20.30.41","ProcessGuid":"{18d8f26f-d16e-7c42-cc7a-bb96b22125cd}","ProcessId":2008,"Image":"node-bridge.exe","User":"LARKSPUR\\priya.nair","Protocol":"tcp","SourceIp":"10.20.30.41","SourcePort":62253,"DestinationIp":"193.42.33.81","DestinationPort":443}
{"EventID":3,"UtcTime":"2026-03-09 17:14:50.136","Computer":"10.20.30.41","ProcessGuid":"{f994d776-f83a-288b-31ae-c16e2d3e9c81}","ProcessId":2008,"Image":"bastion-sensor.exe","User":"NT AUTHORITY\\SYSTEM","Protocol":"tcp","SourceIp":"10.20.30.41","SourcePort":59999,"DestinationIp":"104.18.22.51","DestinationPort":443}
{"EventID":3,"UtcTime":"2026-03-09 17:15:11.455","Computer":"10.20.30.41","ProcessGuid":"{18d8f26f-d16e-7c42-cc7a-bb96b22125cd}","ProcessId":2008,"Image":"node-bridge.exe","User":"LARKSPUR\\priya.nair","Protocol":"tcp","SourceIp":"10.20.30.41","SourcePort":52874,"DestinationIp":"193.42.33.81","DestinationPort":443}
{"EventID":3,"UtcTime":"2026-03-09 17:15:19.960","Computer":"10.20.30.41","ProcessGuid":"{f994d776-f83a-288b-31ae-c16e2d3e9c81}","ProcessId":2008,"Image":"bastion-sensor.exe","User":"NT AUTHORITY\\SYSTEM","Protocol":"tcp","SourceIp":"10.20.30.41","SourcePort":53911,"DestinationIp":"104.18.22.51","DestinationPort":443}
{"EventID":3,"UtcTime":"2026-03-09 17:15:49.793","Computer":"10.20.30.41","ProcessGuid":"{f994d776-f83a-288b-31ae-c16e2d3e9c81}","ProcessId":2008,"Image":"bastion-sensor.exe","User":"NT AUTHORITY\\SYSTEM","Protocol":"tcp","SourceIp":"10.20.30.41","SourcePort":57872,"DestinationIp":"104.18.22.51","DestinationPort":443}
{"EventID":3,"UtcTime":"2026-03-09 17:15:56.276","Computer":"10.20.30.41","ProcessGuid":"{18d8f26f-d16e-7c42-cc7a-bb96b22125cd}","ProcessId":2008,"Image":"node-bridge.exe","User":"LARKSPUR\\priya.nair","Protocol":"tcp","SourceIp":"10.20.30.41","SourcePort":64612,"DestinationIp":"193.42.33.81","DestinationPort":443}
{"EventID":3,"UtcTime":"2026-03-09 17:16:19.862","Computer":"10.20.30.41","ProcessGuid":"{f994d776-f83a-288b-31ae-c16e2d3e9c81}","ProcessId":2008,"Image":"bastion-sensor.exe","User":"NT AUTHORITY\\SYSTEM","Protocol":"tcp","SourceIp":"10.20.30.41","SourcePort":54254,"DestinationIp":"104.18.22.51","DestinationPort":443}
{"EventID":3,"UtcTime":"2026-03-09 17:16:42.210","Computer":"10.20.30.41","ProcessGuid":"{18d8f26f-d16e-7c42-cc7a-bb96b22125cd}","ProcessId":2008,"Image":"node-bridge.exe","User":"LARKSPUR\\priya.nair","Protocol":"tcp","SourceIp":"10.20.30.41","SourcePort":64662,"DestinationIp":"193.42.33.81","DestinationPort":443}
{"EventID":3,"UtcTime":"2026-03-09 17:16:49.833","Computer":"10.20.30.41","ProcessGuid":"{f994d776-f83a-288b-31ae-c16e2d3e9c81}","ProcessId":2008,"Image":"bastion-sensor.exe","User":"NT AUTHORITY\\SYSTEM","Protocol":"tcp","SourceIp":"10.20.30.41","SourcePort":59724,"DestinationIp":"104.18.22.51","DestinationPort":443}
{"EventID":3,"UtcTime":"2026-03-09 17:17:20.321","Computer":"10.20.30.41","ProcessGuid":"{f994d776-f83a-288b-31ae-c16e2d3e9c81}","ProcessId":2008,"Image":"bastion-sensor.exe","User":"NT AUTHORITY\\SYSTEM","Protocol":"tcp","SourceIp":"10.20.30.41","SourcePort":60817,"DestinationIp":"104.18.22.51","DestinationPort":443}
{"EventID":3,"UtcTime":"2026-03-09 17:17:31.586","Computer":"10.20.30.41","ProcessGuid":"{18d8f26f-d16e-7c42-cc7a-bb96b22125cd}","ProcessId":2008,"Image":"node-bridge.exe","User":"LARKSPUR\\priya.nair","Protocol":"tcp","SourceIp":"10.20.30.41","SourcePort":57559,"DestinationIp":"193.42.33.81","DestinationPort":443}
{"EventID":3,"UtcTime":"2026-03-09 17:17:50.046","Computer":"10.20.30.41","ProcessGuid":"{f994d776-f83a-288b-31ae-c16e2d3e9c81}","ProcessId":2008,"Image":"bastion-sensor.exe","User":"NT AUTHORITY\\SYSTEM","Protocol":"tcp","SourceIp":"10.20.30.41","SourcePort":60354,"DestinationIp":"104.18.22.51","DestinationPort":443}
{"EventID":3,"UtcTime":"2026-03-09 17:18:19.121","Computer":"10.20.30.41","ProcessGuid":"{18d8f26f-d16e-7c42-cc7a-bb96b22125cd}","ProcessId":2008,"Image":"node-bridge.exe","User":"LARKSPUR\\priya.nair","Protocol":"tcp","SourceIp":"10.20.30.41","SourcePort":52886,"DestinationIp":"193.42.33.81","DestinationPort":443}
{"EventID":3,"UtcTime":"2026-03-09 17:18:20.007","Computer":"10.20.30.41","ProcessGuid":"{f994d776-f83a-288b-31ae-c16e2d3e9c81}","ProcessId":2008,"Image":"bastion-sensor.exe","User":"NT AUTHORITY\\SYSTEM","Protocol":"tcp","SourceIp":"10.20.30.41","SourcePort":63182,"DestinationIp":"104.18.22.51","DestinationPort":443}
{"EventID":3,"UtcTime":"2026-03-09 17:18:49.594","Computer":"10.20.30.41","ProcessGuid":"{f994d776-f83a-288b-31ae-c16e2d3e9c81}","ProcessId":2008,"Image":"bastion-sensor.exe","User":"NT AUTHORITY\\SYSTEM","Protocol":"tcp","SourceIp":"10.20.30.41","SourcePort":52459,"DestinationIp":"104.18.22.51","DestinationPort":443}
{"EventID":3,"UtcTime":"2026-03-09 17:19:00.730","Computer":"10.20.30.41","ProcessGuid":"{18d8f26f-d16e-7c42-cc7a-bb96b22125cd}","ProcessId":2008,"Image":"node-bridge.exe","User":"LARKSPUR\\priya.nair","Protocol":"tcp","SourceIp":"10.20.30.41","SourcePort":64089,"DestinationIp":"193.42.33.81","DestinationPort":443}
{"EventID":3,"UtcTime":"2026-03-09 17:19:17.205","Computer":"10.20.30.58","ProcessGuid":"{78bfb53d-429c-a544-d767-20530ccd25c3}","ProcessId":48100,"Image":"svchost.exe","User":"NT AUTHORITY\\SYSTEM","Protocol":"tcp","SourceIp":"10.20.30.58","SourcePort":53263,"DestinationIp":"91.213.50.77","DestinationPort":443}
{"EventID":3,"UtcTime":"2026-03-09 17:19:19.412","Computer":"10.20.30.41","ProcessGuid":"{f994d776-f83a-288b-31ae-c16e2d3e9c81}","ProcessId":2008,"Image":"bastion-sensor.exe","User":"NT AUTHORITY\\SYSTEM","Protocol":"tcp","SourceIp":"10.20.30.41","SourcePort":60250,"DestinationIp":"104.18.22.51","DestinationPort":443}
{"EventID":3,"UtcTime":"2026-03-09 17:19:46.788","Computer":"10.20.30.41","ProcessGuid":"{18d8f26f-d16e-7c42-cc7a-bb96b22125cd}","ProcessId":2008,"Image":"node-bridge.exe","User":"LARKSPUR\\priya.nair","Protocol":"tcp","SourceIp":"10.20.30.41","SourcePort":63119,"DestinationIp":"193.42.33.81","DestinationPort":443}
{"EventID":3,"UtcTime":"2026-03-09 17:19:49.115","Computer":"10.20.30.41","ProcessGuid":"{f994d776-f83a-288b-31ae-c16e2d3e9c81}","ProcessId":2008,"Image":"bastion-sensor.exe","User":"NT AUTHORITY\\SYSTEM","Protocol":"tcp","SourceIp":"10.20.30.41","SourcePort":49902,"DestinationIp":"104.18.22.51","DestinationPort":443}
{"EventID":3,"UtcTime":"2026-03-09 17:20:18.544","Computer":"10.20.30.41","ProcessGuid":"{f994d776-f83a-288b-31ae-c16e2d3e9c81}","ProcessId":2008,"Image":"bastion-sensor.exe","User":"NT AUTHORITY\\SYSTEM","Protocol":"tcp","SourceIp":"10.20.30.41","SourcePort":50727,"DestinationIp":"104.18.22.51","DestinationPort":443}
{"EventID":3,"UtcTime":"2026-03-09 17:20:31.933","Computer":"10.20.30.41","ProcessGuid":"{18d8f26f-d16e-7c42-cc7a-bb96b22125cd}","ProcessId":2008,"Image":"node-bridge.exe","User":"LARKSPUR\\priya.nair","Protocol":"tcp","SourceIp":"10.20.30.41","SourcePort":52487,"DestinationIp":"193.42.33.81","DestinationPort":443}
{"EventID":3,"UtcTime":"2026-03-09 17:20:48.798","Computer":"10.20.30.41","ProcessGuid":"{f994d776-f83a-288b-31ae-c16e2d3e9c81}","ProcessId":2008,"Image":"bastion-sensor.exe","User":"NT AUTHORITY\\SYSTEM","Protocol":"tcp","SourceIp":"10.20.30.41","SourcePort":60982,"DestinationIp":"104.18.22.51","DestinationPort":443}
{"EventID":3,"UtcTime":"2026-03-09 17:21:16.875","Computer":"10.20.30.41","ProcessGuid":"{18d8f26f-d16e-7c42-cc7a-bb96b22125cd}","ProcessId":2008,"Image":"node-bridge.exe","User":"LARKSPUR\\priya.nair","Protocol":"tcp","SourceIp":"10.20.30.41","SourcePort":50221,"DestinationIp":"193.42.33.81","DestinationPort":443}
{"EventID":3,"UtcTime":"2026-03-09 17:21:19.173","Computer":"10.20.30.41","ProcessGuid":"{f994d776-f83a-288b-31ae-c16e2d3e9c81}","ProcessId":2008,"Image":"bastion-sensor.exe","User":"NT AUTHORITY\\SYSTEM","Protocol":"tcp","SourceIp":"10.20.30.41","SourcePort":57839,"DestinationIp":"104.18.22.51","DestinationPort":443}
{"EventID":3,"UtcTime":"2026-03-09 17:21:49.187","Computer":"10.20.30.41","ProcessGuid":"{f994d776-f83a-288b-31ae-c16e2d3e9c81}","ProcessId":2008,"Image":"bastion-sensor.exe","User":"NT AUTHORITY\\SYSTEM","Protocol":"tcp","SourceIp":"10.20.30.41","SourcePort":59530,"DestinationIp":"104.18.22.51","DestinationPort":443}
{"EventID":3,"UtcTime":"2026-03-09 17:22:05.088","Computer":"10.20.30.41","ProcessGuid":"{18d8f26f-d16e-7c42-cc7a-bb96b22125cd}","ProcessId":2008,"Image":"node-bridge.exe","User":"LARKSPUR\\priya.nair","Protocol":"tcp","SourceIp":"10.20.30.41","SourcePort":65390,"DestinationIp":"193.42.33.81","DestinationPort":443}
{"EventID":3,"UtcTime":"2026-03-09 17:22:19.357","Computer":"10.20.30.41","ProcessGuid":"{f994d776-f83a-288b-31ae-c16e2d3e9c81}","ProcessId":2008,"Image":"bastion-sensor.exe","User":"NT AUTHORITY\\SYSTEM","Protocol":"tcp","SourceIp":"10.20.30.41","SourcePort":56614,"DestinationIp":"104.18.22.51","DestinationPort":443}
{"EventID":3,"UtcTime":"2026-03-09 17:22:49.499","Computer":"10.20.30.41","ProcessGuid":"{f994d776-f83a-288b-31ae-c16e2d3e9c81}","ProcessId":2008,"Image":"bastion-sensor.exe","User":"NT AUTHORITY\\SYSTEM","Protocol":"tcp","SourceIp":"10.20.30.41","SourcePort":50875,"DestinationIp":"104.18.22.51","DestinationPort":443}
{"EventID":3,"UtcTime":"2026-03-09 17:22:52.888","Computer":"10.20.30.41","ProcessGuid":"{18d8f26f-d16e-7c42-cc7a-bb96b22125cd}","ProcessId":2008,"Image":"node-bridge.exe","User":"LARKSPUR\\priya.nair","Protocol":"tcp","SourceIp":"10.20.30.41","SourcePort":53152,"DestinationIp":"193.42.33.81","DestinationPort":443}
{"EventID":3,"UtcTime":"2026-03-09 17:23:19.054","Computer":"10.20.30.41","ProcessGuid":"{f994d776-f83a-288b-31ae-c16e2d3e9c81}","ProcessId":2008,"Image":"bastion-sensor.exe","User":"NT AUTHORITY\\SYSTEM","Protocol":"tcp","SourceIp":"10.20.30.41","SourcePort":52849,"DestinationIp":"104.18.22.51","DestinationPort":443}
{"EventID":3,"UtcTime":"2026-03-09 17:23:32.670","Computer":"10.20.30.58","ProcessGuid":"{78bfb53d-429c-a544-d767-20530ccd25c3}","ProcessId":48100,"Image":"svchost.exe","User":"NT AUTHORITY\\SYSTEM","Protocol":"tcp","SourceIp":"10.20.30.58","SourcePort":53349,"DestinationIp":"91.213.50.77","DestinationPort":443}
{"EventID":3,"UtcTime":"2026-03-09 17:23:36.007","Computer":"10.20.30.41","ProcessGuid":"{18d8f26f-d16e-7c42-cc7a-bb96b22125cd}","ProcessId":2008,"Image":"node-bridge.exe","User":"LARKSPUR\\priya.nair","Protocol":"tcp","SourceIp":"10.20.30.41","SourcePort":58821,"DestinationIp":"193.42.33.81","DestinationPort":443}
{"EventID":3,"UtcTime":"2026-03-09 17:23:48.978","Computer":"10.20.30.41","ProcessGuid":"{f994d776-f83a-288b-31ae-c16e2d3e9c81}","ProcessId":2008,"Image":"bastion-sensor.exe","User":"NT AUTHORITY\\SYSTEM","Protocol":"tcp","SourceIp":"10.20.30.41","SourcePort":49501,"DestinationIp":"104.18.22.51","DestinationPort":443}
