{"EventID":1,"UtcTime":"2026-03-09 12:00:13.150","Computer":"10.20.30.41","host.ip":"10.20.30.41","ProcessGuid":"{5a7b2c4b-8847-4032-b0e5-ff2b41de93d9}","ProcessId":56772,"Image":"C:\\Windows\\System32\\services.exe","Description":"-","Product":"-","Company":"-","OriginalFileName":"services.exe","CommandLine":"\"C:\\Windows\\System32\\services.exe\"","CurrentDirectory":"C:\\Users\\SYSTEM\\","User":"NT AUTHORITY\\SYSTEM","IntegrityLevel":"System","Hashes":"MD5=9FB70829D5910B4ABEBECD4C9947F00F,SHA256=D4C3F6CA1BF22231C70F4152F1A2C5D177CDAD45561DB2DA6C3C2D1EE562A2CA,IMPHASH=FEDD09C8070BCEF94E1EF7E08EC16D70","ParentProcessGuid":"{00000000-0000-0000-0000-000000000000}","ParentProcessId":4,"ParentImage":"C:\\Windows\\explorer.exe"}
{"EventID":1,"UtcTime":"2026-03-09 12:00:27.444","Computer":"10.20.30.41","host.ip":"10.20.30.41","ProcessGuid":"{f994d776-f83a-288b-31ae-c16e2d3e9c81}","ProcessId":2008,"Image":"C:\\Windows\\System32\\bastion-sensor.exe","Description":"-","Product":"-","Company":"-","OriginalFileName":"bastion-sensor.exe","CommandLine":"\"C:\\Windows\\System32\\svchost.exe\" -k netsvcs -p -s Schedule","CurrentDirectory":"C:\\Users\\SYSTEM\\","User":"NT AUTHORITY\\SYSTEM","IntegrityLevel":"System","Hashes":"MD5=6D4DEFD888DBFB7BB85F3F912B39B72A,SHA256=C2FCA203F4E4DB02AAF053F8098A888678CF31D2EFF3AE32C8F167A498378830,IMPHASH=029830D5D1D28E4ABEC39144E7251AA9","ParentProcessGuid":"{5a7b2c4b-8847-4032-b0e5-ff2b41de93d9}","ParentProcessId":56772,"ParentImage":"C:\\Windows\\System32\\services.exe"}
{"EventID":1,"UtcTime":"2026-03-09 12:03:56.489","Computer":"10.20.30.103","host.ip":"10.20.30.103","ProcessGuid":"{e269981d-b8ea-29a0-d323-92ca479b9467}","ProcessId":26924,"Image":"C:\\Program Files\\outlook.exe","Description":"-","Product":"-","Company":"-","OriginalFileName":"outlook.exe","CommandLine":"\"C:\\Program Files\\outlook.exe\" --config update","CurrentDirectory":"C:\\Users\\lena.park\\","User":"LARKSPUR\\lena.park","IntegrityLevel":"Medium","Hashes":"MD5=C5F02A97A3458AA5ED213CC7F4650695,SHA256=8D21D59C550B8F5D2AD54BE76FB807E01C945D57A701CDA1CB2CAE89C111145D,IMPHASH=0CCB8318B38F990C8552935CD8DF1D5D","ParentProcessGuid":"{00000000-0000-0000-0000-000000000000}","ParentProcessId":4,"ParentImage":"C:\\Windows\\explorer.exe"}
{"EventID":1,"UtcTime":"2026-03-09 12:04:28.158","Computer":"10.20.30.101","host.ip":"10.20.30.101","ProcessGuid":"{3592549b-f17c-ad58-5534-0ae9b4535e3d}","ProcessId":40024,"Image":"C:\\Windows\\System32\\explorer.exe","Description":"-","Product":"-","Company":"-","OriginalFileName":"explorer.exe","CommandLine":"\"C:\\Windows\\System32\\explorer.exe\"","CurrentDirectory":"C:\\Users\\SYSTEM\\","User":"NT AUTHORITY\\SYSTEM","IntegrityLevel":"System","Hashes":"MD5=0DE3259D818FF516671C3B8DE4AC9493,SHA256=F2536CE4A980104DF85C1B9E7144D3F9B947546147A8CDAA87833CC9806C86A7,IMPHASH=2861D007EE8730FF4431212D04EAEF50","ParentProcessGuid":"{00000000-0000-0000-0000-000000000000}","ParentProcessId":4,"ParentImage":"C:\\Windows\\explorer.exe"}
{"EventID":1,"UtcTime":"2026-03-09 12:04:56.735","Computer":"10.20.30.101","host.ip":"10.20.30.101","ProcessGuid":"{a9b48d5c-a6d5-f7c9-3ddf-5c85b2fbd1e5}","ProcessId":58544,"Image":"C:\\Windows\\System32\\OUTLOOK.EXE","Description":"-","Product":"-","Company":"-","OriginalFileName":"OUTLOOK.EXE","CommandLine":"\"C:\\Windows\\System32\\svchost.exe\" -k netsvcs -p -s Schedule","CurrentDirectory":"C:\\Users\\SYSTEM\\","User":"NT AUTHORITY\\SYSTEM","IntegrityLevel":"System","Hashes":"MD5=FD7A6F05751E93F3158B108E8485C8F6,SHA256=04B535B799D8AB08F430D055977493A6E39C7A069164AB6DF5BA758B78E14258,IMPHASH=70516E2D05F2706BB166B170CC29E239","ParentProcessGuid":"{3592549b-f17c-ad58-5534-0ae9b4535e3d}","ParentProcessId":40024,"ParentImage":"C:\\Windows\\System32\\explorer.exe"}
{"EventID":1,"UtcTime":"2026-03-09 12:07:08.454","Computer":"10.20.30.110","host.ip":"10.20.30.110","ProcessGuid":"{5ce205bb-6ed2-5762-cdc8-b7d9e465f02a}","ProcessId":54972,"Image":"C:\\Program Files\\msedge.exe","Description":"-","Product":"-","Company":"-","OriginalFileName":"msedge.exe","CommandLine":"\"C:\\Program Files\\msedge.exe\" --config update","CurrentDirectory":"C:\\Users\\raj.mehta\\","User":"LARKSPUR\\raj.mehta","IntegrityLevel":"Medium","Hashes":"MD5=2941F305DC31EE22D3E16DC053368A66,SHA256=DFE830F120E8A19EAA4AA40C9E2571DFA95B9557DD81F9AD1264140B105675B6,IMPHASH=5CF3557241AA82037147ECEE17D1D033","ParentProcessGuid":"{00000000-0000-0000-0000-000000000000}","ParentProcessId":4,"ParentImage":"C:\\Windows\\explorer.exe"}
{"EventID":1,"UtcTime":"2026-03-09 12:08:43.456","Computer":"10.20.30.111","host.ip":"10.20.30.111","ProcessGuid":"{d8bddcf4-996e-0823-8acb-468d584bb3c4}","ProcessId":46372,"Image":"C:\\Program Files\\onedrive.exe","Description":"-","Product":"-","Company":"-","OriginalFileName":"onedrive.exe","CommandLine":"\"C:\\Program Files\\onedrive.exe\" --config update","CurrentDirectory":"C:\\Users\\elle.dubois\\","User":"LARKSPUR\\elle.dubois","IntegrityLevel":"Medium","Hashes":"MD5=E155CFD98AE8F8E1E69B308E96E72A7F,SHA256=05D70C7404B6E07B1C7215642DE492FFA14DC9F57B6C15F638EED5571C70771E,IMPHASH=66EE6245F1420F4754300FCB50B21C93","ParentProcessGuid":"{00000000-0000-0000-0000-000000000000}","ParentProcessId":4,"ParentImage":"C:\\Windows\\explorer.exe"}
{"EventID":1,"UtcTime":"2026-03-09 12:09:47.311","Computer":"10.20.40.12","host.ip":"10.20.40.12","ProcessGuid":"{d3427d56-c574-721f-6813-81d1fd95de03}","ProcessId":34316,"Image":"C:\\Windows\\System32\\services.exe","Description":"-","Product":"-","Company":"-","OriginalFileName":"services.exe","CommandLine":"\"C:\\Windows\\System32\\services.exe\"","CurrentDirectory":"C:\\Users\\SYSTEM\\","User":"NT AUTHORITY\\SYSTEM","IntegrityLevel":"System","Hashes":"MD5=E6BA0449FA88BE5C266966F38897840E,SHA256=9FD0A42734BA9CEFBE14D7E2D76918F1527E2F6C685DD0497F1FCDEE5CCC0036,IMPHASH=77113437FFF7E0E06DCF6B7B106C2EF8","ParentProcessGuid":"{00000000-0000-0000-0000-000000000000}","ParentProcessId":4,"ParentImage":"C:\\Windows\\explorer.exe"}
{"EventID":1,"UtcTime":"2026-03-09 12:09:55.213","Computer":"10.20.40.12","host.ip":"10.20.40.12","ProcessGuid":"{997e568f-be43-f9b7-6c84-4ad829e6175a}","ProcessId":6508,"Image":"C:\\Windows\\System32\\AzureBackupAgent.exe","Description":"-","Product":"-","Company":"-","OriginalFileName":"AzureBackupAgent.exe","CommandLine":"\"C:\\Windows\\System32\\svchost.exe\" -k netsvcs -p -s Schedule","CurrentDirectory":"C:\\Users\\SYSTEM\\","User":"NT AUTHORITY\\SYSTEM","IntegrityLevel":"System","Hashes":"MD5=62A8316B6808037497050982D637CDBC,SHA256=2CB19C185AC196463CE20312A9E7E6F0C9DF1E47D19E62F63414A6E3A1B01E74,IMPHASH=F02E8E9400BD01EBB46330C995654CF5","ParentProcessGuid":"{d3427d56-c574-721f-6813-81d1fd95de03}","ParentProcessId":34316,"ParentImage":"C:\\Windows\\System32\\services.exe"}
{"EventID":1,"UtcTime":"2026-03-09 12:10:17.944","Computer":"10.20.30.112","host.ip":"10.20.30.112","ProcessGuid":"{255a6f78-db86-58f4-e01a-76838fd13171}","ProcessId":23088,"Image":"C:\\Program Files\\msedge.exe","Description":"-","Product":"-","Company":"-","OriginalFileName":"msedge.exe","CommandLine":"\"C:\\Program Files\\msedge.exe\" --config update","CurrentDirectory":"C:\\Users\\kofi.mensah\\","User":"LARKSPUR\\kofi.mensah","IntegrityLevel":"Medium","Hashes":"MD5=4E753D143C741F50C7023CF6943F026E,SHA256=18236F2C1610952B6FDBAA670BFB4A15761D8555FCF5F233128E392208621CC6,IMPHASH=192A768BC361E3557AA9BF692604E496","ParentProcessGuid":"{00000000-0000-0000-0000-000000000000}","ParentProcessId":4,"ParentImage":"C:\\Windows\\explorer.exe"}
{"EventID":1,"UtcTime":"2026-03-09 12:10:44.583","Computer":"10.20.30.114","host.ip":"10.20.30.114","ProcessGuid":"{6f5f5292-7e1e-5ff4-f1c2-4bfb92ed4732}","ProcessId":8760,"Image":"C:\\Program Files\\outlook.exe","Description":"-","Product":"-","Company":"-","OriginalFileName":"outlook.exe","CommandLine":"\"C:\\Program Files\\outlook.exe\" --config update","CurrentDirectory":"C:\\Users\\pat.oshea\\","User":"LARKSPUR\\pat.oshea","IntegrityLevel":"Medium","Hashes":"MD5=1C3179EDE813130825F7997EE25EB542,SHA256=B6236217F9C4058E1F954752B59A98BBD595DB4FAF23EB98127079452B4514A1,IMPHASH=2B4ACFE43DCB17F6EBEE28F4188700E4","ParentProcessGuid":"{00000000-0000-0000-0000-000000000000}","ParentProcessId":4,"ParentImage":"C:\\Windows\\explorer.exe"}
{"EventID":1,"UtcTime":"2026-03-09 12:11:58.732","Computer":"10.20.30.112","host.ip":"10.20.30.112","ProcessGuid":"{4994f5df-4f9d-5a79-8f0a-1a0c6a0b41d8}","ProcessId":20196,"Image":"C:\\Program Files\\outlook.exe","Description":"-","Product":"-","Company":"-","OriginalFileName":"outlook.exe","CommandLine":"\"C:\\Program Files\\outlook.exe\" --config update","CurrentDirectory":"C:\\Users\\kofi.mensah\\","User":"LARKSPUR\\kofi.mensah","IntegrityLevel":"Medium","Hashes":"MD5=55E639740634D1A1ACB5ACED4F854866,SHA256=17C432390823643D0323D2A8B2A1D734329C4702B2336FF0CC1952CEF16A8C4B,IMPHASH=8B54B6506B57FF8B2E841776E8A434DE","ParentProcessGuid":"{00000000-0000-0000-0000-000000000000}","ParentProcessId":4,"ParentImage":"C:\\Windows\\explorer.exe"}
{"EventID":1,"UtcTime":"2026-03-09 12:17:27.818","Computer":"10.20.30.115","host.ip":"10.20.30.115","ProcessGuid":"{57566cfa-2f1d-530b-9729-ff842c3b16bf}","ProcessId":51532,"Image":"C:\\Program Files\\outlook.exe","Description":"-","Product":"-","Company":"-","OriginalFileName":"outlook.exe","CommandLine":"\"C:\\Program Files\\outlook.exe\" --config update","CurrentDirectory":"C:\\Users\\yuki.tanaka\\","User":"LARKSPUR\\yuki.tanaka","IntegrityLevel":"Medium","Hashes":"MD5=ED88A508DB7A48E9DEC4879778D4D205,SHA256=5EC9EC345DF1821F858935188154D3BDF5C51BCCBED2C648DC976D0D86A582C9,IMPHASH=9D8EA0E025D2AF2C101AD024CAE9D33B","ParentProcessGuid":"{00000000-0000-0000-0000-000000000000}","ParentProcessId":4,"ParentImage":"C:\\Windows\\explorer.exe"}
{"EventID":1,"UtcTime":"2026-03-09 12:20:58.854","Computer":"10.20.30.122","host.ip":"10.20.30.122","ProcessGuid":"{9b0d677c-c797-a987-4914-759a8d47a257}","ProcessId":27328,"Image":"C:\\Program Files\\Code.exe","Description":"-","Product":"-","Company":"-","OriginalFileName":"Code.exe","CommandLine":"\"C:\\Program Files\\Code.exe\" --config update","CurrentDirectory":"C:\\Users\\gita.rao\\","User":"LARKSPUR\\gita.rao","IntegrityLevel":"Medium","Hashes":"MD5=32D15D5868888EC5F708CE643498BB4E,SHA256=7DA3B9DD1DC0B68B4A57A89CF51B6D9D433AD3BCCEC3D622200B39CEECC64A92,IMPHASH=16F91FB5C489CA34FF95954FB3603B24","ParentProcessGuid":"{00000000-0000-0000-0000-000000000000}","ParentProcessId":4,"ParentImage":"C:\\Windows\\explorer.exe"}
{"EventID":1,"UtcTime":"2026-03-09 12:25:22.473","Computer":"10.20.30.102","host.ip":"10.20.30.102","ProcessGuid":"{e153a969-e323-2a0a-f88c-6d8d6f10a006}","ProcessId":12620,"Image":"C:\\Program Files\\Code.exe","Description":"-","Product":"-","Company":"-","OriginalFileName":"Code.exe","CommandLine":"\"C:\\Program Files\\Code.exe\" --config update","CurrentDirectory":"C:\\Users\\tom.becker\\","User":"LARKSPUR\\tom.becker","IntegrityLevel":"Medium","Hashes":"MD5=299BD098420C2AEF097FE9EDF3F4AD3E,SHA256=ECE9790B50A89445D33B7A4EA3A70D1C28A216A78761969384C3C1D9E927E389,IMPHASH=78FCD16B7303203D9222E7F61E8A5EE0","ParentProcessGuid":"{00000000-0000-0000-0000-000000000000}","ParentProcessId":4,"ParentImage":"C:\\Windows\\explorer.exe"}
{"EventID":1,"UtcTime":"2026-03-09 12:35:24.644","Computer":"10.20.30.120","host.ip":"10.20.30.120","ProcessGuid":"{15c002f8-476e-f2e9-e75c-04d823528a71}","ProcessId":5372,"Image":"C:\\Program Files\\Code.exe","Description":"-","Product":"-","Company":"-","OriginalFileName":"Code.exe","CommandLine":"\"C:\\Program Files\\Code.exe\" --config update","CurrentDirectory":"C:\\Users\\dev.patel\\","User":"LARKSPUR\\dev.patel","IntegrityLevel":"Medium","Hashes":"MD5=C35ADEC54C1FF727FE0401F79AA346F2,SHA256=E4D132D7DCBD381D5107DD2FC3E61C7DF19BD7F2E5CFF35F7684C31393E45F25,IMPHASH=957B28271FFEE60C2D0C2C7CA0474417","ParentProcessGuid":"{00000000-0000-0000-0000-000000000000}","ParentProcessId":4,"ParentImage":"C:\\Windows\\explorer.exe"}
{"EventID":1,"UtcTime":"2026-03-09 12:43:17.229","Computer":"10.20.30.110","host.ip":"10.20.30.110","ProcessGuid":"{db4ea697-770b-dcb0-1046-87340ae88b05}","ProcessId":34176,"Image":"C:\\Program Files\\msedge.exe","Description":"-","Product":"-","Company":"-","OriginalFileName":"msedge.exe","CommandLine":"\"C:\\Program Files\\msedge.exe\" --config update","CurrentDirectory":"C:\\Users\\raj.mehta\\","User":"LARKSPUR\\raj.mehta","IntegrityLevel":"Medium","Hashes":"MD5=2941F305DC31EE22D3E16DC053368A66,SHA256=DFE830F120E8A19EAA4AA40C9E2571DFA95B9557DD81F9AD1264140B105675B6,IMPHASH=5CF3557241AA82037147ECEE17D1D033","ParentProcessGuid":"{00000000-0000-0000-0000-000000000000}","ParentProcessId":4,"ParentImage":"C:\\Windows\\explorer.exe"}
{"EventID":1,"UtcTime":"2026-03-09 12:45:21.831","Computer":"10.20.30.119","host.ip":"10.20.30.119","ProcessGuid":"{3ff27c17-9e4e-6d56-3e0b-55897842950d}","ProcessId":47464,"Image":"C:\\Program Files\\msedge.exe","Description":"-","Product":"-","Company":"-","OriginalFileName":"msedge.exe","CommandLine":"\"C:\\Program Files\\msedge.exe\" --config update","CurrentDirectory":"C:\\Users\\zoe.marsh\\","User":"LARKSPUR\\zoe.marsh","IntegrityLevel":"Medium","Hashes":"MD5=FE266EF2F04F46FB4BAB16B3D7B76B52,SHA256=A5E627B98D1BA115CF4E25ED475B62A3AC82FB497960065A5F18CF31B57962DC,IMPHASH=BCCC175D9B3586EFD09D7C5688C437BC","ParentProcessGuid":"{00000000-0000-0000-0000-000000000000}","ParentProcessId":4,"ParentImage":"C:\\Windows\\explorer.exe"}
{"EventID":1,"UtcTime":"2026-03-09 12:46:59.798","Computer":"10.20.30.106","host.ip":"10.20.30.106","ProcessGuid":"{a61166a4-a5d9-2b20-eea7-9e6ba33223e3}","ProcessId":32064,"Image":"C:\\Program Files\\chrome.exe","Description":"-","Product":"-","Company":"-","OriginalFileName":"chrome.exe","CommandLine":"\"C:\\Program Files\\chrome.exe\" --config update","CurrentDirectory":"C:\\Users\\carl.jung\\","User":"LARKSPUR\\carl.jung","IntegrityLevel":"Medium","Hashes":"MD5=2D4858F2D51661DFB3EC153E2C368162,SHA256=F083DBB1D8A6D333562AA649BB973A0284882BE0789548D6DC9875A46067C146,IMPHASH=BE2F8D09B181ABF457399EFF8766A8AB","ParentProcessGuid":"{00000000-0000-0000-0000-000000000000}","ParentProcessId":4,"ParentImage":"C:\\Windows\\explorer.exe"}
{"EventID":1,"UtcTime":"2026-03-09 12:51:11.729","Computer":"10.20.30.106","host.ip":"10.20.30.106","ProcessGuid":"{e95a65d4-6c6b-b89a-ecc7-86dfa75b6fad}","ProcessId":24928,"Image":"C:\\Program Files\\Code.exe","Description":"-","Product":"-","Company":"-","OriginalFileName":"Code.exe","CommandLine":"\"C:\\Program Files\\Code.exe\" --config update","CurrentDirectory":"C:\\Users\\carl.jung\\","User":"LARKSPUR\\carl.jung","IntegrityLevel":"Medium","Hashes":"MD5=8E0F3360D90F4D268B3018D1051500D5,SHA256=DBE92B7EA9B1668A37C093B54C85137BAD708ABB2FA04E817F2481B10E4EC501,IMPHASH=EC44B3CF1A4D25DD2D38D1588B17A926","ParentProcessGuid":"{00000000-0000-0000-0000-000000000000}","ParentProcessId":4,"ParentImage":"C:\\Windows\\explorer.exe"}
{"EventID":1,"UtcTime":"2026-03-09 12:53:13.916","Computer":"10.20.30.113","host.ip":"10.20.30.113","ProcessGuid":"{26467ff4-812d-3b00-78a0-8745cf135ad9}","ProcessId":39704,"Image":"C:\\Program Files\\teams.exe","Description":"-","Product":"-","Company":"-","OriginalFileName":"teams.exe","CommandLine":"\"C:\\Program Files\\teams.exe\" --config update","CurrentDirectory":"C:\\Users\\anya.volkov\\","User":"LARKSPUR\\anya.volkov","IntegrityLevel":"Medium","Hashes":"MD5=A7F61B463A200D0D6795F25DBAB26A37,SHA256=15351F5A01D5EE3FC13C53BD44514376B8FFBE58CB14D3879D7249A4C17388A6,IMPHASH=5FB1E91E5F63641AEFF5452DF4DFEDCA","ParentProcessGuid":"{00000000-0000-0000-0000-000000000000}","ParentProcessId":4,"ParentImage":"C:\\Windows\\explorer.exe"}
{"EventID":1,"UtcTime":"2026-03-09 13:05:37.855","Computer":"10.20.30.111","host.ip":"10.20.30.111","ProcessGuid":"{b26eaae1-4426-a7da-71ab-b3dbd6d842b1}","ProcessId":47156,"Image":"C:\\Program Files\\msedge.exe","Description":"-","Product":"-","Company":"-","OriginalFileName":"msedge.exe","CommandLine":"\"C:\\Program Files\\msedge.exe\" --config update","CurrentDirectory":"C:\\Users\\elle.dubois\\","User":"LARKSPUR\\elle.dubois","IntegrityLevel":"Medium","Hashes":"MD5=020F1328125D34B6FA5D9540FEBA5F9A,SHA256=9B3364F52F3A7CE1D9053BF63FAD86C85C5E101D237F33D6C0CCCF998E178ED2,IMPHASH=D489E288F22FCE976BD8396D1E0A15E2","ParentProcessGuid":"{00000000-0000-0000-0000-000000000000}","ParentProcessId":4,"ParentImage":"C:\\Windows\\explorer.exe"}
{"EventID":1,"UtcTime":"2026-03-09 13:06:29.122","Computer":"10.20.30.108","host.ip":"10.20.30.108","ProcessGuid":"{9f342d65-e1e6-bd7b-dc7f-d802dc10f0be}","ProcessId":13188,"Image":"C:\\Program Files\\teams.exe","Description":"-","Product":"-","Company":"-","OriginalFileName":"teams.exe","CommandLine":"\"C:\\Program Files\\teams.exe\" --config update","CurrentDirectory":"C:\\Users\\ben.frost\\","User":"LARKSPUR\\ben.frost","IntegrityLevel":"Medium","Hashes":"MD5=8AA401ABCAA5B65F72EC374DAB1BF1CF,SHA256=147071AFC5019881D251E2641115690D189442ABF7A6B213ED66B0F6C6D53F09,IMPHASH=FCAE7BE0F6ECDDEE8EDCBF0531FF702B","ParentProcessGuid":"{00000000-0000-0000-0000-000000000000}","ParentProcessId":4,"ParentImage":"C:\\Windows\\explorer.exe"}
{"EventID":1,"UtcTime":"2026-03-09 13:07:35.872","Computer":"10.20.30.107","host.ip":"10.20.30.107","ProcessGuid":"{b4a6a1d5-a60c-0093-cb67-7c67dd9d2808}","ProcessId":34152,"Image":"C:\\Program Files\\chrome.exe","Description":"-","Product":"-","Company":"-","OriginalFileName":"chrome.exe","CommandLine":"\"C:\\Program Files\\chrome.exe\" --config update","CurrentDirectory":"C:\\Users\\nadia.roy\\","User":"LARKSPUR\\nadia.roy","IntegrityLevel":"Medium","Hashes":"MD5=60265F77EC72AC1DECC6762A0CF92984,SHA256=EDB27DFBACEA5C6DC78186DC09CEEC26EA6B38C6F5CD32F13C742D1D6159CBD5,IMPHASH=41D7EBA3859650EA3EC566766214B872","ParentProcessGuid":"{00000000-0000-0000-0000-000000000000}","ParentProcessId":4,"ParentImage":"C:\\Windows\\explorer.exe"}
{"EventID":1,"UtcTime":"2026-03-09 13:13:08.478","Computer":"10.20.30.118","host.ip":"10.20.30.118","ProcessGuid":"{4200dd05-3015-992a-6652-0468d309b928}","ProcessId":24588,"Image":"C:\\Program Files\\chrome.exe","Description":"-","Product":"-","Company":"-","OriginalFileName":"chrome.exe","CommandLine":"\"C:\\Program Files\\chrome.exe\" --config update","CurrentDirectory":"C:\\Users\\erik.stahl\\","User":"LARKSPUR\\erik.stahl","IntegrityLevel":"Medium","Hashes":"MD5=71E9C9F7293CAB13356AC1ED7E523369,SHA256=0A7F21E483EF67C20F938E17E0B62AB9FFC48A2CDD4CB4FC57057502A39D55CF,IMPHASH=D083AF11B85534701B6212DAC5BE7FFA","ParentProcessGuid":"{00000000-0000-0000-0000-000000000000}","ParentProcessId":4,"ParentImage":"C:\\Windows\\explorer.exe"}
{"EventID":1,"UtcTime":"2026-03-09 13:19:13.668","Computer":"10.20.30.112","host.ip":"10.20.30.112","ProcessGuid":"{acded754-3ff7-c66b-0210-9f67d9719424}","ProcessId":34408,"Image":"C:\\Program Files\\chrome.exe","Description":"-","Product":"-","Company":"-","OriginalFileName":"chrome.exe","CommandLine":"\"C:\\Program Files\\chrome.exe\" --config update","CurrentDirectory":"C:\\Users\\kofi.mensah\\","User":"LARKSPUR\\kofi.mensah","IntegrityLevel":"Medium","Hashes":"MD5=5D3FE955E57783E7577AC607FD8B5BC6,SHA256=0E5C401E2DB9CE1CFE0A2ECA2D5CF0F00DDD89D2B226432472722A8B9DCDBFF7,IMPHASH=472277F1B831650937CD6B9A23C7B9A5","ParentProcessGuid":"{00000000-0000-0000-0000-000000000000}","ParentProcessId":4,"ParentImage":"C:\\Windows\\explorer.exe"}
{"EventID":1,"UtcTime":"2026-03-09 13:20:04.579","Computer":"10.20.30.107","host.ip":"10.20.30.107","ProcessGuid":"{d6f171a5-5952-f70a-7cb6-c03fb45f3ffb}","ProcessId":63328,"Image":"C:\\Program Files\\onedrive.exe","Description":"-","Product":"-","Company":"-","OriginalFileName":"onedrive.exe","CommandLine":"\"C:\\Program Files\\onedrive.exe\" --config update","CurrentDirectory":"C:\\Users\\nadia.roy\\","User":"LARKSPUR\\nadia.roy","IntegrityLevel":"Medium","Hashes":"MD5=EA18C2E438EE761B9372111052E801CC,SHA256=737A35C3C33DD80070957F3A95A26DAC2E944AEDEFF250B0D2EE76FCC9AD19F9,IMPHASH=C0A00EC3994BBC683E36F0D89A59CA4F","ParentProcessGuid":"{00000000-0000-0000-0000-000000000000}","ParentProcessId":4,"ParentImage":"C:\\Windows\\explorer.exe"}
{"EventID":1,"UtcTime":"2026-03-09 13:21:04.269","Computer":"10.20.30.107","host.ip":"10.20.30.107","ProcessGuid":"{401aff52-a781-f91d-4d0b-dcc56e6e21f9}","ProcessId":47428,"Image":"C:\\Program Files\\chrome.exe","Description":"-","Product":"-","Company":"-","OriginalFileName":"chrome.exe","CommandLine":"\"C:\\Program Files\\chrome.exe\" --config update","CurrentDirectory":"C:\\Users\\nadia.roy\\","User":"LARKSPUR\\nadia.roy","IntegrityLevel":"Medium","Hashes":"MD5=60265F77EC72AC1DECC6762A0CF92984,SHA256=EDB27DFBACEA5C6DC78186DC09CEEC26EA6B38C6F5CD32F13C742D1D6159CBD5,IMPHASH=41D7EBA3859650EA3EC566766214B872","ParentProcessGuid":"{00000000-0000-0000-0000-000000000000}","ParentProcessId":4,"ParentImage":"C:\\Windows\\explorer.exe"}
{"EventID":1,"UtcTime":"2026-03-09 13:21:16.993","Computer":"10.20.30.109","host.ip":"10.20.30.109","ProcessGuid":"{bccc877e-21c2-7855-2f8e-a6e7103743a1}","ProcessId":58624,"Image":"C:\\Program Files\\onedrive.exe","Description":"-","Product":"-","Company":"-","OriginalFileName":"onedrive.exe","CommandLine":"\"C:\\Program Files\\onedrive.exe\" --config update","CurrentDirectory":"C:\\Users\\sara.lund\\","User":"LARKSPUR\\sara.lund","IntegrityLevel":"Medium","Hashes":"MD5=AB751094D9A0F3D656046A30DDB865C0,SHA256=383A4B25B420EC994E4B18AC89DFE65BC42800A217AD2F32F0B5E17A29DEEAA7,IMPHASH=15343D57E189EB68AB9D48AF4A853379","ParentProcessGuid":"{00000000-0000-0000-0000-000000000000}","ParentProcessId":4,"ParentImage":"C:\\Windows\\explorer.exe"}
{"EventID":1,"UtcTime":"2026-03-09 13:21:58.355","Computer":"10.20.30.118","host.ip":"10.20.30.118","ProcessGuid":"{da54a44c-0e82-0079-9292-e126ca0a257d}","ProcessId":30372,"Image":"C:\\Program Files\\Code.exe","Description":"-","Product":"-","Company":"-","OriginalFileName":"Code.exe","CommandLine":"\"C:\\Program Files\\Code.exe\" --config update","CurrentDirectory":"C:\\Users\\erik.stahl\\","User":"LARKSPUR\\erik.stahl","IntegrityLevel":"Medium","Hashes":"MD5=ABDDC77035F41FCDD8E4471D8C1F1C9C,SHA256=5C61FE8CEBF4ACF4546BD05EB7DAC3EF58DC3DEB4D2E63E244DF32B50C9E5F11,IMPHASH=37CDA16CB76FDDAFF277A6F32787F784","ParentProcessGuid":"{00000000-0000-0000-0000-000000000000}","ParentProcessId":4,"ParentImage":"C:\\Windows\\explorer.exe"}
{"EventID":1,"UtcTime":"2026-03-09 13:23:20.024","Computer":"10.20.30.109","host.ip":"10.20.30.109","ProcessGuid":"{1ae45b04-3a2a-58fa-c93b-15c1a61f17e4}","ProcessId":22428,"Image":"C:\\Program Files\\Code.exe","Description":"-","Product":"-","Company":"-","OriginalFileName":"Code.exe","CommandLine":"\"C:\\Program Files\\Code.exe\" --config update","CurrentDirectory":"C:\\Users\\sara.lund\\","User":"LARKSPUR\\sara.lund","IntegrityLevel":"Medium","Hashes":"MD5=EE70BC4F74891A1FD980DE28339A1174,SHA256=2260FF8336B8CF35A0CC9D450C18CD12D52EB8BC3E2A7302395FD017B4AC71E2,IMPHASH=039297AD0DC9D6305435518C5507FF89","ParentProcessGuid":"{00000000-0000-0000-0000-000000000000}","ParentProcessId":4,"ParentImage":"C:\\Windows\\explorer.exe"}
{"EventID":1,"UtcTime":"2026-03-09 13:25:16.350","Computer":"10.20.30.121","host.ip":"10.20.30.121","ProcessGuid":"{1088353d-1422-9b36-e02d-c901fc4c5920}","ProcessId":9624,"Image":"C:\\Program Files\\Code.exe","Description":"-","Product":"-","Company":"-","OriginalFileName":"Code.exe","CommandLine":"\"C:\\Program Files\\Code.exe\" --config update","CurrentDirectory":"C:\\Users\\fern.hollis\\","User":"LARKSPUR\\fern.hollis","IntegrityLevel":"Medium","Hashes":"MD5=EA72E19811F76239618377C2457CCA8E,SHA256=20EB03D9BE4B7CFFF585015D1A8474349DCC9E32E377CD9170481EB5AE3F6700,IMPHASH=733D1447A950B90996D48615329411F3","ParentProcessGuid":"{00000000-0000-0000-0000-000000000000}","ParentProcessId":4,"ParentImage":"C:\\Windows\\explorer.exe"}
{"EventID":1,"UtcTime":"2026-03-09 13:28:08.345","Computer":"10.20.30.105","host.ip":"10.20.30.105","ProcessGuid":"{dd5f54fd-6ddd-e9dd-bb4b-8d5cdb2039e4}","ProcessId":33416,"Image":"C:\\Program Files\\Code.exe","Description":"-","Product":"-","Company":"-","OriginalFileName":"Code.exe","CommandLine":"\"C:\\Program Files\\Code.exe\" --config update","CurrentDirectory":"C:\\Users\\ivy.wong\\","User":"LARKSPUR\\ivy.wong","IntegrityLevel":"Medium","Hashes":"MD5=1259C6B67D7BFA32317D8B94356F2127,SHA256=1C94F4229DD16D65D246D883FDE4147D52FEF298745325756B7F12915C12F0AD,IMPHASH=50825E329409B3486C39F94A6DD760B3","ParentProcessGuid":"{00000000-0000-0000-0000-000000000000}","ParentProcessId":4,"ParentImage":"C:\\Windows\\explorer.exe"}
{"EventID":1,"UtcTime":"2026-03-09 13:29:44.267","Computer":"10.20.30.58","host.ip":"10.20.30.58","ProcessGuid":"{7faf19a0-bd07-e92e-f1c2-1a731cec3e5e}","ProcessId":21272,"Image":"C:\\Windows\\System32\\services.exe","Description":"-","Product":"-","Company":"-","OriginalFileName":"services.exe","CommandLine":"\"C:\\Windows\\System32\\services.exe\"","CurrentDirectory":"C:\\Users\\SYSTEM\\","User":"NT AUTHORITY\\SYSTEM","IntegrityLevel":"System","Hashes":"MD5=A02DCB98C33D941760D41A4060CC9DA7,SHA256=4C2170627E9C9E10D7374D5E3FC55FAD5C737F95F0CBD678D6F6A36DE0909595,IMPHASH=B7890390DF2B521F5FF51875F3425DAD","ParentProcessGuid":"{00000000-0000-0000-0000-000000000000}","ParentProcessId":4,"ParentImage":"C:\\Windows\\explorer.exe"}
{"EventID":1,"UtcTime":"2026-03-09 13:29:58.036","Computer":"10.20.30.58","host.ip":"10.20.30.58","ProcessGuid":"{78bfb53d-429c-a544-d767-20530ccd25c3}","ProcessId":48100,"Image":"C:\\Windows\\System32\\svchost.exe","Description":"-","Product":"-","Company":"-","OriginalFileName":"svchost.exe","CommandLine":"\"C:\\Windows\\System32\\svchost.exe\" -k netsvcs -p -s Schedule","CurrentDirectory":"C:\\Users\\SYSTEM\\","User":"NT AUTHORITY\\SYSTEM","IntegrityLevel":"System","Hashes":"MD5=F766AF087E70D37AD41ECDDCEE88A2C0,SHA256=631457FD5A1E263786778A361102C5A4C1A24ADE439FC45BE0B77D02A346AE84,IMPHASH=94196652C2CFF37B273B7293CA1A1300","ParentProcessGuid":"{7faf19a0-bd07-e92e-f1c2-1a731cec3e5e}","ParentProcessId":21272,"ParentImage":"C:\\Windows\\System32\\services.exe"}
{"EventID":1,"UtcTime":"2026-03-09 13:30:18.152","Computer":"10.20.30.121","host.ip":"10.20.30.121","ProcessGuid":"{d976b1c5-ce8a-693c-9826-be282ae9905b}","ProcessId":20556,"Image":"C:\\Program Files\\teams.exe","Description":"-","Product":"-","Company":"-","OriginalFileName":"teams.exe","CommandLine":"\"C:\\Program Files\\teams.exe\" --config update","CurrentDirectory":"C:\\Users\\fern.hollis\\","User":"LARKSPUR\\fern.hollis","IntegrityLevel":"Medium","Hashes":"MD5=1A536C02AF4BAD4A6B53BA3C364C97DE,SHA256=0D8B762E6B7B7E02AFB9CF0DF6C40F43C7FF0F92B176D112D87AB706FDE0ACA3,IMPHASH=2036319D4E0974AEAE1B78A73C986986","ParentProcessGuid":"{00000000-0000-0000-0000-000000000000}","ParentProcessId":4,"ParentImage":"C:\\Windows\\explorer.exe"}
{"EventID":1,"UtcTime":"2026-03-09 13:37:56.852","Computer":"10.20.30.108","host.ip":"10.20.30.108","ProcessGuid":"{43bf48d5-e493-2601-7b6b-1c4a2669a55f}","ProcessId":31152,"Image":"C:\\Program Files\\msedge.exe","Description":"-","Product":"-","Company":"-","OriginalFileName":"msedge.exe","CommandLine":"\"C:\\Program Files\\msedge.exe\" --config update","CurrentDirectory":"C:\\Users\\ben.frost\\","User":"LARKSPUR\\ben.frost","IntegrityLevel":"Medium","Hashes":"MD5=450A64940F2B8BCBF3A7B9F21611CBCD,SHA256=A020D14058E4D40CDE17CE7F63DDB71A68199AB31C1F3CB1F250AC1D85E78604,IMPHASH=6AF81138186C62EAF36C94A10DD49202","ParentProcessGuid":"{00000000-0000-0000-0000-000000000000}","ParentProcessId":4,"ParentImage":"C:\\Windows\\explorer.exe"}
{"EventID":1,"UtcTime":"2026-03-09 13:39:47.742","Computer":"10.20.30.119","host.ip":"10.20.30.119","ProcessGuid":"{02aa247b-9000-b6df-c1e3-a0c0bc9f254f}","ProcessId":14908,"Image":"C:\\Program Files\\firefox.exe","Description":"-","Product":"-","Company":"-","OriginalFileName":"firefox.exe","CommandLine":"\"C:\\Program Files\\firefox.exe\" --config update","CurrentDirectory":"C:\\Users\\zoe.marsh\\","User":"LARKSPUR\\zoe.marsh","IntegrityLevel":"Medium","Hashes":"MD5=20B8FCAA8EDBECF93CE12CD678966FAA,SHA256=071D06DB04B7B673CF117FF044E79C1F726DDB37B1CEA8D75B8D9BD893EBD817,IMPHASH=D6D0CA38AB50A851D5C94D556548100C","ParentProcessGuid":"{00000000-0000-0000-0000-000000000000}","ParentProcessId":4,"ParentImage":"C:\\Windows\\explorer.exe"}
{"EventID":1,"UtcTime":"2026-03-09 13:42:04.464","Computer":"10.20.30.103","host.ip":"10.20.30.103","ProcessGuid":"{9902c876-dc3e-2a4b-1800-9039f707e9b0}","ProcessId":4272,"Image":"C:\\Program Files\\onedrive.exe","Description":"-","Product":"-","Company":"-","OriginalFileName":"onedrive.exe","CommandLine":"\"C:\\Program Files\\onedrive.exe\" --config update","CurrentDirectory":"C:\\Users\\lena.park\\","User":"LARKSPUR\\lena.park","IntegrityLevel":"Medium","Hashes":"MD5=04D151C0748496C32856DDD7BA90B4BB,SHA256=41DB0FCF71884257C8A900227FB71FE0008520A6517DCABA4E025FFD6054AA14,IMPHASH=583E913104EA394C1420943588220906","ParentProcessGuid":"{00000000-0000-0000-0000-000000000000}","ParentProcessId":4,"ParentImage":"C:\\Windows\\explorer.exe"}
{"EventID":1,"UtcTime":"2026-03-09 13:45:45.879","Computer":"10.20.30.118","host.ip":"10.20.30.118","ProcessGuid":"{b719e5ad-1b42-9297-8615-b3f9d32b5000}","ProcessId":44228,"Image":"C:\\Program Files\\teams.exe","Description":"-","Product":"-","Company":"-","OriginalFileName":"teams.exe","CommandLine":"\"C:\\Program Files\\teams.exe\" --config update","CurrentDirectory":"C:\\Users\\erik.stahl\\","User":"LARKSPUR\\erik.stahl","IntegrityLevel":"Medium","Hashes":"MD5=B69D02ECDCEF308E375D2631A987C449,SHA256=B306197269078BDC86147FB2A5F19569A317195324A174E70DFBB1FCA9FA1E55,IMPHASH=D4740A731192DEE7F71597DA4A187BD3","ParentProcessGuid":"{00000000-0000-0000-0000-000000000000}","ParentProcessId":4,"ParentImage":"C:\\Windows\\explorer.exe"}
{"EventID":1,"UtcTime":"2026-03-09 13:48:28.416","Computer":"10.20.30.115","host.ip":"10.20.30.115","ProcessGuid":"{c46d33c1-9cb8-7df5-104a-b6adc3f4812c}","ProcessId":10552,"Image":"C:\\Program Files\\firefox.exe","Description":"-","Product":"-","Company":"-","OriginalFileName":"firefox.exe","CommandLine":"\"C:\\Program Files\\firefox.exe\" --config update","CurrentDirectory":"C:\\Users\\yuki.tanaka\\","User":"LARKSPUR\\yuki.tanaka","IntegrityLevel":"Medium","Hashes":"MD5=E37B153082F5BD08046B292585445DC0,SHA256=CFB373CCD0789F687B6A04B6D0AD3A164A4B7B2B3A3C8372822CA87D73209380,IMPHASH=078065C17974D34A7028BB77209E8A04","ParentProcessGuid":"{00000000-0000-0000-0000-000000000000}","ParentProcessId":4,"ParentImage":"C:\\Windows\\explorer.exe"}
{"EventID":1,"UtcTime":"2026-03-09 13:56:22.959","Computer":"10.20.30.114","host.ip":"10.20.30.114","ProcessGuid":"{b33023da-8da3-a5d3-7e99-ac2654a49f20}","ProcessId":3828,"Image":"C:\\Program Files\\onedrive.exe","Description":"-","Product":"-","Company":"-","OriginalFileName":"onedrive.exe","CommandLine":"\"C:\\Program Files\\onedrive.exe\" --config update","CurrentDirectory":"C:\\Users\\pat.oshea\\","User":"LARKSPUR\\pat.oshea","IntegrityLevel":"Medium","Hashes":"MD5=5AB3EB3303409FFA9FE273EAF7AD6650,SHA256=2A1EA3787D2F8142E606C18F376457CFC540D7D092CD2B8F115B3AE1E44A5F0E,IMPHASH=7E5302FA1841F1E40A8876327AD575A1","ParentProcessGuid":"{00000000-0000-0000-0000-000000000000}","ParentProcessId":4,"ParentImage":"C:\\Windows\\explorer.exe"}
{"EventID":1,"UtcTime":"2026-03-09 13:57:13.651","Computer":"10.20.30.101","host.ip":"10.20.30.101","ProcessGuid":"{ce34e54e-63ea-78f6-9529-3bb4edcc899a}","ProcessId":42672,"Image":"C:\\Program Files\\Code.exe","Description":"-","Product":"-","Company":"-","OriginalFileName":"Code.exe","CommandLine":"\"C:\\Program Files\\Code.exe\" --config update","CurrentDirectory":"C:\\Users\\mira.chen\\","User":"LARKSPUR\\mira.chen","IntegrityLevel":"Medium","Hashes":"MD5=E75EEC4560F0656FD79FA0BC4037D872,SHA256=1AF1DA5606186C1C1196037A1CF43B506D62A66F90F51228BF3DD78CA95A760B,IMPHASH=CCB4D20B48E6E36A2C21A8C05A2CB1BB","ParentProcessGuid":"{00000000-0000-0000-0000-000000000000}","ParentProcessId":4,"ParentImage":"C:\\Windows\\explorer.exe"}
{"EventID":1,"UtcTime":"2026-03-09 14:00:04.500","Computer":"10.20.30.41","host.ip":"10.20.30.41","ProcessGuid":"{cf39b43d-7bf6-dfbd-65dc-c37072f64907}","ProcessId":56772,"Image":"C:\\Windows\\System32\\WindowsPowerShell\\v1.0\\powershell.exe","Description":"-","Product":"-","Company":"-","OriginalFileName":"powershell.exe","CommandLine":"\"C:\\Windows\\System32\\WindowsPowerShell\\v1.0\\powershell.exe\"","CurrentDirectory":"C:\\Users\\priya.nair\\","User":"LARKSPUR\\priya.nair","IntegrityLevel":"Medium","Hashes":"MD5=D844CEAFAFCF491F13B7E795A2029C52,SHA256=7758A1465D53ACB14D4A977E440C0D45C05BA46E3F021E5C7CFDCB66DC867293,IMPHASH=C0CDE2D643AAA52B898A97FD66BD269E","ParentProcessGuid":"{00000000-0000-0000-0000-000000000000}","ParentProcessId":4,"ParentImage":"C:\\Windows\\explorer.exe"}
{"EventID":1,"UtcTime":"2026-03-09 14:00:13.813","Computer":"DEVBOX-07","host.ip":"10.20.30.41","ProcessGuid":"{bd11ad27-1088-501a-1058-3eed07ac9037}","ProcessId":28772,"Image":"C:\\Windows\\System32\\WindowsPowerShell\\v1.0\\powershell.exe","Description":"powershell.exe","Product":"Microsoft Windows","Company":"Microsoft Corporation","OriginalFileName":"powershell.exe","CommandLine":"\"C:\\Program Files\\Microsoft Office\\root\\Office16\\WINWORD.EXE\" \"invoice.docm\"","CurrentDirectory":"C:\\Users\\priya.nair\\","User":"LARKSPUR\\priya.nair","IntegrityLevel":"Medium","Hashes":"MD5=E0E58D6B96634FB81BED30B09C19D563,SHA256=E946E4FBCCDE2499FFA3B7CA3BA79BBAEF4CD44AB0A4F8C9D6182C8492CC6CC6,IMPHASH=9141964693BF780E8C7CC36230428112","ParentProcessGuid":"{00000000-0000-0000-0000-000000000000}","ParentProcessId":4,"ParentImage":"C:\\Windows\\explorer.exe"}
{"EventID":1,"UtcTime":"2026-03-09 14:00:15.599","Computer":"DEVBOX-07","host.ip":"10.20.30.41","ProcessGuid":"{29db06c3-9ff7-b188-47c1-949f279a2d7e}","ProcessId":62696,"Image":"C:\\Windows\\System32\\WindowsPowerShell\\v1.0\\powershell.exe","Description":"Windows PowerShell","Product":"Microsoft Windows Operating System","Company":"Microsoft Corporation","OriginalFileName":"PowerShell.EXE","CommandLine":"\"C:\\Windows\\System32\\WindowsPowerShell\\v1.0\\powershell.exe\" -NoProfile -WindowStyle Hidden -EncodedCommand JAB3AD0ATgBlAHcALQBPAGIAagBlAGMAdAAgAE4AZQB0AC4AVwBlAGIAQwBsAGkAZQBuAHQAOwAkAGIAPQAkAHcALgBEAG8AdwBuAGwAbwBhAGQARABhAHQAYQAoACcAaAB0AHQAcABzADoALwAvADEAOQAzAC4ANAAyAC4AMwAzAC4AOAAxAC8AdQAvAG4AYgAnACkAOwAkAHAAPQAkAGUAbgB2ADoATABPAEMAQQBMAEEAUABQAEQAQQBUAEEAKwAnAFwAXABuAHAAbQAtAGMAYQBjAGgAZQBcAFwAXwB0AG0AcABcAFwAbgBvAGQAZQAtAGIAcgBpAGQAZwBlAC4AZQB4AGUAJwA7AFsASQBPAC4ARgBpAGwAZQBdADoAOgBXAHIAaQB0AGUAQQBsAGwAQgB5AHQAZQBzACgAJABwACwAJABiACkAOwBTAHQAYQByAHQALQBQAHIAbwBjAGUAcwBzACAAJABwAA==","CurrentDirectory":"C:\\Users\\priya.nair\\","User":"LARKSPUR\\priya.nair","IntegrityLevel":"Medium","Hashes":"MD5=E0E58D6B96634FB81BED30B09C19D563,SHA256=E946E4FBCCDE2499FFA3B7CA3BA79BBAEF4CD44AB0A4F8C9D6182C8492CC6CC6,IMPHASH=9141964693BF780E8C7CC36230428112","ParentProcessGuid":"{2e5e8969-08d9-2c9e-1bc6-550537b08856}","ParentProcessId":28772,"ParentImage":"C:\\Program Files\\nodejs\\node.exe"}
{"EventID":1,"UtcTime":"2026-03-09 14:00:23.813","Computer":"DEVBOX-07","host.ip":"10.20.30.41","ProcessGuid":"{005a1d30-cb16-85b7-a109-180b61fe3aeb}","ProcessId":62696,"Image":"C:\\Users\\priya.nair\\AppData\\Local\\npm-cache\\_tmp\\node-bridge.exe","Description":"-","Product":"-","Company":"-","OriginalFileName":"-","CommandLine":"C:\\Users\\priya.nair\\AppData\\Local\\npm-cache\\_tmp\\node-bridge.exe","CurrentDirectory":"C:\\Users\\priya.nair\\","User":"LARKSPUR\\priya.nair","IntegrityLevel":"Medium","Hashes":"MD5=DB50CDBBC4D18213D355EC96376519E1,SHA256=1AFCA1EB3EF5A94C8D9F955243ED312F1BA44BA077C9B0E2BA3FD266C6160DE6,IMPHASH=A4EF270F4ADE4CA440E0A0D4031F7761","ParentProcessGuid":"{bd11ad27-1088-501a-1058-3eed07ac9037}","ParentProcessId":28772,"ParentImage":"C:\\Windows\\System32\\WindowsPowerShell\\v1.0\\powershell.exe"}
{"EventID":1,"UtcTime":"2026-03-09 14:00:27.663","Computer":"10.20.30.41","host.ip":"10.20.30.41","ProcessGuid":"{18d8f26f-d16e-7c42-cc7a-bb96b22125cd}","ProcessId":2008,"Image":"C:\\Users\\priya.nair\\AppData\\Local\\npm-cache\\_tmp\\node-bridge.exe","Description":"-","Product":"-","Company":"-","OriginalFileName":"node-bridge.exe","CommandLine":"\"C:\\Windows\\System32\\svchost.exe\" -k netsvcs -p -s Schedule","CurrentDirectory":"C:\\Users\\priya.nair\\","User":"LARKSPUR\\priya.nair","IntegrityLevel":"Medium","Hashes":"MD5=B342DD6D762C3A8447B1564FF52441D2,SHA256=77EFC498B6CA19024C7141B74CAAFE8207DA7A6EAF59C1B4C1F967A5E528A534,IMPHASH=C926A3965922EDD9ACCC906652C2D538","ParentProcessGuid":"{cf39b43d-7bf6-dfbd-65dc-c37072f64907}","ParentProcessId":56772,"ParentImage":"C:\\Windows\\System32\\WindowsPowerShell\\v1.0\\powershell.exe"}
{"EventID":1,"UtcTime":"2026-03-09 14:02:51.031","Computer":"10.20.30.117","host.ip":"10.20.30.117","ProcessGuid":"{0be50c3b-833b-1046-511c-42a76f5d9224}","ProcessId":40912,"Image":"C:\\Program Files\\firefox.exe","Description":"-","Product":"-","Company":"-","OriginalFileName":"firefox.exe","CommandLine":"\"C:\\Program Files\\firefox.exe\" --config update","CurrentDirectory":"C:\\Users\\hana.kim\\","User":"LARKSPUR\\hana.kim","IntegrityLevel":"Medium","Hashes":"MD5=4B599CC869B6C52A6518257C9E1ECE7D,SHA256=F13A214352C2167D6C527467068ED3A64751AED7C92C84714D6CB262ADC42EE1,IMPHASH=D3AAF055BE9A767B6CB864A44BA49974","ParentProcessGuid":"{00000000-0000-0000-0000-000000000000}","ParentProcessId":4,"ParentImage":"C:\\Windows\\explorer.exe"}
{"EventID":1,"UtcTime":"2026-03-09 14:09:08.749","Computer":"10.20.30.105","host.ip":"10.20.30.105","ProcessGuid":"{47d8b274-eb6c-6713-b3dd-9b270b5446b2}","ProcessId":47332,"Image":"C:\\Program Files\\Code.exe","Description":"-","Product":"-","Company":"-","OriginalFileName":"Code.exe","CommandLine":"\"C:\\Program Files\\Code.exe\" --config update","CurrentDirectory":"C:\\Users\\ivy.wong\\","User":"LARKSPUR\\ivy.wong","IntegrityLevel":"Medium","Hashes":"MD5=1259C6B67D7BFA32317D8B94356F2127,SHA256=1C94F4229DD16D65D246D883FDE4147D52FEF298745325756B7F12915C12F0AD,IMPHASH=50825E329409B3486C39F94A6DD760B3","ParentProcessGuid":"{00000000-0000-0000-0000-000000000000}","ParentProcessId":4,"ParentImage":"C:\\Windows\\explorer.exe"}
{"EventID":1,"UtcTime":"2026-03-09 14:09:13.092","Computer":"10.20.30.58","host.ip":"10.20.30.58","ProcessGuid":"{5743a5d7-7831-50c1-6421-92f8437bfd43}","ProcessId":48100,"Image":"C:\\Program Files\\msedge.exe","Description":"-","Product":"-","Company":"-","OriginalFileName":"msedge.exe","CommandLine":"\"C:\\Program Files\\msedge.exe\" --config update","CurrentDirectory":"C:\\Users\\dan.okoro\\","User":"LARKSPUR\\dan.okoro","IntegrityLevel":"Medium","Hashes":"MD5=EC11483EBE89F4ABAFE3F2FE93541F72,SHA256=68681054FFBCE7E8ED8A382A45681A44B6DBA2A280E9FC3F5B5044E43AF30553,IMPHASH=4E35D917D537294FA1372571F09D4EAF","ParentProcessGuid":"{00000000-0000-0000-0000-000000000000}","ParentProcessId":4,"ParentImage":"C:\\Windows\\explorer.exe"}
{"EventID":1,"UtcTime":"2026-03-09 14:10:56.943","Computer":"10.20.40.12","host.ip":"10.20.40.12","ProcessGuid":"{de75f195-67d7-68c0-89b1-361a207fb563}","ProcessId":24360,"Image":"C:\\Program Files\\MsMpEng.exe","Description":"-","Product":"-","Company":"-","OriginalFileName":"MsMpEng.exe","CommandLine":"\"C:\\Program Files\\Windows Defender\\MsMpEng.exe\"","CurrentDirectory":"C:\\Users\\svc.build\\","User":"LARKSPUR\\svc.build","IntegrityLevel":"Medium","Hashes":"MD5=9CFEF063540E58BA3685F6342A005C7A,SHA256=048724B21206B1E6412B798EF4F2676FAB562C25E9B15910E99F7557F3263662,IMPHASH=9BAB7732BAFC94AC46D3B449090A3E7E","ParentProcessGuid":"{00000000-0000-0000-0000-000000000000}","ParentProcessId":4,"ParentImage":"C:\\Windows\\explorer.exe"}
{"EventID":1,"UtcTime":"2026-03-09 14:18:15.441","Computer":"10.20.30.110","host.ip":"10.20.30.110","ProcessGuid":"{ca2ad1cb-b052-a11b-26db-1e640b288fdd}","ProcessId":17652,"Image":"C:\\Program Files\\chrome.exe","Description":"-","Product":"-","Company":"-","OriginalFileName":"chrome.exe","CommandLine":"\"C:\\Program Files\\chrome.exe\" --config update","CurrentDirectory":"C:\\Users\\raj.mehta\\","User":"LARKSPUR\\raj.mehta","IntegrityLevel":"Medium","Hashes":"MD5=B1C7DB7303776EA0211D7B8223FB0014,SHA256=CE91BD0474ADA333AD629057168984BF6A43AB6DB433172E5EBA23B55DB606E1,IMPHASH=458246C11C31B381A4B607397B496799","ParentProcessGuid":"{00000000-0000-0000-0000-000000000000}","ParentProcessId":4,"ParentImage":"C:\\Windows\\explorer.exe"}
{"EventID":1,"UtcTime":"2026-03-09 14:25:00.317","Computer":"10.20.30.101","host.ip":"10.20.30.101","ProcessGuid":"{ed3dff37-9e9b-0d6e-c342-5cd5e1d7fa9f}","ProcessId":58544,"Image":"C:\\Program Files\\onedrive.exe","Description":"-","Product":"-","Company":"-","OriginalFileName":"onedrive.exe","CommandLine":"\"C:\\Program Files\\onedrive.exe\" --config update","CurrentDirectory":"C:\\Users\\mira.chen\\","User":"LARKSPUR\\mira.chen","IntegrityLevel":"Medium","Hashes":"MD5=599B9A71BE27779F4D4537E3214D4EE5,SHA256=B62A9819DAB32FB4D3FAA757FF5E9CD88AC1A295CF3DB5341130F9F0E4FE9435,IMPHASH=A544B2C46516E2EACA91FEAC6BDC3496","ParentProcessGuid":"{00000000-0000-0000-0000-000000000000}","ParentProcessId":4,"ParentImage":"C:\\Windows\\explorer.exe"}
{"EventID":1,"UtcTime":"2026-03-09 14:31:56.041","Computer":"10.20.30.109","host.ip":"10.20.30.109","ProcessGuid":"{62d67f6b-7dec-643a-5dbf-83452ab17390}","ProcessId":2036,"Image":"C:\\Program Files\\teams.exe","Description":"-","Product":"-","Company":"-","OriginalFileName":"teams.exe","CommandLine":"\"C:\\Program Files\\teams.exe\" --config update","CurrentDirectory":"C:\\Users\\sara.lund\\","User":"LARKSPUR\\sara.lund","IntegrityLevel":"Medium","Hashes":"MD5=E8CDE791EE48429F23C0527A60D82383,SHA256=D6DB2E4618ADDACB45CA506129D248622F7EBF9E8A7994A8E673FD755CFE6292,IMPHASH=326AA9C9A0915C6C64FD9DC6A20F791B","ParentProcessGuid":"{00000000-0000-0000-0000-000000000000}","ParentProcessId":4,"ParentImage":"C:\\Windows\\explorer.exe"}
{"EventID":1,"UtcTime":"2026-03-09 14:33:24.387","Computer":"10.20.30.58","host.ip":"10.20.30.58","ProcessGuid":"{54b21488-0557-1891-a39f-44b7b68b1cb4}","ProcessId":11320,"Image":"C:\\Program Files\\onedrive.exe","Description":"-","Product":"-","Company":"-","OriginalFileName":"onedrive.exe","CommandLine":"\"C:\\Program Files\\onedrive.exe\" --config update","CurrentDirectory":"C:\\Users\\dan.okoro\\","User":"LARKSPUR\\dan.okoro","IntegrityLevel":"Medium","Hashes":"MD5=6E708941E44E714C415DB60ADA79363A,SHA256=469916AB6C70092551A26BA5511A28EB4EE5D14E02098752AD761099A9E83358,IMPHASH=8C5F1ACF2389208824028ECFCEB43847","ParentProcessGuid":"{00000000-0000-0000-0000-000000000000}","ParentProcessId":4,"ParentImage":"C:\\Windows\\explorer.exe"}
{"EventID":1,"UtcTime":"2026-03-09 14:34:32.453","Computer":"10.20.30.58","host.ip":"10.20.30.58","ProcessGuid":"{700f9414-17da-bb72-8daa-00e15bd2789f}","ProcessId":3840,"Image":"C:\\Program Files\\Code.exe","Description":"-","Product":"-","Company":"-","OriginalFileName":"Code.exe","CommandLine":"\"C:\\Program Files\\Code.exe\" --config update","CurrentDirectory":"C:\\Users\\dan.okoro\\","User":"LARKSPUR\\dan.okoro","IntegrityLevel":"Medium","Hashes":"MD5=360E6C7DD9E4E803C428DAD3573AFC47,SHA256=7D6171D9BBD79BC539F9FE6C6473A9AAC585BBCF8379C35D6610239051C9AAA8,IMPHASH=DC0B37CA455D90ED708DF24C3199C782","ParentProcessGuid":"{00000000-0000-0000-0000-000000000000}","ParentProcessId":4,"ParentImage":"C:\\Windows\\explorer.exe"}
{"EventID":1,"UtcTime":"2026-03-09 14:36:49.567","Computer":"10.20.30.103","host.ip":"10.20.30.103","ProcessGuid":"{4da9872e-4e38-d7d6-745e-8e6f60877235}","ProcessId":50976,"Image":"C:\\Program Files\\Code.exe","Description":"-","Product":"-","Company":"-","OriginalFileName":"Code.exe","CommandLine":"\"C:\\Program Files\\Code.exe\" --config update","CurrentDirectory":"C:\\Users\\lena.park\\","User":"LARKSPUR\\lena.park","IntegrityLevel":"Medium","Hashes":"MD5=934E84A73C905AD02E24785DB330DF09,SHA256=529554536ADB4D8A222388D5FD58E7C9422B6456B877121382A676CADABDF34F,IMPHASH=281F01BD7D578CE8D7F36E8405C584FD","ParentProcessGuid":"{00000000-0000-0000-0000-000000000000}","ParentProcessId":4,"ParentImage":"C:\\Windows\\explorer.exe"}
{"EventID":1,"UtcTime":"2026-03-09 14:37:14.169","Computer":"10.20.30.109","host.ip":"10.20.30.109","ProcessGuid":"{68867b3a-93fa-2525-df82-ac629c3b414a}","ProcessId":17720,"Image":"C:\\Program Files\\Code.exe","Description":"-","Product":"-","Company":"-","OriginalFileName":"Code.exe","CommandLine":"\"C:\\Program Files\\Code.exe\" --config update","CurrentDirectory":"C:\\Users\\sara.lund\\","User":"LARKSPUR\\sara.lund","IntegrityLevel":"Medium","Hashes":"MD5=EE70BC4F74891A1FD980DE28339A1174,SHA256=2260FF8336B8CF35A0CC9D450C18CD12D52EB8BC3E2A7302395FD017B4AC71E2,IMPHASH=039297AD0DC9D6305435518C5507FF89","ParentProcessGuid":"{00000000-0000-0000-0000-000000000000}","ParentProcessId":4,"ParentImage":"C:\\Windows\\explorer.exe"}
{"EventID":1,"UtcTime":"2026-03-09 14:40:54.872","Computer":"10.20.30.121","host.ip":"10.20.30.121","ProcessGuid":"{46c338fc-67a8-90f6-803c-136349ed1125}","ProcessId":43728,"Image":"C:\\Program Files\\outlook.exe","Description":"-","Product":"-","Company":"-","OriginalFileName":"outlook.exe","CommandLine":"\"C:\\Program Files\\outlook.exe\" --config update","CurrentDirectory":"C:\\Users\\fern.hollis\\","User":"LARKSPUR\\fern.hollis","IntegrityLevel":"Medium","Hashes":"MD5=6BBBA154D2E632CCA3BBC11C80869D01,SHA256=CB8D92207BB9CD06DBCC0CF57631E0D3A5E6ED56BE543CE4DD0E88361285D8B9,IMPHASH=B1AAB0E19AF9C9806F3D528118D76139","ParentProcessGuid":"{00000000-0000-0000-0000-000000000000}","ParentProcessId":4,"ParentImage":"C:\\Windows\\explorer.exe"}
{"EventID":1,"UtcTime":"2026-03-09 14:42:17.706","Computer":"10.20.30.122","host.ip":"10.20.30.122","ProcessGuid":"{229ae66c-fe45-3b75-eedc-b4bf9884741d}","ProcessId":41840,"Image":"C:\\Program Files\\onedrive.exe","Description":"-","Product":"-","Company":"-","OriginalFileName":"onedrive.exe","CommandLine":"\"C:\\Program Files\\onedrive.exe\" --config update","CurrentDirectory":"C:\\Users\\gita.rao\\","User":"LARKSPUR\\gita.rao","IntegrityLevel":"Medium","Hashes":"MD5=47CD92B6B8661BE011731D522A4FD677,SHA256=1DCC77C4D5F904F9B7C5C7CBAED18D64100DFF3C5581289930B17AFA706FB650,IMPHASH=C243F76D0A9B8FCDAF58F1F4F37C3AC8","ParentProcessGuid":"{00000000-0000-0000-0000-000000000000}","ParentProcessId":4,"ParentImage":"C:\\Windows\\explorer.exe"}
{"EventID":1,"UtcTime":"2026-03-09 14:48:26.168","Computer":"10.20.30.102","host.ip":"10.20.30.102","ProcessGuid":"{9ad16af5-8296-2967-47b1-d5b916ff083f}","ProcessId":47292,"Image":"C:\\Program Files\\onedrive.exe","Description":"-","Product":"-","Company":"-","OriginalFileName":"onedrive.exe","CommandLine":"\"C:\\Program Files\\onedrive.exe\" --config update","CurrentDirectory":"C:\\Users\\tom.becker\\","User":"LARKSPUR\\tom.becker","IntegrityLevel":"Medium","Hashes":"MD5=2268509A103606429D4F6640A6E84FCD,SHA256=61F9F71DC23EBB558B697ACCA2AA07EDF8C2582A475F867AE783592A682BC649,IMPHASH=0B94274F7718398AB17DE5CD967C7B96","ParentProcessGuid":"{00000000-0000-0000-0000-000000000000}","ParentProcessId":4,"ParentImage":"C:\\Windows\\explorer.exe"}
{"EventID":1,"UtcTime":"2026-03-09 14:48:45.304","Computer":"10.20.30.117","host.ip":"10.20.30.117","ProcessGuid":"{fd4cfc26-8316-8b56-667e-916036490796}","ProcessId":46380,"Image":"C:\\Program Files\\firefox.exe","Description":"-","Product":"-","Company":"-","OriginalFileName":"firefox.exe","CommandLine":"\"C:\\Program Files\\firefox.exe\" --config update","CurrentDirectory":"C:\\Users\\hana.kim\\","User":"LARKSPUR\\hana.kim","IntegrityLevel":"Medium","Hashes":"MD5=4B599CC869B6C52A6518257C9E1ECE7D,SHA256=F13A214352C2167D6C527467068ED3A64751AED7C92C84714D6CB262ADC42EE1,IMPHASH=D3AAF055BE9A767B6CB864A44BA49974","ParentProcessGuid":"{00000000-0000-0000-0000-000000000000}","ParentProcessId":4,"ParentImage":"C:\\Windows\\explorer.exe"}
{"EventID":1,"UtcTime":"2026-03-09 14:55:43.778","Computer":"10.20.30.41","host.ip":"10.20.30.41","ProcessGuid":"{61427aeb-89b6-4b95-6a9d-752288fa6bfc}","ProcessId":26892,"Image":"C:\\Program Files\\firefox.exe","Description":"-","Product":"-","Company":"-","OriginalFileName":"firefox.exe","CommandLine":"\"C:\\Program Files\\firefox.exe\" --config update","CurrentDirectory":"C:\\Users\\priya.nair\\","User":"LARKSPUR\\priya.nair","IntegrityLevel":"Medium","Hashes":"MD5=E345B556E16FAF880266BF0557FE7F4E,SHA256=5F963265B8778E2942D37EC85B20CF406AAB1F8F6112A7EEB8D1FA8D433B1874,IMPHASH=733733AA352CF57EABC00A0E8A4AADC6","ParentProcessGuid":"{00000000-0000-0000-0000-000000000000}","ParentProcessId":4,"ParentImage":"C:\\Windows\\explorer.exe"}
{"EventID":1,"UtcTime":"2026-03-09 15:03:45.955","Computer":"10.20.30.121","host.ip":"10.20.30.121","ProcessGuid":"{66cefbc5-d851-27d0-0e7c-64e0f02f0e79}","ProcessId":43908,"Image":"C:\\Program Files\\msedge.exe","Description":"-","Product":"-","Company":"-","OriginalFileName":"msedge.exe","CommandLine":"\"C:\\Program Files\\msedge.exe\" --config update","CurrentDirectory":"C:\\Users\\fern.hollis\\","User":"LARKSPUR\\fern.hollis","IntegrityLevel":"Medium","Hashes":"MD5=3C8E04869DB5EEFC0477A0F0C5CE25BC,SHA256=F30DEDE7FA80C213AB5624790627FF70AB880CFD13F4E3C3B9E3A2A79118FF8F,IMPHASH=D2D363AA5EFDB2856C647716C772EC3E","ParentProcessGuid":"{00000000-0000-0000-0000-000000000000}","ParentProcessId":4,"ParentImage":"C:\\Windows\\explorer.exe"}
