{"EventID":3,"UtcTime":"2026-03-09 17:24:17.130","Computer":"10.20.30.41","ProcessGuid":"{18d8f26f-d16e-7c42-cc7a-bb96b22125cd}","ProcessId":2008,"Image":"node-bridge.exe","User":"LARKSPUR\\priya.nair","Protocol":"tcp","SourceIp":"10.20.30.41","SourcePort":62488,"DestinationIp":"193.42.33.81","DestinationPort":443}
{"EventID":3,"UtcTime":"2026-03-09 17:24:18.697","Computer":"10.20.30.41","ProcessGuid":"{f994d776-f83a-288b-31ae-c16e2d3e9c81}","ProcessId":2008,"Image":"bastion-sensor.exe","User":"NT AUTHORITY\\SYSTEM","Protocol":"tcp","SourceIp":"10.20.30.41","SourcePort":52771,"DestinationIp":"104.18.22.51","DestinationPort":443}
{"EventID":3,"UtcTime":"2026-03-09 17:24:48.470","Computer":"10.20.30.41","ProcessGuid":"{f994d776-f83a-288b-31ae-c16e2d3e9c81}","ProcessId":2008,"Image":"bastion-sensor.exe","User":"NT AUTHORITY\\SYSTEM","Protocol":"tcp","SourceIp":"10.20.30.41","SourcePort":61975,"DestinationIp":"104.18.22.51","DestinationPort":443}
{"EventID":3,"UtcTime":"2026-03-09 17:25:05.833","Computer":"10.20.30.41","ProcessGuid":"{18d8f26f-d16e-7c42-cc7a-bb96b22125cd}","ProcessId":2008,"Image":"node-bridge.exe","User":"LARKSPUR\\priya.nair","Protocol":"tcp","SourceIp":"10.20.30.41","SourcePort":64548,"DestinationIp":"193.42.33.81","DestinationPort":443}
{"EventID":3,"UtcTime":"2026-03-09 17:25:18.571","Computer":"10.20.30.41","ProcessGuid":"{f994d776-f83a-288b-31ae-c16e2d3e9c81}","ProcessId":2008,"Image":"bastion-sensor.exe","User":"NT AUTHORITY\\SYSTEM","Protocol":"tcp","SourceIp":"10.20.30.41","SourcePort":62223,"DestinationIp":"104.18.22.51","DestinationPort":443}
{"EventID":3,"UtcTime":"2026-03-09 17:25:48.493","Computer":"10.20.30.41","ProcessGuid":"{18d8f26f-d16e-7c42-cc7a-bb96b22125cd}","ProcessId":2008,"Image":"node-bridge.exe","User":"LARKSPUR\\priya.nair","Protocol":"tcp","SourceIp":"10.20.30.41","SourcePort":54553,"DestinationIp":"193.42.33.81","DestinationPort":443}
{"EventID":3,"UtcTime":"2026-03-09 17:25:48.788","Computer":"10.20.30.41","ProcessGuid":"{f994d776-f83a-288b-31ae-c16e2d3e9c81}","ProcessId":2008,"Image":"bastion-sensor.exe","User":"NT AUTHORITY\\SYSTEM","Protocol":"tcp","SourceIp":"10.20.30.41","SourcePort":58169,"DestinationIp":"104.18.22.51","DestinationPort":443}
{"EventID":3,"UtcTime":"2026-03-09 17:26:19.198","Computer":"10.20.30.41","ProcessGuid":"{f994d776-f83a-288b-31ae-c16e2d3e9c81}","ProcessId":2008,"Image":"bastion-sensor.exe","User":"NT AUTHORITY\\SYSTEM","Protocol":"tcp","SourceIp":"10.20.30.41","SourcePort":52687,"DestinationIp":"104.18.22.51","DestinationPort":443}
{"EventID":3,"UtcTime":"2026-03-09 17:26:33.946","Computer":"10.20.30.41","ProcessGuid":"{18d8f26f-d16e-7c42-cc7a-bb96b22125cd}","ProcessId":2008,"Image":"node-bridge.exe","User":"LARKSPUR\\priya.nair","Protocol":"tcp","SourceIp":"10.20.30.41","SourcePort":59436,"DestinationIp":"193.42.33.81","DestinationPort":443}
{"EventID":3,"UtcTime":"2026-03-09 17:26:49.596","Computer":"10.20.30.41","ProcessGuid":"{f994d776-f83a-288b-31ae-c16e2d3e9c81}","ProcessId":2008,"Image":"bastion-sensor.exe","User":"NT AUTHORITY\\SYSTEM","Protocol":"tcp","SourceIp":"10.20.30.41","SourcePort":53630,"DestinationIp":"104.18.22.51","DestinationPort":443}
{"EventID":3,"UtcTime":"2026-03-09 17:27:19.742","Computer":"10.20.30.41","ProcessGuid":"{18d8f26f-d16e-7c42-cc7a-bb96b22125cd}","ProcessId":2008,"Image":"node-bridge.exe","User":"LARKSPUR\\priya.nair","Protocol":"tcp","SourceIp":"10.20.30.41","SourcePort":49196,"DestinationIp":"193.42.33.81","DestinationPort":443}
{"EventID":3,"UtcTime":"2026-03-09 17:27:19.777","Computer":"10.20.30.41","ProcessGuid":"{f994d776-f83a-288b-31ae-c16e2d3e9c81}","ProcessId":2008,"Image":"bastion-sensor.exe","User":"NT AUTHORITY\\SYSTEM","Protocol":"tcp","SourceIp":"10.20.30.41","SourcePort":52111,"DestinationIp":"104.18.22.51","DestinationPort":443}
{"EventID":3,"UtcTime":"2026-03-09 17:27:50.006","Computer":"10.20.30.41","ProcessGuid":"{f994d776-f83a-288b-31ae-c16e2d3e9c81}","ProcessId":2008,"Image":"bastion-sensor.exe","User":"NT AUTHORITY\\SYSTEM","Protocol":"tcp","SourceIp":"10.20.30.41","SourcePort":52976,"DestinationIp":"104.18.22.51","DestinationPort":443}
{"EventID":3,"UtcTime":"2026-03-09 17:28:08.414","Computer":"10.20.30.41","ProcessGuid":"{18d8f26f-d16e-7c42-cc7a-bb96b22125cd}","ProcessId":2008,"Image":"node-bridge.exe","User":"LARKSPUR\\priya.nair","Protocol":"tcp","SourceIp":"10.20.30.41","SourcePort":60371,"DestinationIp":"193.42.33.81","DestinationPort":443}
{"EventID":3,"UtcTime":"2026-03-09 17:28:19.810","Computer":"10.20.30.41","ProcessGuid":"{f994d776-f83a-288b-31ae-c16e2d3e9c81}","ProcessId":2008,"Image":"bastion-sensor.exe","User":"NT AUTHORITY\\SYSTEM","Protocol":"tcp","SourceIp":"10.20.30.41","SourcePort":52172,"DestinationIp":"104.18.22.51","DestinationPort":443}
{"EventID":3,"UtcTime":"2026-03-09 17:28:47.884","Computer":"10.20.30.58","ProcessGuid":"{78bfb53d-429c-a544-d767-20530ccd25c3}","ProcessId":48100,"Image":"svchost.exe","User":"NT AUTHORITY\\SYSTEM","Protocol":"tcp","SourceIp":"10.20.30.58","SourcePort":49244,"DestinationIp":"91.213.50.77","DestinationPort":443}
{"EventID":3,"UtcTime":"2026-03-09 17:28:50.189","Computer":"10.20.30.41","ProcessGuid":"{f994d776-f83a-288b-31ae-c16e2d3e9c81}","ProcessId":2008,"Image":"bastion-sensor.exe","User":"NT AUTHORITY\\SYSTEM","Protocol":"tcp","SourceIp":"10.20.30.41","SourcePort":60802,"DestinationIp":"104.18.22.51","DestinationPort":443}
{"EventID":3,"UtcTime":"2026-03-09 17:28:50.352","Computer":"10.20.30.41","ProcessGuid":"{18d8f26f-d16e-7c42-cc7a-bb96b22125cd}","ProcessId":2008,"Image":"node-bridge.exe","User":"LARKSPUR\\priya.nair","Protocol":"tcp","SourceIp":"10.20.30.41","SourcePort":62014,"DestinationIp":"193.42.33.81","DestinationPort":443}
{"EventID":3,"UtcTime":"2026-03-09 17:29:19.636","Computer":"10.20.30.41","ProcessGuid":"{f994d776-f83a-288b-31ae-c16e2d3e9c81}","ProcessId":2008,"Image":"bastion-sensor.exe","User":"NT AUTHORITY\\SYSTEM","Protocol":"tcp","SourceIp":"10.20.30.41","SourcePort":55855,"DestinationIp":"104.18.22.51","DestinationPort":443}
{"EventID":3,"UtcTime":"2026-03-09 17:29:31.336","Computer":"10.20.30.41","ProcessGuid":"{18d8f26f-d16e-7c42-cc7a-bb96b22125cd}","ProcessId":2008,"Image":"node-bridge.exe","User":"LARKSPUR\\priya.nair","Protocol":"tcp","SourceIp":"10.20.30.41","SourcePort":57503,"DestinationIp":"193.42.33.81","DestinationPort":443}
{"EventID":3,"UtcTime":"2026-03-09 17:29:49.465","Computer":"10.20.30.41","ProcessGuid":"{f994d776-f83a-288b-31ae-c16e2d3e9c81}","ProcessId":2008,"Image":"bastion-sensor.exe","User":"NT AUTHORITY\\SYSTEM","Protocol":"tcp","SourceIp":"10.20.30.41","SourcePort":64600,"DestinationIp":"104.18.22.51","DestinationPort":443}
{"EventID":3,"UtcTime":"2026-03-09 17:30:16.291","Computer":"10.20.30.41","ProcessGuid":"{18d8f26f-d16e-7c42-cc7a-bb96b22125cd}","ProcessId":2008,"Image":"node-bridge.exe","User":"LARKSPUR\\priya.nair","Protocol":"tcp","SourceIp":"10.20.30.41","SourcePort":54216,"DestinationIp":"193.42.33.81","DestinationPort":443}
{"EventID":3,"UtcTime":"2026-03-09 17:30:19.652","Computer":"10.20.30.41","ProcessGuid":"{f994d776-f83a-288b-31ae-c16e2d3e9c81}","ProcessId":2008,"Image":"bastion-sensor.exe","User":"NT AUTHORITY\\SYSTEM","Protocol":"tcp","SourceIp":"10.20.30.41","SourcePort":63016,"DestinationIp":"104.18.22.51","DestinationPort":443}
{"EventID":3,"UtcTime":"2026-03-09 17:30:49.402","Computer":"10.20.30.41","ProcessGuid":"{f994d776-f83a-288b-31ae-c16e2d3e9c81}","ProcessId":2008,"Image":"bastion-sensor.exe","User":"NT AUTHORITY\\SYSTEM","Protocol":"tcp","SourceIp":"10.20.30.41","SourcePort":51142,"DestinationIp":"104.18.22.51","DestinationPort":443}
{"EventID":3,"UtcTime":"2026-03-09 17:31:01.707","Computer":"10.20.30.41","ProcessGuid":"{18d8f26f-d16e-7c42-cc7a-bb96b22125cd}","ProcessId":2008,"Image":"node-bridge.exe","User":"LARKSPUR\\priya.nair","Protocol":"tcp","SourceIp":"10.20.30.41","SourcePort":49463,"DestinationIp":"193.42.33.81","DestinationPort":443}
{"EventID":3,"UtcTime":"2026-03-09 17:31:19.322","Computer":"10.20.30.41","ProcessGuid":"{f994d776-f83a-288b-31ae-c16e2d3e9c81}","ProcessId":2008,"Image":"bastion-sensor.exe","User":"NT AUTHORITY\\SYSTEM","Protocol":"tcp","SourceIp":"10.20.30.41","SourcePort":50669,"DestinationIp":"104.18.22.51","DestinationPort":443}
{"EventID":3,"UtcTime":"2026-03-09 17:31:44.473","Computer":"10.20.30.41","ProcessGuid":"{18d8f26f-d16e-7c42-cc7a-bb96b22125cd}","ProcessId":2008,"Image":"node-bridge.exe","User":"LARKSPUR\\priya.nair","Protocol":"tcp","SourceIp":"10.20.30.41","SourcePort":65443,"DestinationIp":"193.42.33.81","DestinationPort":443}
{"EventID":3,"UtcTime":"2026-03-09 17:31:48.738","Computer":"10.20.30.41","ProcessGuid":"{f994d776-f83a-288b-31ae-c16e2d3e9c81}","ProcessId":2008,"Image":"bastion-sensor.exe","User":"NT AUTHORITY\\SYSTEM","Protocol":"tcp","SourceIp":"10.20.30.41","SourcePort":54911,"DestinationIp":"104.18.22.51","DestinationPort":443}
{"EventID":3,"UtcTime":"2026-03-09 17:32:18.682","Computer":"10.20.30.41","ProcessGuid":"{f994d776-f83a-288b-31ae-c16e2d3e9c81}","ProcessId":2008,"Image":"bastion-sensor.exe","User":"NT AUTHORITY\\SYSTEM","Protocol":"tcp","SourceIp":"10.20.30.41","SourcePort":59417,"DestinationIp":"104.18.22.51","DestinationPort":443}
{"EventID":3,"UtcTime":"2026-03-09 17:32:29.821","Computer":"10.20.30.41","ProcessGuid":"{18d8f26f-d16e-7c42-cc7a-bb96b22125cd}","ProcessId":2008,"Image":"node-bridge.exe","User":"LARKSPUR\\priya.nair","Protocol":"tcp","SourceIp":"10.20.30.41","SourcePort":51339,"DestinationIp":"193.42.33.81","DestinationPort":443}
{"EventID":3,"UtcTime":"2026-03-09 17:32:48.254","Computer":"10.20.30.41","ProcessGuid":"{f994d776-f83a-288b-31ae-c16e2d3e9c81}","ProcessId":2008,"Image":"bastion-sensor.exe","User":"NT AUTHORITY\\SYSTEM","Protocol":"tcp","SourceIp":"10.20.30.41","SourcePort":65460,"DestinationIp":"104.18.22.51","DestinationPort":443}
{"EventID":3,"UtcTime":"2026-03-09 17:33:16.108","Computer":"10.20.30.41","ProcessGuid":"{18d8f26f-d16e-7c42-cc7a-bb96b22125cd}","ProcessId":2008,"Image":"node-bridge.exe","User":"LARKSPUR\\priya.nair","Protocol":"tcp","SourceIp":"10.20.30.41","SourcePort":60216,"DestinationIp":"193.42.33.81","DestinationPort":443}
{"EventID":3,"UtcTime":"2026-03-09 17:33:18.602","Computer":"10.20.30.41","ProcessGuid":"{f994d776-f83a-288b-31ae-c16e2d3e9c81}","ProcessId":2008,"Image":"bastion-sensor.exe","User":"NT AUTHORITY\\SYSTEM","Protocol":"tcp","SourceIp":"10.20.30.41","SourcePort":53235,"DestinationIp":"104.18.22.51","DestinationPort":443}
{"EventID":3,"UtcTime":"2026-03-09 17:33:48.711","Computer":"10.20.30.41","ProcessGuid":"{f994d776-f83a-288b-31ae-c16e2d3e9c81}","ProcessId":2008,"Image":"bastion-sensor.exe","User":"NT AUTHORITY\\SYSTEM","Protocol":"tcp","SourceIp":"10.20.30.41","SourcePort":51101,"DestinationIp":"104.18.22.51","DestinationPort":443}
{"EventID":3,"UtcTime":"2026-03-09 17:33:58.628","Computer":"10.20.30.41","ProcessGuid":"{18d8f26f-d16e-7c42-cc7a-bb96b22125cd}","ProcessId":2008,"Image":"node-bridge.exe","User":"LARKSPUR\\priya.nair","Protocol":"tcp","SourceIp":"10.20.30.41","SourcePort":59368,"DestinationIp":"193.42.33.81","DestinationPort":443}
{"EventID":3,"UtcTime":"2026-03-09 17:34:18.450","Computer":"10.20.30.41","ProcessGuid":"{f994d776-f83a-288b-31ae-c16e2d3e9c81}","ProcessId":2008,"Image":"bastion-sensor.exe","User":"NT AUTHORITY\\SYSTEM","Protocol":"tcp","SourceIp":"10.20.30.41","SourcePort":55527,"DestinationIp":"104.18.22.51","DestinationPort":443}
{"EventID":3,"UtcTime":"2026-03-09 17:34:45.887","Computer":"10.20.30.41","ProcessGuid":"{18d8f26f-d16e-7c42-cc7a-bb96b22125cd}","ProcessId":2008,"Image":"node-bridge.exe","User":"LARKSPUR\\priya.nair","Protocol":"tcp","SourceIp":"10.20.30.41","SourcePort":56368,"DestinationIp":"193.42.33.81","DestinationPort":443}
{"EventID":3,"UtcTime":"2026-03-09 17:34:48.864","Computer":"10.20.30.41","ProcessGuid":"{f994d776-f83a-288b-31ae-c16e2d3e9c81}","ProcessId":2008,"Image":"bastion-sensor.exe","User":"NT AUTHORITY\\SYSTEM","Protocol":"tcp","SourceIp":"10.20.30.41","SourcePort":55349,"DestinationIp":"104.18.22.51","DestinationPort":443}
{"EventID":3,"UtcTime":"2026-03-09 17:35:18.684","Computer":"10.20.30.41","ProcessGuid":"{f994d776-f83a-288b-31ae-c16e2d3e9c81}","ProcessId":2008,"Image":"bastion-sensor.exe","User":"NT AUTHORITY\\SYSTEM","Protocol":"tcp","SourceIp":"10.20.30.41","SourcePort":53532,"DestinationIp":"104.18.22.51","DestinationPort":443}
{"EventID":3,"UtcTime":"2026-03-09 17:35:29.266","Computer":"10.20.30.41","ProcessGuid":"{18d8f26f-d16e-7c42-cc7a-bb96b22125cd}","ProcessId":2008,"Image":"node-bridge.exe","User":"LARKSPUR\\priya.nair","Protocol":"tcp","SourceIp":"10.20.30.41","SourcePort":54147,"DestinationIp":"193.42.33.81","DestinationPort":443}
{"EventID":3,"UtcTime":"2026-03-09 17:35:48.469","Computer":"10.20.30.41","ProcessGuid":"{f994d776-f83a-288b-31ae-c16e2d3e9c81}","ProcessId":2008,"Image":"bastion-sensor.exe","User":"NT AUTHORITY\\SYSTEM","Protocol":"tcp","SourceIp":"10.20.30.41","SourcePort":50626,"DestinationIp":"104.18.22.51","DestinationPort":443}
{"EventID":3,"UtcTime":"2026-03-09 17:36:15.072","Computer":"10.20.30.41","ProcessGuid":"{18d8f26f-d16e-7c42-cc7a-bb96b22125cd}","ProcessId":2008,"Image":"node-bridge.exe","User":"LARKSPUR\\priya.nair","Protocol":"tcp","SourceIp":"10.20.30.41","SourcePort":54593,"DestinationIp":"193.42.33.81","DestinationPort":443}
{"EventID":3,"UtcTime":"2026-03-09 17:36:19.014","Computer":"10.20.30.41","ProcessGuid":"{f994d776-f83a-288b-31ae-c16e2d3e9c81}","ProcessId":2008,"Image":"bastion-sensor.exe","User":"NT AUTHORITY\\SYSTEM","Protocol":"tcp","SourceIp":"10.20.30.41","SourcePort":49505,"DestinationIp":"104.18.22.51","DestinationPort":443}
{"EventID":3,"UtcTime":"2026-03-09 17:36:49.075","Computer":"10.20.30.41","ProcessGuid":"{f994d776-f83a-288b-31ae-c16e2d3e9c81}","ProcessId":2008,"Image":"bastion-sensor.exe","User":"NT AUTHORITY\\SYSTEM","Protocol":"tcp","SourceIp":"10.20.30.41","SourcePort":58029,"DestinationIp":"104.18.22.51","DestinationPort":443}
{"EventID":3,"UtcTime":"2026-03-09 17:36:55.601","Computer":"10.20.30.41","ProcessGuid":"{18d8f26f-d16e-7c42-cc7a-bb96b22125cd}","ProcessId":2008,"Image":"node-bridge.exe","User":"LARKSPUR\\priya.nair","Protocol":"tcp","SourceIp":"10.20.30.41","SourcePort":54314,"DestinationIp":"193.42.33.81","DestinationPort":443}
{"EventID":3,"UtcTime":"2026-03-09 17:37:18.576","Computer":"10.20.30.41","ProcessGuid":"{f994d776-f83a-288b-31ae-c16e2d3e9c81}","ProcessId":2008,"Image":"bastion-sensor.exe","User":"NT AUTHORITY\\SYSTEM","Protocol":"tcp","SourceIp":"10.20.30.41","SourcePort":63370,"DestinationIp":"104.18.22.51","DestinationPort":443}
{"EventID":3,"UtcTime":"2026-03-09 17:37:41.866","Computer":"10.20.30.41","ProcessGuid":"{18d8f26f-d16e-7c42-cc7a-bb96b22125cd}","ProcessId":2008,"Image":"node-bridge.exe","User":"LARKSPUR\\priya.nair","Protocol":"tcp","SourceIp":"10.20.30.41","SourcePort":59242,"DestinationIp":"193.42.33.81","DestinationPort":443}
{"EventID":3,"UtcTime":"2026-03-09 17:37:48.483","Computer":"10.20.30.41","ProcessGuid":"{f994d776-f83a-288b-31ae-c16e2d3e9c81}","ProcessId":2008,"Image":"bastion-sensor.exe","User":"NT AUTHORITY\\SYSTEM","Protocol":"tcp","SourceIp":"10.20.30.41","SourcePort":51541,"DestinationIp":"104.18.22.51","DestinationPort":443}
{"EventID":3,"UtcTime":"2026-03-09 17:38:18.539","Computer":"10.20.30.41","ProcessGuid":"{f994d776-f83a-288b-31ae-c16e2d3e9c81}","ProcessId":2008,"Image":"bastion-sensor.exe","User":"NT AUTHORITY\\SYSTEM","Protocol":"tcp","SourceIp":"10.20.30.41","SourcePort":51213,"DestinationIp":"104.18.22.51","DestinationPort":443}
{"EventID":3,"UtcTime":"2026-03-09 17:38:29.229","Computer":"10.20.30.41","ProcessGuid":"{18d8f26f-d16e-7c42-cc7a-bb96b22125cd}","ProcessId":2008,"Image":"node-bridge.exe","User":"LARKSPUR\\priya.nair","Protocol":"tcp","SourceIp":"10.20.30.41","SourcePort":61612,"DestinationIp":"193.42.33.81","DestinationPort":443}
{"EventID":3,"UtcTime":"2026-03-09 17:38:48.023","Computer":"10.20.30.41","ProcessGuid":"{f994d776-f83a-288b-31ae-c16e2d3e9c81}","ProcessId":2008,"Image":"bastion-sensor.exe","User":"NT AUTHORITY\\SYSTEM","Protocol":"tcp","SourceIp":"10.20.30.41","SourcePort":57943,"DestinationIp":"104.18.22.51","DestinationPort":443}
{"EventID":3,"UtcTime":"2026-03-09 17:39:14.067","Computer":"10.20.30.41","ProcessGuid":"{18d8f26f-d16e-7c42-cc7a-bb96b22125cd}","ProcessId":2008,"Image":"node-bridge.exe","User":"LARKSPUR\\priya.nair","Protocol":"tcp","SourceIp":"10.20.30.41","SourcePort":65430,"DestinationIp":"193.42.33.81","DestinationPort":443}
{"EventID":3,"UtcTime":"2026-03-09 17:39:18.340","Computer":"10.20.30.41","ProcessGuid":"{f994d776-f83a-288b-31ae-c16e2d3e9c81}","ProcessId":2008,"Image":"bastion-sensor.exe","User":"NT AUTHORITY\\SYSTEM","Protocol":"tcp","SourceIp":"10.20.30.41","SourcePort":59124,"DestinationIp":"104.18.22.51","DestinationPort":443}
{"EventID":3,"UtcTime":"2026-03-09 17:39:47.915","Computer":"10.20.30.41","ProcessGuid":"{f994d776-f83a-288b-31ae-c16e2d3e9c81}","ProcessId":2008,"Image":"bastion-sensor.exe","User":"NT AUTHORITY\\SYSTEM","Protocol":"tcp","SourceIp":"10.20.30.41","SourcePort":62032,"DestinationIp":"104.18.22.51","DestinationPort":443}
{"EventID":3,"UtcTime":"2026-03-09 17:40:00.858","Computer":"10.20.30.41","ProcessGuid":"{18d8f26f-d16e-7c42-cc7a-bb96b22125cd}","ProcessId":2008,"Image":"node-bridge.exe","User":"LARKSPUR\\priya.nair","Protocol":"tcp","SourceIp":"10.20.30.41","SourcePort":64345,"DestinationIp":"193.42.33.81","DestinationPort":443}
{"EventID":3,"UtcTime":"2026-03-09 17:40:17.806","Computer":"10.20.30.41","ProcessGuid":"{f994d776-f83a-288b-31ae-c16e2d3e9c81}","ProcessId":2008,"Image":"bastion-sensor.exe","User":"NT AUTHORITY\\SYSTEM","Protocol":"tcp","SourceIp":"10.20.30.41","SourcePort":65056,"DestinationIp":"104.18.22.51","DestinationPort":443}
{"EventID":3,"UtcTime":"2026-03-09 17:40:47.927","Computer":"10.20.30.41","ProcessGuid":"{f994d776-f83a-288b-31ae-c16e2d3e9c81}","ProcessId":2008,"Image":"bastion-sensor.exe","User":"NT AUTHORITY\\SYSTEM","Protocol":"tcp","SourceIp":"10.20.30.41","SourcePort":59176,"DestinationIp":"104.18.22.51","DestinationPort":443}
{"EventID":3,"UtcTime":"2026-03-09 17:40:49.898","Computer":"10.20.30.41","ProcessGuid":"{18d8f26f-d16e-7c42-cc7a-bb96b22125cd}","ProcessId":2008,"Image":"node-bridge.exe","User":"LARKSPUR\\priya.nair","Protocol":"tcp","SourceIp":"10.20.30.41","SourcePort":52899,"DestinationIp":"193.42.33.81","DestinationPort":443}
{"EventID":3,"UtcTime":"2026-03-09 17:41:17.999","Computer":"10.20.30.41","ProcessGuid":"{f994d776-f83a-288b-31ae-c16e2d3e9c81}","ProcessId":2008,"Image":"bastion-sensor.exe","User":"NT AUTHORITY\\SYSTEM","Protocol":"tcp","SourceIp":"10.20.30.41","SourcePort":50130,"DestinationIp":"104.18.22.51","DestinationPort":443}
{"EventID":3,"UtcTime":"2026-03-09 17:41:31.758","Computer":"10.20.30.41","ProcessGuid":"{18d8f26f-d16e-7c42-cc7a-bb96b22125cd}","ProcessId":2008,"Image":"node-bridge.exe","User":"LARKSPUR\\priya.nair","Protocol":"tcp","SourceIp":"10.20.30.41","SourcePort":63625,"DestinationIp":"193.42.33.81","DestinationPort":443}
{"EventID":3,"UtcTime":"2026-03-09 17:41:47.788","Computer":"10.20.30.41","ProcessGuid":"{f994d776-f83a-288b-31ae-c16e2d3e9c81}","ProcessId":2008,"Image":"bastion-sensor.exe","User":"NT AUTHORITY\\SYSTEM","Protocol":"tcp","SourceIp":"10.20.30.41","SourcePort":49242,"DestinationIp":"104.18.22.51","DestinationPort":443}
{"EventID":3,"UtcTime":"2026-03-09 17:42:17.513","Computer":"10.20.30.41","ProcessGuid":"{f994d776-f83a-288b-31ae-c16e2d3e9c81}","ProcessId":2008,"Image":"bastion-sensor.exe","User":"NT AUTHORITY\\SYSTEM","Protocol":"tcp","SourceIp":"10.20.30.41","SourcePort":49967,"DestinationIp":"104.18.22.51","DestinationPort":443}
{"EventID":3,"UtcTime":"2026-03-09 17:42:18.000","Computer":"10.20.30.41","ProcessGuid":"{18d8f26f-d16e-7c42-cc7a-bb96b22125cd}","ProcessId":2008,"Image":"node-bridge.exe","User":"LARKSPUR\\priya.nair","Protocol":"tcp","SourceIp":"10.20.30.41","SourcePort":54949,"DestinationIp":"193.42.33.81","DestinationPort":443}
{"EventID":3,"UtcTime":"2026-03-09 17:42:46.965","Computer":"10.20.30.41","ProcessGuid":"{f994d776-f83a-288b-31ae-c16e2d3e9c81}","ProcessId":2008,"Image":"bastion-sensor.exe","User":"NT AUTHORITY\\SYSTEM","Protocol":"tcp","SourceIp":"10.20.30.41","SourcePort":52828,"DestinationIp":"104.18.22.51","DestinationPort":443}
{"EventID":3,"UtcTime":"2026-03-09 17:43:01.366","Computer":"10.20.30.41","ProcessGuid":"{18d8f26f-d16e-7c42-cc7a-bb96b22125cd}","ProcessId":2008,"Image":"node-bridge.exe","User":"LARKSPUR\\priya.nair","Protocol":"tcp","SourceIp":"10.20.30.41","SourcePort":50549,"DestinationIp":"193.42.33.81","DestinationPort":443}
{"EventID":3,"UtcTime":"2026-03-09 17:43:17.150","Computer":"10.20.30.41","ProcessGuid":"{f994d776-f83a-288b-31ae-c16e2d3e9c81}","ProcessId":2008,"Image":"bastion-sensor.exe","User":"NT AUTHORITY\\SYSTEM","Protocol":"tcp","SourceIp":"10.20.30.41","SourcePort":53413,"DestinationIp":"104.18.22.51","DestinationPort":443}
{"EventID":3,"UtcTime":"2026-03-09 17:43:46.616","Computer":"10.20.30.41","ProcessGuid":"{f994d776-f83a-288b-31ae-c16e2d3e9c81}","ProcessId":2008,"Image":"bastion-sensor.exe","User":"NT AUTHORITY\\SYSTEM","Protocol":"tcp","SourceIp":"10.20.30.41","SourcePort":54835,"DestinationIp":"104.18.22.51","DestinationPort":443}
{"EventID":3,"UtcTime":"2026-03-09 17:43:48.203","Computer":"10.20.30.41","ProcessGuid":"{18d8f26f-d16e-7c42-cc7a-bb96b22125cd}","ProcessId":2008,"Image":"node-bridge.exe","User":"LARKSPUR\\priya.nair","Protocol":"tcp","SourceIp":"10.20.30.41","SourcePort":56485,"DestinationIp":"193.42.33.81","DestinationPort":443}
{"EventID":3,"UtcTime":"2026-03-09 17:44:16.297","Computer":"10.20.30.41","ProcessGuid":"{f994d776-f83a-288b-31ae-c16e2d3e9c81}","ProcessId":2008,"Image":"bastion-sensor.exe","User":"NT AUTHORITY\\SYSTEM","Protocol":"tcp","SourceIp":"10.20.30.41","SourcePort":50785,"DestinationIp":"104.18.22.51","DestinationPort":443}
{"EventID":3,"UtcTime":"2026-03-09 17:44:31.396","Computer":"10.20.30.41","ProcessGuid":"{18d8f26f-d16e-7c42-cc7a-bb96b22125cd}","ProcessId":2008,"Image":"node-bridge.exe","User":"LARKSPUR\\priya.nair","Protocol":"tcp","SourceIp":"10.20.30.41","SourcePort":60193,"DestinationIp":"193.42.33.81","DestinationPort":443}
{"EventID":3,"UtcTime":"2026-03-09 17:44:46.263","Computer":"10.20.30.41","ProcessGuid":"{f994d776-f83a-288b-31ae-c16e2d3e9c81}","ProcessId":2008,"Image":"bastion-sensor.exe","User":"NT AUTHORITY\\SYSTEM","Protocol":"tcp","SourceIp":"10.20.30.41","SourcePort":56771,"DestinationIp":"104.18.22.51","DestinationPort":443}
{"EventID":3,"UtcTime":"2026-03-09 17:45:15.877","Computer":"10.20.30.41","ProcessGuid":"{f994d776-f83a-288b-31ae-c16e2d3e9c81}","ProcessId":2008,"Image":"bastion-sensor.exe","User":"NT AUTHORITY\\SYSTEM","Protocol":"tcp","SourceIp":"10.20.30.41","SourcePort":54631,"DestinationIp":"104.18.22.51","DestinationPort":443}
{"EventID":3,"UtcTime":"2026-03-09 17:45:18.096","Computer":"10.20.30.41","ProcessGuid":"{18d8f26f-d16e-7c42-cc7a-bb96b22125cd}","ProcessId":2008,"Image":"node-bridge.exe","User":"LARKSPUR\\priya.nair","Protocol":"tcp","SourceIp":"10.20.30.41","SourcePort":49413,"DestinationIp":"193.42.33.81","DestinationPort":443}
{"EventID":3,"UtcTime":"2026-03-09 17:45:45.711","Computer":"10.20.30.41","ProcessGuid":"{f994d776-f83a-288b-31ae-c16e2d3e9c81}","ProcessId":2008,"Image":"bastion-sensor.exe","User":"NT AUTHORITY\\SYSTEM","Protocol":"tcp","SourceIp":"10.20.30.41","SourcePort":51709,"DestinationIp":"104.18.22.51","DestinationPort":443}
{"EventID":3,"UtcTime":"2026-03-09 17:46:06.749","Computer":"10.20.30.41","ProcessGuid":"{18d8f26f-d16e-7c42-cc7a-bb96b22125cd}","ProcessId":2008,"Image":"node-bridge.exe","User":"LARKSPUR\\priya.nair","Protocol":"tcp","SourceIp":"10.20.30.41","SourcePort":62448,"DestinationIp":"193.42.33.81","DestinationPort":443}
{"EventID":3,"UtcTime":"2026-03-09 17:46:16.168","Computer":"10.20.30.41","ProcessGuid":"{f994d776-f83a-288b-31ae-c16e2d3e9c81}","ProcessId":2008,"Image":"bastion-sensor.exe","User":"NT AUTHORITY\\SYSTEM","Protocol":"tcp","SourceIp":"10.20.30.41","SourcePort":63411,"DestinationIp":"104.18.22.51","DestinationPort":443}
{"EventID":3,"UtcTime":"2026-03-09 17:46:46.302","Computer":"10.20.30.41","ProcessGuid":"{f994d776-f83a-288b-31ae-c16e2d3e9c81}","ProcessId":2008,"Image":"bastion-sensor.exe","User":"NT AUTHORITY\\SYSTEM","Protocol":"tcp","SourceIp":"10.20.30.41","SourcePort":52101,"DestinationIp":"104.18.22.51","DestinationPort":443}
{"EventID":3,"UtcTime":"2026-03-09 17:46:54.463","Computer":"10.20.30.41","ProcessGuid":"{18d8f26f-d16e-7c42-cc7a-bb96b22125cd}","ProcessId":2008,"Image":"node-bridge.exe","User":"LARKSPUR\\priya.nair","Protocol":"tcp","SourceIp":"10.20.30.41","SourcePort":52833,"DestinationIp":"193.42.33.81","DestinationPort":443}
{"EventID":3,"UtcTime":"2026-03-09 17:47:16.260","Computer":"10.20.30.41","ProcessGuid":"{f994d776-f83a-288b-31ae-c16e2d3e9c81}","ProcessId":2008,"Image":"bastion-sensor.exe","User":"NT AUTHORITY\\SYSTEM","Protocol":"tcp","SourceIp":"10.20.30.41","SourcePort":49479,"DestinationIp":"104.18.22.51","DestinationPort":443}
{"EventID":3,"UtcTime":"2026-03-09 17:47:36.040","Computer":"10.20.30.41","ProcessGuid":"{18d8f26f-d16e-7c42-cc7a-bb96b22125cd}","ProcessId":2008,"Image":"node-bridge.exe","User":"LARKSPUR\\priya.nair","Protocol":"tcp","SourceIp":"10.20.30.41","SourcePort":62878,"DestinationIp":"193.42.33.81","DestinationPort":443}
{"EventID":3,"UtcTime":"2026-03-09 17:47:46.152","Computer":"10.20.30.41","ProcessGuid":"{f994d776-f83a-288b-31ae-c16e2d3e9c81}","ProcessId":2008,"Image":"bastion-sensor.exe","User":"NT AUTHORITY\\SYSTEM","Protocol":"tcp","SourceIp":"10.20.30.41","SourcePort":61868,"DestinationIp":"104.18.22.51","DestinationPort":443}
{"EventID":3,"UtcTime":"2026-03-09 17:48:15.949","Computer":"10.20.30.41","ProcessGuid":"{f994d776-f83a-288b-31ae-c16e2d3e9c81}","ProcessId":2008,"Image":"bastion-sensor.exe","User":"NT AUTHORITY\\SYSTEM","Protocol":"tcp","SourceIp":"10.20.30.41","SourcePort":60906,"DestinationIp":"104.18.22.51","DestinationPort":443}
{"EventID":3,"UtcTime":"2026-03-09 17:48:17.188","Computer":"10.20.30.41","ProcessGuid":"{18d8f26f-d16e-7c42-cc7a-bb96b22125cd}","ProcessId":2008,"Image":"node-bridge.exe","User":"LARKSPUR\\priya.nair","Protocol":"tcp","SourceIp":"10.20.30.41","SourcePort":50425,"DestinationIp":"193.42.33.81","DestinationPort":443}
{"EventID":3,"UtcTime":"2026-03-09 17:48:45.974","Computer":"10.20.30.41","ProcessGuid":"{f994d776-f83a-288b-31ae-c16e2d3e9c81}","ProcessId":2008,"Image":"bastion-sensor.exe","User":"NT AUTHORITY\\SYSTEM","Protocol":"tcp","SourceIp":"10.20.30.41","SourcePort":64971,"DestinationIp":"104.18.22.51","DestinationPort":443}
{"EventID":3,"UtcTime":"2026-03-09 17:49:02.643","Computer":"10.20.30.41","ProcessGuid":"{18d8f26f-d16e-7c42-cc7a-bb96b22125cd}","ProcessId":2008,"Image":"node-bridge.exe","User":"LARKSPUR\\priya.nair","Protocol":"tcp","SourceIp":"10.20.30.41","SourcePort":53971,"DestinationIp":"193.42.33.81","DestinationPort":443}
{"EventID":3,"UtcTime":"2026-03-09 17:49:15.835","Computer":"10.20.30.41","ProcessGuid":"{f994d776-f83a-288b-31ae-c16e2d3e9c81}","ProcessId":2008,"Image":"bastion-sensor.exe","User":"NT AUTHORITY\\SYSTEM","Protocol":"tcp","SourceIp":"10.20.30.41","SourcePort":52360,"DestinationIp":"104.18.22.51","DestinationPort":443}
{"EventID":3,"UtcTime":"2026-03-09 17:49:46.136","Computer":"10.20.30.41","ProcessGuid":"{f994d776-f83a-288b-31ae-c16e2d3e9c81}","ProcessId":2008,"Image":"bastion-sensor.exe","User":"NT AUTHORITY\\SYSTEM","Protocol":"tcp","SourceIp":"10.20.30.41","SourcePort":63574,"DestinationIp":"104.18.22.51","DestinationPort":443}
{"EventID":3,"UtcTime":"2026-03-09 17:49:46.144","Computer":"10.20.30.41","ProcessGuid":"{18d8f26f-d16e-7c42-cc7a-bb96b22125cd}","ProcessId":2008,"Image":"node-bridge.exe","User":"LARKSPUR\\priya.nair","Protocol":"tcp","SourceIp":"10.20.30.41","SourcePort":60541,"DestinationIp":"193.42.33.81","DestinationPort":443}
{"EventID":3,"UtcTime":"2026-03-09 17:50:15.563","Computer":"10.20.30.41","ProcessGuid":"{f994d776-f83a-288b-31ae-c16e2d3e9c81}","ProcessId":2008,"Image":"bastion-sensor.exe","User":"NT AUTHORITY\\SYSTEM","Protocol":"tcp","SourceIp":"10.20.30.41","SourcePort":49250,"DestinationIp":"104.18.22.51","DestinationPort":443}
{"EventID":3,"UtcTime":"2026-03-09 17:50:34.917","Computer":"10.20.30.41","ProcessGuid":"{18d8f26f-d16e-7c42-cc7a-bb96b22125cd}","ProcessId":2008,"Image":"node-bridge.exe","User":"LARKSPUR\\priya.nair","Protocol":"tcp","SourceIp":"10.20.30.41","SourcePort":64481,"DestinationIp":"193.42.33.81","DestinationPort":443}
{"EventID":3,"UtcTime":"2026-03-09 17:50:45.241","Computer":"10.20.30.41","ProcessGuid":"{f994d776-f83a-288b-31ae-c16e2d3e9c81}","ProcessId":2008,"Image":"bastion-sensor.exe","User":"NT AUTHORITY\\SYSTEM","Protocol":"tcp","SourceIp":"10.20.30.41","SourcePort":56736,"DestinationIp":"104.18.22.51","DestinationPort":443}
{"EventID":3,"UtcTime":"2026-03-09 17:51:15.270","Computer":"10.20.30.41","ProcessGuid":"{f994d776-f83a-288b-31ae-c16e2d3e9c81}","ProcessId":2008,"Image":"bastion-sensor.exe","User":"NT AUTHORITY\\SYSTEM","Protocol":"tcp","SourceIp":"10.20.30.41","SourcePort":59403,"DestinationIp":"104.18.22.51","DestinationPort":443}
{"EventID":3,"UtcTime":"2026-03-09 17:51:16.548","Computer":"10.20.30.41","ProcessGuid":"{18d8f26f-d16e-7c42-cc7a-bb96b22125cd}","ProcessId":2008,"Image":"node-bridge.exe","User":"LARKSPUR\\priya.nair","Protocol":"tcp","SourceIp":"10.20.30.41","SourcePort":49408,"DestinationIp":"193.42.33.81","DestinationPort":443}
{"EventID":3,"UtcTime":"2026-03-09 17:51:45.688","Computer":"10.20.30.41","ProcessGuid":"{f994d776-f83a-288b-31ae-c16e2d3e9c81}","ProcessId":2008,"Image":"bastion-sensor.exe","User":"NT AUTHORITY\\SYSTEM","Protocol":"tcp","SourceIp":"10.20.30.41","SourcePort":61491,"DestinationIp":"104.18.22.51","DestinationPort":443}
{"EventID":3,"UtcTime":"2026-03-09 17:52:05.982","Computer":"10.20.30.41","ProcessGuid":"{18d8f26f-d16e-7c42-cc7a-bb96b22125cd}","ProcessId":2008,"Image":"node-bridge.exe","User":"LARKSPUR\\priya.nair","Protocol":"tcp","SourceIp":"10.20.30.41","SourcePort":64246,"DestinationIp":"193.42.33.81","DestinationPort":443}
{"EventID":3,"UtcTime":"2026-03-09 17:52:16.232","Computer":"10.20.30.41","ProcessGuid":"{f994d776-f83a-288b-31ae-c16e2d3e9c81}","ProcessId":2008,"Image":"bastion-sensor.exe","User":"NT AUTHORITY\\SYSTEM","Protocol":"tcp","SourceIp":"10.20.30.41","SourcePort":52070,"DestinationIp":"104.18.22.51","DestinationPort":443}
{"EventID":3,"UtcTime":"2026-03-09 17:52:46.301","Computer":"10.20.30.41","ProcessGuid":"{f994d776-f83a-288b-31ae-c16e2d3e9c81}","ProcessId":2008,"Image":"bastion-sensor.exe","User":"NT AUTHORITY\\SYSTEM","Protocol":"tcp","SourceIp":"10.20.30.41","SourcePort":64331,"DestinationIp":"104.18.22.51","DestinationPort":443}
{"EventID":3,"UtcTime":"2026-03-09 17:52:47.118","Computer":"10.20.30.41","ProcessGuid":"{18d8f26f-d16e-7c42-cc7a-bb96b22125cd}","ProcessId":2008,"Image":"node-bridge.exe","User":"LARKSPUR\\priya.nair","Protocol":"tcp","SourceIp":"10.20.30.41","SourcePort":53023,"DestinationIp":"193.42.33.81","DestinationPort":443}
{"EventID":3,"UtcTime":"2026-03-09 17:53:16.765","Computer":"10.20.30.41","ProcessGuid":"{f994d776-f83a-288b-31ae-c16e2d3e9c81}","ProcessId":2008,"Image":"bastion-sensor.exe","User":"NT AUTHORITY\\SYSTEM","Protocol":"tcp","SourceIp":"10.20.30.41","SourcePort":62519,"DestinationIp":"104.18.22.51","DestinationPort":443}
{"EventID":3,"UtcTime":"2026-03-09 17:53:30.784","Computer":"10.20.30.41","ProcessGuid":"{18d8f26f-d16e-7c42-cc7a-bb96b22125cd}","ProcessId":2008,"Image":"node-bridge.exe","User":"LARKSPUR\\priya.nair","Protocol":"tcp","SourceIp":"10.20.30.41","SourcePort":64782,"DestinationIp":"193.42.33.81","DestinationPort":443}
{"EventID":3,"UtcTime":"2026-03-09 17:53:47.137","Computer":"10.20.30.41","ProcessGuid":"{f994d776-f83a-288b-31ae-c16e2d3e9c81}","ProcessId":2008,"Image":"bastion-sensor.exe","User":"NT AUTHORITY\\SYSTEM","Protocol":"tcp","SourceIp":"10.20.30.41","SourcePort":59033,"DestinationIp":"104.18.22.51","DestinationPort":443}
{"EventID":3,"UtcTime":"2026-03-09 17:54:16.971","Computer":"10.20.30.41","ProcessGuid":"{f994d776-f83a-288b-31ae-c16e2d3e9c81}","ProcessId":2008,"Image":"bastion-sensor.exe","User":"NT AUTHORITY\\SYSTEM","Protocol":"tcp","SourceIp":"10.20.30.41","SourcePort":55882,"DestinationIp":"104.18.22.51","DestinationPort":443}
{"EventID":3,"UtcTime":"2026-03-09 17:54:18.966","Computer":"10.20.30.41","ProcessGuid":"{18d8f26f-d16e-7c42-cc7a-bb96b22125cd}","ProcessId":2008,"Image":"node-bridge.exe","User":"LARKSPUR\\priya.nair","Protocol":"tcp","SourceIp":"10.20.30.41","SourcePort":52974,"DestinationIp":"193.42.33.81","DestinationPort":443}
{"EventID":3,"UtcTime":"2026-03-09 17:54:47.111","Computer":"10.20.30.41","ProcessGuid":"{f994d776-f83a-288b-31ae-c16e2d3e9c81}","ProcessId":2008,"Image":"bastion-sensor.exe","User":"NT AUTHORITY\\SYSTEM","Protocol":"tcp","SourceIp":"10.20.30.41","SourcePort":52507,"DestinationIp":"104.18.22.51","DestinationPort":443}
{"EventID":3,"UtcTime":"2026-03-09 17:55:06.783","Computer":"10.20.30.41","ProcessGuid":"{18d8f26f-d16e-7c42-cc7a-bb96b22125cd}","ProcessId":2008,"Image":"node-bridge.exe","User":"LARKSPUR\\priya.nair","Protocol":"tcp","SourceIp":"10.20.30.41","SourcePort":49864,"DestinationIp":"193.42.33.81","DestinationPort":443}
{"EventID":3,"UtcTime":"2026-03-09 17:55:16.834","Computer":"10.20.30.41","ProcessGuid":"{f994d776-f83a-288b-31ae-c16e2d3e9c81}","ProcessId":2008,"Image":"bastion-sensor.exe","User":"NT AUTHORITY\\SYSTEM","Protocol":"tcp","SourceIp":"10.20.30.41","SourcePort":49700,"DestinationIp":"104.18.22.51","DestinationPort":443}
{"EventID":3,"UtcTime":"2026-03-09 17:55:47.006","Computer":"10.20.30.41","ProcessGuid":"{f994d776-f83a-288b-31ae-c16e2d3e9c81}","ProcessId":2008,"Image":"bastion-sensor.exe","User":"NT AUTHORITY\\SYSTEM","Protocol":"tcp","SourceIp":"10.20.30.41","SourcePort":63916,"DestinationIp":"104.18.22.51","DestinationPort":443}
{"EventID":3,"UtcTime":"2026-03-09 17:55:50.749","Computer":"10.20.30.41","ProcessGuid":"{18d8f26f-d16e-7c42-cc7a-bb96b22125cd}","ProcessId":2008,"Image":"node-bridge.exe","User":"LARKSPUR\\priya.nair","Protocol":"tcp","SourceIp":"10.20.30.41","SourcePort":53091,"DestinationIp":"193.42.33.81","DestinationPort":443}
{"EventID":3,"UtcTime":"2026-03-09 17:56:17.189","Computer":"10.20.30.41","ProcessGuid":"{f994d776-f83a-288b-31ae-c16e2d3e9c81}","ProcessId":2008,"Image":"bastion-sensor.exe","User":"NT AUTHORITY\\SYSTEM","Protocol":"tcp","SourceIp":"10.20.30.41","SourcePort":63504,"DestinationIp":"104.18.22.51","DestinationPort":443}
{"EventID":3,"UtcTime":"2026-03-09 17:56:35.593","Computer":"10.20.30.41","ProcessGuid":"{18d8f26f-d16e-7c42-cc7a-bb96b22125cd}","ProcessId":2008,"Image":"node-bridge.exe","User":"LARKSPUR\\priya.nair","Protocol":"tcp","SourceIp":"10.20.30.41","SourcePort":62495,"DestinationIp":"193.42.33.81","DestinationPort":443}
{"EventID":3,"UtcTime":"2026-03-09 17:56:47.277","Computer":"10.20.30.41","ProcessGuid":"{f994d776-f83a-288b-31ae-c16e2d3e9c81}","ProcessId":2008,"Image":"bastion-sensor.exe","User":"NT AUTHORITY\\SYSTEM","Protocol":"tcp","SourceIp":"10.20.30.41","SourcePort":62590,"DestinationIp":"104.18.22.51","DestinationPort":443}
{"EventID":3,"UtcTime":"2026-03-09 17:57:17.167","Computer":"10.20.30.41","ProcessGuid":"{f994d776-f83a-288b-31ae-c16e2d3e9c81}","ProcessId":2008,"Image":"bastion-sensor.exe","User":"NT AUTHORITY\\SYSTEM","Protocol":"tcp","SourceIp":"10.20.30.41","SourcePort":52688,"DestinationIp":"104.18.22.51","DestinationPort":443}
{"EventID":3,"UtcTime":"2026-03-09 17:57:20.062","Computer":"10.20.30.41","ProcessGuid":"{18d8f26f-d16e-7c42-cc7a-bb96b22125cd}","ProcessId":2008,"Image":"node-bridge.exe","User":"LARKSPUR\\priya.nair","Protocol":"tcp","SourceIp":"10.20.30.41","SourcePort":50573,"DestinationIp":"193.42.33.81","DestinationPort":443}
{"EventID":3,"UtcTime":"2026-03-09 17:57:47.498","Computer":"10.20.30.41","ProcessGuid":"{f994d776-f83a-288b-31ae-c16e2d3e9c81}","ProcessId":2008,"Image":"bastion-sensor.exe","User":"NT AUTHORITY\\SYSTEM","Protocol":"tcp","SourceIp":"10.20.30.41","SourcePort":50505,"DestinationIp":"104.18.22.51","DestinationPort":443}
{"EventID":3,"UtcTime":"2026-03-09 17:58:04.315","Computer":"10.20.30.41","ProcessGuid":"{18d8f26f-d16e-7c42-cc7a-bb96b22125cd}","ProcessId":2008,"Image":"node-bridge.exe","User":"LARKSPUR\\priya.nair","Protocol":"tcp","SourceIp":"10.20.30.41","SourcePort":56630,"DestinationIp":"193.42.33.81","DestinationPort":443}
{"EventID":3,"UtcTime":"2026-03-09 17:58:17.122","Computer":"10.20.30.41","ProcessGuid":"{f994d776-f83a-288b-31ae-c16e2d3e9c81}","ProcessId":2008,"Image":"bastion-sensor.exe","User":"NT AUTHORITY\\SYSTEM","Protocol":"tcp","SourceIp":"10.20.30.41","SourcePort":52144,"DestinationIp":"104.18.22.51","DestinationPort":443}
{"EventID":3,"UtcTime":"2026-03-09 17:58:46.756","Computer":"10.20.30.41","ProcessGuid":"{f994d776-f83a-288b-31ae-c16e2d3e9c81}","ProcessId":2008,"Image":"bastion-sensor.exe","User":"NT AUTHORITY\\SYSTEM","Protocol":"tcp","SourceIp":"10.20.30.41","SourcePort":50984,"DestinationIp":"104.18.22.51","DestinationPort":443}
{"EventID":3,"UtcTime":"2026-03-09 17:58:49.463","Computer":"10.20.30.41","ProcessGuid":"{18d8f26f-d16e-7c42-cc7a-bb96b22125cd}","ProcessId":2008,"Image":"node-bridge.exe","User":"LARKSPUR\\priya.nair","Protocol":"tcp","SourceIp":"10.20.30.41","SourcePort":53733,"DestinationIp":"193.42.33.81","DestinationPort":443}
{"EventID":3,"UtcTime":"2026-03-09 17:59:17.191","Computer":"10.20.30.41","ProcessGuid":"{f994d776-f83a-288b-31ae-c16e2d3e9c81}","ProcessId":2008,"Image":"bastion-sensor.exe","User":"NT AUTHORITY\\SYSTEM","Protocol":"tcp","SourceIp":"10.20.30.41","SourcePort":58475,"DestinationIp":"104.18.22.51","DestinationPort":443}
{"EventID":3,"UtcTime":"2026-03-09 17:59:35.820","Computer":"10.20.30.41","ProcessGuid":"{18d8f26f-d16e-7c42-cc7a-bb96b22125cd}","ProcessId":2008,"Image":"node-bridge.exe","User":"LARKSPUR\\priya.nair","Protocol":"tcp","SourceIp":"10.20.30.41","SourcePort":51768,"DestinationIp":"193.42.33.81","DestinationPort":443}
{"EventID":3,"UtcTime":"2026-03-09 17:59:47.052","Computer":"10.20.30.41","ProcessGuid":"{f994d776-f83a-288b-31ae-c16e2d3e9c81}","ProcessId":2008,"Image":"bastion-sensor.exe","User":"NT AUTHORITY\\SYSTEM","Protocol":"tcp","SourceIp":"10.20.30.41","SourcePort":51701,"DestinationIp":"104.18.22.51","DestinationPort":443}
{"EventID":3,"UtcTime":"2026-03-09 18:00:16.556","Computer":"10.20.30.41","ProcessGuid":"{f994d776-f83a-288b-31ae-c16e2d3e9c81}","ProcessId":2008,"Image":"bastion-sensor.exe","User":"NT AUTHORITY\\SYSTEM","Protocol":"tcp","SourceIp":"10.20.30.41","SourcePort":58941,"DestinationIp":"104.18.22.51","DestinationPort":443}
{"EventID":3,"UtcTime":"2026-03-09 18:00:16.819","Computer":"10.20.30.41","ProcessGuid":"{18d8f26f-d16e-7c42-cc7a-bb96b22125cd}","ProcessId":2008,"Image":"node-bridge.exe","User":"LARKSPUR\\priya.nair","Protocol":"tcp","SourceIp":"10.20.30.41","SourcePort":58068,"DestinationIp":"193.42.33.81","DestinationPort":443}
{"EventID":3,"UtcTime":"2026-03-09 18:00:46.796","Computer":"10.20.30.41","ProcessGuid":"{f994d776-f83a-288b-31ae-c16e2d3e9c81}","ProcessId":2008,"Image":"bastion-sensor.exe","User":"NT AUTHORITY\\SYSTEM","Protocol":"tcp","SourceIp":"10.20.30.41","SourcePort":65361,"DestinationIp":"104.18.22.51","DestinationPort":443}
{"EventID":3,"UtcTime":"2026-03-09 18:01:06.059","Computer":"10.20.30.41","ProcessGuid":"{18d8f26f-d16e-7c42-cc7a-bb96b22125cd}","ProcessId":2008,"Image":"node-bridge.exe","User":"LARKSPUR\\priya.nair","Protocol":"tcp","SourceIp":"10.20.30.41","SourcePort":52213,"DestinationIp":"193.42.33.81","DestinationPort":443}
{"EventID":3,"UtcTime":"2026-03-09 18:01:16.463","Computer":"10.20.30.41","ProcessGuid":"{f994d776-f83a-288b-31ae-c16e2d3e9c81}","ProcessId":2008,"Image":"bastion-sensor.exe","User":"NT AUTHORITY\\SYSTEM","Protocol":"tcp","SourceIp":"10.20.30.41","SourcePort":61542,"DestinationIp":"104.18.22.51","DestinationPort":443}
{"EventID":3,"UtcTime":"2026-03-09 18:01:46.406","Computer":"10.20.30.41","ProcessGuid":"{f994d776-f83a-288b-31ae-c16e2d3e9c81}","ProcessId":2008,"Image":"bastion-sensor.exe","User":"NT AUTHORITY\\SYSTEM","Protocol":"tcp","SourceIp":"10.20.30.41","SourcePort":64615,"DestinationIp":"104.18.22.51","DestinationPort":443}
{"EventID":3,"UtcTime":"2026-03-09 18:01:52.492","Computer":"10.20.30.41","ProcessGuid":"{18d8f26f-d16e-7c42-cc7a-bb96b22125cd}","ProcessId":2008,"Image":"node-bridge.exe","User":"LARKSPUR\\priya.nair","Protocol":"tcp","SourceIp":"10.20.30.41","SourcePort":57451,"DestinationIp":"193.42.33.81","DestinationPort":443}
{"EventID":3,"UtcTime":"2026-03-09 18:02:16.180","Computer":"10.20.30.41","ProcessGuid":"{f994d776-f83a-288b-31ae-c16e2d3e9c81}","ProcessId":2008,"Image":"bastion-sensor.exe","User":"NT AUTHORITY\\SYSTEM","Protocol":"tcp","SourceIp":"10.20.30.41","SourcePort":55951,"DestinationIp":"104.18.22.51","DestinationPort":443}
{"EventID":3,"UtcTime":"2026-03-09 18:02:36.123","Computer":"10.20.30.41","ProcessGuid":"{18d8f26f-d16e-7c42-cc7a-bb96b22125cd}","ProcessId":2008,"Image":"node-bridge.exe","User":"LARKSPUR\\priya.nair","Protocol":"tcp","SourceIp":"10.20.30.41","SourcePort":64938,"DestinationIp":"193.42.33.81","DestinationPort":443}
{"EventID":3,"UtcTime":"2026-03-09 18:02:46.589","Computer":"10.20.30.41","ProcessGuid":"{f994d776-f83a-288b-31ae-c16e2d3e9c81}","ProcessId":2008,"Image":"bastion-sensor.exe","User":"NT AUTHORITY\\SYSTEM","Protocol":"tcp","SourceIp":"10.20.30.41","SourcePort":54588,"DestinationIp":"104.18.22.51","DestinationPort":443}
{"EventID":3,"UtcTime":"2026-03-09 18:03:16.782","Computer":"10.20.30.41","ProcessGuid":"{f994d776-f83a-288b-31ae-c16e2d3e9c81}","ProcessId":2008,"Image":"bastion-sensor.exe","User":"NT AUTHORITY\\SYSTEM","Protocol":"tcp","SourceIp":"10.20.30.41","SourcePort":59930,"DestinationIp":"104.18.22.51","DestinationPort":443}
{"EventID":3,"UtcTime":"2026-03-09 18:03:18.918","Computer":"10.20.30.41","ProcessGuid":"{18d8f26f-d16e-7c42-cc7a-bb96b22125cd}","ProcessId":2008,"Image":"node-bridge.exe","User":"LARKSPUR\\priya.nair","Protocol":"tcp","SourceIp":"10.20.30.41","SourcePort":60150,"DestinationIp":"193.42.33.81","DestinationPort":443}
{"EventID":3,"UtcTime":"2026-03-09 18:03:46.755","Computer":"10.20.30.41","ProcessGuid":"{f994d776-f83a-288b-31ae-c16e2d3e9c81}","ProcessId":2008,"Image":"bastion-sensor.exe","User":"NT AUTHORITY\\SYSTEM","Protocol":"tcp","SourceIp":"10.20.30.41","SourcePort":56606,"DestinationIp":"104.18.22.51","DestinationPort":443}
{"EventID":3,"UtcTime":"2026-03-09 18:04:04.623","Computer":"10.20.30.41","ProcessGuid":"{18d8f26f-d16e-7c42-cc7a-bb96b22125cd}","ProcessId":2008,"Image":"node-bridge.exe","User":"LARKSPUR\\priya.nair","Protocol":"tcp","SourceIp":"10.20.30.41","SourcePort":62748,"DestinationIp":"193.42.33.81","DestinationPort":443}
{"EventID":3,"UtcTime":"2026-03-09 18:04:16.247","Computer":"10.20.30.41","ProcessGuid":"{f994d776-f83a-288b-31ae-c16e2d3e9c81}","ProcessId":2008,"Image":"bastion-sensor.exe","User":"NT AUTHORITY\\SYSTEM","Protocol":"tcp","SourceIp":"10.20.30.41","SourcePort":60147,"DestinationIp":"104.18.22.51","DestinationPort":443}
{"EventID":3,"UtcTime":"2026-03-09 18:04:46.604","Computer":"10.20.30.41","ProcessGuid":"{f994d776-f83a-288b-31ae-c16e2d3e9c81}","ProcessId":2008,"Image":"bastion-sensor.exe","User":"NT AUTHORITY\\SYSTEM","Protocol":"tcp","SourceIp":"10.20.30.41","SourcePort":54035,"DestinationIp":"104.18.22.51","DestinationPort":443}
{"EventID":3,"UtcTime":"2026-03-09 18:04:51.466","Computer":"10.20.30.41","ProcessGuid":"{18d8f26f-d16e-7c42-cc7a-bb96b22125cd}","ProcessId":2008,"Image":"node-bridge.exe","User":"LARKSPUR\\priya.nair","Protocol":"tcp","SourceIp":"10.20.30.41","SourcePort":54297,"DestinationIp":"193.42.33.81","DestinationPort":443}
{"EventID":3,"UtcTime":"2026-03-09 18:05:16.450","Computer":"10.20.30.41","ProcessGuid":"{f994d776-f83a-288b-31ae-c16e2d3e9c81}","ProcessId":2008,"Image":"bastion-sensor.exe","User":"NT AUTHORITY\\SYSTEM","Protocol":"tcp","SourceIp":"10.20.30.41","SourcePort":53235,"DestinationIp":"104.18.22.51","DestinationPort":443}
{"EventID":3,"UtcTime":"2026-03-09 18:05:32.962","Computer":"10.20.30.41","ProcessGuid":"{18d8f26f-d16e-7c42-cc7a-bb96b22125cd}","ProcessId":2008,"Image":"node-bridge.exe","User":"LARKSPUR\\priya.nair","Protocol":"tcp","SourceIp":"10.20.30.41","SourcePort":51736,"DestinationIp":"193.42.33.81","DestinationPort":443}
{"EventID":3,"UtcTime":"2026-03-09 18:05:46.091","Computer":"10.20.30.41","ProcessGuid":"{f994d776-f83a-288b-31ae-c16e2d3e9c81}","ProcessId":2008,"Image":"bastion-sensor.exe","User":"NT AUTHORITY\\SYSTEM","Protocol":"tcp","SourceIp":"10.20.30.41","SourcePort":65124,"DestinationIp":"104.18.22.51","DestinationPort":443}
{"EventID":3,"UtcTime":"2026-03-09 18:06:14.818","Computer":"10.20.30.41","ProcessGuid":"{18d8f26f-d16e-7c42-cc7a-bb96b22125cd}","ProcessId":2008,"Image":"node-bridge.exe","User":"LARKSPUR\\priya.nair","Protocol":"tcp","SourceIp":"10.20.30.41","SourcePort":53946,"DestinationIp":"193.42.33.81","DestinationPort":443}
{"EventID":3,"UtcTime":"2026-03-09 18:06:15.789","Computer":"10.20.30.41","ProcessGuid":"{f994d776-f83a-288b-31ae-c16e2d3e9c81}","ProcessId":2008,"Image":"bastion-sensor.exe","User":"NT AUTHORITY\\SYSTEM","Protocol":"tcp","SourceIp":"10.20.30.41","SourcePort":52301,"DestinationIp":"104.18.22.51","DestinationPort":443}
{"EventID":3,"UtcTime":"2026-03-09 18:06:46.042","Computer":"10.20.30.41","ProcessGuid":"{f994d776-f83a-288b-31ae-c16e2d3e9c81}","ProcessId":2008,"Image":"bastion-sensor.exe","User":"NT AUTHORITY\\SYSTEM","Protocol":"tcp","SourceIp":"10.20.30.41","SourcePort":49240,"DestinationIp":"104.18.22.51","DestinationPort":443}
{"EventID":3,"UtcTime":"2026-03-09 18:06:56.978","Computer":"10.20.30.41","ProcessGuid":"{18d8f26f-d16e-7c42-cc7a-bb96b22125cd}","ProcessId":2008,"Image":"node-bridge.exe","User":"LARKSPUR\\priya.nair","Protocol":"tcp","SourceIp":"10.20.30.41","SourcePort":53011,"DestinationIp":"193.42.33.81","DestinationPort":443}
{"EventID":3,"UtcTime":"2026-03-09 18:07:15.784","Computer":"10.20.30.41","ProcessGuid":"{f994d776-f83a-288b-31ae-c16e2d3e9c81}","ProcessId":2008,"Image":"bastion-sensor.exe","User":"NT AUTHORITY\\SYSTEM","Protocol":"tcp","SourceIp":"10.20.30.41","SourcePort":55029,"DestinationIp":"104.18.22.51","DestinationPort":443}
{"EventID":3,"UtcTime":"2026-03-09 18:07:40.191","Computer":"10.20.30.41","ProcessGuid":"{18d8f26f-d16e-7c42-cc7a-bb96b22125cd}","ProcessId":2008,"Image":"node-bridge.exe","User":"LARKSPUR\\priya.nair","Protocol":"tcp","SourceIp":"10.20.30.41","SourcePort":59202,"DestinationIp":"193.42.33.81","DestinationPort":443}
{"EventID":3,"UtcTime":"2026-03-09 18:07:46.271","Computer":"10.20.30.41","ProcessGuid":"{f994d776-f83a-288b-31ae-c16e2d3e9c81}","ProcessId":2008,"Image":"bastion-sensor.exe","User":"NT AUTHORITY\\SYSTEM","Protocol":"tcp","SourceIp":"10.20.30.41","SourcePort":62674,"DestinationIp":"104.18.22.51","DestinationPort":443}
{"EventID":3,"UtcTime":"2026-03-09 18:08:15.694","Computer":"10.20.30.41","ProcessGuid":"{f994d776-f83a-288b-31ae-c16e2d3e9c81}","ProcessId":2008,"Image":"bastion-sensor.exe","User":"NT AUTHORITY\\SYSTEM","Protocol":"tcp","SourceIp":"10.20.30.41","SourcePort":55236,"DestinationIp":"104.18.22.51","DestinationPort":443}
{"EventID":3,"UtcTime":"2026-03-09 18:08:28.862","Computer":"10.20.30.41","ProcessGuid":"{18d8f26f-d16e-7c42-cc7a-bb96b22125cd}","ProcessId":2008,"Image":"node-bridge.exe","User":"LARKSPUR\\priya.nair","Protocol":"tcp","SourceIp":"10.20.30.41","SourcePort":53703,"DestinationIp":"193.42.33.81","DestinationPort":443}
{"EventID":3,"UtcTime":"2026-03-09 18:08:45.987","Computer":"10.20.30.41","ProcessGuid":"{f994d776-f83a-288b-31ae-c16e2d3e9c81}","ProcessId":2008,"Image":"bastion-sensor.exe","User":"NT AUTHORITY\\SYSTEM","Protocol":"tcp","SourceIp":"10.20.30.41","SourcePort":64326,"DestinationIp":"104.18.22.51","DestinationPort":443}
{"EventID":3,"UtcTime":"2026-03-09 18:09:15.894","Computer":"10.20.30.41","ProcessGuid":"{f994d776-f83a-288b-31ae-c16e2d3e9c81}","ProcessId":2008,"Image":"bastion-sensor.exe","User":"NT AUTHORITY\\SYSTEM","Protocol":"tcp","SourceIp":"10.20.30.41","SourcePort":52199,"DestinationIp":"104.18.22.51","DestinationPort":443}
{"EventID":3,"UtcTime":"2026-03-09 18:09:17.125","Computer":"10.20.30.41","ProcessGuid":"{18d8f26f-d16e-7c42-cc7a-bb96b22125cd}","ProcessId":2008,"Image":"node-bridge.exe","User":"LARKSPUR\\priya.nair","Protocol":"tcp","SourceIp":"10.20.30.41","SourcePort":59476,"DestinationIp":"193.42.33.81","DestinationPort":443}
{"EventID":3,"UtcTime":"2026-03-09 18:09:46.254","Computer":"10.20.30.41","ProcessGuid":"{f994d776-f83a-288b-31ae-c16e2d3e9c81}","ProcessId":2008,"Image":"bastion-sensor.exe","User":"NT AUTHORITY\\SYSTEM","Protocol":"tcp","SourceIp":"10.20.30.41","SourcePort":50286,"DestinationIp":"104.18.22.51","DestinationPort":443}
{"EventID":3,"UtcTime":"2026-03-09 18:10:01.476","Computer":"10.20.30.41","ProcessGuid":"{18d8f26f-d16e-7c42-cc7a-bb96b22125cd}","ProcessId":2008,"Image":"node-bridge.exe","User":"LARKSPUR\\priya.nair","Protocol":"tcp","SourceIp":"10.20.30.41","SourcePort":63751,"DestinationIp":"193.42.33.81","DestinationPort":443}
{"EventID":3,"UtcTime":"2026-03-09 18:10:15.779","Computer":"10.20.30.41","ProcessGuid":"{f994d776-f83a-288b-31ae-c16e2d3e9c81}","ProcessId":2008,"Image":"bastion-sensor.exe","User":"NT AUTHORITY\\SYSTEM","Protocol":"tcp","SourceIp":"10.20.30.41","SourcePort":51854,"DestinationIp":"104.18.22.51","DestinationPort":443}
