{"EventID":1,"UtcTime":"2026-03-09 15:13:17.590","Computer":"10.20.30.109","host.ip":"10.20.30.109","ProcessGuid":"{ec9117b0-93d7-38ce-aece-dcc9fa823adf}","ProcessId":27420,"Image":"C:\\Program Files\\Code.exe","Description":"-","Product":"-","Company":"-","OriginalFileName":"Code.exe","CommandLine":"\"C:\\Program Files\\Code.exe\" --config update","CurrentDirectory":"C:\\Users\\sara.lund\\","User":"LARKSPUR\\sara.lund","IntegrityLevel":"Medium","Hashes":"MD5=EE70BC4F74891A1FD980DE28339A1174,SHA256=2260FF8336B8CF35A0CC9D450C18CD12D52EB8BC3E2A7302395FD017B4AC71E2,IMPHASH=039297AD0DC9D6305435518C5507FF89","ParentProcessGuid":"{00000000-0000-0000-0000-000000000000}","ParentProcessId":4,"ParentImage":"C:\\Windows\\explorer.exe"}
{"EventID":1,"UtcTime":"2026-03-09 15:13:27.588","Computer":"10.20.30.122","host.ip":"10.20.30.122","ProcessGuid":"{744261e4-a56a-4fa0-5f48-7e3df9baacf5}","ProcessId":44332,"Image":"C:\\Program Files\\Code.exe","Description":"-","Product":"-","Company":"-","OriginalFileName":"Code.exe","CommandLine":"\"C:\\Program Files\\Code.exe\" --config update","CurrentDirectory":"C:\\Users\\gita.rao\\","User":"LARKSPUR\\gita.rao","IntegrityLevel":"Medium","Hashes":"MD5=32D15D5868888EC5F708CE643498BB4E,SHA256=7DA3B9DD1DC0B68B4A57A89CF51B6D9D433AD3BCCEC3D622200B39CEECC64A92,IMPHASH=16F91FB5C489CA34FF95954FB3603B24","ParentProcessGuid":"{00000000-0000-0000-0000-000000000000}","ParentProcessId":4,"ParentImage":"C:\\Windows\\explorer.exe"}
{"EventID":1,"UtcTime":"2026-03-09 15:16:36.584","Computer":"10.20.30.104","host.ip":"10.20.30.104","ProcessGuid":"{ca6b17fe-5cbd-6ed3-fccf-5134c5a111e0}","ProcessId":14192,"Image":"C:\\Program Files\\teams.exe","Description":"-","Product":"-","Company":"-","OriginalFileName":"teams.exe","CommandLine":"\"C:\\Program Files\\teams.exe\" --config update","CurrentDirectory":"C:\\Users\\omar.said\\","User":"LARKSPUR\\omar.said","IntegrityLevel":"Medium","Hashes":"MD5=17370ACEE2AF50CD866636D2C3FF301E,SHA256=44F3CD6648C3DA1F61A2877C0095CA70C322CA725C4F5750B40A574BAD5BA5B1,IMPHASH=5E0DF508337C846E141E1766DC3A91E5","ParentProcessGuid":"{00000000-0000-0000-0000-000000000000}","ParentProcessId":4,"ParentImage":"C:\\Windows\\explorer.exe"}
{"EventID":1,"UtcTime":"2026-03-09 15:19:19.484","Computer":"10.20.30.104","host.ip":"10.20.30.104","ProcessGuid":"{d38f1e82-66da-a029-945a-54b7959b4ef8}","ProcessId":30040,"Image":"C:\\Program Files\\onedrive.exe","Description":"-","Product":"-","Company":"-","OriginalFileName":"onedrive.exe","CommandLine":"\"C:\\Program Files\\onedrive.exe\" --config update","CurrentDirectory":"C:\\Users\\omar.said\\","User":"LARKSPUR\\omar.said","IntegrityLevel":"Medium","Hashes":"MD5=6B32035DC80316D994C2FE05684BAE4B,SHA256=675209821F9EDD922223F2ADCDD28A2E488DEBFD979445384A6FEB0288270FFE,IMPHASH=CD7C27D2C3D8967A107E55F4D48CEC4D","ParentProcessGuid":"{00000000-0000-0000-0000-000000000000}","ParentProcessId":4,"ParentImage":"C:\\Windows\\explorer.exe"}
{"EventID":1,"UtcTime":"2026-03-09 15:26:42.300","Computer":"10.20.30.107","host.ip":"10.20.30.107","ProcessGuid":"{d2089849-9383-10b2-6a31-95bf9484832d}","ProcessId":56312,"Image":"C:\\Program Files\\firefox.exe","Description":"-","Product":"-","Company":"-","OriginalFileName":"firefox.exe","CommandLine":"\"C:\\Program Files\\firefox.exe\" --config update","CurrentDirectory":"C:\\Users\\nadia.roy\\","User":"LARKSPUR\\nadia.roy","IntegrityLevel":"Medium","Hashes":"MD5=70DC8B102AEDC58BA308C40893765F53,SHA256=51572C6C5568F45EBFED280AAA800D330A100EFD31F1B4628FB354BE323F0ADC,IMPHASH=91947173BDF8EE716C816ADA7C291D8A","ParentProcessGuid":"{00000000-0000-0000-0000-000000000000}","ParentProcessId":4,"ParentImage":"C:\\Windows\\explorer.exe"}
{"EventID":1,"UtcTime":"2026-03-09 15:32:55.171","Computer":"10.20.30.102","host.ip":"10.20.30.102","ProcessGuid":"{83cd5b47-0f1b-9231-abb6-a6d3f373982c}","ProcessId":13148,"Image":"C:\\Program Files\\msedge.exe","Description":"-","Product":"-","Company":"-","OriginalFileName":"msedge.exe","CommandLine":"\"C:\\Program Files\\msedge.exe\" --config update","CurrentDirectory":"C:\\Users\\tom.becker\\","User":"LARKSPUR\\tom.becker","IntegrityLevel":"Medium","Hashes":"MD5=2EA083DACAF6551A5CAD3EA4A3E15E72,SHA256=86897123F09C4B3C2D46DE89DEA7C5413D652D7327D2A070C79062D0AA80DE95,IMPHASH=285490A56D6203EAB7781AC351A9AA57","ParentProcessGuid":"{00000000-0000-0000-0000-000000000000}","ParentProcessId":4,"ParentImage":"C:\\Windows\\explorer.exe"}
{"EventID":1,"UtcTime":"2026-03-09 15:33:11.475","Computer":"10.20.30.116","host.ip":"10.20.30.116","ProcessGuid":"{e61fc4a3-9a8e-13b4-75e5-173030fe39ba}","ProcessId":64244,"Image":"C:\\Program Files\\firefox.exe","Description":"-","Product":"-","Company":"-","OriginalFileName":"firefox.exe","CommandLine":"\"C:\\Program Files\\firefox.exe\" --config update","CurrentDirectory":"C:\\Users\\luis.gomez\\","User":"LARKSPUR\\luis.gomez","IntegrityLevel":"Medium","Hashes":"MD5=A32FC1BAAD3F1E6DB6A0ABFFD0D76685,SHA256=E8A1C7DD97F817A0D4C7146F5D4279D59237896AA6F9C2AB5C005B9F7255BD5B,IMPHASH=160100610EC529185A07DD67E3DB8604","ParentProcessGuid":"{00000000-0000-0000-0000-000000000000}","ParentProcessId":4,"ParentImage":"C:\\Windows\\explorer.exe"}
{"EventID":1,"UtcTime":"2026-03-09 15:33:13.519","Computer":"10.20.30.102","host.ip":"10.20.30.102","ProcessGuid":"{e16cc0a3-5ef2-d98f-3222-8a11eafa61c6}","ProcessId":21056,"Image":"C:\\Program Files\\msedge.exe","Description":"-","Product":"-","Company":"-","OriginalFileName":"msedge.exe","CommandLine":"\"C:\\Program Files\\msedge.exe\" --config update","CurrentDirectory":"C:\\Users\\tom.becker\\","User":"LARKSPUR\\tom.becker","IntegrityLevel":"Medium","Hashes":"MD5=2EA083DACAF6551A5CAD3EA4A3E15E72,SHA256=86897123F09C4B3C2D46DE89DEA7C5413D652D7327D2A070C79062D0AA80DE95,IMPHASH=285490A56D6203EAB7781AC351A9AA57","ParentProcessGuid":"{00000000-0000-0000-0000-000000000000}","ParentProcessId":4,"ParentImage":"C:\\Windows\\explorer.exe"}
{"EventID":1,"UtcTime":"2026-03-09 15:33:49.119","Computer":"10.20.30.121","host.ip":"10.20.30.121","ProcessGuid":"{1bdf599c-3774-058f-0662-2150cc9db8f6}","ProcessId":4312,"Image":"C:\\Program Files\\Code.exe","Description":"-","Product":"-","Company":"-","OriginalFileName":"Code.exe","CommandLine":"\"C:\\Program Files\\Code.exe\" --config update","CurrentDirectory":"C:\\Users\\fern.hollis\\","User":"LARKSPUR\\fern.hollis","IntegrityLevel":"Medium","Hashes":"MD5=EA72E19811F76239618377C2457CCA8E,SHA256=20EB03D9BE4B7CFFF585015D1A8474349DCC9E32E377CD9170481EB5AE3F6700,IMPHASH=733D1447A950B90996D48615329411F3","ParentProcessGuid":"{00000000-0000-0000-0000-000000000000}","ParentProcessId":4,"ParentImage":"C:\\Windows\\explorer.exe"}
{"EventID":1,"UtcTime":"2026-03-09 15:37:50.407","Computer":"10.20.30.121","host.ip":"10.20.30.121","ProcessGuid":"{f8fd8a2e-a016-1be6-bbb7-92fb545e1ee4}","ProcessId":6040,"Image":"C:\\Program Files\\outlook.exe","Description":"-","Product":"-","Company":"-","OriginalFileName":"outlook.exe","CommandLine":"\"C:\\Program Files\\outlook.exe\" --config update","CurrentDirectory":"C:\\Users\\fern.hollis\\","User":"LARKSPUR\\fern.hollis","IntegrityLevel":"Medium","Hashes":"MD5=6BBBA154D2E632CCA3BBC11C80869D01,SHA256=CB8D92207BB9CD06DBCC0CF57631E0D3A5E6ED56BE543CE4DD0E88361285D8B9,IMPHASH=B1AAB0E19AF9C9806F3D528118D76139","ParentProcessGuid":"{00000000-0000-0000-0000-000000000000}","ParentProcessId":4,"ParentImage":"C:\\Windows\\explorer.exe"}
{"EventID":1,"UtcTime":"2026-03-09 15:42:50.257","Computer":"10.20.30.101","host.ip":"10.20.30.101","ProcessGuid":"{ff6aa015-6845-0f77-6126-f23ba95cfcc6}","ProcessId":40024,"Image":"C:\\Program Files\\onedrive.exe","Description":"-","Product":"-","Company":"-","OriginalFileName":"onedrive.exe","CommandLine":"\"C:\\Program Files\\onedrive.exe\" --config update","CurrentDirectory":"C:\\Users\\mira.chen\\","User":"LARKSPUR\\mira.chen","IntegrityLevel":"Medium","Hashes":"MD5=599B9A71BE27779F4D4537E3214D4EE5,SHA256=B62A9819DAB32FB4D3FAA757FF5E9CD88AC1A295CF3DB5341130F9F0E4FE9435,IMPHASH=A544B2C46516E2EACA91FEAC6BDC3496","ParentProcessGuid":"{00000000-0000-0000-0000-000000000000}","ParentProcessId":4,"ParentImage":"C:\\Windows\\explorer.exe"}
{"EventID":1,"UtcTime":"2026-03-09 15:44:04.764","Computer":"10.20.30.116","host.ip":"10.20.30.116","ProcessGuid":"{cffe8681-5805-e282-083f-53c638cb514a}","ProcessId":28136,"Image":"C:\\Program Files\\Code.exe","Description":"-","Product":"-","Company":"-","OriginalFileName":"Code.exe","CommandLine":"\"C:\\Program Files\\Code.exe\" --config update","CurrentDirectory":"C:\\Users\\luis.gomez\\","User":"LARKSPUR\\luis.gomez","IntegrityLevel":"Medium","Hashes":"MD5=6651A6934570666D01FC9B30A06017AF,SHA256=878C67E817AC877D4B949DE2C123F7AA8202F984CC8CFE6FCE90B57B13006114,IMPHASH=85AB201CA0819A2D70CFDC88A7E51F16","ParentProcessGuid":"{00000000-0000-0000-0000-000000000000}","ParentProcessId":4,"ParentImage":"C:\\Windows\\explorer.exe"}
{"EventID":1,"UtcTime":"2026-03-09 15:44:30.703","Computer":"10.20.30.106","host.ip":"10.20.30.106","ProcessGuid":"{25b94219-78be-4c8f-c967-ba128caf71fa}","ProcessId":64776,"Image":"C:\\Program Files\\outlook.exe","Description":"-","Product":"-","Company":"-","OriginalFileName":"outlook.exe","CommandLine":"\"C:\\Program Files\\outlook.exe\" --config update","CurrentDirectory":"C:\\Users\\carl.jung\\","User":"LARKSPUR\\carl.jung","IntegrityLevel":"Medium","Hashes":"MD5=98B21E5A40771BAC9467C87F5613BDDD,SHA256=162DBD1EF3C11E870705A61F41D7A03F2813530C7B8630878A777927FAAAD1BC,IMPHASH=9A09B72FFBABDEF882B2D53DC2512D45","ParentProcessGuid":"{00000000-0000-0000-0000-000000000000}","ParentProcessId":4,"ParentImage":"C:\\Windows\\explorer.exe"}
{"EventID":1,"UtcTime":"2026-03-09 15:49:55.347","Computer":"10.20.30.101","host.ip":"10.20.30.101","ProcessGuid":"{bbcd8077-ee9b-bc54-bdea-b8390b67af4e}","ProcessId":3980,"Image":"C:\\Program Files\\onedrive.exe","Description":"-","Product":"-","Company":"-","OriginalFileName":"onedrive.exe","CommandLine":"\"C:\\Program Files\\onedrive.exe\" --config update","CurrentDirectory":"C:\\Users\\mira.chen\\","User":"LARKSPUR\\mira.chen","IntegrityLevel":"Medium","Hashes":"MD5=599B9A71BE27779F4D4537E3214D4EE5,SHA256=B62A9819DAB32FB4D3FAA757FF5E9CD88AC1A295CF3DB5341130F9F0E4FE9435,IMPHASH=A544B2C46516E2EACA91FEAC6BDC3496","ParentProcessGuid":"{00000000-0000-0000-0000-000000000000}","ParentProcessId":4,"ParentImage":"C:\\Windows\\explorer.exe"}
{"EventID":1,"UtcTime":"2026-03-09 15:55:00.052","Computer":"10.20.30.116","host.ip":"10.20.30.116","ProcessGuid":"{2c62e1c9-c223-79ea-9fae-3a34bfdbd958}","ProcessId":55072,"Image":"C:\\Program Files\\outlook.exe","Description":"-","Product":"-","Company":"-","OriginalFileName":"outlook.exe","CommandLine":"\"C:\\Program Files\\outlook.exe\" --config update","CurrentDirectory":"C:\\Users\\luis.gomez\\","User":"LARKSPUR\\luis.gomez","IntegrityLevel":"Medium","Hashes":"MD5=818943999EC4B10AA25D6C779A5507B9,SHA256=2C339C94D9E0B28C0405101D377124CC96459D95872C59DE76A418C700B9D385,IMPHASH=256988AF0D876672ED0B8152AE87676A","ParentProcessGuid":"{00000000-0000-0000-0000-000000000000}","ParentProcessId":4,"ParentImage":"C:\\Windows\\explorer.exe"}
{"EventID":1,"UtcTime":"2026-03-09 15:55:46.326","Computer":"10.20.30.106","host.ip":"10.20.30.106","ProcessGuid":"{96e23532-4086-0810-fccb-8a33bda3be16}","ProcessId":42636,"Image":"C:\\Program Files\\firefox.exe","Description":"-","Product":"-","Company":"-","OriginalFileName":"firefox.exe","CommandLine":"\"C:\\Program Files\\firefox.exe\" --config update","CurrentDirectory":"C:\\Users\\carl.jung\\","User":"LARKSPUR\\carl.jung","IntegrityLevel":"Medium","Hashes":"MD5=83BC3B3B4827A584C066DE3B5B699D0C,SHA256=8C95E5CECC9965066AF2113089363921D6F5FED4B4ACE632566456A2C08E8265,IMPHASH=12BC817806E7185889BFE8FBBBA8AB93","ParentProcessGuid":"{00000000-0000-0000-0000-000000000000}","ParentProcessId":4,"ParentImage":"C:\\Windows\\explorer.exe"}
{"EventID":1,"UtcTime":"2026-03-09 15:59:57.978","Computer":"10.20.30.41","host.ip":"10.20.30.41","ProcessGuid":"{18d8f26f-d16e-7c42-cc7a-bb96b22125cd}","ProcessId":2008,"Image":"C:\\Users\\priya.nair\\AppData\\Local\\npm-cache\\_tmp\\node-bridge.exe","Description":"-","Product":"-","Company":"-","OriginalFileName":"node-bridge.exe","CommandLine":"\"C:\\Windows\\System32\\svchost.exe\" -k netsvcs -p -s Schedule","CurrentDirectory":"C:\\Users\\priya.nair\\","User":"LARKSPUR\\priya.nair","IntegrityLevel":"Medium","Hashes":"MD5=B342DD6D762C3A8447B1564FF52441D2,SHA256=77EFC498B6CA19024C7141B74CAAFE8207DA7A6EAF59C1B4C1F967A5E528A534,IMPHASH=C926A3965922EDD9ACCC906652C2D538","ParentProcessGuid":"{cf39b43d-7bf6-dfbd-65dc-c37072f64907}","ParentProcessId":56772,"ParentImage":"C:\\Windows\\System32\\WindowsPowerShell\\v1.0\\powershell.exe"}
{"EventID":1,"UtcTime":"2026-03-09 16:11:02.093","Computer":"10.20.30.102","host.ip":"10.20.30.102","ProcessGuid":"{95c521fe-3ab6-4b5c-cf53-259c95272593}","ProcessId":41620,"Image":"C:\\Program Files\\msedge.exe","Description":"-","Product":"-","Company":"-","OriginalFileName":"msedge.exe","CommandLine":"\"C:\\Program Files\\msedge.exe\" --config update","CurrentDirectory":"C:\\Users\\tom.becker\\","User":"LARKSPUR\\tom.becker","IntegrityLevel":"Medium","Hashes":"MD5=2EA083DACAF6551A5CAD3EA4A3E15E72,SHA256=86897123F09C4B3C2D46DE89DEA7C5413D652D7327D2A070C79062D0AA80DE95,IMPHASH=285490A56D6203EAB7781AC351A9AA57","ParentProcessGuid":"{00000000-0000-0000-0000-000000000000}","ParentProcessId":4,"ParentImage":"C:\\Windows\\explorer.exe"}
{"EventID":1,"UtcTime":"2026-03-09 16:14:39.450","Computer":"10.20.30.117","host.ip":"10.20.30.117","ProcessGuid":"{9bdcce25-7989-0b30-0fc2-917478944e31}","ProcessId":47284,"Image":"C:\\Program Files\\firefox.exe","Description":"-","Product":"-","Company":"-","OriginalFileName":"firefox.exe","CommandLine":"\"C:\\Program Files\\firefox.exe\" --config update","CurrentDirectory":"C:\\Users\\hana.kim\\","User":"LARKSPUR\\hana.kim","IntegrityLevel":"Medium","Hashes":"MD5=4B599CC869B6C52A6518257C9E1ECE7D,SHA256=F13A214352C2167D6C527467068ED3A64751AED7C92C84714D6CB262ADC42EE1,IMPHASH=D3AAF055BE9A767B6CB864A44BA49974","ParentProcessGuid":"{00000000-0000-0000-0000-000000000000}","ParentProcessId":4,"ParentImage":"C:\\Windows\\explorer.exe"}
{"EventID":1,"UtcTime":"2026-03-09 16:20:14.551","Computer":"10.20.40.12","host.ip":"10.20.40.12","ProcessGuid":"{6380b97e-94ec-539d-df89-4be68fb1ddfb}","ProcessId":50072,"Image":"C:\\Program Files\\Code.exe","Description":"-","Product":"-","Company":"-","OriginalFileName":"Code.exe","CommandLine":"\"C:\\Program Files\\Code.exe\" --config update","CurrentDirectory":"C:\\Users\\svc.build\\","User":"LARKSPUR\\svc.build","IntegrityLevel":"Medium","Hashes":"MD5=76A9D540C235FE2DC2A03C5D0F635C89,SHA256=02E2FD5A6C1CCF458CB52AB3DC3E73E1D6D3424579F7285F47476581FF260D63,IMPHASH=2C0CACCD7D1247DB2B44E7AAD97D611A","ParentProcessGuid":"{00000000-0000-0000-0000-000000000000}","ParentProcessId":4,"ParentImage":"C:\\Windows\\explorer.exe"}
{"EventID":1,"UtcTime":"2026-03-09 16:21:06.341","Computer":"10.20.30.111","host.ip":"10.20.30.111","ProcessGuid":"{489f564c-ccce-0fb4-ad16-1f847e17d22c}","ProcessId":35588,"Image":"C:\\Program Files\\Code.exe","Description":"-","Product":"-","Company":"-","OriginalFileName":"Code.exe","CommandLine":"\"C:\\Program Files\\Code.exe\" --config update","CurrentDirectory":"C:\\Users\\elle.dubois\\","User":"LARKSPUR\\elle.dubois","IntegrityLevel":"Medium","Hashes":"MD5=251438C6B1DE145AB33C7971A7D9FE4E,SHA256=153E46C5EDD954C69B1D8153B895CEBB50183AF459A6F7EC620D627D4FA157EF,IMPHASH=62AD329A494B7C358EA068DD8A01F226","ParentProcessGuid":"{00000000-0000-0000-0000-000000000000}","ParentProcessId":4,"ParentImage":"C:\\Windows\\explorer.exe"}
{"EventID":1,"UtcTime":"2026-03-09 16:21:15.044","Computer":"10.20.30.109","host.ip":"10.20.30.109","ProcessGuid":"{9ac1e3d9-6e72-d05b-3183-4169cc8ed03b}","ProcessId":63924,"Image":"C:\\Program Files\\msedge.exe","Description":"-","Product":"-","Company":"-","OriginalFileName":"msedge.exe","CommandLine":"\"C:\\Program Files\\msedge.exe\" --config update","CurrentDirectory":"C:\\Users\\sara.lund\\","User":"LARKSPUR\\sara.lund","IntegrityLevel":"Medium","Hashes":"MD5=9A563175A49228F74463D66D264A371D,SHA256=661B0242587555B37E46010CCA5D4710FB1F2FDAF8BD432B94306AA8D31B6635,IMPHASH=373670B4B9837B9352D2122CC9799D6D","ParentProcessGuid":"{00000000-0000-0000-0000-000000000000}","ParentProcessId":4,"ParentImage":"C:\\Windows\\explorer.exe"}
{"EventID":1,"UtcTime":"2026-03-09 16:22:15.441","Computer":"10.20.30.102","host.ip":"10.20.30.102","ProcessGuid":"{ffcc2935-094b-fec4-5fa5-25b1f733b2fb}","ProcessId":40492,"Image":"C:\\Program Files\\chrome.exe","Description":"-","Product":"-","Company":"-","OriginalFileName":"chrome.exe","CommandLine":"\"C:\\Program Files\\chrome.exe\" --config update","CurrentDirectory":"C:\\Users\\tom.becker\\","User":"LARKSPUR\\tom.becker","IntegrityLevel":"Medium","Hashes":"MD5=96E1EAE65CCF31E148DC215CEEBE9F85,SHA256=868BC53229D0BE2F7451F0BD2836E074AEDB6D5AC6A5E1D7FF29A25CE471E44F,IMPHASH=84139BF3E724DB6D8F3664C3173C447E","ParentProcessGuid":"{00000000-0000-0000-0000-000000000000}","ParentProcessId":4,"ParentImage":"C:\\Windows\\explorer.exe"}
{"EventID":1,"UtcTime":"2026-03-09 16:26:26.900","Computer":"10.20.30.41","host.ip":"10.20.30.41","ProcessGuid":"{68705b31-5781-6b04-4ae9-8ae27f4855ff}","ProcessId":42276,"Image":"C:\\Program Files\\outlook.exe","Description":"-","Product":"-","Company":"-","OriginalFileName":"outlook.exe","CommandLine":"\"C:\\Program Files\\outlook.exe\" --config update","CurrentDirectory":"C:\\Users\\priya.nair\\","User":"LARKSPUR\\priya.nair","IntegrityLevel":"Medium","Hashes":"MD5=EFD509C59DD3CBDD273E9EF6C5F22A8F,SHA256=17680812B80E128DEF645036B039BB9DBDB5DEF2D6966F16C909F0C081FDAC4F,IMPHASH=64537409FC1A116A042E918BD276EEC4","ParentProcessGuid":"{00000000-0000-0000-0000-000000000000}","ParentProcessId":4,"ParentImage":"C:\\Windows\\explorer.exe"}
{"EventID":1,"UtcTime":"2026-03-09 16:28:03.844","Computer":"10.20.30.115","host.ip":"10.20.30.115","ProcessGuid":"{81b331c6-4c9f-77ff-a893-be4a65a701b3}","ProcessId":31864,"Image":"C:\\Program Files\\outlook.exe","Description":"-","Product":"-","Company":"-","OriginalFileName":"outlook.exe","CommandLine":"\"C:\\Program Files\\outlook.exe\" --config update","CurrentDirectory":"C:\\Users\\yuki.tanaka\\","User":"LARKSPUR\\yuki.tanaka","IntegrityLevel":"Medium","Hashes":"MD5=ED88A508DB7A48E9DEC4879778D4D205,SHA256=5EC9EC345DF1821F858935188154D3BDF5C51BCCBED2C648DC976D0D86A582C9,IMPHASH=9D8EA0E025D2AF2C101AD024CAE9D33B","ParentProcessGuid":"{00000000-0000-0000-0000-000000000000}","ParentProcessId":4,"ParentImage":"C:\\Windows\\explorer.exe"}
{"EventID":1,"UtcTime":"2026-03-09 16:29:24.584","Computer":"10.20.30.111","host.ip":"10.20.30.111","ProcessGuid":"{b3ac36f1-fd44-2ad1-1210-965b147679e0}","ProcessId":38460,"Image":"C:\\Program Files\\teams.exe","Description":"-","Product":"-","Company":"-","OriginalFileName":"teams.exe","CommandLine":"\"C:\\Program Files\\teams.exe\" --config update","CurrentDirectory":"C:\\Users\\elle.dubois\\","User":"LARKSPUR\\elle.dubois","IntegrityLevel":"Medium","Hashes":"MD5=AE18EE865F89C36404CD0E8FE65A47A9,SHA256=618F4CE96A275D309590CB9CF5BC89CDA74355B08B7957125A30F53435C5B671,IMPHASH=B1BFB3DE735BA67BB6C7694D1A5847BF","ParentProcessGuid":"{00000000-0000-0000-0000-000000000000}","ParentProcessId":4,"ParentImage":"C:\\Windows\\explorer.exe"}
{"EventID":1,"UtcTime":"2026-03-09 16:31:41.959","Computer":"10.20.30.116","host.ip":"10.20.30.116","ProcessGuid":"{6aab048d-e2da-701d-05e6-ad79f45b5d3c}","ProcessId":61992,"Image":"C:\\Program Files\\firefox.exe","Description":"-","Product":"-","Company":"-","OriginalFileName":"firefox.exe","CommandLine":"\"C:\\Program Files\\firefox.exe\" --config update","CurrentDirectory":"C:\\Users\\luis.gomez\\","User":"LARKSPUR\\luis.gomez","IntegrityLevel":"Medium","Hashes":"MD5=A32FC1BAAD3F1E6DB6A0ABFFD0D76685,SHA256=E8A1C7DD97F817A0D4C7146F5D4279D59237896AA6F9C2AB5C005B9F7255BD5B,IMPHASH=160100610EC529185A07DD67E3DB8604","ParentProcessGuid":"{00000000-0000-0000-0000-000000000000}","ParentProcessId":4,"ParentImage":"C:\\Windows\\explorer.exe"}
{"EventID":1,"UtcTime":"2026-03-09 16:33:59.349","Computer":"10.20.30.117","host.ip":"10.20.30.117","ProcessGuid":"{5ce0019c-ab05-caf2-2262-7e65516f7cb8}","ProcessId":35228,"Image":"C:\\Program Files\\chrome.exe","Description":"-","Product":"-","Company":"-","OriginalFileName":"chrome.exe","CommandLine":"\"C:\\Program Files\\chrome.exe\" --config update","CurrentDirectory":"C:\\Users\\hana.kim\\","User":"LARKSPUR\\hana.kim","IntegrityLevel":"Medium","Hashes":"MD5=80056502FCAAFB548C4D93D0240A4824,SHA256=E09FE46D755CE289314CA30CA20577CBD170D9A39B15589D40887B870A00FC92,IMPHASH=F1C3EAD2819DE4C167B89EB55C6C0C28","ParentProcessGuid":"{00000000-0000-0000-0000-000000000000}","ParentProcessId":4,"ParentImage":"C:\\Windows\\explorer.exe"}
{"EventID":1,"UtcTime":"2026-03-09 16:37:14.306","Computer":"10.20.30.58","host.ip":"10.20.30.58","ProcessGuid":"{dff9aabf-dc69-9831-bfbd-fdba0154aea4}","ProcessId":45160,"Image":"C:\\Program Files\\firefox.exe","Description":"-","Product":"-","Company":"-","OriginalFileName":"firefox.exe","CommandLine":"\"C:\\Program Files\\firefox.exe\" --config update","CurrentDirectory":"C:\\Users\\dan.okoro\\","User":"LARKSPUR\\dan.okoro","IntegrityLevel":"Medium","Hashes":"MD5=C9569F03CE85BE3AF0D05EF7E24974BD,SHA256=9BA69D6D4C8D417481C636F3EDAA91D769636D58EB368DC22D820F1478518F1E,IMPHASH=334C74D21F7674005CEEC106FFB6294F","ParentProcessGuid":"{00000000-0000-0000-0000-000000000000}","ParentProcessId":4,"ParentImage":"C:\\Windows\\explorer.exe"}
{"EventID":1,"UtcTime":"2026-03-09 16:39:16.278","Computer":"10.20.30.41","host.ip":"10.20.30.41","ProcessGuid":"{9f3081c2-2306-ff3e-3bdc-5b822460d15f}","ProcessId":2008,"Image":"C:\\Program Files\\outlook.exe","Description":"-","Product":"-","Company":"-","OriginalFileName":"outlook.exe","CommandLine":"\"C:\\Program Files\\outlook.exe\" --config update","CurrentDirectory":"C:\\Users\\priya.nair\\","User":"LARKSPUR\\priya.nair","IntegrityLevel":"Medium","Hashes":"MD5=EFD509C59DD3CBDD273E9EF6C5F22A8F,SHA256=17680812B80E128DEF645036B039BB9DBDB5DEF2D6966F16C909F0C081FDAC4F,IMPHASH=64537409FC1A116A042E918BD276EEC4","ParentProcessGuid":"{00000000-0000-0000-0000-000000000000}","ParentProcessId":4,"ParentImage":"C:\\Windows\\explorer.exe"}
{"EventID":1,"UtcTime":"2026-03-09 16:46:09.129","Computer":"10.20.30.107","host.ip":"10.20.30.107","ProcessGuid":"{71348096-0319-d6b8-b4c0-df5a0f8fbead}","ProcessId":47436,"Image":"C:\\Program Files\\Code.exe","Description":"-","Product":"-","Company":"-","OriginalFileName":"Code.exe","CommandLine":"\"C:\\Program Files\\Code.exe\" --config update","CurrentDirectory":"C:\\Users\\nadia.roy\\","User":"LARKSPUR\\nadia.roy","IntegrityLevel":"Medium","Hashes":"MD5=4A02F6AC17769E68767462D1D3DD89C9,SHA256=9963B32089F4EF45DAC7D4A082E04F8EDA3F0421342A302E3EA444D05022539B,IMPHASH=7E2AB1E92F6BA04D4D84C9895A1C76BC","ParentProcessGuid":"{00000000-0000-0000-0000-000000000000}","ParentProcessId":4,"ParentImage":"C:\\Windows\\explorer.exe"}
{"EventID":1,"UtcTime":"2026-03-09 16:47:51.398","Computer":"10.20.30.112","host.ip":"10.20.30.112","ProcessGuid":"{2c6be5d9-19ab-b617-fe04-cbd35bb4133a}","ProcessId":13088,"Image":"C:\\Program Files\\onedrive.exe","Description":"-","Product":"-","Company":"-","OriginalFileName":"onedrive.exe","CommandLine":"\"C:\\Program Files\\onedrive.exe\" --config update","CurrentDirectory":"C:\\Users\\kofi.mensah\\","User":"LARKSPUR\\kofi.mensah","IntegrityLevel":"Medium","Hashes":"MD5=56653C91E35702599ADB74FDAEA4EEAC,SHA256=AEF8F8E58DEA647CA163D46D90ED4E2DAF4747F78B1C9D0BE8900CC8A3249835,IMPHASH=B4ED424BD73CB58A6CC51F1C2C8632B8","ParentProcessGuid":"{00000000-0000-0000-0000-000000000000}","ParentProcessId":4,"ParentImage":"C:\\Windows\\explorer.exe"}
{"EventID":1,"UtcTime":"2026-03-09 16:47:53.224","Computer":"10.20.30.118","host.ip":"10.20.30.118","ProcessGuid":"{51ad7d7b-c9e2-82ba-bce0-044b62fd6e9f}","ProcessId":32980,"Image":"C:\\Program Files\\Code.exe","Description":"-","Product":"-","Company":"-","OriginalFileName":"Code.exe","CommandLine":"\"C:\\Program Files\\Code.exe\" --config update","CurrentDirectory":"C:\\Users\\erik.stahl\\","User":"LARKSPUR\\erik.stahl","IntegrityLevel":"Medium","Hashes":"MD5=ABDDC77035F41FCDD8E4471D8C1F1C9C,SHA256=5C61FE8CEBF4ACF4546BD05EB7DAC3EF58DC3DEB4D2E63E244DF32B50C9E5F11,IMPHASH=37CDA16CB76FDDAFF277A6F32787F784","ParentProcessGuid":"{00000000-0000-0000-0000-000000000000}","ParentProcessId":4,"ParentImage":"C:\\Windows\\explorer.exe"}
{"EventID":1,"UtcTime":"2026-03-09 16:54:00.436","Computer":"10.20.30.111","host.ip":"10.20.30.111","ProcessGuid":"{0a6f48eb-8753-4acc-cb8d-b742a1429818}","ProcessId":60328,"Image":"C:\\Program Files\\outlook.exe","Description":"-","Product":"-","Company":"-","OriginalFileName":"outlook.exe","CommandLine":"\"C:\\Program Files\\outlook.exe\" --config update","CurrentDirectory":"C:\\Users\\elle.dubois\\","User":"LARKSPUR\\elle.dubois","IntegrityLevel":"Medium","Hashes":"MD5=5384E574B279B50FD21FCED118886563,SHA256=58EC72F5135A405AB0B12822316EC23939C38CA761E442661E79F130FE3AE499,IMPHASH=F72DE20C9D4F36390BF9C9E332E3D5F6","ParentProcessGuid":"{00000000-0000-0000-0000-000000000000}","ParentProcessId":4,"ParentImage":"C:\\Windows\\explorer.exe"}
{"EventID":1,"UtcTime":"2026-03-09 16:57:35.045","Computer":"10.20.30.120","host.ip":"10.20.30.120","ProcessGuid":"{a97f1eb9-db9d-0725-9b72-cbc4b9b42b5e}","ProcessId":30988,"Image":"C:\\Program Files\\chrome.exe","Description":"-","Product":"-","Company":"-","OriginalFileName":"chrome.exe","CommandLine":"\"C:\\Program Files\\chrome.exe\" --config update","CurrentDirectory":"C:\\Users\\dev.patel\\","User":"LARKSPUR\\dev.patel","IntegrityLevel":"Medium","Hashes":"MD5=11894F2B2039FDA929D81E79CC838848,SHA256=F6A625D97299227DD9C8BF2B4CCD4A9E387BFD1376ADCE1584D9792D479F58A0,IMPHASH=01A383C6A753E34D16FD2917E7C25959","ParentProcessGuid":"{00000000-0000-0000-0000-000000000000}","ParentProcessId":4,"ParentImage":"C:\\Windows\\explorer.exe"}
{"EventID":1,"UtcTime":"2026-03-09 17:00:06.409","Computer":"10.20.30.116","host.ip":"10.20.30.116","ProcessGuid":"{fe566925-0e43-3267-d142-94e5f518e778}","ProcessId":7296,"Image":"C:\\Program Files\\outlook.exe","Description":"-","Product":"-","Company":"-","OriginalFileName":"outlook.exe","CommandLine":"\"C:\\Program Files\\outlook.exe\" --config update","CurrentDirectory":"C:\\Users\\luis.gomez\\","User":"LARKSPUR\\luis.gomez","IntegrityLevel":"Medium","Hashes":"MD5=818943999EC4B10AA25D6C779A5507B9,SHA256=2C339C94D9E0B28C0405101D377124CC96459D95872C59DE76A418C700B9D385,IMPHASH=256988AF0D876672ED0B8152AE87676A","ParentProcessGuid":"{00000000-0000-0000-0000-000000000000}","ParentProcessId":4,"ParentImage":"C:\\Windows\\explorer.exe"}
{"EventID":1,"UtcTime":"2026-03-09 17:00:37.236","Computer":"10.20.30.113","host.ip":"10.20.30.113","ProcessGuid":"{9a53b6a9-bd62-1c6b-2cb7-2fb738b76599}","ProcessId":49104,"Image":"C:\\Program Files\\outlook.exe","Description":"-","Product":"-","Company":"-","OriginalFileName":"outlook.exe","CommandLine":"\"C:\\Program Files\\outlook.exe\" --config update","CurrentDirectory":"C:\\Users\\anya.volkov\\","User":"LARKSPUR\\anya.volkov","IntegrityLevel":"Medium","Hashes":"MD5=37611A5F927971489A5A04A907FDC6FB,SHA256=0A706EEF345E15BB2455335735296A45B5C2C46043AE2E7606B0B948FB6F62A0,IMPHASH=5DC1F90863F6F771C1F7DDAA5A6C76D4","ParentProcessGuid":"{00000000-0000-0000-0000-000000000000}","ParentProcessId":4,"ParentImage":"C:\\Windows\\explorer.exe"}
{"EventID":1,"UtcTime":"2026-03-09 17:06:07.240","Computer":"10.20.30.117","host.ip":"10.20.30.117","ProcessGuid":"{5c173f7f-b1cd-57f6-9a15-467b6d36addb}","ProcessId":57128,"Image":"C:\\Program Files\\firefox.exe","Description":"-","Product":"-","Company":"-","OriginalFileName":"firefox.exe","CommandLine":"\"C:\\Program Files\\firefox.exe\" --config update","CurrentDirectory":"C:\\Users\\hana.kim\\","User":"LARKSPUR\\hana.kim","IntegrityLevel":"Medium","Hashes":"MD5=4B599CC869B6C52A6518257C9E1ECE7D,SHA256=F13A214352C2167D6C527467068ED3A64751AED7C92C84714D6CB262ADC42EE1,IMPHASH=D3AAF055BE9A767B6CB864A44BA49974","ParentProcessGuid":"{00000000-0000-0000-0000-000000000000}","ParentProcessId":4,"ParentImage":"C:\\Windows\\explorer.exe"}
{"EventID":1,"UtcTime":"2026-03-09 17:10:21.509","Computer":"10.20.30.114","host.ip":"10.20.30.114","ProcessGuid":"{a591e3b4-554a-e97f-c0a1-dc9ed418b50a}","ProcessId":62496,"Image":"C:\\Program Files\\firefox.exe","Description":"-","Product":"-","Company":"-","OriginalFileName":"firefox.exe","CommandLine":"\"C:\\Program Files\\firefox.exe\" --config update","CurrentDirectory":"C:\\Users\\pat.oshea\\","User":"LARKSPUR\\pat.oshea","IntegrityLevel":"Medium","Hashes":"MD5=0BD87468722E2B0F30B33868754E5FCE,SHA256=9B980682282EF42A885537B6B8EABE0FBD35D1FEFA6A8AC042A28CE3886A06B7,IMPHASH=101676434C605EFCF2914AF66CD15365","ParentProcessGuid":"{00000000-0000-0000-0000-000000000000}","ParentProcessId":4,"ParentImage":"C:\\Windows\\explorer.exe"}
{"EventID":1,"UtcTime":"2026-03-09 17:18:09.856","Computer":"10.20.30.103","host.ip":"10.20.30.103","ProcessGuid":"{a1571bd8-5e35-0efd-adeb-077564068181}","ProcessId":46332,"Image":"C:\\Program Files\\msedge.exe","Description":"-","Product":"-","Company":"-","OriginalFileName":"msedge.exe","CommandLine":"\"C:\\Program Files\\msedge.exe\" --config update","CurrentDirectory":"C:\\Users\\lena.park\\","User":"LARKSPUR\\lena.park","IntegrityLevel":"Medium","Hashes":"MD5=AAB4360D0543FAD61F0B7CB7AC306DC1,SHA256=07E03C9E726CE189F828EF7F9CF23A9B569D951F116A25FA9BA92E9FB8878BDE,IMPHASH=AF0CDE9FFF4756866DD638594BFEB52D","ParentProcessGuid":"{00000000-0000-0000-0000-000000000000}","ParentProcessId":4,"ParentImage":"C:\\Windows\\explorer.exe"}
{"EventID":1,"UtcTime":"2026-03-09 17:32:40.275","Computer":"10.20.30.116","host.ip":"10.20.30.116","ProcessGuid":"{800bcb15-8df1-ebe4-8014-b225c895cb4d}","ProcessId":53908,"Image":"C:\\Program Files\\onedrive.exe","Description":"-","Product":"-","Company":"-","OriginalFileName":"onedrive.exe","CommandLine":"\"C:\\Program Files\\onedrive.exe\" --config update","CurrentDirectory":"C:\\Users\\luis.gomez\\","User":"LARKSPUR\\luis.gomez","IntegrityLevel":"Medium","Hashes":"MD5=8B6CC032850CCBF8E0D24CE5EC625000,SHA256=BE07682292782EC0B0ED76B5B673D043A2DB9E8F601E523DCD131AEF761E194C,IMPHASH=A70A9D62192A3FFF5A0EB131B50D513B","ParentProcessGuid":"{00000000-0000-0000-0000-000000000000}","ParentProcessId":4,"ParentImage":"C:\\Windows\\explorer.exe"}
{"EventID":1,"UtcTime":"2026-03-09 17:42:34.765","Computer":"10.20.30.102","host.ip":"10.20.30.102","ProcessGuid":"{68886627-8f73-d806-8288-3299b13c4c9c}","ProcessId":20532,"Image":"C:\\Program Files\\msedge.exe","Description":"-","Product":"-","Company":"-","OriginalFileName":"msedge.exe","CommandLine":"\"C:\\Program Files\\msedge.exe\" --config update","CurrentDirectory":"C:\\Users\\tom.becker\\","User":"LARKSPUR\\tom.becker","IntegrityLevel":"Medium","Hashes":"MD5=2EA083DACAF6551A5CAD3EA4A3E15E72,SHA256=86897123F09C4B3C2D46DE89DEA7C5413D652D7327D2A070C79062D0AA80DE95,IMPHASH=285490A56D6203EAB7781AC351A9AA57","ParentProcessGuid":"{00000000-0000-0000-0000-000000000000}","ParentProcessId":4,"ParentImage":"C:\\Windows\\explorer.exe"}
{"EventID":1,"UtcTime":"2026-03-09 17:44:35.397","Computer":"10.20.30.109","host.ip":"10.20.30.109","ProcessGuid":"{667c4ad4-a234-0077-a408-fec072ccdced}","ProcessId":30260,"Image":"C:\\Program Files\\chrome.exe","Description":"-","Product":"-","Company":"-","OriginalFileName":"chrome.exe","CommandLine":"\"C:\\Program Files\\chrome.exe\" --config update","CurrentDirectory":"C:\\Users\\sara.lund\\","User":"LARKSPUR\\sara.lund","IntegrityLevel":"Medium","Hashes":"MD5=4C16568BFB8CC342614C133A2D29432E,SHA256=5005241668E6C5D81A7BB08D147EFCA8706EA1E47657708FE6A183533C1D236A,IMPHASH=C9213625A464DAC6268BEA29F50CED7C","ParentProcessGuid":"{00000000-0000-0000-0000-000000000000}","ParentProcessId":4,"ParentImage":"C:\\Windows\\explorer.exe"}
{"EventID":1,"UtcTime":"2026-03-09 17:45:42.233","Computer":"10.20.40.12","host.ip":"10.20.40.12","ProcessGuid":"{e4009b78-6631-38f6-c7dd-aa11ae90bfd7}","ProcessId":6508,"Image":"C:\\Program Files\\msedge.exe","Description":"-","Product":"-","Company":"-","OriginalFileName":"msedge.exe","CommandLine":"\"C:\\Program Files\\msedge.exe\" --config update","CurrentDirectory":"C:\\Users\\svc.build\\","User":"LARKSPUR\\svc.build","IntegrityLevel":"Medium","Hashes":"MD5=307E0D7C11C291D78834EC81C5D514F6,SHA256=0534B503F6B4C701DED40954D1CD09268327C2953A8666FDEE2F7A7A56ACE5BC,IMPHASH=9BA702969912B7E6AE818340CFD80B58","ParentProcessGuid":"{00000000-0000-0000-0000-000000000000}","ParentProcessId":4,"ParentImage":"C:\\Windows\\explorer.exe"}
{"EventID":1,"UtcTime":"2026-03-09 17:48:10.360","Computer":"10.20.30.105","host.ip":"10.20.30.105","ProcessGuid":"{e3758438-24d2-07fe-874b-ce2aa571ebfe}","ProcessId":15580,"Image":"C:\\Program Files\\outlook.exe","Description":"-","Product":"-","Company":"-","OriginalFileName":"outlook.exe","CommandLine":"\"C:\\Program Files\\outlook.exe\" --config update","CurrentDirectory":"C:\\Users\\ivy.wong\\","User":"LARKSPUR\\ivy.wong","IntegrityLevel":"Medium","Hashes":"MD5=0ABEF27708C232308319AE2A3E36F6C4,SHA256=C163C89B6B897B29FB8217EF1B13EE6FE86C73818A04E57F83405DEA0B426F4B,IMPHASH=CA2E51F170DD5EC3D5FDB1853518F85C","ParentProcessGuid":"{00000000-0000-0000-0000-000000000000}","ParentProcessId":4,"ParentImage":"C:\\Windows\\explorer.exe"}
{"EventID":1,"UtcTime":"2026-03-09 18:01:48.584","Computer":"10.20.30.115","host.ip":"10.20.30.115","ProcessGuid":"{e1c1e7f2-c761-0e42-cbb0-b163033d6844}","ProcessId":16736,"Image":"C:\\Program Files\\firefox.exe","Description":"-","Product":"-","Company":"-","OriginalFileName":"firefox.exe","CommandLine":"\"C:\\Program Files\\firefox.exe\" --config update","CurrentDirectory":"C:\\Users\\yuki.tanaka\\","User":"LARKSPUR\\yuki.tanaka","IntegrityLevel":"Medium","Hashes":"MD5=E37B153082F5BD08046B292585445DC0,SHA256=CFB373CCD0789F687B6A04B6D0AD3A164A4B7B2B3A3C8372822CA87D73209380,IMPHASH=078065C17974D34A7028BB77209E8A04","ParentProcessGuid":"{00000000-0000-0000-0000-000000000000}","ParentProcessId":4,"ParentImage":"C:\\Windows\\explorer.exe"}
{"EventID":1,"UtcTime":"2026-03-09 18:05:00.150","Computer":"10.20.30.119","host.ip":"10.20.30.119","ProcessGuid":"{534c2a30-11da-49e8-de17-4e24d1c32309}","ProcessId":30032,"Image":"C:\\Program Files\\teams.exe","Description":"-","Product":"-","Company":"-","OriginalFileName":"teams.exe","CommandLine":"\"C:\\Program Files\\teams.exe\" --config update","CurrentDirectory":"C:\\Users\\zoe.marsh\\","User":"LARKSPUR\\zoe.marsh","IntegrityLevel":"Medium","Hashes":"MD5=20334B76147F64504D08BACF652F3FE9,SHA256=6E4FC74E401A691B6DD24DF742F57F76DDFA8D06C39F25AE4B6E766C9A70089B,IMPHASH=4C1B7D206BFB35693D865B3579B7DF93","ParentProcessGuid":"{00000000-0000-0000-0000-000000000000}","ParentProcessId":4,"ParentImage":"C:\\Windows\\explorer.exe"}
{"EventID":1,"UtcTime":"2026-03-09 18:08:05.717","Computer":"10.20.30.119","host.ip":"10.20.30.119","ProcessGuid":"{30ddcb35-5ff6-75f9-1ab3-80e663bbf285}","ProcessId":17664,"Image":"C:\\Program Files\\outlook.exe","Description":"-","Product":"-","Company":"-","OriginalFileName":"outlook.exe","CommandLine":"\"C:\\Program Files\\outlook.exe\" --config update","CurrentDirectory":"C:\\Users\\zoe.marsh\\","User":"LARKSPUR\\zoe.marsh","IntegrityLevel":"Medium","Hashes":"MD5=D116FE74E6FF5ADE55C0AF70C6646B10,SHA256=5B87FF80EF96700D88AB7853C32BF9AFD368AC3711041A09EC0EA4F2051B6D62,IMPHASH=1F694DC08D4AE65D3917A57466452E8F","ParentProcessGuid":"{00000000-0000-0000-0000-000000000000}","ParentProcessId":4,"ParentImage":"C:\\Windows\\explorer.exe"}
{"EventID":1,"UtcTime":"2026-03-09 18:18:20.876","Computer":"10.20.30.115","host.ip":"10.20.30.115","ProcessGuid":"{6cac6d94-03b7-fbb6-da38-d46d1684cfe0}","ProcessId":55644,"Image":"C:\\Program Files\\firefox.exe","Description":"-","Product":"-","Company":"-","OriginalFileName":"firefox.exe","CommandLine":"\"C:\\Program Files\\firefox.exe\" --config update","CurrentDirectory":"C:\\Users\\yuki.tanaka\\","User":"LARKSPUR\\yuki.tanaka","IntegrityLevel":"Medium","Hashes":"MD5=E37B153082F5BD08046B292585445DC0,SHA256=CFB373CCD0789F687B6A04B6D0AD3A164A4B7B2B3A3C8372822CA87D73209380,IMPHASH=078065C17974D34A7028BB77209E8A04","ParentProcessGuid":"{00000000-0000-0000-0000-000000000000}","ParentProcessId":4,"ParentImage":"C:\\Windows\\explorer.exe"}
{"EventID":1,"UtcTime":"2026-03-09 18:20:22.998","Computer":"10.20.30.119","host.ip":"10.20.30.119","ProcessGuid":"{ad2d8133-2215-885f-1629-2c3416463b82}","ProcessId":51020,"Image":"C:\\Program Files\\msedge.exe","Description":"-","Product":"-","Company":"-","OriginalFileName":"msedge.exe","CommandLine":"\"C:\\Program Files\\msedge.exe\" --config update","CurrentDirectory":"C:\\Users\\zoe.marsh\\","User":"LARKSPUR\\zoe.marsh","IntegrityLevel":"Medium","Hashes":"MD5=FE266EF2F04F46FB4BAB16B3D7B76B52,SHA256=A5E627B98D1BA115CF4E25ED475B62A3AC82FB497960065A5F18CF31B57962DC,IMPHASH=BCCC175D9B3586EFD09D7C5688C437BC","ParentProcessGuid":"{00000000-0000-0000-0000-000000000000}","ParentProcessId":4,"ParentImage":"C:\\Windows\\explorer.exe"}
{"EventID":1,"UtcTime":"2026-03-09 18:20:45.797","Computer":"10.20.30.110","host.ip":"10.20.30.110","ProcessGuid":"{784dfc6c-3bba-4e06-ebbb-8af197caf239}","ProcessId":2968,"Image":"C:\\Program Files\\msedge.exe","Description":"-","Product":"-","Company":"-","OriginalFileName":"msedge.exe","CommandLine":"\"C:\\Program Files\\msedge.exe\" --config update","CurrentDirectory":"C:\\Users\\raj.mehta\\","User":"LARKSPUR\\raj.mehta","IntegrityLevel":"Medium","Hashes":"MD5=2941F305DC31EE22D3E16DC053368A66,SHA256=DFE830F120E8A19EAA4AA40C9E2571DFA95B9557DD81F9AD1264140B105675B6,IMPHASH=5CF3557241AA82037147ECEE17D1D033","ParentProcessGuid":"{00000000-0000-0000-0000-000000000000}","ParentProcessId":4,"ParentImage":"C:\\Windows\\explorer.exe"}
{"EventID":1,"UtcTime":"2026-03-09 18:24:43.619","Computer":"10.20.30.111","host.ip":"10.20.30.111","ProcessGuid":"{dede5c7c-0330-cf68-fc05-c795cef34bcb}","ProcessId":48948,"Image":"C:\\Program Files\\teams.exe","Description":"-","Product":"-","Company":"-","OriginalFileName":"teams.exe","CommandLine":"\"C:\\Program Files\\teams.exe\" --config update","CurrentDirectory":"C:\\Users\\elle.dubois\\","User":"LARKSPUR\\elle.dubois","IntegrityLevel":"Medium","Hashes":"MD5=AE18EE865F89C36404CD0E8FE65A47A9,SHA256=618F4CE96A275D309590CB9CF5BC89CDA74355B08B7957125A30F53435C5B671,IMPHASH=B1BFB3DE735BA67BB6C7694D1A5847BF","ParentProcessGuid":"{00000000-0000-0000-0000-000000000000}","ParentProcessId":4,"ParentImage":"C:\\Windows\\explorer.exe"}
{"EventID":1,"UtcTime":"2026-03-09 18:25:09.523","Computer":"10.20.30.58","host.ip":"10.20.30.58","ProcessGuid":"{6bd01a81-6886-835e-bde0-91752fff840c}","ProcessId":50620,"Image":"C:\\Program Files\\chrome.exe","Description":"-","Product":"-","Company":"-","OriginalFileName":"chrome.exe","CommandLine":"\"C:\\Program Files\\chrome.exe\" --config update","CurrentDirectory":"C:\\Users\\dan.okoro\\","User":"LARKSPUR\\dan.okoro","IntegrityLevel":"Medium","Hashes":"MD5=19C1933C5FD7DA0AE27FCF9D5C4E7B00,SHA256=73AD93DD4EE4CDFDA8BA53E11161413027D0A7D80727A94AA755F18A9FDD4B14,IMPHASH=F8B93DE1C6B2DF3CF5A915FDCC3A761D","ParentProcessGuid":"{00000000-0000-0000-0000-000000000000}","ParentProcessId":4,"ParentImage":"C:\\Windows\\explorer.exe"}
{"EventID":1,"UtcTime":"2026-03-09 18:33:34.595","Computer":"10.20.40.12","host.ip":"10.20.40.12","ProcessGuid":"{ad78fe91-8056-9ec1-2e3b-d124b2c0a4de}","ProcessId":34316,"Image":"C:\\Program Files\\firefox.exe","Description":"-","Product":"-","Company":"-","OriginalFileName":"firefox.exe","CommandLine":"\"C:\\Program Files\\firefox.exe\" --config update","CurrentDirectory":"C:\\Users\\svc.build\\","User":"LARKSPUR\\svc.build","IntegrityLevel":"Medium","Hashes":"MD5=5E60BCF6C563729CB79209FE57B9DA71,SHA256=E67047D98A5ED0D4CB31C3684524C023AC9BD41C5D1A75357BD78B3ED936E29C,IMPHASH=D8BC505822D92D0C2F43B3C900CC422C","ParentProcessGuid":"{00000000-0000-0000-0000-000000000000}","ParentProcessId":4,"ParentImage":"C:\\Windows\\explorer.exe"}
{"EventID":1,"UtcTime":"2026-03-09 18:34:46.843","Computer":"10.20.30.101","host.ip":"10.20.30.101","ProcessGuid":"{de18de03-7048-f47a-30ad-e63b0dde4601}","ProcessId":9500,"Image":"C:\\Program Files\\chrome.exe","Description":"-","Product":"-","Company":"-","OriginalFileName":"chrome.exe","CommandLine":"\"C:\\Program Files\\chrome.exe\" --config update","CurrentDirectory":"C:\\Users\\mira.chen\\","User":"LARKSPUR\\mira.chen","IntegrityLevel":"Medium","Hashes":"MD5=34B98A3BB8BAB0BDF8D30AD2DC65F405,SHA256=9A97228E8FBDC6CCD0DF44B1434C42402910FDC87C75BC0697EE68AD7822CD5C,IMPHASH=BD7D7D0611E6919E37DF3D7F4F3017FF","ParentProcessGuid":"{00000000-0000-0000-0000-000000000000}","ParentProcessId":4,"ParentImage":"C:\\Windows\\explorer.exe"}
{"EventID":1,"UtcTime":"2026-03-09 18:34:59.643","Computer":"10.20.30.58","host.ip":"10.20.30.58","ProcessGuid":"{ee2a73dd-c953-bbb2-6172-3551b19398e1}","ProcessId":21272,"Image":"C:\\Program Files\\chrome.exe","Description":"-","Product":"-","Company":"-","OriginalFileName":"chrome.exe","CommandLine":"\"C:\\Program Files\\chrome.exe\" --config update","CurrentDirectory":"C:\\Users\\dan.okoro\\","User":"LARKSPUR\\dan.okoro","IntegrityLevel":"Medium","Hashes":"MD5=19C1933C5FD7DA0AE27FCF9D5C4E7B00,SHA256=73AD93DD4EE4CDFDA8BA53E11161413027D0A7D80727A94AA755F18A9FDD4B14,IMPHASH=F8B93DE1C6B2DF3CF5A915FDCC3A761D","ParentProcessGuid":"{00000000-0000-0000-0000-000000000000}","ParentProcessId":4,"ParentImage":"C:\\Windows\\explorer.exe"}
{"EventID":1,"UtcTime":"2026-03-09 18:36:05.515","Computer":"10.20.30.114","host.ip":"10.20.30.114","ProcessGuid":"{04b5e805-069e-9a52-10ed-0d3069754d1e}","ProcessId":30568,"Image":"C:\\Program Files\\outlook.exe","Description":"-","Product":"-","Company":"-","OriginalFileName":"outlook.exe","CommandLine":"\"C:\\Program Files\\outlook.exe\" --config update","CurrentDirectory":"C:\\Users\\pat.oshea\\","User":"LARKSPUR\\pat.oshea","IntegrityLevel":"Medium","Hashes":"MD5=1C3179EDE813130825F7997EE25EB542,SHA256=B6236217F9C4058E1F954752B59A98BBD595DB4FAF23EB98127079452B4514A1,IMPHASH=2B4ACFE43DCB17F6EBEE28F4188700E4","ParentProcessGuid":"{00000000-0000-0000-0000-000000000000}","ParentProcessId":4,"ParentImage":"C:\\Windows\\explorer.exe"}
{"EventID":1,"UtcTime":"2026-03-09 18:40:06.524","Computer":"10.20.30.105","host.ip":"10.20.30.105","ProcessGuid":"{0066e5ad-6d4d-ad06-2a8e-25bb4286e096}","ProcessId":27140,"Image":"C:\\Program Files\\firefox.exe","Description":"-","Product":"-","Company":"-","OriginalFileName":"firefox.exe","CommandLine":"\"C:\\Program Files\\firefox.exe\" --config update","CurrentDirectory":"C:\\Users\\ivy.wong\\","User":"LARKSPUR\\ivy.wong","IntegrityLevel":"Medium","Hashes":"MD5=D60586DD726A6C89E16D5A18A5F5B4EA,SHA256=E99C19A9D4BF57BD7F6CA3983CAE27502FB04EF248C592D30FB19AA51C97283B,IMPHASH=56BBF93592CE28C43FBE1C6D0CE67F63","ParentProcessGuid":"{00000000-0000-0000-0000-000000000000}","ParentProcessId":4,"ParentImage":"C:\\Windows\\explorer.exe"}
{"EventID":1,"UtcTime":"2026-03-09 18:40:29.328","Computer":"10.20.30.113","host.ip":"10.20.30.113","ProcessGuid":"{5754a3d5-7592-937e-2b46-a765a1d07fc6}","ProcessId":43056,"Image":"C:\\Program Files\\teams.exe","Description":"-","Product":"-","Company":"-","OriginalFileName":"teams.exe","CommandLine":"\"C:\\Program Files\\teams.exe\" --config update","CurrentDirectory":"C:\\Users\\anya.volkov\\","User":"LARKSPUR\\anya.volkov","IntegrityLevel":"Medium","Hashes":"MD5=A7F61B463A200D0D6795F25DBAB26A37,SHA256=15351F5A01D5EE3FC13C53BD44514376B8FFBE58CB14D3879D7249A4C17388A6,IMPHASH=5FB1E91E5F63641AEFF5452DF4DFEDCA","ParentProcessGuid":"{00000000-0000-0000-0000-000000000000}","ParentProcessId":4,"ParentImage":"C:\\Windows\\explorer.exe"}
{"EventID":1,"UtcTime":"2026-03-09 18:40:42.257","Computer":"10.20.30.41","host.ip":"10.20.30.41","ProcessGuid":"{a4fdaed1-4563-0299-eab9-53a5ea31278b}","ProcessId":56772,"Image":"C:\\Program Files\\chrome.exe","Description":"-","Product":"-","Company":"-","OriginalFileName":"chrome.exe","CommandLine":"\"C:\\Program Files\\chrome.exe\" --config update","CurrentDirectory":"C:\\Users\\priya.nair\\","User":"LARKSPUR\\priya.nair","IntegrityLevel":"Medium","Hashes":"MD5=84E255E92DF56199F639BCEB73DED827,SHA256=06C9C490B87B52ABA4660BFA2CA7CC18E1E01BB592E370D0BE3A55CB684E4255,IMPHASH=0F9C4A5E94D5591A3D70C38FC1E7E7C6","ParentProcessGuid":"{00000000-0000-0000-0000-000000000000}","ParentProcessId":4,"ParentImage":"C:\\Windows\\explorer.exe"}
{"EventID":1,"UtcTime":"2026-03-09 18:40:55.415","Computer":"10.20.30.108","host.ip":"10.20.30.108","ProcessGuid":"{fb5231df-96de-b6a7-ba1c-c04e4b25a42c}","ProcessId":46448,"Image":"C:\\Program Files\\firefox.exe","Description":"-","Product":"-","Company":"-","OriginalFileName":"firefox.exe","CommandLine":"\"C:\\Program Files\\firefox.exe\" --config update","CurrentDirectory":"C:\\Users\\ben.frost\\","User":"LARKSPUR\\ben.frost","IntegrityLevel":"Medium","Hashes":"MD5=FE72C51D5C7426A2F18ECA923C4525CF,SHA256=5DEFEACAC7D10E3131654A1F2848502438889291681A19005B7F51A901C99497,IMPHASH=B72219382E409F0CEC8C995B0A8C6A37","ParentProcessGuid":"{00000000-0000-0000-0000-000000000000}","ParentProcessId":4,"ParentImage":"C:\\Windows\\explorer.exe"}
{"EventID":1,"UtcTime":"2026-03-09 18:42:17.730","Computer":"10.20.30.103","host.ip":"10.20.30.103","ProcessGuid":"{9e7b1856-f3c5-b43b-539c-05d0b02ca270}","ProcessId":14384,"Image":"C:\\Program Files\\teams.exe","Description":"-","Product":"-","Company":"-","OriginalFileName":"teams.exe","CommandLine":"\"C:\\Program Files\\teams.exe\" --config update","CurrentDirectory":"C:\\Users\\lena.park\\","User":"LARKSPUR\\lena.park","IntegrityLevel":"Medium","Hashes":"MD5=C6A4DB880F4C22F7896ABE0EBD91AB99,SHA256=EFA2EEF683E4E194ADEAC984DEA971C0B8A61C0FD064EFD0BE4FF474B6952A4E,IMPHASH=FE2BD3DFF78A2102802800862814E644","ParentProcessGuid":"{00000000-0000-0000-0000-000000000000}","ParentProcessId":4,"ParentImage":"C:\\Windows\\explorer.exe"}
{"EventID":1,"UtcTime":"2026-03-09 18:43:36.519","Computer":"10.20.30.112","host.ip":"10.20.30.112","ProcessGuid":"{09fc7e61-c56a-f39f-7de3-303fdb2007b6}","ProcessId":54240,"Image":"C:\\Program Files\\onedrive.exe","Description":"-","Product":"-","Company":"-","OriginalFileName":"onedrive.exe","CommandLine":"\"C:\\Program Files\\onedrive.exe\" --config update","CurrentDirectory":"C:\\Users\\kofi.mensah\\","User":"LARKSPUR\\kofi.mensah","IntegrityLevel":"Medium","Hashes":"MD5=56653C91E35702599ADB74FDAEA4EEAC,SHA256=AEF8F8E58DEA647CA163D46D90ED4E2DAF4747F78B1C9D0BE8900CC8A3249835,IMPHASH=B4ED424BD73CB58A6CC51F1C2C8632B8","ParentProcessGuid":"{00000000-0000-0000-0000-000000000000}","ParentProcessId":4,"ParentImage":"C:\\Windows\\explorer.exe"}
{"EventID":1,"UtcTime":"2026-03-09 18:57:13.843","Computer":"10.20.30.106","host.ip":"10.20.30.106","ProcessGuid":"{a7e071c4-8cac-bab2-7127-df1e62e52dd1}","ProcessId":33488,"Image":"C:\\Program Files\\msedge.exe","Description":"-","Product":"-","Company":"-","OriginalFileName":"msedge.exe","CommandLine":"\"C:\\Program Files\\msedge.exe\" --config update","CurrentDirectory":"C:\\Users\\carl.jung\\","User":"LARKSPUR\\carl.jung","IntegrityLevel":"Medium","Hashes":"MD5=8025F31716E0FDE97A130200D3F1EDF2,SHA256=14039B64DEA57747D96A356FE578E3ABBBE14F0C7E13BD1B9E6D2867853B2A8A,IMPHASH=087038EFF058BFFD953D298305226390","ParentProcessGuid":"{00000000-0000-0000-0000-000000000000}","ParentProcessId":4,"ParentImage":"C:\\Windows\\explorer.exe"}
{"EventID":1,"UtcTime":"2026-03-09 18:59:17.711","Computer":"10.20.30.119","host.ip":"10.20.30.119","ProcessGuid":"{227bed63-f895-1932-a94e-37725ce874dd}","ProcessId":23880,"Image":"C:\\Program Files\\outlook.exe","Description":"-","Product":"-","Company":"-","OriginalFileName":"outlook.exe","CommandLine":"\"C:\\Program Files\\outlook.exe\" --config update","CurrentDirectory":"C:\\Users\\zoe.marsh\\","User":"LARKSPUR\\zoe.marsh","IntegrityLevel":"Medium","Hashes":"MD5=D116FE74E6FF5ADE55C0AF70C6646B10,SHA256=5B87FF80EF96700D88AB7853C32BF9AFD368AC3711041A09EC0EA4F2051B6D62,IMPHASH=1F694DC08D4AE65D3917A57466452E8F","ParentProcessGuid":"{00000000-0000-0000-0000-000000000000}","ParentProcessId":4,"ParentImage":"C:\\Windows\\explorer.exe"}
{"EventID":1,"UtcTime":"2026-03-09 19:01:24.755","Computer":"10.20.30.115","host.ip":"10.20.30.115","ProcessGuid":"{1e069877-a2fc-37bf-6bd9-2cc1c0fd12ce}","ProcessId":26492,"Image":"C:\\Program Files\\onedrive.exe","Description":"-","Product":"-","Company":"-","OriginalFileName":"onedrive.exe","CommandLine":"\"C:\\Program Files\\onedrive.exe\" --config update","CurrentDirectory":"C:\\Users\\yuki.tanaka\\","User":"LARKSPUR\\yuki.tanaka","IntegrityLevel":"Medium","Hashes":"MD5=99DB04B8710E5071D6EF917FB3080160,SHA256=7B3F2AAE98B706928EBBA2E7154954F98741B7F20F506B0101509C71DB0B8613,IMPHASH=E5CD0FE3397496512F321CE617863F23","ParentProcessGuid":"{00000000-0000-0000-0000-000000000000}","ParentProcessId":4,"ParentImage":"C:\\Windows\\explorer.exe"}
{"EventID":1,"UtcTime":"2026-03-09 19:03:06.040","Computer":"10.20.30.113","host.ip":"10.20.30.113","ProcessGuid":"{6a6291c4-5e56-d42a-bd05-29e4ca238ed0}","ProcessId":36720,"Image":"C:\\Program Files\\teams.exe","Description":"-","Product":"-","Company":"-","OriginalFileName":"teams.exe","CommandLine":"\"C:\\Program Files\\teams.exe\" --config update","CurrentDirectory":"C:\\Users\\anya.volkov\\","User":"LARKSPUR\\anya.volkov","IntegrityLevel":"Medium","Hashes":"MD5=A7F61B463A200D0D6795F25DBAB26A37,SHA256=15351F5A01D5EE3FC13C53BD44514376B8FFBE58CB14D3879D7249A4C17388A6,IMPHASH=5FB1E91E5F63641AEFF5452DF4DFEDCA","ParentProcessGuid":"{00000000-0000-0000-0000-000000000000}","ParentProcessId":4,"ParentImage":"C:\\Windows\\explorer.exe"}
