{"EventID":1,"UtcTime":"2026-03-09 19:03:39.479","Computer":"10.20.30.105","host.ip":"10.20.30.105","ProcessGuid":"{fa4c8605-c686-95c5-3d31-61e345cfc971}","ProcessId":24748,"Image":"C:\\Program Files\\onedrive.exe","Description":"-","Product":"-","Company":"-","OriginalFileName":"onedrive.exe","CommandLine":"\"C:\\Program Files\\onedrive.exe\" --config update","CurrentDirectory":"C:\\Users\\ivy.wong\\","User":"LARKSPUR\\ivy.wong","IntegrityLevel":"Medium","Hashes":"MD5=9BC905F2155B10EF265DCE172F4BC1F8,SHA256=81107CBE71C581AD3D9910990D78F4C9BB4445C8C0F5C32C02390FB61D3D656F,IMPHASH=F56AAF361E3F9CDE4AFFE0A440C68DF3","ParentProcessGuid":"{00000000-0000-0000-0000-000000000000}","ParentProcessId":4,"ParentImage":"C:\\Windows\\explorer.exe"}
{"EventID":1,"UtcTime":"2026-03-09 19:05:35.387","Computer":"10.20.30.117","host.ip":"10.20.30.117","ProcessGuid":"{0e89915c-c508-b51e-8a7e-c05018b8ec1f}","ProcessId":59228,"Image":"C:\\Program Files\\outlook.exe","Description":"-","Product":"-","Company":"-","OriginalFileName":"outlook.exe","CommandLine":"\"C:\\Program Files\\outlook.exe\" --config update","CurrentDirectory":"C:\\Users\\hana.kim\\","User":"LARKSPUR\\hana.kim","IntegrityLevel":"Medium","Hashes":"MD5=B58258B05551D2272C8B1571F2158934,SHA256=EFC580A93B1A03EB66E082D044921DAD241E2F4688780FDF9E5591D3EC65C6B1,IMPHASH=EE187F6960C3D8CA208177A5E8DC400D","ParentProcessGuid":"{00000000-0000-0000-0000-000000000000}","ParentProcessId":4,"ParentImage":"C:\\Windows\\explorer.exe"}
{"EventID":1,"UtcTime":"2026-03-09 19:15:53.660","Computer":"10.20.30.110","host.ip":"10.20.30.110","ProcessGuid":"{3f2c6dd1-e7af-ef26-871f-2b14b2ea6f52}","ProcessId":26796,"Image":"C:\\Program Files\\firefox.exe","Description":"-","Product":"-","Company":"-","OriginalFileName":"firefox.exe","CommandLine":"\"C:\\Program Files\\firefox.exe\" --config update","CurrentDirectory":"C:\\Users\\raj.mehta\\","User":"LARKSPUR\\raj.mehta","IntegrityLevel":"Medium","Hashes":"MD5=6F3FD1769314839C3BB54D448B8F1AF7,SHA256=60D4E5189B2BC7577C9990F6516A1F4E70EAD73A6741F57CB3AD5EEF774C48CB,IMPHASH=1596E80FA5F72DC492E1373193CCB43B","ParentProcessGuid":"{00000000-0000-0000-0000-000000000000}","ParentProcessId":4,"ParentImage":"C:\\Windows\\explorer.exe"}
{"EventID":1,"UtcTime":"2026-03-09 19:16:33.654","Computer":"10.20.30.58","host.ip":"10.20.30.58","ProcessGuid":"{2e762cc1-0dcb-c778-ef6c-e5e32380089b}","ProcessId":32008,"Image":"C:\\Program Files\\firefox.exe","Description":"-","Product":"-","Company":"-","OriginalFileName":"firefox.exe","CommandLine":"\"C:\\Program Files\\firefox.exe\" --config update","CurrentDirectory":"C:\\Users\\dan.okoro\\","User":"LARKSPUR\\dan.okoro","IntegrityLevel":"Medium","Hashes":"MD5=C9569F03CE85BE3AF0D05EF7E24974BD,SHA256=9BA69D6D4C8D417481C636F3EDAA91D769636D58EB368DC22D820F1478518F1E,IMPHASH=334C74D21F7674005CEEC106FFB6294F","ParentProcessGuid":"{00000000-0000-0000-0000-000000000000}","ParentProcessId":4,"ParentImage":"C:\\Windows\\explorer.exe"}
{"EventID":1,"UtcTime":"2026-03-09 19:20:21.460","Computer":"10.20.30.108","host.ip":"10.20.30.108","ProcessGuid":"{ac57ac26-99a0-8d1c-a1a7-983c2d6ee752}","ProcessId":10488,"Image":"C:\\Program Files\\chrome.exe","Description":"-","Product":"-","Company":"-","OriginalFileName":"chrome.exe","CommandLine":"\"C:\\Program Files\\chrome.exe\" --config update","CurrentDirectory":"C:\\Users\\ben.frost\\","User":"LARKSPUR\\ben.frost","IntegrityLevel":"Medium","Hashes":"MD5=BF922920797E5AE5764FF8CCED710A2A,SHA256=99734659B4C9B56CE4D7D58B6D4780CDCFFA6B382DB7B81922F153359A49A5DE,IMPHASH=589A35A7B2BB4306DB500CD4ACA26AFA","ParentProcessGuid":"{00000000-0000-0000-0000-000000000000}","ParentProcessId":4,"ParentImage":"C:\\Windows\\explorer.exe"}
{"EventID":1,"UtcTime":"2026-03-09 19:22:54.344","Computer":"10.20.30.122","host.ip":"10.20.30.122","ProcessGuid":"{34df49cd-83d3-f0ca-ddb2-3d9b37b7beb0}","ProcessId":4996,"Image":"C:\\Program Files\\msedge.exe","Description":"-","Product":"-","Company":"-","OriginalFileName":"msedge.exe","CommandLine":"\"C:\\Program Files\\msedge.exe\" --config update","CurrentDirectory":"C:\\Users\\gita.rao\\","User":"LARKSPUR\\gita.rao","IntegrityLevel":"Medium","Hashes":"MD5=2396F4A21F4D15C5B1C9EB7A628AB37C,SHA256=917FD1A0C2FEC24806AF8C165A9D41F2EE92F6CD634030CD88A6E5D3043F0F89,IMPHASH=143A53BC734C827BA3BFD35A99EF963A","ParentProcessGuid":"{00000000-0000-0000-0000-000000000000}","ParentProcessId":4,"ParentImage":"C:\\Windows\\explorer.exe"}
{"EventID":1,"UtcTime":"2026-03-09 19:25:20.222","Computer":"10.20.30.101","host.ip":"10.20.30.101","ProcessGuid":"{05ca4489-2dc2-fc0c-83bb-5fb3a50142fe}","ProcessId":20516,"Image":"C:\\Program Files\\onedrive.exe","Description":"-","Product":"-","Company":"-","OriginalFileName":"onedrive.exe","CommandLine":"\"C:\\Program Files\\onedrive.exe\" --config update","CurrentDirectory":"C:\\Users\\mira.chen\\","User":"LARKSPUR\\mira.chen","IntegrityLevel":"Medium","Hashes":"MD5=599B9A71BE27779F4D4537E3214D4EE5,SHA256=B62A9819DAB32FB4D3FAA757FF5E9CD88AC1A295CF3DB5341130F9F0E4FE9435,IMPHASH=A544B2C46516E2EACA91FEAC6BDC3496","ParentProcessGuid":"{00000000-0000-0000-0000-000000000000}","ParentProcessId":4,"ParentImage":"C:\\Windows\\explorer.exe"}
{"EventID":1,"UtcTime":"2026-03-09 19:28:19.480","Computer":"10.20.30.120","host.ip":"10.20.30.120","ProcessGuid":"{058faa42-d4d8-6c1a-a81a-f2e894107850}","ProcessId":35048,"Image":"C:\\Program Files\\Code.exe","Description":"-","Product":"-","Company":"-","OriginalFileName":"Code.exe","CommandLine":"\"C:\\Program Files\\Code.exe\" --config update","CurrentDirectory":"C:\\Users\\dev.patel\\","User":"LARKSPUR\\dev.patel","IntegrityLevel":"Medium","Hashes":"MD5=C35ADEC54C1FF727FE0401F79AA346F2,SHA256=E4D132D7DCBD381D5107DD2FC3E61C7DF19BD7F2E5CFF35F7684C31393E45F25,IMPHASH=957B28271FFEE60C2D0C2C7CA0474417","ParentProcessGuid":"{00000000-0000-0000-0000-000000000000}","ParentProcessId":4,"ParentImage":"C:\\Windows\\explorer.exe"}
{"EventID":1,"UtcTime":"2026-03-09 19:28:43.798","Computer":"10.20.30.119","host.ip":"10.20.30.119","ProcessGuid":"{69457460-29eb-673e-80e8-4518d481921f}","ProcessId":9296,"Image":"C:\\Program Files\\firefox.exe","Description":"-","Product":"-","Company":"-","OriginalFileName":"firefox.exe","CommandLine":"\"C:\\Program Files\\firefox.exe\" --config update","CurrentDirectory":"C:\\Users\\zoe.marsh\\","User":"LARKSPUR\\zoe.marsh","IntegrityLevel":"Medium","Hashes":"MD5=20B8FCAA8EDBECF93CE12CD678966FAA,SHA256=071D06DB04B7B673CF117FF044E79C1F726DDB37B1CEA8D75B8D9BD893EBD817,IMPHASH=D6D0CA38AB50A851D5C94D556548100C","ParentProcessGuid":"{00000000-0000-0000-0000-000000000000}","ParentProcessId":4,"ParentImage":"C:\\Windows\\explorer.exe"}
{"EventID":1,"UtcTime":"2026-03-09 19:30:38.852","Computer":"10.20.30.41","host.ip":"10.20.30.41","ProcessGuid":"{3314a5a4-831b-67c4-0849-a5b02276643a}","ProcessId":45260,"Image":"C:\\Program Files\\chrome.exe","Description":"-","Product":"-","Company":"-","OriginalFileName":"chrome.exe","CommandLine":"\"C:\\Program Files\\chrome.exe\" --config update","CurrentDirectory":"C:\\Users\\priya.nair\\","User":"LARKSPUR\\priya.nair","IntegrityLevel":"Medium","Hashes":"MD5=84E255E92DF56199F639BCEB73DED827,SHA256=06C9C490B87B52ABA4660BFA2CA7CC18E1E01BB592E370D0BE3A55CB684E4255,IMPHASH=0F9C4A5E94D5591A3D70C38FC1E7E7C6","ParentProcessGuid":"{00000000-0000-0000-0000-000000000000}","ParentProcessId":4,"ParentImage":"C:\\Windows\\explorer.exe"}
{"EventID":1,"UtcTime":"2026-03-09 19:33:40.103","Computer":"10.20.30.115","host.ip":"10.20.30.115","ProcessGuid":"{cb678e45-a17f-1fc2-fb62-ec3dd1ff851d}","ProcessId":23252,"Image":"C:\\Program Files\\onedrive.exe","Description":"-","Product":"-","Company":"-","OriginalFileName":"onedrive.exe","CommandLine":"\"C:\\Program Files\\onedrive.exe\" --config update","CurrentDirectory":"C:\\Users\\yuki.tanaka\\","User":"LARKSPUR\\yuki.tanaka","IntegrityLevel":"Medium","Hashes":"MD5=99DB04B8710E5071D6EF917FB3080160,SHA256=7B3F2AAE98B706928EBBA2E7154954F98741B7F20F506B0101509C71DB0B8613,IMPHASH=E5CD0FE3397496512F321CE617863F23","ParentProcessGuid":"{00000000-0000-0000-0000-000000000000}","ParentProcessId":4,"ParentImage":"C:\\Windows\\explorer.exe"}
{"EventID":1,"UtcTime":"2026-03-09 19:40:10.889","Computer":"10.20.30.117","host.ip":"10.20.30.117","ProcessGuid":"{63981092-b5d9-a4b9-3689-0c46fe5dc4a4}","ProcessId":39756,"Image":"C:\\Program Files\\onedrive.exe","Description":"-","Product":"-","Company":"-","OriginalFileName":"onedrive.exe","CommandLine":"\"C:\\Program Files\\onedrive.exe\" --config update","CurrentDirectory":"C:\\Users\\hana.kim\\","User":"LARKSPUR\\hana.kim","IntegrityLevel":"Medium","Hashes":"MD5=0985022E658CB5737F8EDE3A9152957C,SHA256=28F98403C31244A20341CCA0E7C4B6B316B9E26B4CF4FCD67EB02229997B21C3,IMPHASH=2A66D43043F98C96077B5B603251841A","ParentProcessGuid":"{00000000-0000-0000-0000-000000000000}","ParentProcessId":4,"ParentImage":"C:\\Windows\\explorer.exe"}
{"EventID":1,"UtcTime":"2026-03-09 19:44:43.114","Computer":"10.20.30.120","host.ip":"10.20.30.120","ProcessGuid":"{ebef1fb3-582c-cfca-1336-67a1a9beba23}","ProcessId":27712,"Image":"C:\\Program Files\\msedge.exe","Description":"-","Product":"-","Company":"-","OriginalFileName":"msedge.exe","CommandLine":"\"C:\\Program Files\\msedge.exe\" --config update","CurrentDirectory":"C:\\Users\\dev.patel\\","User":"LARKSPUR\\dev.patel","IntegrityLevel":"Medium","Hashes":"MD5=BEA33CFE7C6EDC15F8CF8096FF08E560,SHA256=698834585380B4E037F8413B85B8FE7A90994A0C31EC8564955D752674DB4194,IMPHASH=850578058F4C7E8D879DA51F0D269E1C","ParentProcessGuid":"{00000000-0000-0000-0000-000000000000}","ParentProcessId":4,"ParentImage":"C:\\Windows\\explorer.exe"}
{"EventID":1,"UtcTime":"2026-03-09 19:49:08.799","Computer":"10.20.30.112","host.ip":"10.20.30.112","ProcessGuid":"{03a3b32e-93c2-55e5-d07b-de90fa817510}","ProcessId":1648,"Image":"C:\\Program Files\\chrome.exe","Description":"-","Product":"-","Company":"-","OriginalFileName":"chrome.exe","CommandLine":"\"C:\\Program Files\\chrome.exe\" --config update","CurrentDirectory":"C:\\Users\\kofi.mensah\\","User":"LARKSPUR\\kofi.mensah","IntegrityLevel":"Medium","Hashes":"MD5=5D3FE955E57783E7577AC607FD8B5BC6,SHA256=0E5C401E2DB9CE1CFE0A2ECA2D5CF0F00DDD89D2B226432472722A8B9DCDBFF7,IMPHASH=472277F1B831650937CD6B9A23C7B9A5","ParentProcessGuid":"{00000000-0000-0000-0000-000000000000}","ParentProcessId":4,"ParentImage":"C:\\Windows\\explorer.exe"}
{"EventID":1,"UtcTime":"2026-03-09 19:53:00.236","Computer":"10.20.30.41","host.ip":"10.20.30.41","ProcessGuid":"{1d0c171f-254e-235a-74e6-d8da1a1dc576}","ProcessId":5152,"Image":"C:\\Program Files\\msedge.exe","Description":"-","Product":"-","Company":"-","OriginalFileName":"msedge.exe","CommandLine":"\"C:\\Program Files\\msedge.exe\" --config update","CurrentDirectory":"C:\\Users\\priya.nair\\","User":"LARKSPUR\\priya.nair","IntegrityLevel":"Medium","Hashes":"MD5=D69D09BD74DD04D79E11ECF642DFF77C,SHA256=93E5BA25877E754B7534A6F66DA80A8E4BB69F9869B53FC03934FEE948719032,IMPHASH=77243408446F8C812167A2C3CB443EA0","ParentProcessGuid":"{00000000-0000-0000-0000-000000000000}","ParentProcessId":4,"ParentImage":"C:\\Windows\\explorer.exe"}
{"EventID":1,"UtcTime":"2026-03-09 19:53:43.197","Computer":"10.20.30.114","host.ip":"10.20.30.114","ProcessGuid":"{5c5eab2a-b880-ac06-17c5-0c34c5aa1379}","ProcessId":4544,"Image":"C:\\Program Files\\firefox.exe","Description":"-","Product":"-","Company":"-","OriginalFileName":"firefox.exe","CommandLine":"\"C:\\Program Files\\firefox.exe\" --config update","CurrentDirectory":"C:\\Users\\pat.oshea\\","User":"LARKSPUR\\pat.oshea","IntegrityLevel":"Medium","Hashes":"MD5=0BD87468722E2B0F30B33868754E5FCE,SHA256=9B980682282EF42A885537B6B8EABE0FBD35D1FEFA6A8AC042A28CE3886A06B7,IMPHASH=101676434C605EFCF2914AF66CD15365","ParentProcessGuid":"{00000000-0000-0000-0000-000000000000}","ParentProcessId":4,"ParentImage":"C:\\Windows\\explorer.exe"}
{"EventID":1,"UtcTime":"2026-03-09 19:53:51.880","Computer":"10.20.30.104","host.ip":"10.20.30.104","ProcessGuid":"{647dc593-c8bd-6793-3944-f38a00ba050e}","ProcessId":55060,"Image":"C:\\Program Files\\outlook.exe","Description":"-","Product":"-","Company":"-","OriginalFileName":"outlook.exe","CommandLine":"\"C:\\Program Files\\outlook.exe\" --config update","CurrentDirectory":"C:\\Users\\omar.said\\","User":"LARKSPUR\\omar.said","IntegrityLevel":"Medium","Hashes":"MD5=B93BF51775CCE902BF32ED14E9753EED,SHA256=B1ABBEBF77E3B46C50D7C984048947F02FF46B0ED9059541367F4A10FC62FCA6,IMPHASH=940EB82307F094B3127ECCD06D7135B5","ParentProcessGuid":"{00000000-0000-0000-0000-000000000000}","ParentProcessId":4,"ParentImage":"C:\\Windows\\explorer.exe"}
{"EventID":1,"UtcTime":"2026-03-09 19:54:13.995","Computer":"10.20.30.103","host.ip":"10.20.30.103","ProcessGuid":"{54906307-35cc-6b33-f7a8-841bcbef76c5}","ProcessId":48236,"Image":"C:\\Program Files\\teams.exe","Description":"-","Product":"-","Company":"-","OriginalFileName":"teams.exe","CommandLine":"\"C:\\Program Files\\teams.exe\" --config update","CurrentDirectory":"C:\\Users\\lena.park\\","User":"LARKSPUR\\lena.park","IntegrityLevel":"Medium","Hashes":"MD5=C6A4DB880F4C22F7896ABE0EBD91AB99,SHA256=EFA2EEF683E4E194ADEAC984DEA971C0B8A61C0FD064EFD0BE4FF474B6952A4E,IMPHASH=FE2BD3DFF78A2102802800862814E644","ParentProcessGuid":"{00000000-0000-0000-0000-000000000000}","ParentProcessId":4,"ParentImage":"C:\\Windows\\explorer.exe"}
{"EventID":1,"UtcTime":"2026-03-09 19:56:48.694","Computer":"10.20.30.104","host.ip":"10.20.30.104","ProcessGuid":"{04b3a89d-6284-a56f-17cf-5c97fb5569b6}","ProcessId":54500,"Image":"C:\\Program Files\\onedrive.exe","Description":"-","Product":"-","Company":"-","OriginalFileName":"onedrive.exe","CommandLine":"\"C:\\Program Files\\onedrive.exe\" --config update","CurrentDirectory":"C:\\Users\\omar.said\\","User":"LARKSPUR\\omar.said","IntegrityLevel":"Medium","Hashes":"MD5=6B32035DC80316D994C2FE05684BAE4B,SHA256=675209821F9EDD922223F2ADCDD28A2E488DEBFD979445384A6FEB0288270FFE,IMPHASH=CD7C27D2C3D8967A107E55F4D48CEC4D","ParentProcessGuid":"{00000000-0000-0000-0000-000000000000}","ParentProcessId":4,"ParentImage":"C:\\Windows\\explorer.exe"}
