{"EventID":3,"UtcTime":"2026-03-09 18:10:45.298","Computer":"10.20.30.41","ProcessGuid":"{f994d776-f83a-288b-31ae-c16e2d3e9c81}","ProcessId":2008,"Image":"bastion-sensor.exe","User":"NT AUTHORITY\\SYSTEM","Protocol":"tcp","SourceIp":"10.20.30.41","SourcePort":65166,"DestinationIp":"104.18.22.51","DestinationPort":443}
{"EventID":3,"UtcTime":"2026-03-09 18:10:50.511","Computer":"10.20.30.41","ProcessGuid":"{18d8f26f-d16e-7c42-cc7a-bb96b22125cd}","ProcessId":2008,"Image":"node-bridge.exe","User":"LARKSPUR\\priya.nair","Protocol":"tcp","SourceIp":"10.20.30.41","SourcePort":56242,"DestinationIp":"193.42.33.81","DestinationPort":443}
{"EventID":3,"UtcTime":"2026-03-09 18:11:15.102","Computer":"10.20.30.41","ProcessGuid":"{f994d776-f83a-288b-31ae-c16e2d3e9c81}","ProcessId":2008,"Image":"bastion-sensor.exe","User":"NT AUTHORITY\\SYSTEM","Protocol":"tcp","SourceIp":"10.20.30.41","SourcePort":58065,"DestinationIp":"104.18.22.51","DestinationPort":443}
{"EventID":3,"UtcTime":"2026-03-09 18:11:34.213","Computer":"10.20.30.41","ProcessGuid":"{18d8f26f-d16e-7c42-cc7a-bb96b22125cd}","ProcessId":2008,"Image":"node-bridge.exe","User":"LARKSPUR\\priya.nair","Protocol":"tcp","SourceIp":"10.20.30.41","SourcePort":51712,"DestinationIp":"193.42.33.81","DestinationPort":443}
{"EventID":3,"UtcTime":"2026-03-09 18:11:45.299","Computer":"10.20.30.41","ProcessGuid":"{f994d776-f83a-288b-31ae-c16e2d3e9c81}","ProcessId":2008,"Image":"bastion-sensor.exe","User":"NT AUTHORITY\\SYSTEM","Protocol":"tcp","SourceIp":"10.20.30.41","SourcePort":58835,"DestinationIp":"104.18.22.51","DestinationPort":443}
{"EventID":3,"UtcTime":"2026-03-09 18:12:15.187","Computer":"10.20.30.41","ProcessGuid":"{f994d776-f83a-288b-31ae-c16e2d3e9c81}","ProcessId":2008,"Image":"bastion-sensor.exe","User":"NT AUTHORITY\\SYSTEM","Protocol":"tcp","SourceIp":"10.20.30.41","SourcePort":57353,"DestinationIp":"104.18.22.51","DestinationPort":443}
{"EventID":3,"UtcTime":"2026-03-09 18:12:20.889","Computer":"10.20.30.41","ProcessGuid":"{18d8f26f-d16e-7c42-cc7a-bb96b22125cd}","ProcessId":2008,"Image":"node-bridge.exe","User":"LARKSPUR\\priya.nair","Protocol":"tcp","SourceIp":"10.20.30.41","SourcePort":55720,"DestinationIp":"193.42.33.81","DestinationPort":443}
{"EventID":3,"UtcTime":"2026-03-09 18:12:45.250","Computer":"10.20.30.41","ProcessGuid":"{f994d776-f83a-288b-31ae-c16e2d3e9c81}","ProcessId":2008,"Image":"bastion-sensor.exe","User":"NT AUTHORITY\\SYSTEM","Protocol":"tcp","SourceIp":"10.20.30.41","SourcePort":52683,"DestinationIp":"104.18.22.51","DestinationPort":443}
{"EventID":3,"UtcTime":"2026-03-09 18:13:04.135","Computer":"10.20.30.41","ProcessGuid":"{18d8f26f-d16e-7c42-cc7a-bb96b22125cd}","ProcessId":2008,"Image":"node-bridge.exe","User":"LARKSPUR\\priya.nair","Protocol":"tcp","SourceIp":"10.20.30.41","SourcePort":63930,"DestinationIp":"193.42.33.81","DestinationPort":443}
{"EventID":3,"UtcTime":"2026-03-09 18:13:15.441","Computer":"10.20.30.41","ProcessGuid":"{f994d776-f83a-288b-31ae-c16e2d3e9c81}","ProcessId":2008,"Image":"bastion-sensor.exe","User":"NT AUTHORITY\\SYSTEM","Protocol":"tcp","SourceIp":"10.20.30.41","SourcePort":56008,"DestinationIp":"104.18.22.51","DestinationPort":443}
{"EventID":3,"UtcTime":"2026-03-09 18:13:45.870","Computer":"10.20.30.41","ProcessGuid":"{f994d776-f83a-288b-31ae-c16e2d3e9c81}","ProcessId":2008,"Image":"bastion-sensor.exe","User":"NT AUTHORITY\\SYSTEM","Protocol":"tcp","SourceIp":"10.20.30.41","SourcePort":57457,"DestinationIp":"104.18.22.51","DestinationPort":443}
{"EventID":3,"UtcTime":"2026-03-09 18:13:52.368","Computer":"10.20.30.41","ProcessGuid":"{18d8f26f-d16e-7c42-cc7a-bb96b22125cd}","ProcessId":2008,"Image":"node-bridge.exe","User":"LARKSPUR\\priya.nair","Protocol":"tcp","SourceIp":"10.20.30.41","SourcePort":63473,"DestinationIp":"193.42.33.81","DestinationPort":443}
{"EventID":3,"UtcTime":"2026-03-09 18:14:16.215","Computer":"10.20.30.41","ProcessGuid":"{f994d776-f83a-288b-31ae-c16e2d3e9c81}","ProcessId":2008,"Image":"bastion-sensor.exe","User":"NT AUTHORITY\\SYSTEM","Protocol":"tcp","SourceIp":"10.20.30.41","SourcePort":54096,"DestinationIp":"104.18.22.51","DestinationPort":443}
{"EventID":3,"UtcTime":"2026-03-09 18:14:34.376","Computer":"10.20.30.41","ProcessGuid":"{18d8f26f-d16e-7c42-cc7a-bb96b22125cd}","ProcessId":2008,"Image":"node-bridge.exe","User":"LARKSPUR\\priya.nair","Protocol":"tcp","SourceIp":"10.20.30.41","SourcePort":57989,"DestinationIp":"193.42.33.81","DestinationPort":443}
{"EventID":3,"UtcTime":"2026-03-09 18:14:45.887","Computer":"10.20.30.41","ProcessGuid":"{f994d776-f83a-288b-31ae-c16e2d3e9c81}","ProcessId":2008,"Image":"bastion-sensor.exe","User":"NT AUTHORITY\\SYSTEM","Protocol":"tcp","SourceIp":"10.20.30.41","SourcePort":52415,"DestinationIp":"104.18.22.51","DestinationPort":443}
{"EventID":3,"UtcTime":"2026-03-09 18:15:16.060","Computer":"10.20.30.41","ProcessGuid":"{f994d776-f83a-288b-31ae-c16e2d3e9c81}","ProcessId":2008,"Image":"bastion-sensor.exe","User":"NT AUTHORITY\\SYSTEM","Protocol":"tcp","SourceIp":"10.20.30.41","SourcePort":53092,"DestinationIp":"104.18.22.51","DestinationPort":443}
{"EventID":3,"UtcTime":"2026-03-09 18:15:17.566","Computer":"10.20.30.41","ProcessGuid":"{18d8f26f-d16e-7c42-cc7a-bb96b22125cd}","ProcessId":2008,"Image":"node-bridge.exe","User":"LARKSPUR\\priya.nair","Protocol":"tcp","SourceIp":"10.20.30.41","SourcePort":58819,"DestinationIp":"193.42.33.81","DestinationPort":443}
{"EventID":3,"UtcTime":"2026-03-09 18:15:46.126","Computer":"10.20.30.41","ProcessGuid":"{f994d776-f83a-288b-31ae-c16e2d3e9c81}","ProcessId":2008,"Image":"bastion-sensor.exe","User":"NT AUTHORITY\\SYSTEM","Protocol":"tcp","SourceIp":"10.20.30.41","SourcePort":56050,"DestinationIp":"104.18.22.51","DestinationPort":443}
{"EventID":3,"UtcTime":"2026-03-09 18:16:00.687","Computer":"10.20.30.41","ProcessGuid":"{18d8f26f-d16e-7c42-cc7a-bb96b22125cd}","ProcessId":2008,"Image":"node-bridge.exe","User":"LARKSPUR\\priya.nair","Protocol":"tcp","SourceIp":"10.20.30.41","SourcePort":56492,"DestinationIp":"193.42.33.81","DestinationPort":443}
{"EventID":3,"UtcTime":"2026-03-09 18:16:16.603","Computer":"10.20.30.41","ProcessGuid":"{f994d776-f83a-288b-31ae-c16e2d3e9c81}","ProcessId":2008,"Image":"bastion-sensor.exe","User":"NT AUTHORITY\\SYSTEM","Protocol":"tcp","SourceIp":"10.20.30.41","SourcePort":53480,"DestinationIp":"104.18.22.51","DestinationPort":443}
{"EventID":3,"UtcTime":"2026-03-09 18:16:42.014","Computer":"10.20.30.41","ProcessGuid":"{18d8f26f-d16e-7c42-cc7a-bb96b22125cd}","ProcessId":2008,"Image":"node-bridge.exe","User":"LARKSPUR\\priya.nair","Protocol":"tcp","SourceIp":"10.20.30.41","SourcePort":55622,"DestinationIp":"193.42.33.81","DestinationPort":443}
{"EventID":3,"UtcTime":"2026-03-09 18:16:46.638","Computer":"10.20.30.41","ProcessGuid":"{f994d776-f83a-288b-31ae-c16e2d3e9c81}","ProcessId":2008,"Image":"bastion-sensor.exe","User":"NT AUTHORITY\\SYSTEM","Protocol":"tcp","SourceIp":"10.20.30.41","SourcePort":64198,"DestinationIp":"104.18.22.51","DestinationPort":443}
{"EventID":3,"UtcTime":"2026-03-09 18:17:16.893","Computer":"10.20.30.41","ProcessGuid":"{f994d776-f83a-288b-31ae-c16e2d3e9c81}","ProcessId":2008,"Image":"bastion-sensor.exe","User":"NT AUTHORITY\\SYSTEM","Protocol":"tcp","SourceIp":"10.20.30.41","SourcePort":65144,"DestinationIp":"104.18.22.51","DestinationPort":443}
{"EventID":3,"UtcTime":"2026-03-09 18:17:26.775","Computer":"10.20.30.41","ProcessGuid":"{18d8f26f-d16e-7c42-cc7a-bb96b22125cd}","ProcessId":2008,"Image":"node-bridge.exe","User":"LARKSPUR\\priya.nair","Protocol":"tcp","SourceIp":"10.20.30.41","SourcePort":60566,"DestinationIp":"193.42.33.81","DestinationPort":443}
{"EventID":3,"UtcTime":"2026-03-09 18:17:47.123","Computer":"10.20.30.41","ProcessGuid":"{f994d776-f83a-288b-31ae-c16e2d3e9c81}","ProcessId":2008,"Image":"bastion-sensor.exe","User":"NT AUTHORITY\\SYSTEM","Protocol":"tcp","SourceIp":"10.20.30.41","SourcePort":61929,"DestinationIp":"104.18.22.51","DestinationPort":443}
{"EventID":3,"UtcTime":"2026-03-09 18:18:11.521","Computer":"10.20.30.41","ProcessGuid":"{18d8f26f-d16e-7c42-cc7a-bb96b22125cd}","ProcessId":2008,"Image":"node-bridge.exe","User":"LARKSPUR\\priya.nair","Protocol":"tcp","SourceIp":"10.20.30.41","SourcePort":50897,"DestinationIp":"193.42.33.81","DestinationPort":443}
{"EventID":3,"UtcTime":"2026-03-09 18:18:17.411","Computer":"10.20.30.41","ProcessGuid":"{f994d776-f83a-288b-31ae-c16e2d3e9c81}","ProcessId":2008,"Image":"bastion-sensor.exe","User":"NT AUTHORITY\\SYSTEM","Protocol":"tcp","SourceIp":"10.20.30.41","SourcePort":61029,"DestinationIp":"104.18.22.51","DestinationPort":443}
{"EventID":3,"UtcTime":"2026-03-09 18:18:47.401","Computer":"10.20.30.41","ProcessGuid":"{f994d776-f83a-288b-31ae-c16e2d3e9c81}","ProcessId":2008,"Image":"bastion-sensor.exe","User":"NT AUTHORITY\\SYSTEM","Protocol":"tcp","SourceIp":"10.20.30.41","SourcePort":51081,"DestinationIp":"104.18.22.51","DestinationPort":443}
{"EventID":3,"UtcTime":"2026-03-09 18:18:55.250","Computer":"10.20.30.41","ProcessGuid":"{18d8f26f-d16e-7c42-cc7a-bb96b22125cd}","ProcessId":2008,"Image":"node-bridge.exe","User":"LARKSPUR\\priya.nair","Protocol":"tcp","SourceIp":"10.20.30.41","SourcePort":60964,"DestinationIp":"193.42.33.81","DestinationPort":443}
{"EventID":3,"UtcTime":"2026-03-09 18:19:17.223","Computer":"10.20.30.41","ProcessGuid":"{f994d776-f83a-288b-31ae-c16e2d3e9c81}","ProcessId":2008,"Image":"bastion-sensor.exe","User":"NT AUTHORITY\\SYSTEM","Protocol":"tcp","SourceIp":"10.20.30.41","SourcePort":60687,"DestinationIp":"104.18.22.51","DestinationPort":443}
{"EventID":3,"UtcTime":"2026-03-09 18:19:40.510","Computer":"10.20.30.41","ProcessGuid":"{18d8f26f-d16e-7c42-cc7a-bb96b22125cd}","ProcessId":2008,"Image":"node-bridge.exe","User":"LARKSPUR\\priya.nair","Protocol":"tcp","SourceIp":"10.20.30.41","SourcePort":64378,"DestinationIp":"193.42.33.81","DestinationPort":443}
{"EventID":3,"UtcTime":"2026-03-09 18:19:46.645","Computer":"10.20.30.41","ProcessGuid":"{f994d776-f83a-288b-31ae-c16e2d3e9c81}","ProcessId":2008,"Image":"bastion-sensor.exe","User":"NT AUTHORITY\\SYSTEM","Protocol":"tcp","SourceIp":"10.20.30.41","SourcePort":55473,"DestinationIp":"104.18.22.51","DestinationPort":443}
{"EventID":3,"UtcTime":"2026-03-09 18:20:16.267","Computer":"10.20.30.41","ProcessGuid":"{f994d776-f83a-288b-31ae-c16e2d3e9c81}","ProcessId":2008,"Image":"bastion-sensor.exe","User":"NT AUTHORITY\\SYSTEM","Protocol":"tcp","SourceIp":"10.20.30.41","SourcePort":52109,"DestinationIp":"104.18.22.51","DestinationPort":443}
{"EventID":3,"UtcTime":"2026-03-09 18:20:22.969","Computer":"10.20.30.41","ProcessGuid":"{18d8f26f-d16e-7c42-cc7a-bb96b22125cd}","ProcessId":2008,"Image":"node-bridge.exe","User":"LARKSPUR\\priya.nair","Protocol":"tcp","SourceIp":"10.20.30.41","SourcePort":62110,"DestinationIp":"193.42.33.81","DestinationPort":443}
{"EventID":3,"UtcTime":"2026-03-09 18:20:46.274","Computer":"10.20.30.41","ProcessGuid":"{f994d776-f83a-288b-31ae-c16e2d3e9c81}","ProcessId":2008,"Image":"bastion-sensor.exe","User":"NT AUTHORITY\\SYSTEM","Protocol":"tcp","SourceIp":"10.20.30.41","SourcePort":52906,"DestinationIp":"104.18.22.51","DestinationPort":443}
{"EventID":3,"UtcTime":"2026-03-09 18:21:10.183","Computer":"10.20.30.41","ProcessGuid":"{18d8f26f-d16e-7c42-cc7a-bb96b22125cd}","ProcessId":2008,"Image":"node-bridge.exe","User":"LARKSPUR\\priya.nair","Protocol":"tcp","SourceIp":"10.20.30.41","SourcePort":52743,"DestinationIp":"193.42.33.81","DestinationPort":443}
{"EventID":3,"UtcTime":"2026-03-09 18:21:16.658","Computer":"10.20.30.41","ProcessGuid":"{f994d776-f83a-288b-31ae-c16e2d3e9c81}","ProcessId":2008,"Image":"bastion-sensor.exe","User":"NT AUTHORITY\\SYSTEM","Protocol":"tcp","SourceIp":"10.20.30.41","SourcePort":56045,"DestinationIp":"104.18.22.51","DestinationPort":443}
{"EventID":3,"UtcTime":"2026-03-09 18:21:47.129","Computer":"10.20.30.41","ProcessGuid":"{f994d776-f83a-288b-31ae-c16e2d3e9c81}","ProcessId":2008,"Image":"bastion-sensor.exe","User":"NT AUTHORITY\\SYSTEM","Protocol":"tcp","SourceIp":"10.20.30.41","SourcePort":57244,"DestinationIp":"104.18.22.51","DestinationPort":443}
{"EventID":3,"UtcTime":"2026-03-09 18:21:53.030","Computer":"10.20.30.41","ProcessGuid":"{18d8f26f-d16e-7c42-cc7a-bb96b22125cd}","ProcessId":2008,"Image":"node-bridge.exe","User":"LARKSPUR\\priya.nair","Protocol":"tcp","SourceIp":"10.20.30.41","SourcePort":49812,"DestinationIp":"193.42.33.81","DestinationPort":443}
{"EventID":3,"UtcTime":"2026-03-09 18:22:17.557","Computer":"10.20.30.41","ProcessGuid":"{f994d776-f83a-288b-31ae-c16e2d3e9c81}","ProcessId":2008,"Image":"bastion-sensor.exe","User":"NT AUTHORITY\\SYSTEM","Protocol":"tcp","SourceIp":"10.20.30.41","SourcePort":63557,"DestinationIp":"104.18.22.51","DestinationPort":443}
{"EventID":3,"UtcTime":"2026-03-09 18:22:41.810","Computer":"10.20.30.41","ProcessGuid":"{18d8f26f-d16e-7c42-cc7a-bb96b22125cd}","ProcessId":2008,"Image":"node-bridge.exe","User":"LARKSPUR\\priya.nair","Protocol":"tcp","SourceIp":"10.20.30.41","SourcePort":53499,"DestinationIp":"193.42.33.81","DestinationPort":443}
{"EventID":3,"UtcTime":"2026-03-09 18:22:47.628","Computer":"10.20.30.41","ProcessGuid":"{f994d776-f83a-288b-31ae-c16e2d3e9c81}","ProcessId":2008,"Image":"bastion-sensor.exe","User":"NT AUTHORITY\\SYSTEM","Protocol":"tcp","SourceIp":"10.20.30.41","SourcePort":62416,"DestinationIp":"104.18.22.51","DestinationPort":443}
{"EventID":3,"UtcTime":"2026-03-09 18:23:17.751","Computer":"10.20.30.41","ProcessGuid":"{f994d776-f83a-288b-31ae-c16e2d3e9c81}","ProcessId":2008,"Image":"bastion-sensor.exe","User":"NT AUTHORITY\\SYSTEM","Protocol":"tcp","SourceIp":"10.20.30.41","SourcePort":51376,"DestinationIp":"104.18.22.51","DestinationPort":443}
{"EventID":3,"UtcTime":"2026-03-09 18:23:26.554","Computer":"10.20.30.41","ProcessGuid":"{18d8f26f-d16e-7c42-cc7a-bb96b22125cd}","ProcessId":2008,"Image":"node-bridge.exe","User":"LARKSPUR\\priya.nair","Protocol":"tcp","SourceIp":"10.20.30.41","SourcePort":65043,"DestinationIp":"193.42.33.81","DestinationPort":443}
{"EventID":3,"UtcTime":"2026-03-09 18:23:47.417","Computer":"10.20.30.41","ProcessGuid":"{f994d776-f83a-288b-31ae-c16e2d3e9c81}","ProcessId":2008,"Image":"bastion-sensor.exe","User":"NT AUTHORITY\\SYSTEM","Protocol":"tcp","SourceIp":"10.20.30.41","SourcePort":63649,"DestinationIp":"104.18.22.51","DestinationPort":443}
{"EventID":3,"UtcTime":"2026-03-09 18:24:14.592","Computer":"10.20.30.41","ProcessGuid":"{18d8f26f-d16e-7c42-cc7a-bb96b22125cd}","ProcessId":2008,"Image":"node-bridge.exe","User":"LARKSPUR\\priya.nair","Protocol":"tcp","SourceIp":"10.20.30.41","SourcePort":53802,"DestinationIp":"193.42.33.81","DestinationPort":443}
{"EventID":3,"UtcTime":"2026-03-09 18:24:17.440","Computer":"10.20.30.41","ProcessGuid":"{f994d776-f83a-288b-31ae-c16e2d3e9c81}","ProcessId":2008,"Image":"bastion-sensor.exe","User":"NT AUTHORITY\\SYSTEM","Protocol":"tcp","SourceIp":"10.20.30.41","SourcePort":61504,"DestinationIp":"104.18.22.51","DestinationPort":443}
{"EventID":3,"UtcTime":"2026-03-09 18:24:47.730","Computer":"10.20.30.41","ProcessGuid":"{f994d776-f83a-288b-31ae-c16e2d3e9c81}","ProcessId":2008,"Image":"bastion-sensor.exe","User":"NT AUTHORITY\\SYSTEM","Protocol":"tcp","SourceIp":"10.20.30.41","SourcePort":54929,"DestinationIp":"104.18.22.51","DestinationPort":443}
{"EventID":3,"UtcTime":"2026-03-09 18:25:00.449","Computer":"10.20.30.41","ProcessGuid":"{18d8f26f-d16e-7c42-cc7a-bb96b22125cd}","ProcessId":2008,"Image":"node-bridge.exe","User":"LARKSPUR\\priya.nair","Protocol":"tcp","SourceIp":"10.20.30.41","SourcePort":51984,"DestinationIp":"193.42.33.81","DestinationPort":443}
{"EventID":3,"UtcTime":"2026-03-09 18:25:17.751","Computer":"10.20.30.41","ProcessGuid":"{f994d776-f83a-288b-31ae-c16e2d3e9c81}","ProcessId":2008,"Image":"bastion-sensor.exe","User":"NT AUTHORITY\\SYSTEM","Protocol":"tcp","SourceIp":"10.20.30.41","SourcePort":57421,"DestinationIp":"104.18.22.51","DestinationPort":443}
{"EventID":3,"UtcTime":"2026-03-09 18:25:48.062","Computer":"10.20.30.41","ProcessGuid":"{f994d776-f83a-288b-31ae-c16e2d3e9c81}","ProcessId":2008,"Image":"bastion-sensor.exe","User":"NT AUTHORITY\\SYSTEM","Protocol":"tcp","SourceIp":"10.20.30.41","SourcePort":60394,"DestinationIp":"104.18.22.51","DestinationPort":443}
{"EventID":3,"UtcTime":"2026-03-09 18:25:48.411","Computer":"10.20.30.41","ProcessGuid":"{18d8f26f-d16e-7c42-cc7a-bb96b22125cd}","ProcessId":2008,"Image":"node-bridge.exe","User":"LARKSPUR\\priya.nair","Protocol":"tcp","SourceIp":"10.20.30.41","SourcePort":56523,"DestinationIp":"193.42.33.81","DestinationPort":443}
{"EventID":3,"UtcTime":"2026-03-09 18:26:17.647","Computer":"10.20.30.41","ProcessGuid":"{f994d776-f83a-288b-31ae-c16e2d3e9c81}","ProcessId":2008,"Image":"bastion-sensor.exe","User":"NT AUTHORITY\\SYSTEM","Protocol":"tcp","SourceIp":"10.20.30.41","SourcePort":50940,"DestinationIp":"104.18.22.51","DestinationPort":443}
{"EventID":3,"UtcTime":"2026-03-09 18:26:29.252","Computer":"10.20.30.41","ProcessGuid":"{18d8f26f-d16e-7c42-cc7a-bb96b22125cd}","ProcessId":2008,"Image":"node-bridge.exe","User":"LARKSPUR\\priya.nair","Protocol":"tcp","SourceIp":"10.20.30.41","SourcePort":64686,"DestinationIp":"193.42.33.81","DestinationPort":443}
{"EventID":3,"UtcTime":"2026-03-09 18:26:47.193","Computer":"10.20.30.41","ProcessGuid":"{f994d776-f83a-288b-31ae-c16e2d3e9c81}","ProcessId":2008,"Image":"bastion-sensor.exe","User":"NT AUTHORITY\\SYSTEM","Protocol":"tcp","SourceIp":"10.20.30.41","SourcePort":54780,"DestinationIp":"104.18.22.51","DestinationPort":443}
{"EventID":3,"UtcTime":"2026-03-09 18:27:12.316","Computer":"10.20.30.41","ProcessGuid":"{18d8f26f-d16e-7c42-cc7a-bb96b22125cd}","ProcessId":2008,"Image":"node-bridge.exe","User":"LARKSPUR\\priya.nair","Protocol":"tcp","SourceIp":"10.20.30.41","SourcePort":54022,"DestinationIp":"193.42.33.81","DestinationPort":443}
{"EventID":3,"UtcTime":"2026-03-09 18:27:17.304","Computer":"10.20.30.41","ProcessGuid":"{f994d776-f83a-288b-31ae-c16e2d3e9c81}","ProcessId":2008,"Image":"bastion-sensor.exe","User":"NT AUTHORITY\\SYSTEM","Protocol":"tcp","SourceIp":"10.20.30.41","SourcePort":58361,"DestinationIp":"104.18.22.51","DestinationPort":443}
{"EventID":3,"UtcTime":"2026-03-09 18:27:47.552","Computer":"10.20.30.41","ProcessGuid":"{f994d776-f83a-288b-31ae-c16e2d3e9c81}","ProcessId":2008,"Image":"bastion-sensor.exe","User":"NT AUTHORITY\\SYSTEM","Protocol":"tcp","SourceIp":"10.20.30.41","SourcePort":54331,"DestinationIp":"104.18.22.51","DestinationPort":443}
{"EventID":3,"UtcTime":"2026-03-09 18:27:56.881","Computer":"10.20.30.41","ProcessGuid":"{18d8f26f-d16e-7c42-cc7a-bb96b22125cd}","ProcessId":2008,"Image":"node-bridge.exe","User":"LARKSPUR\\priya.nair","Protocol":"tcp","SourceIp":"10.20.30.41","SourcePort":60936,"DestinationIp":"193.42.33.81","DestinationPort":443}
{"EventID":3,"UtcTime":"2026-03-09 18:28:17.883","Computer":"10.20.30.41","ProcessGuid":"{f994d776-f83a-288b-31ae-c16e2d3e9c81}","ProcessId":2008,"Image":"bastion-sensor.exe","User":"NT AUTHORITY\\SYSTEM","Protocol":"tcp","SourceIp":"10.20.30.41","SourcePort":57572,"DestinationIp":"104.18.22.51","DestinationPort":443}
{"EventID":3,"UtcTime":"2026-03-09 18:28:44.895","Computer":"10.20.30.41","ProcessGuid":"{18d8f26f-d16e-7c42-cc7a-bb96b22125cd}","ProcessId":2008,"Image":"node-bridge.exe","User":"LARKSPUR\\priya.nair","Protocol":"tcp","SourceIp":"10.20.30.41","SourcePort":57094,"DestinationIp":"193.42.33.81","DestinationPort":443}
{"EventID":3,"UtcTime":"2026-03-09 18:28:47.927","Computer":"10.20.30.41","ProcessGuid":"{f994d776-f83a-288b-31ae-c16e2d3e9c81}","ProcessId":2008,"Image":"bastion-sensor.exe","User":"NT AUTHORITY\\SYSTEM","Protocol":"tcp","SourceIp":"10.20.30.41","SourcePort":58302,"DestinationIp":"104.18.22.51","DestinationPort":443}
{"EventID":3,"UtcTime":"2026-03-09 18:29:18.327","Computer":"10.20.30.41","ProcessGuid":"{f994d776-f83a-288b-31ae-c16e2d3e9c81}","ProcessId":2008,"Image":"bastion-sensor.exe","User":"NT AUTHORITY\\SYSTEM","Protocol":"tcp","SourceIp":"10.20.30.41","SourcePort":62397,"DestinationIp":"104.18.22.51","DestinationPort":443}
{"EventID":3,"UtcTime":"2026-03-09 18:29:27.467","Computer":"10.20.30.41","ProcessGuid":"{18d8f26f-d16e-7c42-cc7a-bb96b22125cd}","ProcessId":2008,"Image":"node-bridge.exe","User":"LARKSPUR\\priya.nair","Protocol":"tcp","SourceIp":"10.20.30.41","SourcePort":51065,"DestinationIp":"193.42.33.81","DestinationPort":443}
{"EventID":3,"UtcTime":"2026-03-09 18:29:48.655","Computer":"10.20.30.41","ProcessGuid":"{f994d776-f83a-288b-31ae-c16e2d3e9c81}","ProcessId":2008,"Image":"bastion-sensor.exe","User":"NT AUTHORITY\\SYSTEM","Protocol":"tcp","SourceIp":"10.20.30.41","SourcePort":63220,"DestinationIp":"104.18.22.51","DestinationPort":443}
{"EventID":3,"UtcTime":"2026-03-09 18:30:15.460","Computer":"10.20.30.41","ProcessGuid":"{18d8f26f-d16e-7c42-cc7a-bb96b22125cd}","ProcessId":2008,"Image":"node-bridge.exe","User":"LARKSPUR\\priya.nair","Protocol":"tcp","SourceIp":"10.20.30.41","SourcePort":60154,"DestinationIp":"193.42.33.81","DestinationPort":443}
{"EventID":3,"UtcTime":"2026-03-09 18:30:18.407","Computer":"10.20.30.41","ProcessGuid":"{f994d776-f83a-288b-31ae-c16e2d3e9c81}","ProcessId":2008,"Image":"bastion-sensor.exe","User":"NT AUTHORITY\\SYSTEM","Protocol":"tcp","SourceIp":"10.20.30.41","SourcePort":54902,"DestinationIp":"104.18.22.51","DestinationPort":443}
{"EventID":3,"UtcTime":"2026-03-09 18:30:48.003","Computer":"10.20.30.41","ProcessGuid":"{f994d776-f83a-288b-31ae-c16e2d3e9c81}","ProcessId":2008,"Image":"bastion-sensor.exe","User":"NT AUTHORITY\\SYSTEM","Protocol":"tcp","SourceIp":"10.20.30.41","SourcePort":54986,"DestinationIp":"104.18.22.51","DestinationPort":443}
{"EventID":3,"UtcTime":"2026-03-09 18:30:56.516","Computer":"10.20.30.41","ProcessGuid":"{18d8f26f-d16e-7c42-cc7a-bb96b22125cd}","ProcessId":2008,"Image":"node-bridge.exe","User":"LARKSPUR\\priya.nair","Protocol":"tcp","SourceIp":"10.20.30.41","SourcePort":58740,"DestinationIp":"193.42.33.81","DestinationPort":443}
{"EventID":3,"UtcTime":"2026-03-09 18:31:18.394","Computer":"10.20.30.41","ProcessGuid":"{f994d776-f83a-288b-31ae-c16e2d3e9c81}","ProcessId":2008,"Image":"bastion-sensor.exe","User":"NT AUTHORITY\\SYSTEM","Protocol":"tcp","SourceIp":"10.20.30.41","SourcePort":64667,"DestinationIp":"104.18.22.51","DestinationPort":443}
{"EventID":3,"UtcTime":"2026-03-09 18:31:44.260","Computer":"10.20.30.41","ProcessGuid":"{18d8f26f-d16e-7c42-cc7a-bb96b22125cd}","ProcessId":2008,"Image":"node-bridge.exe","User":"LARKSPUR\\priya.nair","Protocol":"tcp","SourceIp":"10.20.30.41","SourcePort":65278,"DestinationIp":"193.42.33.81","DestinationPort":443}
{"EventID":3,"UtcTime":"2026-03-09 18:31:47.907","Computer":"10.20.30.41","ProcessGuid":"{f994d776-f83a-288b-31ae-c16e2d3e9c81}","ProcessId":2008,"Image":"bastion-sensor.exe","User":"NT AUTHORITY\\SYSTEM","Protocol":"tcp","SourceIp":"10.20.30.41","SourcePort":56558,"DestinationIp":"104.18.22.51","DestinationPort":443}
{"EventID":3,"UtcTime":"2026-03-09 18:32:17.358","Computer":"10.20.30.41","ProcessGuid":"{f994d776-f83a-288b-31ae-c16e2d3e9c81}","ProcessId":2008,"Image":"bastion-sensor.exe","User":"NT AUTHORITY\\SYSTEM","Protocol":"tcp","SourceIp":"10.20.30.41","SourcePort":58442,"DestinationIp":"104.18.22.51","DestinationPort":443}
{"EventID":3,"UtcTime":"2026-03-09 18:32:29.295","Computer":"10.20.30.41","ProcessGuid":"{18d8f26f-d16e-7c42-cc7a-bb96b22125cd}","ProcessId":2008,"Image":"node-bridge.exe","User":"LARKSPUR\\priya.nair","Protocol":"tcp","SourceIp":"10.20.30.41","SourcePort":62399,"DestinationIp":"193.42.33.81","DestinationPort":443}
{"EventID":3,"UtcTime":"2026-03-09 18:32:47.419","Computer":"10.20.30.41","ProcessGuid":"{f994d776-f83a-288b-31ae-c16e2d3e9c81}","ProcessId":2008,"Image":"bastion-sensor.exe","User":"NT AUTHORITY\\SYSTEM","Protocol":"tcp","SourceIp":"10.20.30.41","SourcePort":49583,"DestinationIp":"104.18.22.51","DestinationPort":443}
{"EventID":3,"UtcTime":"2026-03-09 18:33:11.306","Computer":"10.20.30.41","ProcessGuid":"{18d8f26f-d16e-7c42-cc7a-bb96b22125cd}","ProcessId":2008,"Image":"node-bridge.exe","User":"LARKSPUR\\priya.nair","Protocol":"tcp","SourceIp":"10.20.30.41","SourcePort":63844,"DestinationIp":"193.42.33.81","DestinationPort":443}
{"EventID":3,"UtcTime":"2026-03-09 18:33:17.045","Computer":"10.20.30.41","ProcessGuid":"{f994d776-f83a-288b-31ae-c16e2d3e9c81}","ProcessId":2008,"Image":"bastion-sensor.exe","User":"NT AUTHORITY\\SYSTEM","Protocol":"tcp","SourceIp":"10.20.30.41","SourcePort":55665,"DestinationIp":"104.18.22.51","DestinationPort":443}
{"EventID":3,"UtcTime":"2026-03-09 18:33:47.611","Computer":"10.20.30.41","ProcessGuid":"{f994d776-f83a-288b-31ae-c16e2d3e9c81}","ProcessId":2008,"Image":"bastion-sensor.exe","User":"NT AUTHORITY\\SYSTEM","Protocol":"tcp","SourceIp":"10.20.30.41","SourcePort":54954,"DestinationIp":"104.18.22.51","DestinationPort":443}
{"EventID":3,"UtcTime":"2026-03-09 18:33:58.422","Computer":"10.20.30.41","ProcessGuid":"{18d8f26f-d16e-7c42-cc7a-bb96b22125cd}","ProcessId":2008,"Image":"node-bridge.exe","User":"LARKSPUR\\priya.nair","Protocol":"tcp","SourceIp":"10.20.30.41","SourcePort":53726,"DestinationIp":"193.42.33.81","DestinationPort":443}
{"EventID":3,"UtcTime":"2026-03-09 18:34:17.040","Computer":"10.20.30.41","ProcessGuid":"{f994d776-f83a-288b-31ae-c16e2d3e9c81}","ProcessId":2008,"Image":"bastion-sensor.exe","User":"NT AUTHORITY\\SYSTEM","Protocol":"tcp","SourceIp":"10.20.30.41","SourcePort":55607,"DestinationIp":"104.18.22.51","DestinationPort":443}
{"EventID":3,"UtcTime":"2026-03-09 18:34:42.296","Computer":"10.20.30.41","ProcessGuid":"{18d8f26f-d16e-7c42-cc7a-bb96b22125cd}","ProcessId":2008,"Image":"node-bridge.exe","User":"LARKSPUR\\priya.nair","Protocol":"tcp","SourceIp":"10.20.30.41","SourcePort":54372,"DestinationIp":"193.42.33.81","DestinationPort":443}
{"EventID":3,"UtcTime":"2026-03-09 18:34:46.965","Computer":"10.20.30.41","ProcessGuid":"{f994d776-f83a-288b-31ae-c16e2d3e9c81}","ProcessId":2008,"Image":"bastion-sensor.exe","User":"NT AUTHORITY\\SYSTEM","Protocol":"tcp","SourceIp":"10.20.30.41","SourcePort":55595,"DestinationIp":"104.18.22.51","DestinationPort":443}
{"EventID":3,"UtcTime":"2026-03-09 18:35:17.101","Computer":"10.20.30.41","ProcessGuid":"{f994d776-f83a-288b-31ae-c16e2d3e9c81}","ProcessId":2008,"Image":"bastion-sensor.exe","User":"NT AUTHORITY\\SYSTEM","Protocol":"tcp","SourceIp":"10.20.30.41","SourcePort":54070,"DestinationIp":"104.18.22.51","DestinationPort":443}
{"EventID":3,"UtcTime":"2026-03-09 18:35:25.929","Computer":"10.20.30.41","ProcessGuid":"{18d8f26f-d16e-7c42-cc7a-bb96b22125cd}","ProcessId":2008,"Image":"node-bridge.exe","User":"LARKSPUR\\priya.nair","Protocol":"tcp","SourceIp":"10.20.30.41","SourcePort":55413,"DestinationIp":"193.42.33.81","DestinationPort":443}
{"EventID":3,"UtcTime":"2026-03-09 18:35:46.528","Computer":"10.20.30.41","ProcessGuid":"{f994d776-f83a-288b-31ae-c16e2d3e9c81}","ProcessId":2008,"Image":"bastion-sensor.exe","User":"NT AUTHORITY\\SYSTEM","Protocol":"tcp","SourceIp":"10.20.30.41","SourcePort":53146,"DestinationIp":"104.18.22.51","DestinationPort":443}
{"EventID":3,"UtcTime":"2026-03-09 18:36:09.550","Computer":"10.20.30.41","ProcessGuid":"{18d8f26f-d16e-7c42-cc7a-bb96b22125cd}","ProcessId":2008,"Image":"node-bridge.exe","User":"LARKSPUR\\priya.nair","Protocol":"tcp","SourceIp":"10.20.30.41","SourcePort":55797,"DestinationIp":"193.42.33.81","DestinationPort":443}
{"EventID":3,"UtcTime":"2026-03-09 18:36:16.695","Computer":"10.20.30.41","ProcessGuid":"{f994d776-f83a-288b-31ae-c16e2d3e9c81}","ProcessId":2008,"Image":"bastion-sensor.exe","User":"NT AUTHORITY\\SYSTEM","Protocol":"tcp","SourceIp":"10.20.30.41","SourcePort":51991,"DestinationIp":"104.18.22.51","DestinationPort":443}
{"EventID":3,"UtcTime":"2026-03-09 18:36:46.770","Computer":"10.20.30.41","ProcessGuid":"{f994d776-f83a-288b-31ae-c16e2d3e9c81}","ProcessId":2008,"Image":"bastion-sensor.exe","User":"NT AUTHORITY\\SYSTEM","Protocol":"tcp","SourceIp":"10.20.30.41","SourcePort":58408,"DestinationIp":"104.18.22.51","DestinationPort":443}
{"EventID":3,"UtcTime":"2026-03-09 18:36:58.077","Computer":"10.20.30.41","ProcessGuid":"{18d8f26f-d16e-7c42-cc7a-bb96b22125cd}","ProcessId":2008,"Image":"node-bridge.exe","User":"LARKSPUR\\priya.nair","Protocol":"tcp","SourceIp":"10.20.30.41","SourcePort":59468,"DestinationIp":"193.42.33.81","DestinationPort":443}
{"EventID":3,"UtcTime":"2026-03-09 18:37:16.272","Computer":"10.20.30.41","ProcessGuid":"{f994d776-f83a-288b-31ae-c16e2d3e9c81}","ProcessId":2008,"Image":"bastion-sensor.exe","User":"NT AUTHORITY\\SYSTEM","Protocol":"tcp","SourceIp":"10.20.30.41","SourcePort":50005,"DestinationIp":"104.18.22.51","DestinationPort":443}
{"EventID":3,"UtcTime":"2026-03-09 18:37:40.405","Computer":"10.20.30.41","ProcessGuid":"{18d8f26f-d16e-7c42-cc7a-bb96b22125cd}","ProcessId":2008,"Image":"node-bridge.exe","User":"LARKSPUR\\priya.nair","Protocol":"tcp","SourceIp":"10.20.30.41","SourcePort":52384,"DestinationIp":"193.42.33.81","DestinationPort":443}
{"EventID":3,"UtcTime":"2026-03-09 18:37:46.640","Computer":"10.20.30.41","ProcessGuid":"{f994d776-f83a-288b-31ae-c16e2d3e9c81}","ProcessId":2008,"Image":"bastion-sensor.exe","User":"NT AUTHORITY\\SYSTEM","Protocol":"tcp","SourceIp":"10.20.30.41","SourcePort":64003,"DestinationIp":"104.18.22.51","DestinationPort":443}
{"EventID":3,"UtcTime":"2026-03-09 18:38:16.685","Computer":"10.20.30.41","ProcessGuid":"{f994d776-f83a-288b-31ae-c16e2d3e9c81}","ProcessId":2008,"Image":"bastion-sensor.exe","User":"NT AUTHORITY\\SYSTEM","Protocol":"tcp","SourceIp":"10.20.30.41","SourcePort":64586,"DestinationIp":"104.18.22.51","DestinationPort":443}
{"EventID":3,"UtcTime":"2026-03-09 18:38:22.626","Computer":"10.20.30.41","ProcessGuid":"{18d8f26f-d16e-7c42-cc7a-bb96b22125cd}","ProcessId":2008,"Image":"node-bridge.exe","User":"LARKSPUR\\priya.nair","Protocol":"tcp","SourceIp":"10.20.30.41","SourcePort":60286,"DestinationIp":"193.42.33.81","DestinationPort":443}
{"EventID":3,"UtcTime":"2026-03-09 18:38:47.117","Computer":"10.20.30.41","ProcessGuid":"{f994d776-f83a-288b-31ae-c16e2d3e9c81}","ProcessId":2008,"Image":"bastion-sensor.exe","User":"NT AUTHORITY\\SYSTEM","Protocol":"tcp","SourceIp":"10.20.30.41","SourcePort":51281,"DestinationIp":"104.18.22.51","DestinationPort":443}
{"EventID":3,"UtcTime":"2026-03-09 18:39:10.268","Computer":"10.20.30.41","ProcessGuid":"{18d8f26f-d16e-7c42-cc7a-bb96b22125cd}","ProcessId":2008,"Image":"node-bridge.exe","User":"LARKSPUR\\priya.nair","Protocol":"tcp","SourceIp":"10.20.30.41","SourcePort":65486,"DestinationIp":"193.42.33.81","DestinationPort":443}
{"EventID":3,"UtcTime":"2026-03-09 18:39:17.355","Computer":"10.20.30.41","ProcessGuid":"{f994d776-f83a-288b-31ae-c16e2d3e9c81}","ProcessId":2008,"Image":"bastion-sensor.exe","User":"NT AUTHORITY\\SYSTEM","Protocol":"tcp","SourceIp":"10.20.30.41","SourcePort":58729,"DestinationIp":"104.18.22.51","DestinationPort":443}
{"EventID":3,"UtcTime":"2026-03-09 18:39:46.997","Computer":"10.20.30.41","ProcessGuid":"{f994d776-f83a-288b-31ae-c16e2d3e9c81}","ProcessId":2008,"Image":"bastion-sensor.exe","User":"NT AUTHORITY\\SYSTEM","Protocol":"tcp","SourceIp":"10.20.30.41","SourcePort":49476,"DestinationIp":"104.18.22.51","DestinationPort":443}
{"EventID":3,"UtcTime":"2026-03-09 18:39:54.452","Computer":"10.20.30.41","ProcessGuid":"{18d8f26f-d16e-7c42-cc7a-bb96b22125cd}","ProcessId":2008,"Image":"node-bridge.exe","User":"LARKSPUR\\priya.nair","Protocol":"tcp","SourceIp":"10.20.30.41","SourcePort":65033,"DestinationIp":"193.42.33.81","DestinationPort":443}
{"EventID":3,"UtcTime":"2026-03-09 18:40:16.739","Computer":"10.20.30.41","ProcessGuid":"{f994d776-f83a-288b-31ae-c16e2d3e9c81}","ProcessId":2008,"Image":"bastion-sensor.exe","User":"NT AUTHORITY\\SYSTEM","Protocol":"tcp","SourceIp":"10.20.30.41","SourcePort":62493,"DestinationIp":"104.18.22.51","DestinationPort":443}
{"EventID":3,"UtcTime":"2026-03-09 18:40:37.938","Computer":"10.20.30.41","ProcessGuid":"{18d8f26f-d16e-7c42-cc7a-bb96b22125cd}","ProcessId":2008,"Image":"node-bridge.exe","User":"LARKSPUR\\priya.nair","Protocol":"tcp","SourceIp":"10.20.30.41","SourcePort":53789,"DestinationIp":"193.42.33.81","DestinationPort":443}
{"EventID":3,"UtcTime":"2026-03-09 18:40:46.251","Computer":"10.20.30.41","ProcessGuid":"{f994d776-f83a-288b-31ae-c16e2d3e9c81}","ProcessId":2008,"Image":"bastion-sensor.exe","User":"NT AUTHORITY\\SYSTEM","Protocol":"tcp","SourceIp":"10.20.30.41","SourcePort":62369,"DestinationIp":"104.18.22.51","DestinationPort":443}
{"EventID":3,"UtcTime":"2026-03-09 18:41:16.759","Computer":"10.20.30.41","ProcessGuid":"{f994d776-f83a-288b-31ae-c16e2d3e9c81}","ProcessId":2008,"Image":"bastion-sensor.exe","User":"NT AUTHORITY\\SYSTEM","Protocol":"tcp","SourceIp":"10.20.30.41","SourcePort":59331,"DestinationIp":"104.18.22.51","DestinationPort":443}
{"EventID":3,"UtcTime":"2026-03-09 18:41:20.737","Computer":"10.20.30.41","ProcessGuid":"{18d8f26f-d16e-7c42-cc7a-bb96b22125cd}","ProcessId":2008,"Image":"node-bridge.exe","User":"LARKSPUR\\priya.nair","Protocol":"tcp","SourceIp":"10.20.30.41","SourcePort":58281,"DestinationIp":"193.42.33.81","DestinationPort":443}
{"EventID":3,"UtcTime":"2026-03-09 18:41:46.214","Computer":"10.20.30.41","ProcessGuid":"{f994d776-f83a-288b-31ae-c16e2d3e9c81}","ProcessId":2008,"Image":"bastion-sensor.exe","User":"NT AUTHORITY\\SYSTEM","Protocol":"tcp","SourceIp":"10.20.30.41","SourcePort":57326,"DestinationIp":"104.18.22.51","DestinationPort":443}
{"EventID":3,"UtcTime":"2026-03-09 18:42:07.399","Computer":"10.20.30.41","ProcessGuid":"{18d8f26f-d16e-7c42-cc7a-bb96b22125cd}","ProcessId":2008,"Image":"node-bridge.exe","User":"LARKSPUR\\priya.nair","Protocol":"tcp","SourceIp":"10.20.30.41","SourcePort":65035,"DestinationIp":"193.42.33.81","DestinationPort":443}
{"EventID":3,"UtcTime":"2026-03-09 18:42:16.071","Computer":"10.20.30.41","ProcessGuid":"{f994d776-f83a-288b-31ae-c16e2d3e9c81}","ProcessId":2008,"Image":"bastion-sensor.exe","User":"NT AUTHORITY\\SYSTEM","Protocol":"tcp","SourceIp":"10.20.30.41","SourcePort":51195,"DestinationIp":"104.18.22.51","DestinationPort":443}
{"EventID":3,"UtcTime":"2026-03-09 18:42:45.709","Computer":"10.20.30.41","ProcessGuid":"{f994d776-f83a-288b-31ae-c16e2d3e9c81}","ProcessId":2008,"Image":"bastion-sensor.exe","User":"NT AUTHORITY\\SYSTEM","Protocol":"tcp","SourceIp":"10.20.30.41","SourcePort":64686,"DestinationIp":"104.18.22.51","DestinationPort":443}
{"EventID":3,"UtcTime":"2026-03-09 18:42:52.722","Computer":"10.20.30.41","ProcessGuid":"{18d8f26f-d16e-7c42-cc7a-bb96b22125cd}","ProcessId":2008,"Image":"node-bridge.exe","User":"LARKSPUR\\priya.nair","Protocol":"tcp","SourceIp":"10.20.30.41","SourcePort":54282,"DestinationIp":"193.42.33.81","DestinationPort":443}
{"EventID":3,"UtcTime":"2026-03-09 18:43:15.484","Computer":"10.20.30.41","ProcessGuid":"{f994d776-f83a-288b-31ae-c16e2d3e9c81}","ProcessId":2008,"Image":"bastion-sensor.exe","User":"NT AUTHORITY\\SYSTEM","Protocol":"tcp","SourceIp":"10.20.30.41","SourcePort":60013,"DestinationIp":"104.18.22.51","DestinationPort":443}
{"EventID":3,"UtcTime":"2026-03-09 18:43:42.092","Computer":"10.20.30.41","ProcessGuid":"{18d8f26f-d16e-7c42-cc7a-bb96b22125cd}","ProcessId":2008,"Image":"node-bridge.exe","User":"LARKSPUR\\priya.nair","Protocol":"tcp","SourceIp":"10.20.30.41","SourcePort":52494,"DestinationIp":"193.42.33.81","DestinationPort":443}
{"EventID":3,"UtcTime":"2026-03-09 18:43:45.661","Computer":"10.20.30.41","ProcessGuid":"{f994d776-f83a-288b-31ae-c16e2d3e9c81}","ProcessId":2008,"Image":"bastion-sensor.exe","User":"NT AUTHORITY\\SYSTEM","Protocol":"tcp","SourceIp":"10.20.30.41","SourcePort":65262,"DestinationIp":"104.18.22.51","DestinationPort":443}
{"EventID":3,"UtcTime":"2026-03-09 18:44:15.518","Computer":"10.20.30.41","ProcessGuid":"{f994d776-f83a-288b-31ae-c16e2d3e9c81}","ProcessId":2008,"Image":"bastion-sensor.exe","User":"NT AUTHORITY\\SYSTEM","Protocol":"tcp","SourceIp":"10.20.30.41","SourcePort":61335,"DestinationIp":"104.18.22.51","DestinationPort":443}
{"EventID":3,"UtcTime":"2026-03-09 18:44:23.930","Computer":"10.20.30.41","ProcessGuid":"{18d8f26f-d16e-7c42-cc7a-bb96b22125cd}","ProcessId":2008,"Image":"node-bridge.exe","User":"LARKSPUR\\priya.nair","Protocol":"tcp","SourceIp":"10.20.30.41","SourcePort":49211,"DestinationIp":"193.42.33.81","DestinationPort":443}
{"EventID":3,"UtcTime":"2026-03-09 18:44:45.285","Computer":"10.20.30.41","ProcessGuid":"{f994d776-f83a-288b-31ae-c16e2d3e9c81}","ProcessId":2008,"Image":"bastion-sensor.exe","User":"NT AUTHORITY\\SYSTEM","Protocol":"tcp","SourceIp":"10.20.30.41","SourcePort":52353,"DestinationIp":"104.18.22.51","DestinationPort":443}
{"EventID":3,"UtcTime":"2026-03-09 18:45:09.473","Computer":"10.20.30.41","ProcessGuid":"{18d8f26f-d16e-7c42-cc7a-bb96b22125cd}","ProcessId":2008,"Image":"node-bridge.exe","User":"LARKSPUR\\priya.nair","Protocol":"tcp","SourceIp":"10.20.30.41","SourcePort":58060,"DestinationIp":"193.42.33.81","DestinationPort":443}
{"EventID":3,"UtcTime":"2026-03-09 18:45:14.850","Computer":"10.20.30.41","ProcessGuid":"{f994d776-f83a-288b-31ae-c16e2d3e9c81}","ProcessId":2008,"Image":"bastion-sensor.exe","User":"NT AUTHORITY\\SYSTEM","Protocol":"tcp","SourceIp":"10.20.30.41","SourcePort":59974,"DestinationIp":"104.18.22.51","DestinationPort":443}
{"EventID":3,"UtcTime":"2026-03-09 18:45:44.272","Computer":"10.20.30.41","ProcessGuid":"{f994d776-f83a-288b-31ae-c16e2d3e9c81}","ProcessId":2008,"Image":"bastion-sensor.exe","User":"NT AUTHORITY\\SYSTEM","Protocol":"tcp","SourceIp":"10.20.30.41","SourcePort":57925,"DestinationIp":"104.18.22.51","DestinationPort":443}
{"EventID":3,"UtcTime":"2026-03-09 18:45:58.247","Computer":"10.20.30.41","ProcessGuid":"{18d8f26f-d16e-7c42-cc7a-bb96b22125cd}","ProcessId":2008,"Image":"node-bridge.exe","User":"LARKSPUR\\priya.nair","Protocol":"tcp","SourceIp":"10.20.30.41","SourcePort":56671,"DestinationIp":"193.42.33.81","DestinationPort":443}
{"EventID":3,"UtcTime":"2026-03-09 18:46:13.844","Computer":"10.20.30.41","ProcessGuid":"{f994d776-f83a-288b-31ae-c16e2d3e9c81}","ProcessId":2008,"Image":"bastion-sensor.exe","User":"NT AUTHORITY\\SYSTEM","Protocol":"tcp","SourceIp":"10.20.30.41","SourcePort":56135,"DestinationIp":"104.18.22.51","DestinationPort":443}
{"EventID":3,"UtcTime":"2026-03-09 18:46:43.746","Computer":"10.20.30.41","ProcessGuid":"{f994d776-f83a-288b-31ae-c16e2d3e9c81}","ProcessId":2008,"Image":"bastion-sensor.exe","User":"NT AUTHORITY\\SYSTEM","Protocol":"tcp","SourceIp":"10.20.30.41","SourcePort":58233,"DestinationIp":"104.18.22.51","DestinationPort":443}
{"EventID":3,"UtcTime":"2026-03-09 18:46:47.315","Computer":"10.20.30.41","ProcessGuid":"{18d8f26f-d16e-7c42-cc7a-bb96b22125cd}","ProcessId":2008,"Image":"node-bridge.exe","User":"LARKSPUR\\priya.nair","Protocol":"tcp","SourceIp":"10.20.30.41","SourcePort":60570,"DestinationIp":"193.42.33.81","DestinationPort":443}
{"EventID":3,"UtcTime":"2026-03-09 18:47:14.268","Computer":"10.20.30.41","ProcessGuid":"{f994d776-f83a-288b-31ae-c16e2d3e9c81}","ProcessId":2008,"Image":"bastion-sensor.exe","User":"NT AUTHORITY\\SYSTEM","Protocol":"tcp","SourceIp":"10.20.30.41","SourcePort":57628,"DestinationIp":"104.18.22.51","DestinationPort":443}
{"EventID":3,"UtcTime":"2026-03-09 18:47:34.698","Computer":"10.20.30.41","ProcessGuid":"{18d8f26f-d16e-7c42-cc7a-bb96b22125cd}","ProcessId":2008,"Image":"node-bridge.exe","User":"LARKSPUR\\priya.nair","Protocol":"tcp","SourceIp":"10.20.30.41","SourcePort":55779,"DestinationIp":"193.42.33.81","DestinationPort":443}
{"EventID":3,"UtcTime":"2026-03-09 18:47:44.377","Computer":"10.20.30.41","ProcessGuid":"{f994d776-f83a-288b-31ae-c16e2d3e9c81}","ProcessId":2008,"Image":"bastion-sensor.exe","User":"NT AUTHORITY\\SYSTEM","Protocol":"tcp","SourceIp":"10.20.30.41","SourcePort":60903,"DestinationIp":"104.18.22.51","DestinationPort":443}
{"EventID":3,"UtcTime":"2026-03-09 18:48:14.797","Computer":"10.20.30.41","ProcessGuid":"{f994d776-f83a-288b-31ae-c16e2d3e9c81}","ProcessId":2008,"Image":"bastion-sensor.exe","User":"NT AUTHORITY\\SYSTEM","Protocol":"tcp","SourceIp":"10.20.30.41","SourcePort":55104,"DestinationIp":"104.18.22.51","DestinationPort":443}
{"EventID":3,"UtcTime":"2026-03-09 18:48:23.013","Computer":"10.20.30.41","ProcessGuid":"{18d8f26f-d16e-7c42-cc7a-bb96b22125cd}","ProcessId":2008,"Image":"node-bridge.exe","User":"LARKSPUR\\priya.nair","Protocol":"tcp","SourceIp":"10.20.30.41","SourcePort":56970,"DestinationIp":"193.42.33.81","DestinationPort":443}
{"EventID":3,"UtcTime":"2026-03-09 18:48:44.323","Computer":"10.20.30.41","ProcessGuid":"{f994d776-f83a-288b-31ae-c16e2d3e9c81}","ProcessId":2008,"Image":"bastion-sensor.exe","User":"NT AUTHORITY\\SYSTEM","Protocol":"tcp","SourceIp":"10.20.30.41","SourcePort":60171,"DestinationIp":"104.18.22.51","DestinationPort":443}
{"EventID":3,"UtcTime":"2026-03-09 18:49:10.451","Computer":"10.20.30.41","ProcessGuid":"{18d8f26f-d16e-7c42-cc7a-bb96b22125cd}","ProcessId":2008,"Image":"node-bridge.exe","User":"LARKSPUR\\priya.nair","Protocol":"tcp","SourceIp":"10.20.30.41","SourcePort":53127,"DestinationIp":"193.42.33.81","DestinationPort":443}
{"EventID":3,"UtcTime":"2026-03-09 18:49:14.193","Computer":"10.20.30.41","ProcessGuid":"{f994d776-f83a-288b-31ae-c16e2d3e9c81}","ProcessId":2008,"Image":"bastion-sensor.exe","User":"NT AUTHORITY\\SYSTEM","Protocol":"tcp","SourceIp":"10.20.30.41","SourcePort":52099,"DestinationIp":"104.18.22.51","DestinationPort":443}
{"EventID":3,"UtcTime":"2026-03-09 18:49:44.045","Computer":"10.20.30.41","ProcessGuid":"{f994d776-f83a-288b-31ae-c16e2d3e9c81}","ProcessId":2008,"Image":"bastion-sensor.exe","User":"NT AUTHORITY\\SYSTEM","Protocol":"tcp","SourceIp":"10.20.30.41","SourcePort":55829,"DestinationIp":"104.18.22.51","DestinationPort":443}
{"EventID":3,"UtcTime":"2026-03-09 18:49:59.852","Computer":"10.20.30.41","ProcessGuid":"{18d8f26f-d16e-7c42-cc7a-bb96b22125cd}","ProcessId":2008,"Image":"node-bridge.exe","User":"LARKSPUR\\priya.nair","Protocol":"tcp","SourceIp":"10.20.30.41","SourcePort":58909,"DestinationIp":"193.42.33.81","DestinationPort":443}
{"EventID":3,"UtcTime":"2026-03-09 18:50:13.729","Computer":"10.20.30.41","ProcessGuid":"{f994d776-f83a-288b-31ae-c16e2d3e9c81}","ProcessId":2008,"Image":"bastion-sensor.exe","User":"NT AUTHORITY\\SYSTEM","Protocol":"tcp","SourceIp":"10.20.30.41","SourcePort":61483,"DestinationIp":"104.18.22.51","DestinationPort":443}
{"EventID":3,"UtcTime":"2026-03-09 18:50:40.701","Computer":"10.20.30.41","ProcessGuid":"{18d8f26f-d16e-7c42-cc7a-bb96b22125cd}","ProcessId":2008,"Image":"node-bridge.exe","User":"LARKSPUR\\priya.nair","Protocol":"tcp","SourceIp":"10.20.30.41","SourcePort":51054,"DestinationIp":"193.42.33.81","DestinationPort":443}
{"EventID":3,"UtcTime":"2026-03-09 18:50:44.030","Computer":"10.20.30.41","ProcessGuid":"{f994d776-f83a-288b-31ae-c16e2d3e9c81}","ProcessId":2008,"Image":"bastion-sensor.exe","User":"NT AUTHORITY\\SYSTEM","Protocol":"tcp","SourceIp":"10.20.30.41","SourcePort":54211,"DestinationIp":"104.18.22.51","DestinationPort":443}
{"EventID":3,"UtcTime":"2026-03-09 18:51:14.039","Computer":"10.20.30.41","ProcessGuid":"{f994d776-f83a-288b-31ae-c16e2d3e9c81}","ProcessId":2008,"Image":"bastion-sensor.exe","User":"NT AUTHORITY\\SYSTEM","Protocol":"tcp","SourceIp":"10.20.30.41","SourcePort":53257,"DestinationIp":"104.18.22.51","DestinationPort":443}
{"EventID":3,"UtcTime":"2026-03-09 18:51:21.267","Computer":"10.20.30.41","ProcessGuid":"{18d8f26f-d16e-7c42-cc7a-bb96b22125cd}","ProcessId":2008,"Image":"node-bridge.exe","User":"LARKSPUR\\priya.nair","Protocol":"tcp","SourceIp":"10.20.30.41","SourcePort":63347,"DestinationIp":"193.42.33.81","DestinationPort":443}
{"EventID":3,"UtcTime":"2026-03-09 18:51:43.633","Computer":"10.20.30.41","ProcessGuid":"{f994d776-f83a-288b-31ae-c16e2d3e9c81}","ProcessId":2008,"Image":"bastion-sensor.exe","User":"NT AUTHORITY\\SYSTEM","Protocol":"tcp","SourceIp":"10.20.30.41","SourcePort":56250,"DestinationIp":"104.18.22.51","DestinationPort":443}
{"EventID":3,"UtcTime":"2026-03-09 18:52:09.442","Computer":"10.20.30.41","ProcessGuid":"{18d8f26f-d16e-7c42-cc7a-bb96b22125cd}","ProcessId":2008,"Image":"node-bridge.exe","User":"LARKSPUR\\priya.nair","Protocol":"tcp","SourceIp":"10.20.30.41","SourcePort":61597,"DestinationIp":"193.42.33.81","DestinationPort":443}
{"EventID":3,"UtcTime":"2026-03-09 18:52:13.717","Computer":"10.20.30.41","ProcessGuid":"{f994d776-f83a-288b-31ae-c16e2d3e9c81}","ProcessId":2008,"Image":"bastion-sensor.exe","User":"NT AUTHORITY\\SYSTEM","Protocol":"tcp","SourceIp":"10.20.30.41","SourcePort":63240,"DestinationIp":"104.18.22.51","DestinationPort":443}
{"EventID":3,"UtcTime":"2026-03-09 18:52:43.461","Computer":"10.20.30.41","ProcessGuid":"{f994d776-f83a-288b-31ae-c16e2d3e9c81}","ProcessId":2008,"Image":"bastion-sensor.exe","User":"NT AUTHORITY\\SYSTEM","Protocol":"tcp","SourceIp":"10.20.30.41","SourcePort":63225,"DestinationIp":"104.18.22.51","DestinationPort":443}
{"EventID":3,"UtcTime":"2026-03-09 18:52:56.708","Computer":"10.20.30.41","ProcessGuid":"{18d8f26f-d16e-7c42-cc7a-bb96b22125cd}","ProcessId":2008,"Image":"node-bridge.exe","User":"LARKSPUR\\priya.nair","Protocol":"tcp","SourceIp":"10.20.30.41","SourcePort":63640,"DestinationIp":"193.42.33.81","DestinationPort":443}
{"EventID":3,"UtcTime":"2026-03-09 18:53:13.315","Computer":"10.20.30.41","ProcessGuid":"{f994d776-f83a-288b-31ae-c16e2d3e9c81}","ProcessId":2008,"Image":"bastion-sensor.exe","User":"NT AUTHORITY\\SYSTEM","Protocol":"tcp","SourceIp":"10.20.30.41","SourcePort":59360,"DestinationIp":"104.18.22.51","DestinationPort":443}
{"EventID":3,"UtcTime":"2026-03-09 18:53:39.656","Computer":"10.20.30.41","ProcessGuid":"{18d8f26f-d16e-7c42-cc7a-bb96b22125cd}","ProcessId":2008,"Image":"node-bridge.exe","User":"LARKSPUR\\priya.nair","Protocol":"tcp","SourceIp":"10.20.30.41","SourcePort":65059,"DestinationIp":"193.42.33.81","DestinationPort":443}
{"EventID":3,"UtcTime":"2026-03-09 18:53:43.633","Computer":"10.20.30.41","ProcessGuid":"{f994d776-f83a-288b-31ae-c16e2d3e9c81}","ProcessId":2008,"Image":"bastion-sensor.exe","User":"NT AUTHORITY\\SYSTEM","Protocol":"tcp","SourceIp":"10.20.30.41","SourcePort":65212,"DestinationIp":"104.18.22.51","DestinationPort":443}
{"EventID":3,"UtcTime":"2026-03-09 18:54:13.821","Computer":"10.20.30.41","ProcessGuid":"{f994d776-f83a-288b-31ae-c16e2d3e9c81}","ProcessId":2008,"Image":"bastion-sensor.exe","User":"NT AUTHORITY\\SYSTEM","Protocol":"tcp","SourceIp":"10.20.30.41","SourcePort":57927,"DestinationIp":"104.18.22.51","DestinationPort":443}
{"EventID":3,"UtcTime":"2026-03-09 18:54:27.683","Computer":"10.20.30.41","ProcessGuid":"{18d8f26f-d16e-7c42-cc7a-bb96b22125cd}","ProcessId":2008,"Image":"node-bridge.exe","User":"LARKSPUR\\priya.nair","Protocol":"tcp","SourceIp":"10.20.30.41","SourcePort":58692,"DestinationIp":"193.42.33.81","DestinationPort":443}
{"EventID":3,"UtcTime":"2026-03-09 18:54:44.326","Computer":"10.20.30.41","ProcessGuid":"{f994d776-f83a-288b-31ae-c16e2d3e9c81}","ProcessId":2008,"Image":"bastion-sensor.exe","User":"NT AUTHORITY\\SYSTEM","Protocol":"tcp","SourceIp":"10.20.30.41","SourcePort":62117,"DestinationIp":"104.18.22.51","DestinationPort":443}
{"EventID":3,"UtcTime":"2026-03-09 18:55:11.558","Computer":"10.20.30.41","ProcessGuid":"{18d8f26f-d16e-7c42-cc7a-bb96b22125cd}","ProcessId":2008,"Image":"node-bridge.exe","User":"LARKSPUR\\priya.nair","Protocol":"tcp","SourceIp":"10.20.30.41","SourcePort":65310,"DestinationIp":"193.42.33.81","DestinationPort":443}
{"EventID":3,"UtcTime":"2026-03-09 18:55:14.132","Computer":"10.20.30.41","ProcessGuid":"{f994d776-f83a-288b-31ae-c16e2d3e9c81}","ProcessId":2008,"Image":"bastion-sensor.exe","User":"NT AUTHORITY\\SYSTEM","Protocol":"tcp","SourceIp":"10.20.30.41","SourcePort":51679,"DestinationIp":"104.18.22.51","DestinationPort":443}
{"EventID":3,"UtcTime":"2026-03-09 18:55:44.635","Computer":"10.20.30.41","ProcessGuid":"{f994d776-f83a-288b-31ae-c16e2d3e9c81}","ProcessId":2008,"Image":"bastion-sensor.exe","User":"NT AUTHORITY\\SYSTEM","Protocol":"tcp","SourceIp":"10.20.30.41","SourcePort":52441,"DestinationIp":"104.18.22.51","DestinationPort":443}
{"EventID":3,"UtcTime":"2026-03-09 18:55:55.491","Computer":"10.20.30.41","ProcessGuid":"{18d8f26f-d16e-7c42-cc7a-bb96b22125cd}","ProcessId":2008,"Image":"node-bridge.exe","User":"LARKSPUR\\priya.nair","Protocol":"tcp","SourceIp":"10.20.30.41","SourcePort":53619,"DestinationIp":"193.42.33.81","DestinationPort":443}
{"EventID":3,"UtcTime":"2026-03-09 18:56:14.133","Computer":"10.20.30.41","ProcessGuid":"{f994d776-f83a-288b-31ae-c16e2d3e9c81}","ProcessId":2008,"Image":"bastion-sensor.exe","User":"NT AUTHORITY\\SYSTEM","Protocol":"tcp","SourceIp":"10.20.30.41","SourcePort":61388,"DestinationIp":"104.18.22.51","DestinationPort":443}
{"EventID":3,"UtcTime":"2026-03-09 18:56:36.307","Computer":"10.20.30.41","ProcessGuid":"{18d8f26f-d16e-7c42-cc7a-bb96b22125cd}","ProcessId":2008,"Image":"node-bridge.exe","User":"LARKSPUR\\priya.nair","Protocol":"tcp","SourceIp":"10.20.30.41","SourcePort":60120,"DestinationIp":"193.42.33.81","DestinationPort":443}
{"EventID":3,"UtcTime":"2026-03-09 18:56:44.317","Computer":"10.20.30.41","ProcessGuid":"{f994d776-f83a-288b-31ae-c16e2d3e9c81}","ProcessId":2008,"Image":"bastion-sensor.exe","User":"NT AUTHORITY\\SYSTEM","Protocol":"tcp","SourceIp":"10.20.30.41","SourcePort":63220,"DestinationIp":"104.18.22.51","DestinationPort":443}
{"EventID":3,"UtcTime":"2026-03-09 18:57:14.350","Computer":"10.20.30.41","ProcessGuid":"{f994d776-f83a-288b-31ae-c16e2d3e9c81}","ProcessId":2008,"Image":"bastion-sensor.exe","User":"NT AUTHORITY\\SYSTEM","Protocol":"tcp","SourceIp":"10.20.30.41","SourcePort":64486,"DestinationIp":"104.18.22.51","DestinationPort":443}
