{"EventID":3,"UtcTime":"2026-03-09 18:57:21.935","Computer":"10.20.30.41","ProcessGuid":"{18d8f26f-d16e-7c42-cc7a-bb96b22125cd}","ProcessId":2008,"Image":"node-bridge.exe","User":"LARKSPUR\\priya.nair","Protocol":"tcp","SourceIp":"10.20.30.41","SourcePort":49927,"DestinationIp":"193.42.33.81","DestinationPort":443}
{"EventID":3,"UtcTime":"2026-03-09 18:57:44.786","Computer":"10.20.30.41","ProcessGuid":"{f994d776-f83a-288b-31ae-c16e2d3e9c81}","ProcessId":2008,"Image":"bastion-sensor.exe","User":"NT AUTHORITY\\SYSTEM","Protocol":"tcp","SourceIp":"10.20.30.41","SourcePort":64080,"DestinationIp":"104.18.22.51","DestinationPort":443}
{"EventID":3,"UtcTime":"2026-03-09 18:58:04.717","Computer":"10.20.30.41","ProcessGuid":"{18d8f26f-d16e-7c42-cc7a-bb96b22125cd}","ProcessId":2008,"Image":"node-bridge.exe","User":"LARKSPUR\\priya.nair","Protocol":"tcp","SourceIp":"10.20.30.41","SourcePort":60784,"DestinationIp":"193.42.33.81","DestinationPort":443}
{"EventID":3,"UtcTime":"2026-03-09 18:58:15.200","Computer":"10.20.30.41","ProcessGuid":"{f994d776-f83a-288b-31ae-c16e2d3e9c81}","ProcessId":2008,"Image":"bastion-sensor.exe","User":"NT AUTHORITY\\SYSTEM","Protocol":"tcp","SourceIp":"10.20.30.41","SourcePort":59222,"DestinationIp":"104.18.22.51","DestinationPort":443}
{"EventID":3,"UtcTime":"2026-03-09 18:58:45.328","Computer":"10.20.30.41","ProcessGuid":"{f994d776-f83a-288b-31ae-c16e2d3e9c81}","ProcessId":2008,"Image":"bastion-sensor.exe","User":"NT AUTHORITY\\SYSTEM","Protocol":"tcp","SourceIp":"10.20.30.41","SourcePort":63819,"DestinationIp":"104.18.22.51","DestinationPort":443}
{"EventID":3,"UtcTime":"2026-03-09 18:58:53.547","Computer":"10.20.30.41","ProcessGuid":"{18d8f26f-d16e-7c42-cc7a-bb96b22125cd}","ProcessId":2008,"Image":"node-bridge.exe","User":"LARKSPUR\\priya.nair","Protocol":"tcp","SourceIp":"10.20.30.41","SourcePort":64098,"DestinationIp":"193.42.33.81","DestinationPort":443}
{"EventID":3,"UtcTime":"2026-03-09 18:59:15.726","Computer":"10.20.30.41","ProcessGuid":"{f994d776-f83a-288b-31ae-c16e2d3e9c81}","ProcessId":2008,"Image":"bastion-sensor.exe","User":"NT AUTHORITY\\SYSTEM","Protocol":"tcp","SourceIp":"10.20.30.41","SourcePort":64820,"DestinationIp":"104.18.22.51","DestinationPort":443}
{"EventID":3,"UtcTime":"2026-03-09 18:59:34.896","Computer":"10.20.30.41","ProcessGuid":"{18d8f26f-d16e-7c42-cc7a-bb96b22125cd}","ProcessId":2008,"Image":"node-bridge.exe","User":"LARKSPUR\\priya.nair","Protocol":"tcp","SourceIp":"10.20.30.41","SourcePort":51051,"DestinationIp":"193.42.33.81","DestinationPort":443}
{"EventID":3,"UtcTime":"2026-03-09 18:59:45.630","Computer":"10.20.30.41","ProcessGuid":"{f994d776-f83a-288b-31ae-c16e2d3e9c81}","ProcessId":2008,"Image":"bastion-sensor.exe","User":"NT AUTHORITY\\SYSTEM","Protocol":"tcp","SourceIp":"10.20.30.41","SourcePort":63285,"DestinationIp":"104.18.22.51","DestinationPort":443}
{"EventID":3,"UtcTime":"2026-03-09 19:00:16.025","Computer":"10.20.30.41","ProcessGuid":"{18d8f26f-d16e-7c42-cc7a-bb96b22125cd}","ProcessId":2008,"Image":"node-bridge.exe","User":"LARKSPUR\\priya.nair","Protocol":"tcp","SourceIp":"10.20.30.41","SourcePort":64370,"DestinationIp":"193.42.33.81","DestinationPort":443}
{"EventID":3,"UtcTime":"2026-03-09 19:00:16.093","Computer":"10.20.30.41","ProcessGuid":"{f994d776-f83a-288b-31ae-c16e2d3e9c81}","ProcessId":2008,"Image":"bastion-sensor.exe","User":"NT AUTHORITY\\SYSTEM","Protocol":"tcp","SourceIp":"10.20.30.41","SourcePort":53400,"DestinationIp":"104.18.22.51","DestinationPort":443}
{"EventID":3,"UtcTime":"2026-03-09 19:00:45.510","Computer":"10.20.30.41","ProcessGuid":"{f994d776-f83a-288b-31ae-c16e2d3e9c81}","ProcessId":2008,"Image":"bastion-sensor.exe","User":"NT AUTHORITY\\SYSTEM","Protocol":"tcp","SourceIp":"10.20.30.41","SourcePort":58417,"DestinationIp":"104.18.22.51","DestinationPort":443}
{"EventID":3,"UtcTime":"2026-03-09 19:01:02.409","Computer":"10.20.30.41","ProcessGuid":"{18d8f26f-d16e-7c42-cc7a-bb96b22125cd}","ProcessId":2008,"Image":"node-bridge.exe","User":"LARKSPUR\\priya.nair","Protocol":"tcp","SourceIp":"10.20.30.41","SourcePort":54517,"DestinationIp":"193.42.33.81","DestinationPort":443}
{"EventID":3,"UtcTime":"2026-03-09 19:01:15.423","Computer":"10.20.30.41","ProcessGuid":"{f994d776-f83a-288b-31ae-c16e2d3e9c81}","ProcessId":2008,"Image":"bastion-sensor.exe","User":"NT AUTHORITY\\SYSTEM","Protocol":"tcp","SourceIp":"10.20.30.41","SourcePort":52764,"DestinationIp":"104.18.22.51","DestinationPort":443}
{"EventID":3,"UtcTime":"2026-03-09 19:01:43.000","Computer":"10.20.30.41","ProcessGuid":"{18d8f26f-d16e-7c42-cc7a-bb96b22125cd}","ProcessId":2008,"Image":"node-bridge.exe","User":"LARKSPUR\\priya.nair","Protocol":"tcp","SourceIp":"10.20.30.41","SourcePort":63372,"DestinationIp":"193.42.33.81","DestinationPort":443}
{"EventID":3,"UtcTime":"2026-03-09 19:01:45.706","Computer":"10.20.30.41","ProcessGuid":"{f994d776-f83a-288b-31ae-c16e2d3e9c81}","ProcessId":2008,"Image":"bastion-sensor.exe","User":"NT AUTHORITY\\SYSTEM","Protocol":"tcp","SourceIp":"10.20.30.41","SourcePort":62003,"DestinationIp":"104.18.22.51","DestinationPort":443}
{"EventID":3,"UtcTime":"2026-03-09 19:02:16.254","Computer":"10.20.30.41","ProcessGuid":"{f994d776-f83a-288b-31ae-c16e2d3e9c81}","ProcessId":2008,"Image":"bastion-sensor.exe","User":"NT AUTHORITY\\SYSTEM","Protocol":"tcp","SourceIp":"10.20.30.41","SourcePort":62144,"DestinationIp":"104.18.22.51","DestinationPort":443}
{"EventID":3,"UtcTime":"2026-03-09 19:02:29.577","Computer":"10.20.30.41","ProcessGuid":"{18d8f26f-d16e-7c42-cc7a-bb96b22125cd}","ProcessId":2008,"Image":"node-bridge.exe","User":"LARKSPUR\\priya.nair","Protocol":"tcp","SourceIp":"10.20.30.41","SourcePort":54706,"DestinationIp":"193.42.33.81","DestinationPort":443}
{"EventID":3,"UtcTime":"2026-03-09 19:02:45.672","Computer":"10.20.30.41","ProcessGuid":"{f994d776-f83a-288b-31ae-c16e2d3e9c81}","ProcessId":2008,"Image":"bastion-sensor.exe","User":"NT AUTHORITY\\SYSTEM","Protocol":"tcp","SourceIp":"10.20.30.41","SourcePort":61648,"DestinationIp":"104.18.22.51","DestinationPort":443}
{"EventID":3,"UtcTime":"2026-03-09 19:03:12.401","Computer":"10.20.30.41","ProcessGuid":"{18d8f26f-d16e-7c42-cc7a-bb96b22125cd}","ProcessId":2008,"Image":"node-bridge.exe","User":"LARKSPUR\\priya.nair","Protocol":"tcp","SourceIp":"10.20.30.41","SourcePort":58385,"DestinationIp":"193.42.33.81","DestinationPort":443}
{"EventID":3,"UtcTime":"2026-03-09 19:03:15.951","Computer":"10.20.30.41","ProcessGuid":"{f994d776-f83a-288b-31ae-c16e2d3e9c81}","ProcessId":2008,"Image":"bastion-sensor.exe","User":"NT AUTHORITY\\SYSTEM","Protocol":"tcp","SourceIp":"10.20.30.41","SourcePort":61014,"DestinationIp":"104.18.22.51","DestinationPort":443}
{"EventID":3,"UtcTime":"2026-03-09 19:03:45.457","Computer":"10.20.30.41","ProcessGuid":"{f994d776-f83a-288b-31ae-c16e2d3e9c81}","ProcessId":2008,"Image":"bastion-sensor.exe","User":"NT AUTHORITY\\SYSTEM","Protocol":"tcp","SourceIp":"10.20.30.41","SourcePort":50351,"DestinationIp":"104.18.22.51","DestinationPort":443}
{"EventID":3,"UtcTime":"2026-03-09 19:04:00.682","Computer":"10.20.30.41","ProcessGuid":"{18d8f26f-d16e-7c42-cc7a-bb96b22125cd}","ProcessId":2008,"Image":"node-bridge.exe","User":"LARKSPUR\\priya.nair","Protocol":"tcp","SourceIp":"10.20.30.41","SourcePort":49853,"DestinationIp":"193.42.33.81","DestinationPort":443}
{"EventID":3,"UtcTime":"2026-03-09 19:04:16.005","Computer":"10.20.30.41","ProcessGuid":"{f994d776-f83a-288b-31ae-c16e2d3e9c81}","ProcessId":2008,"Image":"bastion-sensor.exe","User":"NT AUTHORITY\\SYSTEM","Protocol":"tcp","SourceIp":"10.20.30.41","SourcePort":59997,"DestinationIp":"104.18.22.51","DestinationPort":443}
{"EventID":3,"UtcTime":"2026-03-09 19:04:41.832","Computer":"10.20.30.41","ProcessGuid":"{18d8f26f-d16e-7c42-cc7a-bb96b22125cd}","ProcessId":2008,"Image":"node-bridge.exe","User":"LARKSPUR\\priya.nair","Protocol":"tcp","SourceIp":"10.20.30.41","SourcePort":57076,"DestinationIp":"193.42.33.81","DestinationPort":443}
{"EventID":3,"UtcTime":"2026-03-09 19:04:45.821","Computer":"10.20.30.41","ProcessGuid":"{f994d776-f83a-288b-31ae-c16e2d3e9c81}","ProcessId":2008,"Image":"bastion-sensor.exe","User":"NT AUTHORITY\\SYSTEM","Protocol":"tcp","SourceIp":"10.20.30.41","SourcePort":59148,"DestinationIp":"104.18.22.51","DestinationPort":443}
{"EventID":3,"UtcTime":"2026-03-09 19:05:15.883","Computer":"10.20.30.41","ProcessGuid":"{f994d776-f83a-288b-31ae-c16e2d3e9c81}","ProcessId":2008,"Image":"bastion-sensor.exe","User":"NT AUTHORITY\\SYSTEM","Protocol":"tcp","SourceIp":"10.20.30.41","SourcePort":55624,"DestinationIp":"104.18.22.51","DestinationPort":443}
{"EventID":3,"UtcTime":"2026-03-09 19:05:24.500","Computer":"10.20.30.41","ProcessGuid":"{18d8f26f-d16e-7c42-cc7a-bb96b22125cd}","ProcessId":2008,"Image":"node-bridge.exe","User":"LARKSPUR\\priya.nair","Protocol":"tcp","SourceIp":"10.20.30.41","SourcePort":53525,"DestinationIp":"193.42.33.81","DestinationPort":443}
{"EventID":3,"UtcTime":"2026-03-09 19:05:46.254","Computer":"10.20.30.41","ProcessGuid":"{f994d776-f83a-288b-31ae-c16e2d3e9c81}","ProcessId":2008,"Image":"bastion-sensor.exe","User":"NT AUTHORITY\\SYSTEM","Protocol":"tcp","SourceIp":"10.20.30.41","SourcePort":60588,"DestinationIp":"104.18.22.51","DestinationPort":443}
{"EventID":3,"UtcTime":"2026-03-09 19:06:05.299","Computer":"10.20.30.41","ProcessGuid":"{18d8f26f-d16e-7c42-cc7a-bb96b22125cd}","ProcessId":2008,"Image":"node-bridge.exe","User":"LARKSPUR\\priya.nair","Protocol":"tcp","SourceIp":"10.20.30.41","SourcePort":60266,"DestinationIp":"193.42.33.81","DestinationPort":443}
{"EventID":3,"UtcTime":"2026-03-09 19:06:16.272","Computer":"10.20.30.41","ProcessGuid":"{f994d776-f83a-288b-31ae-c16e2d3e9c81}","ProcessId":2008,"Image":"bastion-sensor.exe","User":"NT AUTHORITY\\SYSTEM","Protocol":"tcp","SourceIp":"10.20.30.41","SourcePort":56436,"DestinationIp":"104.18.22.51","DestinationPort":443}
{"EventID":3,"UtcTime":"2026-03-09 19:06:46.858","Computer":"10.20.30.41","ProcessGuid":"{f994d776-f83a-288b-31ae-c16e2d3e9c81}","ProcessId":2008,"Image":"bastion-sensor.exe","User":"NT AUTHORITY\\SYSTEM","Protocol":"tcp","SourceIp":"10.20.30.41","SourcePort":62212,"DestinationIp":"104.18.22.51","DestinationPort":443}
{"EventID":3,"UtcTime":"2026-03-09 19:06:50.073","Computer":"10.20.30.41","ProcessGuid":"{18d8f26f-d16e-7c42-cc7a-bb96b22125cd}","ProcessId":2008,"Image":"node-bridge.exe","User":"LARKSPUR\\priya.nair","Protocol":"tcp","SourceIp":"10.20.30.41","SourcePort":62266,"DestinationIp":"193.42.33.81","DestinationPort":443}
{"EventID":3,"UtcTime":"2026-03-09 19:07:16.808","Computer":"10.20.30.41","ProcessGuid":"{f994d776-f83a-288b-31ae-c16e2d3e9c81}","ProcessId":2008,"Image":"bastion-sensor.exe","User":"NT AUTHORITY\\SYSTEM","Protocol":"tcp","SourceIp":"10.20.30.41","SourcePort":57118,"DestinationIp":"104.18.22.51","DestinationPort":443}
{"EventID":3,"UtcTime":"2026-03-09 19:07:31.376","Computer":"10.20.30.41","ProcessGuid":"{18d8f26f-d16e-7c42-cc7a-bb96b22125cd}","ProcessId":2008,"Image":"node-bridge.exe","User":"LARKSPUR\\priya.nair","Protocol":"tcp","SourceIp":"10.20.30.41","SourcePort":53397,"DestinationIp":"193.42.33.81","DestinationPort":443}
{"EventID":3,"UtcTime":"2026-03-09 19:07:47.128","Computer":"10.20.30.41","ProcessGuid":"{f994d776-f83a-288b-31ae-c16e2d3e9c81}","ProcessId":2008,"Image":"bastion-sensor.exe","User":"NT AUTHORITY\\SYSTEM","Protocol":"tcp","SourceIp":"10.20.30.41","SourcePort":50357,"DestinationIp":"104.18.22.51","DestinationPort":443}
{"EventID":3,"UtcTime":"2026-03-09 19:08:15.700","Computer":"10.20.30.41","ProcessGuid":"{18d8f26f-d16e-7c42-cc7a-bb96b22125cd}","ProcessId":2008,"Image":"node-bridge.exe","User":"LARKSPUR\\priya.nair","Protocol":"tcp","SourceIp":"10.20.30.41","SourcePort":54026,"DestinationIp":"193.42.33.81","DestinationPort":443}
{"EventID":3,"UtcTime":"2026-03-09 19:08:17.353","Computer":"10.20.30.41","ProcessGuid":"{f994d776-f83a-288b-31ae-c16e2d3e9c81}","ProcessId":2008,"Image":"bastion-sensor.exe","User":"NT AUTHORITY\\SYSTEM","Protocol":"tcp","SourceIp":"10.20.30.41","SourcePort":61729,"DestinationIp":"104.18.22.51","DestinationPort":443}
{"EventID":3,"UtcTime":"2026-03-09 19:08:47.553","Computer":"10.20.30.41","ProcessGuid":"{f994d776-f83a-288b-31ae-c16e2d3e9c81}","ProcessId":2008,"Image":"bastion-sensor.exe","User":"NT AUTHORITY\\SYSTEM","Protocol":"tcp","SourceIp":"10.20.30.41","SourcePort":63895,"DestinationIp":"104.18.22.51","DestinationPort":443}
{"EventID":3,"UtcTime":"2026-03-09 19:08:59.754","Computer":"10.20.30.41","ProcessGuid":"{18d8f26f-d16e-7c42-cc7a-bb96b22125cd}","ProcessId":2008,"Image":"node-bridge.exe","User":"LARKSPUR\\priya.nair","Protocol":"tcp","SourceIp":"10.20.30.41","SourcePort":55493,"DestinationIp":"193.42.33.81","DestinationPort":443}
{"EventID":3,"UtcTime":"2026-03-09 19:09:17.978","Computer":"10.20.30.41","ProcessGuid":"{f994d776-f83a-288b-31ae-c16e2d3e9c81}","ProcessId":2008,"Image":"bastion-sensor.exe","User":"NT AUTHORITY\\SYSTEM","Protocol":"tcp","SourceIp":"10.20.30.41","SourcePort":57938,"DestinationIp":"104.18.22.51","DestinationPort":443}
{"EventID":3,"UtcTime":"2026-03-09 19:09:45.819","Computer":"10.20.30.41","ProcessGuid":"{18d8f26f-d16e-7c42-cc7a-bb96b22125cd}","ProcessId":2008,"Image":"node-bridge.exe","User":"LARKSPUR\\priya.nair","Protocol":"tcp","SourceIp":"10.20.30.41","SourcePort":55800,"DestinationIp":"193.42.33.81","DestinationPort":443}
{"EventID":3,"UtcTime":"2026-03-09 19:09:47.837","Computer":"10.20.30.41","ProcessGuid":"{f994d776-f83a-288b-31ae-c16e2d3e9c81}","ProcessId":2008,"Image":"bastion-sensor.exe","User":"NT AUTHORITY\\SYSTEM","Protocol":"tcp","SourceIp":"10.20.30.41","SourcePort":58041,"DestinationIp":"104.18.22.51","DestinationPort":443}
{"EventID":3,"UtcTime":"2026-03-09 19:10:17.745","Computer":"10.20.30.41","ProcessGuid":"{f994d776-f83a-288b-31ae-c16e2d3e9c81}","ProcessId":2008,"Image":"bastion-sensor.exe","User":"NT AUTHORITY\\SYSTEM","Protocol":"tcp","SourceIp":"10.20.30.41","SourcePort":56452,"DestinationIp":"104.18.22.51","DestinationPort":443}
{"EventID":3,"UtcTime":"2026-03-09 19:10:33.079","Computer":"10.20.30.41","ProcessGuid":"{18d8f26f-d16e-7c42-cc7a-bb96b22125cd}","ProcessId":2008,"Image":"node-bridge.exe","User":"LARKSPUR\\priya.nair","Protocol":"tcp","SourceIp":"10.20.30.41","SourcePort":54311,"DestinationIp":"193.42.33.81","DestinationPort":443}
{"EventID":3,"UtcTime":"2026-03-09 19:10:47.865","Computer":"10.20.30.41","ProcessGuid":"{f994d776-f83a-288b-31ae-c16e2d3e9c81}","ProcessId":2008,"Image":"bastion-sensor.exe","User":"NT AUTHORITY\\SYSTEM","Protocol":"tcp","SourceIp":"10.20.30.41","SourcePort":64647,"DestinationIp":"104.18.22.51","DestinationPort":443}
{"EventID":3,"UtcTime":"2026-03-09 19:11:17.717","Computer":"10.20.30.41","ProcessGuid":"{f994d776-f83a-288b-31ae-c16e2d3e9c81}","ProcessId":2008,"Image":"bastion-sensor.exe","User":"NT AUTHORITY\\SYSTEM","Protocol":"tcp","SourceIp":"10.20.30.41","SourcePort":50038,"DestinationIp":"104.18.22.51","DestinationPort":443}
{"EventID":3,"UtcTime":"2026-03-09 19:11:18.847","Computer":"10.20.30.41","ProcessGuid":"{18d8f26f-d16e-7c42-cc7a-bb96b22125cd}","ProcessId":2008,"Image":"node-bridge.exe","User":"LARKSPUR\\priya.nair","Protocol":"tcp","SourceIp":"10.20.30.41","SourcePort":57072,"DestinationIp":"193.42.33.81","DestinationPort":443}
{"EventID":3,"UtcTime":"2026-03-09 19:11:47.774","Computer":"10.20.30.41","ProcessGuid":"{f994d776-f83a-288b-31ae-c16e2d3e9c81}","ProcessId":2008,"Image":"bastion-sensor.exe","User":"NT AUTHORITY\\SYSTEM","Protocol":"tcp","SourceIp":"10.20.30.41","SourcePort":56801,"DestinationIp":"104.18.22.51","DestinationPort":443}
{"EventID":3,"UtcTime":"2026-03-09 19:12:04.422","Computer":"10.20.30.41","ProcessGuid":"{18d8f26f-d16e-7c42-cc7a-bb96b22125cd}","ProcessId":2008,"Image":"node-bridge.exe","User":"LARKSPUR\\priya.nair","Protocol":"tcp","SourceIp":"10.20.30.41","SourcePort":62051,"DestinationIp":"193.42.33.81","DestinationPort":443}
{"EventID":3,"UtcTime":"2026-03-09 19:12:17.659","Computer":"10.20.30.41","ProcessGuid":"{f994d776-f83a-288b-31ae-c16e2d3e9c81}","ProcessId":2008,"Image":"bastion-sensor.exe","User":"NT AUTHORITY\\SYSTEM","Protocol":"tcp","SourceIp":"10.20.30.41","SourcePort":64630,"DestinationIp":"104.18.22.51","DestinationPort":443}
{"EventID":3,"UtcTime":"2026-03-09 19:12:47.656","Computer":"10.20.30.41","ProcessGuid":"{f994d776-f83a-288b-31ae-c16e2d3e9c81}","ProcessId":2008,"Image":"bastion-sensor.exe","User":"NT AUTHORITY\\SYSTEM","Protocol":"tcp","SourceIp":"10.20.30.41","SourcePort":63126,"DestinationIp":"104.18.22.51","DestinationPort":443}
{"EventID":3,"UtcTime":"2026-03-09 19:12:49.193","Computer":"10.20.30.41","ProcessGuid":"{18d8f26f-d16e-7c42-cc7a-bb96b22125cd}","ProcessId":2008,"Image":"node-bridge.exe","User":"LARKSPUR\\priya.nair","Protocol":"tcp","SourceIp":"10.20.30.41","SourcePort":65327,"DestinationIp":"193.42.33.81","DestinationPort":443}
{"EventID":3,"UtcTime":"2026-03-09 19:13:17.137","Computer":"10.20.30.41","ProcessGuid":"{f994d776-f83a-288b-31ae-c16e2d3e9c81}","ProcessId":2008,"Image":"bastion-sensor.exe","User":"NT AUTHORITY\\SYSTEM","Protocol":"tcp","SourceIp":"10.20.30.41","SourcePort":53231,"DestinationIp":"104.18.22.51","DestinationPort":443}
{"EventID":3,"UtcTime":"2026-03-09 19:13:36.873","Computer":"10.20.30.41","ProcessGuid":"{18d8f26f-d16e-7c42-cc7a-bb96b22125cd}","ProcessId":2008,"Image":"node-bridge.exe","User":"LARKSPUR\\priya.nair","Protocol":"tcp","SourceIp":"10.20.30.41","SourcePort":54668,"DestinationIp":"193.42.33.81","DestinationPort":443}
{"EventID":3,"UtcTime":"2026-03-09 19:13:47.706","Computer":"10.20.30.41","ProcessGuid":"{f994d776-f83a-288b-31ae-c16e2d3e9c81}","ProcessId":2008,"Image":"bastion-sensor.exe","User":"NT AUTHORITY\\SYSTEM","Protocol":"tcp","SourceIp":"10.20.30.41","SourcePort":54128,"DestinationIp":"104.18.22.51","DestinationPort":443}
{"EventID":3,"UtcTime":"2026-03-09 19:14:17.255","Computer":"10.20.30.41","ProcessGuid":"{f994d776-f83a-288b-31ae-c16e2d3e9c81}","ProcessId":2008,"Image":"bastion-sensor.exe","User":"NT AUTHORITY\\SYSTEM","Protocol":"tcp","SourceIp":"10.20.30.41","SourcePort":64596,"DestinationIp":"104.18.22.51","DestinationPort":443}
{"EventID":3,"UtcTime":"2026-03-09 19:14:18.556","Computer":"10.20.30.41","ProcessGuid":"{18d8f26f-d16e-7c42-cc7a-bb96b22125cd}","ProcessId":2008,"Image":"node-bridge.exe","User":"LARKSPUR\\priya.nair","Protocol":"tcp","SourceIp":"10.20.30.41","SourcePort":63285,"DestinationIp":"193.42.33.81","DestinationPort":443}
{"EventID":3,"UtcTime":"2026-03-09 19:14:47.746","Computer":"10.20.30.41","ProcessGuid":"{f994d776-f83a-288b-31ae-c16e2d3e9c81}","ProcessId":2008,"Image":"bastion-sensor.exe","User":"NT AUTHORITY\\SYSTEM","Protocol":"tcp","SourceIp":"10.20.30.41","SourcePort":61464,"DestinationIp":"104.18.22.51","DestinationPort":443}
{"EventID":3,"UtcTime":"2026-03-09 19:15:04.050","Computer":"10.20.30.41","ProcessGuid":"{18d8f26f-d16e-7c42-cc7a-bb96b22125cd}","ProcessId":2008,"Image":"node-bridge.exe","User":"LARKSPUR\\priya.nair","Protocol":"tcp","SourceIp":"10.20.30.41","SourcePort":54218,"DestinationIp":"193.42.33.81","DestinationPort":443}
{"EventID":3,"UtcTime":"2026-03-09 19:15:17.669","Computer":"10.20.30.41","ProcessGuid":"{f994d776-f83a-288b-31ae-c16e2d3e9c81}","ProcessId":2008,"Image":"bastion-sensor.exe","User":"NT AUTHORITY\\SYSTEM","Protocol":"tcp","SourceIp":"10.20.30.41","SourcePort":58179,"DestinationIp":"104.18.22.51","DestinationPort":443}
{"EventID":3,"UtcTime":"2026-03-09 19:15:45.612","Computer":"10.20.30.41","ProcessGuid":"{18d8f26f-d16e-7c42-cc7a-bb96b22125cd}","ProcessId":2008,"Image":"node-bridge.exe","User":"LARKSPUR\\priya.nair","Protocol":"tcp","SourceIp":"10.20.30.41","SourcePort":63332,"DestinationIp":"193.42.33.81","DestinationPort":443}
{"EventID":3,"UtcTime":"2026-03-09 19:15:48.259","Computer":"10.20.30.41","ProcessGuid":"{f994d776-f83a-288b-31ae-c16e2d3e9c81}","ProcessId":2008,"Image":"bastion-sensor.exe","User":"NT AUTHORITY\\SYSTEM","Protocol":"tcp","SourceIp":"10.20.30.41","SourcePort":56699,"DestinationIp":"104.18.22.51","DestinationPort":443}
{"EventID":3,"UtcTime":"2026-03-09 19:16:18.164","Computer":"10.20.30.41","ProcessGuid":"{f994d776-f83a-288b-31ae-c16e2d3e9c81}","ProcessId":2008,"Image":"bastion-sensor.exe","User":"NT AUTHORITY\\SYSTEM","Protocol":"tcp","SourceIp":"10.20.30.41","SourcePort":59556,"DestinationIp":"104.18.22.51","DestinationPort":443}
{"EventID":3,"UtcTime":"2026-03-09 19:16:32.135","Computer":"10.20.30.41","ProcessGuid":"{18d8f26f-d16e-7c42-cc7a-bb96b22125cd}","ProcessId":2008,"Image":"node-bridge.exe","User":"LARKSPUR\\priya.nair","Protocol":"tcp","SourceIp":"10.20.30.41","SourcePort":58540,"DestinationIp":"193.42.33.81","DestinationPort":443}
{"EventID":3,"UtcTime":"2026-03-09 19:16:48.647","Computer":"10.20.30.41","ProcessGuid":"{f994d776-f83a-288b-31ae-c16e2d3e9c81}","ProcessId":2008,"Image":"bastion-sensor.exe","User":"NT AUTHORITY\\SYSTEM","Protocol":"tcp","SourceIp":"10.20.30.41","SourcePort":52680,"DestinationIp":"104.18.22.51","DestinationPort":443}
{"EventID":3,"UtcTime":"2026-03-09 19:17:15.402","Computer":"10.20.30.41","ProcessGuid":"{18d8f26f-d16e-7c42-cc7a-bb96b22125cd}","ProcessId":2008,"Image":"node-bridge.exe","User":"LARKSPUR\\priya.nair","Protocol":"tcp","SourceIp":"10.20.30.41","SourcePort":65064,"DestinationIp":"193.42.33.81","DestinationPort":443}
{"EventID":3,"UtcTime":"2026-03-09 19:17:18.672","Computer":"10.20.30.41","ProcessGuid":"{f994d776-f83a-288b-31ae-c16e2d3e9c81}","ProcessId":2008,"Image":"bastion-sensor.exe","User":"NT AUTHORITY\\SYSTEM","Protocol":"tcp","SourceIp":"10.20.30.41","SourcePort":62544,"DestinationIp":"104.18.22.51","DestinationPort":443}
{"EventID":3,"UtcTime":"2026-03-09 19:17:48.787","Computer":"10.20.30.41","ProcessGuid":"{f994d776-f83a-288b-31ae-c16e2d3e9c81}","ProcessId":2008,"Image":"bastion-sensor.exe","User":"NT AUTHORITY\\SYSTEM","Protocol":"tcp","SourceIp":"10.20.30.41","SourcePort":56297,"DestinationIp":"104.18.22.51","DestinationPort":443}
{"EventID":3,"UtcTime":"2026-03-09 19:18:00.724","Computer":"10.20.30.41","ProcessGuid":"{18d8f26f-d16e-7c42-cc7a-bb96b22125cd}","ProcessId":2008,"Image":"node-bridge.exe","User":"LARKSPUR\\priya.nair","Protocol":"tcp","SourceIp":"10.20.30.41","SourcePort":53170,"DestinationIp":"193.42.33.81","DestinationPort":443}
{"EventID":3,"UtcTime":"2026-03-09 19:18:18.803","Computer":"10.20.30.41","ProcessGuid":"{f994d776-f83a-288b-31ae-c16e2d3e9c81}","ProcessId":2008,"Image":"bastion-sensor.exe","User":"NT AUTHORITY\\SYSTEM","Protocol":"tcp","SourceIp":"10.20.30.41","SourcePort":58194,"DestinationIp":"104.18.22.51","DestinationPort":443}
{"EventID":3,"UtcTime":"2026-03-09 19:18:49.032","Computer":"10.20.30.41","ProcessGuid":"{f994d776-f83a-288b-31ae-c16e2d3e9c81}","ProcessId":2008,"Image":"bastion-sensor.exe","User":"NT AUTHORITY\\SYSTEM","Protocol":"tcp","SourceIp":"10.20.30.41","SourcePort":57566,"DestinationIp":"104.18.22.51","DestinationPort":443}
{"EventID":3,"UtcTime":"2026-03-09 19:18:49.991","Computer":"10.20.30.41","ProcessGuid":"{18d8f26f-d16e-7c42-cc7a-bb96b22125cd}","ProcessId":2008,"Image":"node-bridge.exe","User":"LARKSPUR\\priya.nair","Protocol":"tcp","SourceIp":"10.20.30.41","SourcePort":59987,"DestinationIp":"193.42.33.81","DestinationPort":443}
{"EventID":3,"UtcTime":"2026-03-09 19:19:19.505","Computer":"10.20.30.41","ProcessGuid":"{f994d776-f83a-288b-31ae-c16e2d3e9c81}","ProcessId":2008,"Image":"bastion-sensor.exe","User":"NT AUTHORITY\\SYSTEM","Protocol":"tcp","SourceIp":"10.20.30.41","SourcePort":49710,"DestinationIp":"104.18.22.51","DestinationPort":443}
{"EventID":3,"UtcTime":"2026-03-09 19:19:34.325","Computer":"10.20.30.41","ProcessGuid":"{18d8f26f-d16e-7c42-cc7a-bb96b22125cd}","ProcessId":2008,"Image":"node-bridge.exe","User":"LARKSPUR\\priya.nair","Protocol":"tcp","SourceIp":"10.20.30.41","SourcePort":52394,"DestinationIp":"193.42.33.81","DestinationPort":443}
{"EventID":3,"UtcTime":"2026-03-09 19:19:49.600","Computer":"10.20.30.41","ProcessGuid":"{f994d776-f83a-288b-31ae-c16e2d3e9c81}","ProcessId":2008,"Image":"bastion-sensor.exe","User":"NT AUTHORITY\\SYSTEM","Protocol":"tcp","SourceIp":"10.20.30.41","SourcePort":54241,"DestinationIp":"104.18.22.51","DestinationPort":443}
{"EventID":3,"UtcTime":"2026-03-09 19:20:17.608","Computer":"10.20.30.41","ProcessGuid":"{18d8f26f-d16e-7c42-cc7a-bb96b22125cd}","ProcessId":2008,"Image":"node-bridge.exe","User":"LARKSPUR\\priya.nair","Protocol":"tcp","SourceIp":"10.20.30.41","SourcePort":64341,"DestinationIp":"193.42.33.81","DestinationPort":443}
{"EventID":3,"UtcTime":"2026-03-09 19:20:19.063","Computer":"10.20.30.41","ProcessGuid":"{f994d776-f83a-288b-31ae-c16e2d3e9c81}","ProcessId":2008,"Image":"bastion-sensor.exe","User":"NT AUTHORITY\\SYSTEM","Protocol":"tcp","SourceIp":"10.20.30.41","SourcePort":61421,"DestinationIp":"104.18.22.51","DestinationPort":443}
{"EventID":3,"UtcTime":"2026-03-09 19:20:48.904","Computer":"10.20.30.41","ProcessGuid":"{f994d776-f83a-288b-31ae-c16e2d3e9c81}","ProcessId":2008,"Image":"bastion-sensor.exe","User":"NT AUTHORITY\\SYSTEM","Protocol":"tcp","SourceIp":"10.20.30.41","SourcePort":53207,"DestinationIp":"104.18.22.51","DestinationPort":443}
{"EventID":3,"UtcTime":"2026-03-09 19:21:01.545","Computer":"10.20.30.41","ProcessGuid":"{18d8f26f-d16e-7c42-cc7a-bb96b22125cd}","ProcessId":2008,"Image":"node-bridge.exe","User":"LARKSPUR\\priya.nair","Protocol":"tcp","SourceIp":"10.20.30.41","SourcePort":62856,"DestinationIp":"193.42.33.81","DestinationPort":443}
{"EventID":3,"UtcTime":"2026-03-09 19:21:18.413","Computer":"10.20.30.41","ProcessGuid":"{f994d776-f83a-288b-31ae-c16e2d3e9c81}","ProcessId":2008,"Image":"bastion-sensor.exe","User":"NT AUTHORITY\\SYSTEM","Protocol":"tcp","SourceIp":"10.20.30.41","SourcePort":49649,"DestinationIp":"104.18.22.51","DestinationPort":443}
{"EventID":3,"UtcTime":"2026-03-09 19:21:44.308","Computer":"10.20.30.41","ProcessGuid":"{18d8f26f-d16e-7c42-cc7a-bb96b22125cd}","ProcessId":2008,"Image":"node-bridge.exe","User":"LARKSPUR\\priya.nair","Protocol":"tcp","SourceIp":"10.20.30.41","SourcePort":54443,"DestinationIp":"193.42.33.81","DestinationPort":443}
{"EventID":3,"UtcTime":"2026-03-09 19:21:48.521","Computer":"10.20.30.41","ProcessGuid":"{f994d776-f83a-288b-31ae-c16e2d3e9c81}","ProcessId":2008,"Image":"bastion-sensor.exe","User":"NT AUTHORITY\\SYSTEM","Protocol":"tcp","SourceIp":"10.20.30.41","SourcePort":61823,"DestinationIp":"104.18.22.51","DestinationPort":443}
{"EventID":3,"UtcTime":"2026-03-09 19:22:18.234","Computer":"10.20.30.41","ProcessGuid":"{f994d776-f83a-288b-31ae-c16e2d3e9c81}","ProcessId":2008,"Image":"bastion-sensor.exe","User":"NT AUTHORITY\\SYSTEM","Protocol":"tcp","SourceIp":"10.20.30.41","SourcePort":49955,"DestinationIp":"104.18.22.51","DestinationPort":443}
{"EventID":3,"UtcTime":"2026-03-09 19:22:33.497","Computer":"10.20.30.41","ProcessGuid":"{18d8f26f-d16e-7c42-cc7a-bb96b22125cd}","ProcessId":2008,"Image":"node-bridge.exe","User":"LARKSPUR\\priya.nair","Protocol":"tcp","SourceIp":"10.20.30.41","SourcePort":58849,"DestinationIp":"193.42.33.81","DestinationPort":443}
{"EventID":3,"UtcTime":"2026-03-09 19:22:48.065","Computer":"10.20.30.41","ProcessGuid":"{f994d776-f83a-288b-31ae-c16e2d3e9c81}","ProcessId":2008,"Image":"bastion-sensor.exe","User":"NT AUTHORITY\\SYSTEM","Protocol":"tcp","SourceIp":"10.20.30.41","SourcePort":51022,"DestinationIp":"104.18.22.51","DestinationPort":443}
{"EventID":3,"UtcTime":"2026-03-09 19:23:16.921","Computer":"10.20.30.41","ProcessGuid":"{18d8f26f-d16e-7c42-cc7a-bb96b22125cd}","ProcessId":2008,"Image":"node-bridge.exe","User":"LARKSPUR\\priya.nair","Protocol":"tcp","SourceIp":"10.20.30.41","SourcePort":53570,"DestinationIp":"193.42.33.81","DestinationPort":443}
{"EventID":3,"UtcTime":"2026-03-09 19:23:17.755","Computer":"10.20.30.41","ProcessGuid":"{f994d776-f83a-288b-31ae-c16e2d3e9c81}","ProcessId":2008,"Image":"bastion-sensor.exe","User":"NT AUTHORITY\\SYSTEM","Protocol":"tcp","SourceIp":"10.20.30.41","SourcePort":51616,"DestinationIp":"104.18.22.51","DestinationPort":443}
{"EventID":3,"UtcTime":"2026-03-09 19:23:47.318","Computer":"10.20.30.41","ProcessGuid":"{f994d776-f83a-288b-31ae-c16e2d3e9c81}","ProcessId":2008,"Image":"bastion-sensor.exe","User":"NT AUTHORITY\\SYSTEM","Protocol":"tcp","SourceIp":"10.20.30.41","SourcePort":62420,"DestinationIp":"104.18.22.51","DestinationPort":443}
{"EventID":3,"UtcTime":"2026-03-09 19:24:04.968","Computer":"10.20.30.41","ProcessGuid":"{18d8f26f-d16e-7c42-cc7a-bb96b22125cd}","ProcessId":2008,"Image":"node-bridge.exe","User":"LARKSPUR\\priya.nair","Protocol":"tcp","SourceIp":"10.20.30.41","SourcePort":61126,"DestinationIp":"193.42.33.81","DestinationPort":443}
{"EventID":3,"UtcTime":"2026-03-09 19:24:17.264","Computer":"10.20.30.41","ProcessGuid":"{f994d776-f83a-288b-31ae-c16e2d3e9c81}","ProcessId":2008,"Image":"bastion-sensor.exe","User":"NT AUTHORITY\\SYSTEM","Protocol":"tcp","SourceIp":"10.20.30.41","SourcePort":50091,"DestinationIp":"104.18.22.51","DestinationPort":443}
{"EventID":3,"UtcTime":"2026-03-09 19:24:46.825","Computer":"10.20.30.41","ProcessGuid":"{f994d776-f83a-288b-31ae-c16e2d3e9c81}","ProcessId":2008,"Image":"bastion-sensor.exe","User":"NT AUTHORITY\\SYSTEM","Protocol":"tcp","SourceIp":"10.20.30.41","SourcePort":51833,"DestinationIp":"104.18.22.51","DestinationPort":443}
{"EventID":3,"UtcTime":"2026-03-09 19:24:54.413","Computer":"10.20.30.41","ProcessGuid":"{18d8f26f-d16e-7c42-cc7a-bb96b22125cd}","ProcessId":2008,"Image":"node-bridge.exe","User":"LARKSPUR\\priya.nair","Protocol":"tcp","SourceIp":"10.20.30.41","SourcePort":59873,"DestinationIp":"193.42.33.81","DestinationPort":443}
{"EventID":3,"UtcTime":"2026-03-09 19:25:17.271","Computer":"10.20.30.41","ProcessGuid":"{f994d776-f83a-288b-31ae-c16e2d3e9c81}","ProcessId":2008,"Image":"bastion-sensor.exe","User":"NT AUTHORITY\\SYSTEM","Protocol":"tcp","SourceIp":"10.20.30.41","SourcePort":63918,"DestinationIp":"104.18.22.51","DestinationPort":443}
{"EventID":3,"UtcTime":"2026-03-09 19:25:43.286","Computer":"10.20.30.41","ProcessGuid":"{18d8f26f-d16e-7c42-cc7a-bb96b22125cd}","ProcessId":2008,"Image":"node-bridge.exe","User":"LARKSPUR\\priya.nair","Protocol":"tcp","SourceIp":"10.20.30.41","SourcePort":64046,"DestinationIp":"193.42.33.81","DestinationPort":443}
{"EventID":3,"UtcTime":"2026-03-09 19:25:47.206","Computer":"10.20.30.41","ProcessGuid":"{f994d776-f83a-288b-31ae-c16e2d3e9c81}","ProcessId":2008,"Image":"bastion-sensor.exe","User":"NT AUTHORITY\\SYSTEM","Protocol":"tcp","SourceIp":"10.20.30.41","SourcePort":52313,"DestinationIp":"104.18.22.51","DestinationPort":443}
{"EventID":3,"UtcTime":"2026-03-09 19:26:16.856","Computer":"10.20.30.41","ProcessGuid":"{f994d776-f83a-288b-31ae-c16e2d3e9c81}","ProcessId":2008,"Image":"bastion-sensor.exe","User":"NT AUTHORITY\\SYSTEM","Protocol":"tcp","SourceIp":"10.20.30.41","SourcePort":64963,"DestinationIp":"104.18.22.51","DestinationPort":443}
{"EventID":3,"UtcTime":"2026-03-09 19:26:24.663","Computer":"10.20.30.41","ProcessGuid":"{18d8f26f-d16e-7c42-cc7a-bb96b22125cd}","ProcessId":2008,"Image":"node-bridge.exe","User":"LARKSPUR\\priya.nair","Protocol":"tcp","SourceIp":"10.20.30.41","SourcePort":51841,"DestinationIp":"193.42.33.81","DestinationPort":443}
{"EventID":3,"UtcTime":"2026-03-09 19:26:46.724","Computer":"10.20.30.41","ProcessGuid":"{f994d776-f83a-288b-31ae-c16e2d3e9c81}","ProcessId":2008,"Image":"bastion-sensor.exe","User":"NT AUTHORITY\\SYSTEM","Protocol":"tcp","SourceIp":"10.20.30.41","SourcePort":51070,"DestinationIp":"104.18.22.51","DestinationPort":443}
{"EventID":3,"UtcTime":"2026-03-09 19:27:12.454","Computer":"10.20.30.41","ProcessGuid":"{18d8f26f-d16e-7c42-cc7a-bb96b22125cd}","ProcessId":2008,"Image":"node-bridge.exe","User":"LARKSPUR\\priya.nair","Protocol":"tcp","SourceIp":"10.20.30.41","SourcePort":59612,"DestinationIp":"193.42.33.81","DestinationPort":443}
{"EventID":3,"UtcTime":"2026-03-09 19:27:16.507","Computer":"10.20.30.41","ProcessGuid":"{f994d776-f83a-288b-31ae-c16e2d3e9c81}","ProcessId":2008,"Image":"bastion-sensor.exe","User":"NT AUTHORITY\\SYSTEM","Protocol":"tcp","SourceIp":"10.20.30.41","SourcePort":58004,"DestinationIp":"104.18.22.51","DestinationPort":443}
{"EventID":3,"UtcTime":"2026-03-09 19:27:46.319","Computer":"10.20.30.41","ProcessGuid":"{f994d776-f83a-288b-31ae-c16e2d3e9c81}","ProcessId":2008,"Image":"bastion-sensor.exe","User":"NT AUTHORITY\\SYSTEM","Protocol":"tcp","SourceIp":"10.20.30.41","SourcePort":52893,"DestinationIp":"104.18.22.51","DestinationPort":443}
{"EventID":3,"UtcTime":"2026-03-09 19:27:56.270","Computer":"10.20.30.41","ProcessGuid":"{18d8f26f-d16e-7c42-cc7a-bb96b22125cd}","ProcessId":2008,"Image":"node-bridge.exe","User":"LARKSPUR\\priya.nair","Protocol":"tcp","SourceIp":"10.20.30.41","SourcePort":54850,"DestinationIp":"193.42.33.81","DestinationPort":443}
{"EventID":3,"UtcTime":"2026-03-09 19:28:16.869","Computer":"10.20.30.41","ProcessGuid":"{f994d776-f83a-288b-31ae-c16e2d3e9c81}","ProcessId":2008,"Image":"bastion-sensor.exe","User":"NT AUTHORITY\\SYSTEM","Protocol":"tcp","SourceIp":"10.20.30.41","SourcePort":61892,"DestinationIp":"104.18.22.51","DestinationPort":443}
{"EventID":3,"UtcTime":"2026-03-09 19:28:36.855","Computer":"10.20.30.41","ProcessGuid":"{18d8f26f-d16e-7c42-cc7a-bb96b22125cd}","ProcessId":2008,"Image":"node-bridge.exe","User":"LARKSPUR\\priya.nair","Protocol":"tcp","SourceIp":"10.20.30.41","SourcePort":62731,"DestinationIp":"193.42.33.81","DestinationPort":443}
{"EventID":3,"UtcTime":"2026-03-09 19:28:46.705","Computer":"10.20.30.41","ProcessGuid":"{f994d776-f83a-288b-31ae-c16e2d3e9c81}","ProcessId":2008,"Image":"bastion-sensor.exe","User":"NT AUTHORITY\\SYSTEM","Protocol":"tcp","SourceIp":"10.20.30.41","SourcePort":51232,"DestinationIp":"104.18.22.51","DestinationPort":443}
{"EventID":3,"UtcTime":"2026-03-09 19:29:16.523","Computer":"10.20.30.41","ProcessGuid":"{f994d776-f83a-288b-31ae-c16e2d3e9c81}","ProcessId":2008,"Image":"bastion-sensor.exe","User":"NT AUTHORITY\\SYSTEM","Protocol":"tcp","SourceIp":"10.20.30.41","SourcePort":51006,"DestinationIp":"104.18.22.51","DestinationPort":443}
{"EventID":3,"UtcTime":"2026-03-09 19:29:19.598","Computer":"10.20.30.41","ProcessGuid":"{18d8f26f-d16e-7c42-cc7a-bb96b22125cd}","ProcessId":2008,"Image":"node-bridge.exe","User":"LARKSPUR\\priya.nair","Protocol":"tcp","SourceIp":"10.20.30.41","SourcePort":57347,"DestinationIp":"193.42.33.81","DestinationPort":443}
{"EventID":3,"UtcTime":"2026-03-09 19:29:46.249","Computer":"10.20.30.41","ProcessGuid":"{f994d776-f83a-288b-31ae-c16e2d3e9c81}","ProcessId":2008,"Image":"bastion-sensor.exe","User":"NT AUTHORITY\\SYSTEM","Protocol":"tcp","SourceIp":"10.20.30.41","SourcePort":54097,"DestinationIp":"104.18.22.51","DestinationPort":443}
{"EventID":3,"UtcTime":"2026-03-09 19:30:01.520","Computer":"10.20.30.41","ProcessGuid":"{18d8f26f-d16e-7c42-cc7a-bb96b22125cd}","ProcessId":2008,"Image":"node-bridge.exe","User":"LARKSPUR\\priya.nair","Protocol":"tcp","SourceIp":"10.20.30.41","SourcePort":61212,"DestinationIp":"193.42.33.81","DestinationPort":443}
{"EventID":3,"UtcTime":"2026-03-09 19:30:16.282","Computer":"10.20.30.41","ProcessGuid":"{f994d776-f83a-288b-31ae-c16e2d3e9c81}","ProcessId":2008,"Image":"bastion-sensor.exe","User":"NT AUTHORITY\\SYSTEM","Protocol":"tcp","SourceIp":"10.20.30.41","SourcePort":49878,"DestinationIp":"104.18.22.51","DestinationPort":443}
{"EventID":3,"UtcTime":"2026-03-09 19:30:45.335","Computer":"10.20.30.41","ProcessGuid":"{18d8f26f-d16e-7c42-cc7a-bb96b22125cd}","ProcessId":2008,"Image":"node-bridge.exe","User":"LARKSPUR\\priya.nair","Protocol":"tcp","SourceIp":"10.20.30.41","SourcePort":63901,"DestinationIp":"193.42.33.81","DestinationPort":443}
{"EventID":3,"UtcTime":"2026-03-09 19:30:46.295","Computer":"10.20.30.41","ProcessGuid":"{f994d776-f83a-288b-31ae-c16e2d3e9c81}","ProcessId":2008,"Image":"bastion-sensor.exe","User":"NT AUTHORITY\\SYSTEM","Protocol":"tcp","SourceIp":"10.20.30.41","SourcePort":55680,"DestinationIp":"104.18.22.51","DestinationPort":443}
{"EventID":3,"UtcTime":"2026-03-09 19:31:16.446","Computer":"10.20.30.41","ProcessGuid":"{f994d776-f83a-288b-31ae-c16e2d3e9c81}","ProcessId":2008,"Image":"bastion-sensor.exe","User":"NT AUTHORITY\\SYSTEM","Protocol":"tcp","SourceIp":"10.20.30.41","SourcePort":53041,"DestinationIp":"104.18.22.51","DestinationPort":443}
{"EventID":3,"UtcTime":"2026-03-09 19:31:32.782","Computer":"10.20.30.41","ProcessGuid":"{18d8f26f-d16e-7c42-cc7a-bb96b22125cd}","ProcessId":2008,"Image":"node-bridge.exe","User":"LARKSPUR\\priya.nair","Protocol":"tcp","SourceIp":"10.20.30.41","SourcePort":65380,"DestinationIp":"193.42.33.81","DestinationPort":443}
{"EventID":3,"UtcTime":"2026-03-09 19:31:46.787","Computer":"10.20.30.41","ProcessGuid":"{f994d776-f83a-288b-31ae-c16e2d3e9c81}","ProcessId":2008,"Image":"bastion-sensor.exe","User":"NT AUTHORITY\\SYSTEM","Protocol":"tcp","SourceIp":"10.20.30.41","SourcePort":56163,"DestinationIp":"104.18.22.51","DestinationPort":443}
{"EventID":3,"UtcTime":"2026-03-09 19:32:15.434","Computer":"10.20.30.41","ProcessGuid":"{18d8f26f-d16e-7c42-cc7a-bb96b22125cd}","ProcessId":2008,"Image":"node-bridge.exe","User":"LARKSPUR\\priya.nair","Protocol":"tcp","SourceIp":"10.20.30.41","SourcePort":62003,"DestinationIp":"193.42.33.81","DestinationPort":443}
{"EventID":3,"UtcTime":"2026-03-09 19:32:17.252","Computer":"10.20.30.41","ProcessGuid":"{f994d776-f83a-288b-31ae-c16e2d3e9c81}","ProcessId":2008,"Image":"bastion-sensor.exe","User":"NT AUTHORITY\\SYSTEM","Protocol":"tcp","SourceIp":"10.20.30.41","SourcePort":59070,"DestinationIp":"104.18.22.51","DestinationPort":443}
{"EventID":3,"UtcTime":"2026-03-09 19:32:47.337","Computer":"10.20.30.41","ProcessGuid":"{f994d776-f83a-288b-31ae-c16e2d3e9c81}","ProcessId":2008,"Image":"bastion-sensor.exe","User":"NT AUTHORITY\\SYSTEM","Protocol":"tcp","SourceIp":"10.20.30.41","SourcePort":65416,"DestinationIp":"104.18.22.51","DestinationPort":443}
{"EventID":3,"UtcTime":"2026-03-09 19:33:02.096","Computer":"10.20.30.41","ProcessGuid":"{18d8f26f-d16e-7c42-cc7a-bb96b22125cd}","ProcessId":2008,"Image":"node-bridge.exe","User":"LARKSPUR\\priya.nair","Protocol":"tcp","SourceIp":"10.20.30.41","SourcePort":56104,"DestinationIp":"193.42.33.81","DestinationPort":443}
{"EventID":3,"UtcTime":"2026-03-09 19:33:16.958","Computer":"10.20.30.41","ProcessGuid":"{f994d776-f83a-288b-31ae-c16e2d3e9c81}","ProcessId":2008,"Image":"bastion-sensor.exe","User":"NT AUTHORITY\\SYSTEM","Protocol":"tcp","SourceIp":"10.20.30.41","SourcePort":62468,"DestinationIp":"104.18.22.51","DestinationPort":443}
{"EventID":3,"UtcTime":"2026-03-09 19:33:47.428","Computer":"10.20.30.41","ProcessGuid":"{f994d776-f83a-288b-31ae-c16e2d3e9c81}","ProcessId":2008,"Image":"bastion-sensor.exe","User":"NT AUTHORITY\\SYSTEM","Protocol":"tcp","SourceIp":"10.20.30.41","SourcePort":60276,"DestinationIp":"104.18.22.51","DestinationPort":443}
{"EventID":3,"UtcTime":"2026-03-09 19:33:49.639","Computer":"10.20.30.41","ProcessGuid":"{18d8f26f-d16e-7c42-cc7a-bb96b22125cd}","ProcessId":2008,"Image":"node-bridge.exe","User":"LARKSPUR\\priya.nair","Protocol":"tcp","SourceIp":"10.20.30.41","SourcePort":54412,"DestinationIp":"193.42.33.81","DestinationPort":443}
{"EventID":3,"UtcTime":"2026-03-09 19:34:17.051","Computer":"10.20.30.41","ProcessGuid":"{f994d776-f83a-288b-31ae-c16e2d3e9c81}","ProcessId":2008,"Image":"bastion-sensor.exe","User":"NT AUTHORITY\\SYSTEM","Protocol":"tcp","SourceIp":"10.20.30.41","SourcePort":52567,"DestinationIp":"104.18.22.51","DestinationPort":443}
{"EventID":3,"UtcTime":"2026-03-09 19:34:34.970","Computer":"10.20.30.41","ProcessGuid":"{18d8f26f-d16e-7c42-cc7a-bb96b22125cd}","ProcessId":2008,"Image":"node-bridge.exe","User":"LARKSPUR\\priya.nair","Protocol":"tcp","SourceIp":"10.20.30.41","SourcePort":61763,"DestinationIp":"193.42.33.81","DestinationPort":443}
{"EventID":3,"UtcTime":"2026-03-09 19:34:47.452","Computer":"10.20.30.41","ProcessGuid":"{f994d776-f83a-288b-31ae-c16e2d3e9c81}","ProcessId":2008,"Image":"bastion-sensor.exe","User":"NT AUTHORITY\\SYSTEM","Protocol":"tcp","SourceIp":"10.20.30.41","SourcePort":62140,"DestinationIp":"104.18.22.51","DestinationPort":443}
{"EventID":3,"UtcTime":"2026-03-09 19:35:18.024","Computer":"10.20.30.41","ProcessGuid":"{f994d776-f83a-288b-31ae-c16e2d3e9c81}","ProcessId":2008,"Image":"bastion-sensor.exe","User":"NT AUTHORITY\\SYSTEM","Protocol":"tcp","SourceIp":"10.20.30.41","SourcePort":61939,"DestinationIp":"104.18.22.51","DestinationPort":443}
{"EventID":3,"UtcTime":"2026-03-09 19:35:21.129","Computer":"10.20.30.41","ProcessGuid":"{18d8f26f-d16e-7c42-cc7a-bb96b22125cd}","ProcessId":2008,"Image":"node-bridge.exe","User":"LARKSPUR\\priya.nair","Protocol":"tcp","SourceIp":"10.20.30.41","SourcePort":55079,"DestinationIp":"193.42.33.81","DestinationPort":443}
{"EventID":3,"UtcTime":"2026-03-09 19:35:47.767","Computer":"10.20.30.41","ProcessGuid":"{f994d776-f83a-288b-31ae-c16e2d3e9c81}","ProcessId":2008,"Image":"bastion-sensor.exe","User":"NT AUTHORITY\\SYSTEM","Protocol":"tcp","SourceIp":"10.20.30.41","SourcePort":60824,"DestinationIp":"104.18.22.51","DestinationPort":443}
{"EventID":3,"UtcTime":"2026-03-09 19:36:03.566","Computer":"10.20.30.41","ProcessGuid":"{18d8f26f-d16e-7c42-cc7a-bb96b22125cd}","ProcessId":2008,"Image":"node-bridge.exe","User":"LARKSPUR\\priya.nair","Protocol":"tcp","SourceIp":"10.20.30.41","SourcePort":49667,"DestinationIp":"193.42.33.81","DestinationPort":443}
{"EventID":3,"UtcTime":"2026-03-09 19:36:17.322","Computer":"10.20.30.41","ProcessGuid":"{f994d776-f83a-288b-31ae-c16e2d3e9c81}","ProcessId":2008,"Image":"bastion-sensor.exe","User":"NT AUTHORITY\\SYSTEM","Protocol":"tcp","SourceIp":"10.20.30.41","SourcePort":51582,"DestinationIp":"104.18.22.51","DestinationPort":443}
{"EventID":3,"UtcTime":"2026-03-09 19:36:47.370","Computer":"10.20.30.41","ProcessGuid":"{f994d776-f83a-288b-31ae-c16e2d3e9c81}","ProcessId":2008,"Image":"bastion-sensor.exe","User":"NT AUTHORITY\\SYSTEM","Protocol":"tcp","SourceIp":"10.20.30.41","SourcePort":53451,"DestinationIp":"104.18.22.51","DestinationPort":443}
{"EventID":3,"UtcTime":"2026-03-09 19:36:51.775","Computer":"10.20.30.41","ProcessGuid":"{18d8f26f-d16e-7c42-cc7a-bb96b22125cd}","ProcessId":2008,"Image":"node-bridge.exe","User":"LARKSPUR\\priya.nair","Protocol":"tcp","SourceIp":"10.20.30.41","SourcePort":55974,"DestinationIp":"193.42.33.81","DestinationPort":443}
{"EventID":3,"UtcTime":"2026-03-09 19:37:17.182","Computer":"10.20.30.41","ProcessGuid":"{f994d776-f83a-288b-31ae-c16e2d3e9c81}","ProcessId":2008,"Image":"bastion-sensor.exe","User":"NT AUTHORITY\\SYSTEM","Protocol":"tcp","SourceIp":"10.20.30.41","SourcePort":51942,"DestinationIp":"104.18.22.51","DestinationPort":443}
{"EventID":3,"UtcTime":"2026-03-09 19:37:39.919","Computer":"10.20.30.41","ProcessGuid":"{18d8f26f-d16e-7c42-cc7a-bb96b22125cd}","ProcessId":2008,"Image":"node-bridge.exe","User":"LARKSPUR\\priya.nair","Protocol":"tcp","SourceIp":"10.20.30.41","SourcePort":61043,"DestinationIp":"193.42.33.81","DestinationPort":443}
{"EventID":3,"UtcTime":"2026-03-09 19:37:47.466","Computer":"10.20.30.41","ProcessGuid":"{f994d776-f83a-288b-31ae-c16e2d3e9c81}","ProcessId":2008,"Image":"bastion-sensor.exe","User":"NT AUTHORITY\\SYSTEM","Protocol":"tcp","SourceIp":"10.20.30.41","SourcePort":52801,"DestinationIp":"104.18.22.51","DestinationPort":443}
{"EventID":3,"UtcTime":"2026-03-09 19:38:17.288","Computer":"10.20.30.41","ProcessGuid":"{f994d776-f83a-288b-31ae-c16e2d3e9c81}","ProcessId":2008,"Image":"bastion-sensor.exe","User":"NT AUTHORITY\\SYSTEM","Protocol":"tcp","SourceIp":"10.20.30.41","SourcePort":49529,"DestinationIp":"104.18.22.51","DestinationPort":443}
{"EventID":3,"UtcTime":"2026-03-09 19:38:22.794","Computer":"10.20.30.41","ProcessGuid":"{18d8f26f-d16e-7c42-cc7a-bb96b22125cd}","ProcessId":2008,"Image":"node-bridge.exe","User":"LARKSPUR\\priya.nair","Protocol":"tcp","SourceIp":"10.20.30.41","SourcePort":50178,"DestinationIp":"193.42.33.81","DestinationPort":443}
{"EventID":3,"UtcTime":"2026-03-09 19:38:47.549","Computer":"10.20.30.41","ProcessGuid":"{f994d776-f83a-288b-31ae-c16e2d3e9c81}","ProcessId":2008,"Image":"bastion-sensor.exe","User":"NT AUTHORITY\\SYSTEM","Protocol":"tcp","SourceIp":"10.20.30.41","SourcePort":51816,"DestinationIp":"104.18.22.51","DestinationPort":443}
{"EventID":3,"UtcTime":"2026-03-09 19:39:11.486","Computer":"10.20.30.41","ProcessGuid":"{18d8f26f-d16e-7c42-cc7a-bb96b22125cd}","ProcessId":2008,"Image":"node-bridge.exe","User":"LARKSPUR\\priya.nair","Protocol":"tcp","SourceIp":"10.20.30.41","SourcePort":52417,"DestinationIp":"193.42.33.81","DestinationPort":443}
{"EventID":3,"UtcTime":"2026-03-09 19:39:17.279","Computer":"10.20.30.41","ProcessGuid":"{f994d776-f83a-288b-31ae-c16e2d3e9c81}","ProcessId":2008,"Image":"bastion-sensor.exe","User":"NT AUTHORITY\\SYSTEM","Protocol":"tcp","SourceIp":"10.20.30.41","SourcePort":55095,"DestinationIp":"104.18.22.51","DestinationPort":443}
{"EventID":3,"UtcTime":"2026-03-09 19:39:47.344","Computer":"10.20.30.41","ProcessGuid":"{f994d776-f83a-288b-31ae-c16e2d3e9c81}","ProcessId":2008,"Image":"bastion-sensor.exe","User":"NT AUTHORITY\\SYSTEM","Protocol":"tcp","SourceIp":"10.20.30.41","SourcePort":53007,"DestinationIp":"104.18.22.51","DestinationPort":443}
{"EventID":3,"UtcTime":"2026-03-09 19:39:56.611","Computer":"10.20.30.41","ProcessGuid":"{18d8f26f-d16e-7c42-cc7a-bb96b22125cd}","ProcessId":2008,"Image":"node-bridge.exe","User":"LARKSPUR\\priya.nair","Protocol":"tcp","SourceIp":"10.20.30.41","SourcePort":57351,"DestinationIp":"193.42.33.81","DestinationPort":443}
{"EventID":3,"UtcTime":"2026-03-09 19:40:17.878","Computer":"10.20.30.41","ProcessGuid":"{f994d776-f83a-288b-31ae-c16e2d3e9c81}","ProcessId":2008,"Image":"bastion-sensor.exe","User":"NT AUTHORITY\\SYSTEM","Protocol":"tcp","SourceIp":"10.20.30.41","SourcePort":58175,"DestinationIp":"104.18.22.51","DestinationPort":443}
{"EventID":3,"UtcTime":"2026-03-09 19:40:41.550","Computer":"10.20.30.41","ProcessGuid":"{18d8f26f-d16e-7c42-cc7a-bb96b22125cd}","ProcessId":2008,"Image":"node-bridge.exe","User":"LARKSPUR\\priya.nair","Protocol":"tcp","SourceIp":"10.20.30.41","SourcePort":49694,"DestinationIp":"193.42.33.81","DestinationPort":443}
{"EventID":3,"UtcTime":"2026-03-09 19:40:48.434","Computer":"10.20.30.41","ProcessGuid":"{f994d776-f83a-288b-31ae-c16e2d3e9c81}","ProcessId":2008,"Image":"bastion-sensor.exe","User":"NT AUTHORITY\\SYSTEM","Protocol":"tcp","SourceIp":"10.20.30.41","SourcePort":62293,"DestinationIp":"104.18.22.51","DestinationPort":443}
{"EventID":3,"UtcTime":"2026-03-09 19:41:18.218","Computer":"10.20.30.41","ProcessGuid":"{f994d776-f83a-288b-31ae-c16e2d3e9c81}","ProcessId":2008,"Image":"bastion-sensor.exe","User":"NT AUTHORITY\\SYSTEM","Protocol":"tcp","SourceIp":"10.20.30.41","SourcePort":50614,"DestinationIp":"104.18.22.51","DestinationPort":443}
{"EventID":3,"UtcTime":"2026-03-09 19:41:24.705","Computer":"10.20.30.41","ProcessGuid":"{18d8f26f-d16e-7c42-cc7a-bb96b22125cd}","ProcessId":2008,"Image":"node-bridge.exe","User":"LARKSPUR\\priya.nair","Protocol":"tcp","SourceIp":"10.20.30.41","SourcePort":55043,"DestinationIp":"193.42.33.81","DestinationPort":443}
{"EventID":3,"UtcTime":"2026-03-09 19:41:48.080","Computer":"10.20.30.41","ProcessGuid":"{f994d776-f83a-288b-31ae-c16e2d3e9c81}","ProcessId":2008,"Image":"bastion-sensor.exe","User":"NT AUTHORITY\\SYSTEM","Protocol":"tcp","SourceIp":"10.20.30.41","SourcePort":59993,"DestinationIp":"104.18.22.51","DestinationPort":443}
{"EventID":3,"UtcTime":"2026-03-09 19:42:10.459","Computer":"10.20.30.41","ProcessGuid":"{18d8f26f-d16e-7c42-cc7a-bb96b22125cd}","ProcessId":2008,"Image":"node-bridge.exe","User":"LARKSPUR\\priya.nair","Protocol":"tcp","SourceIp":"10.20.30.41","SourcePort":59213,"DestinationIp":"193.42.33.81","DestinationPort":443}
{"EventID":3,"UtcTime":"2026-03-09 19:42:18.661","Computer":"10.20.30.41","ProcessGuid":"{f994d776-f83a-288b-31ae-c16e2d3e9c81}","ProcessId":2008,"Image":"bastion-sensor.exe","User":"NT AUTHORITY\\SYSTEM","Protocol":"tcp","SourceIp":"10.20.30.41","SourcePort":62498,"DestinationIp":"104.18.22.51","DestinationPort":443}
{"EventID":3,"UtcTime":"2026-03-09 19:42:49.183","Computer":"10.20.30.41","ProcessGuid":"{f994d776-f83a-288b-31ae-c16e2d3e9c81}","ProcessId":2008,"Image":"bastion-sensor.exe","User":"NT AUTHORITY\\SYSTEM","Protocol":"tcp","SourceIp":"10.20.30.41","SourcePort":56074,"DestinationIp":"104.18.22.51","DestinationPort":443}
{"EventID":3,"UtcTime":"2026-03-09 19:42:54.222","Computer":"10.20.30.41","ProcessGuid":"{18d8f26f-d16e-7c42-cc7a-bb96b22125cd}","ProcessId":2008,"Image":"node-bridge.exe","User":"LARKSPUR\\priya.nair","Protocol":"tcp","SourceIp":"10.20.30.41","SourcePort":62810,"DestinationIp":"193.42.33.81","DestinationPort":443}
{"EventID":3,"UtcTime":"2026-03-09 19:43:19.179","Computer":"10.20.30.41","ProcessGuid":"{f994d776-f83a-288b-31ae-c16e2d3e9c81}","ProcessId":2008,"Image":"bastion-sensor.exe","User":"NT AUTHORITY\\SYSTEM","Protocol":"tcp","SourceIp":"10.20.30.41","SourcePort":62260,"DestinationIp":"104.18.22.51","DestinationPort":443}
{"EventID":3,"UtcTime":"2026-03-09 19:43:42.298","Computer":"10.20.30.41","ProcessGuid":"{18d8f26f-d16e-7c42-cc7a-bb96b22125cd}","ProcessId":2008,"Image":"node-bridge.exe","User":"LARKSPUR\\priya.nair","Protocol":"tcp","SourceIp":"10.20.30.41","SourcePort":63821,"DestinationIp":"193.42.33.81","DestinationPort":443}
{"EventID":3,"UtcTime":"2026-03-09 19:43:48.725","Computer":"10.20.30.41","ProcessGuid":"{f994d776-f83a-288b-31ae-c16e2d3e9c81}","ProcessId":2008,"Image":"bastion-sensor.exe","User":"NT AUTHORITY\\SYSTEM","Protocol":"tcp","SourceIp":"10.20.30.41","SourcePort":54122,"DestinationIp":"104.18.22.51","DestinationPort":443}
