{"EventID":3,"UtcTime":"2026-03-09 12:00:30.001","Computer":"10.20.30.41","ProcessGuid":"{f994d776-f83a-288b-31ae-c16e2d3e9c81}","ProcessId":2008,"Image":"bastion-sensor.exe","User":"NT AUTHORITY\\SYSTEM","Protocol":"tcp","SourceIp":"10.20.30.41","SourcePort":61692,"DestinationIp":"104.18.22.51","DestinationPort":443}
{"EventID":3,"UtcTime":"2026-03-09 12:00:59.601","Computer":"10.20.30.41","ProcessGuid":"{f994d776-f83a-288b-31ae-c16e2d3e9c81}","ProcessId":2008,"Image":"bastion-sensor.exe","User":"NT AUTHORITY\\SYSTEM","Protocol":"tcp","SourceIp":"10.20.30.41","SourcePort":58076,"DestinationIp":"104.18.22.51","DestinationPort":443}
{"EventID":3,"UtcTime":"2026-03-09 12:01:29.274","Computer":"10.20.30.41","ProcessGuid":"{f994d776-f83a-288b-31ae-c16e2d3e9c81}","ProcessId":2008,"Image":"bastion-sensor.exe","User":"NT AUTHORITY\\SYSTEM","Protocol":"tcp","SourceIp":"10.20.30.41","SourcePort":50677,"DestinationIp":"104.18.22.51","DestinationPort":443}
{"EventID":3,"UtcTime":"2026-03-09 12:01:59.790","Computer":"10.20.30.41","ProcessGuid":"{f994d776-f83a-288b-31ae-c16e2d3e9c81}","ProcessId":2008,"Image":"bastion-sensor.exe","User":"NT AUTHORITY\\SYSTEM","Protocol":"tcp","SourceIp":"10.20.30.41","SourcePort":59244,"DestinationIp":"104.18.22.51","DestinationPort":443}
{"EventID":3,"UtcTime":"2026-03-09 12:02:29.488","Computer":"10.20.30.41","ProcessGuid":"{f994d776-f83a-288b-31ae-c16e2d3e9c81}","ProcessId":2008,"Image":"bastion-sensor.exe","User":"NT AUTHORITY\\SYSTEM","Protocol":"tcp","SourceIp":"10.20.30.41","SourcePort":51518,"DestinationIp":"104.18.22.51","DestinationPort":443}
{"EventID":3,"UtcTime":"2026-03-09 12:02:58.909","Computer":"10.20.30.41","ProcessGuid":"{f994d776-f83a-288b-31ae-c16e2d3e9c81}","ProcessId":2008,"Image":"bastion-sensor.exe","User":"NT AUTHORITY\\SYSTEM","Protocol":"tcp","SourceIp":"10.20.30.41","SourcePort":51703,"DestinationIp":"104.18.22.51","DestinationPort":443}
{"EventID":3,"UtcTime":"2026-03-09 12:03:29.096","Computer":"10.20.30.41","ProcessGuid":"{f994d776-f83a-288b-31ae-c16e2d3e9c81}","ProcessId":2008,"Image":"bastion-sensor.exe","User":"NT AUTHORITY\\SYSTEM","Protocol":"tcp","SourceIp":"10.20.30.41","SourcePort":65463,"DestinationIp":"104.18.22.51","DestinationPort":443}
{"EventID":3,"UtcTime":"2026-03-09 12:03:59.064","Computer":"10.20.30.41","ProcessGuid":"{f994d776-f83a-288b-31ae-c16e2d3e9c81}","ProcessId":2008,"Image":"bastion-sensor.exe","User":"NT AUTHORITY\\SYSTEM","Protocol":"tcp","SourceIp":"10.20.30.41","SourcePort":56578,"DestinationIp":"104.18.22.51","DestinationPort":443}
{"EventID":3,"UtcTime":"2026-03-09 12:04:28.838","Computer":"10.20.30.41","ProcessGuid":"{f994d776-f83a-288b-31ae-c16e2d3e9c81}","ProcessId":2008,"Image":"bastion-sensor.exe","User":"NT AUTHORITY\\SYSTEM","Protocol":"tcp","SourceIp":"10.20.30.41","SourcePort":54828,"DestinationIp":"104.18.22.51","DestinationPort":443}
{"EventID":3,"UtcTime":"2026-03-09 12:04:58.459","Computer":"10.20.30.41","ProcessGuid":"{f994d776-f83a-288b-31ae-c16e2d3e9c81}","ProcessId":2008,"Image":"bastion-sensor.exe","User":"NT AUTHORITY\\SYSTEM","Protocol":"tcp","SourceIp":"10.20.30.41","SourcePort":56053,"DestinationIp":"104.18.22.51","DestinationPort":443}
{"EventID":3,"UtcTime":"2026-03-09 12:05:00.006","Computer":"10.20.30.101","ProcessGuid":"{a9b48d5c-a6d5-f7c9-3ddf-5c85b2fbd1e5}","ProcessId":58544,"Image":"OUTLOOK.EXE","User":"NT AUTHORITY\\SYSTEM","Protocol":"tcp","SourceIp":"10.20.30.101","SourcePort":59187,"DestinationIp":"52.96.0.1","DestinationPort":443}
{"EventID":3,"UtcTime":"2026-03-09 12:05:28.367","Computer":"10.20.30.41","ProcessGuid":"{f994d776-f83a-288b-31ae-c16e2d3e9c81}","ProcessId":2008,"Image":"bastion-sensor.exe","User":"NT AUTHORITY\\SYSTEM","Protocol":"tcp","SourceIp":"10.20.30.41","SourcePort":50285,"DestinationIp":"104.18.22.51","DestinationPort":443}
{"EventID":3,"UtcTime":"2026-03-09 12:05:57.917","Computer":"10.20.30.41","ProcessGuid":"{f994d776-f83a-288b-31ae-c16e2d3e9c81}","ProcessId":2008,"Image":"bastion-sensor.exe","User":"NT AUTHORITY\\SYSTEM","Protocol":"tcp","SourceIp":"10.20.30.41","SourcePort":64330,"DestinationIp":"104.18.22.51","DestinationPort":443}
{"EventID":3,"UtcTime":"2026-03-09 12:06:27.934","Computer":"10.20.30.41","ProcessGuid":"{f994d776-f83a-288b-31ae-c16e2d3e9c81}","ProcessId":2008,"Image":"bastion-sensor.exe","User":"NT AUTHORITY\\SYSTEM","Protocol":"tcp","SourceIp":"10.20.30.41","SourcePort":58949,"DestinationIp":"104.18.22.51","DestinationPort":443}
{"EventID":3,"UtcTime":"2026-03-09 12:06:57.378","Computer":"10.20.30.41","ProcessGuid":"{f994d776-f83a-288b-31ae-c16e2d3e9c81}","ProcessId":2008,"Image":"bastion-sensor.exe","User":"NT AUTHORITY\\SYSTEM","Protocol":"tcp","SourceIp":"10.20.30.41","SourcePort":56018,"DestinationIp":"104.18.22.51","DestinationPort":443}
{"EventID":3,"UtcTime":"2026-03-09 12:07:06.755","Computer":"10.20.30.101","ProcessGuid":"{a9b48d5c-a6d5-f7c9-3ddf-5c85b2fbd1e5}","ProcessId":58544,"Image":"OUTLOOK.EXE","User":"NT AUTHORITY\\SYSTEM","Protocol":"tcp","SourceIp":"10.20.30.101","SourcePort":57564,"DestinationIp":"52.96.0.1","DestinationPort":443}
{"EventID":3,"UtcTime":"2026-03-09 12:07:27.361","Computer":"10.20.30.41","ProcessGuid":"{f994d776-f83a-288b-31ae-c16e2d3e9c81}","ProcessId":2008,"Image":"bastion-sensor.exe","User":"NT AUTHORITY\\SYSTEM","Protocol":"tcp","SourceIp":"10.20.30.41","SourcePort":65424,"DestinationIp":"104.18.22.51","DestinationPort":443}
{"EventID":3,"UtcTime":"2026-03-09 12:07:56.893","Computer":"10.20.30.41","ProcessGuid":"{f994d776-f83a-288b-31ae-c16e2d3e9c81}","ProcessId":2008,"Image":"bastion-sensor.exe","User":"NT AUTHORITY\\SYSTEM","Protocol":"tcp","SourceIp":"10.20.30.41","SourcePort":56267,"DestinationIp":"104.18.22.51","DestinationPort":443}
{"EventID":3,"UtcTime":"2026-03-09 12:08:27.371","Computer":"10.20.30.41","ProcessGuid":"{f994d776-f83a-288b-31ae-c16e2d3e9c81}","ProcessId":2008,"Image":"bastion-sensor.exe","User":"NT AUTHORITY\\SYSTEM","Protocol":"tcp","SourceIp":"10.20.30.41","SourcePort":60025,"DestinationIp":"104.18.22.51","DestinationPort":443}
{"EventID":3,"UtcTime":"2026-03-09 12:08:33.406","Computer":"10.20.30.101","ProcessGuid":"{a9b48d5c-a6d5-f7c9-3ddf-5c85b2fbd1e5}","ProcessId":58544,"Image":"OUTLOOK.EXE","User":"NT AUTHORITY\\SYSTEM","Protocol":"tcp","SourceIp":"10.20.30.101","SourcePort":55776,"DestinationIp":"52.96.0.1","DestinationPort":443}
{"EventID":3,"UtcTime":"2026-03-09 12:08:57.057","Computer":"10.20.30.41","ProcessGuid":"{f994d776-f83a-288b-31ae-c16e2d3e9c81}","ProcessId":2008,"Image":"bastion-sensor.exe","User":"NT AUTHORITY\\SYSTEM","Protocol":"tcp","SourceIp":"10.20.30.41","SourcePort":60967,"DestinationIp":"104.18.22.51","DestinationPort":443}
{"EventID":3,"UtcTime":"2026-03-09 12:09:27.532","Computer":"10.20.30.41","ProcessGuid":"{f994d776-f83a-288b-31ae-c16e2d3e9c81}","ProcessId":2008,"Image":"bastion-sensor.exe","User":"NT AUTHORITY\\SYSTEM","Protocol":"tcp","SourceIp":"10.20.30.41","SourcePort":53808,"DestinationIp":"104.18.22.51","DestinationPort":443}
{"EventID":3,"UtcTime":"2026-03-09 12:09:57.699","Computer":"10.20.30.41","ProcessGuid":"{f994d776-f83a-288b-31ae-c16e2d3e9c81}","ProcessId":2008,"Image":"bastion-sensor.exe","User":"NT AUTHORITY\\SYSTEM","Protocol":"tcp","SourceIp":"10.20.30.41","SourcePort":57650,"DestinationIp":"104.18.22.51","DestinationPort":443}
{"EventID":3,"UtcTime":"2026-03-09 12:10:00.009","Computer":"10.20.40.12","ProcessGuid":"{997e568f-be43-f9b7-6c84-4ad829e6175a}","ProcessId":6508,"Image":"AzureBackupAgent.exe","User":"NT AUTHORITY\\SYSTEM","Protocol":"tcp","SourceIp":"10.20.40.12","SourcePort":52175,"DestinationIp":"20.60.181.10","DestinationPort":443}
{"EventID":3,"UtcTime":"2026-03-09 12:10:23.041","Computer":"10.20.30.101","ProcessGuid":"{a9b48d5c-a6d5-f7c9-3ddf-5c85b2fbd1e5}","ProcessId":58544,"Image":"OUTLOOK.EXE","User":"NT AUTHORITY\\SYSTEM","Protocol":"tcp","SourceIp":"10.20.30.101","SourcePort":57497,"DestinationIp":"52.96.0.1","DestinationPort":443}
{"EventID":3,"UtcTime":"2026-03-09 12:10:27.772","Computer":"10.20.30.41","ProcessGuid":"{f994d776-f83a-288b-31ae-c16e2d3e9c81}","ProcessId":2008,"Image":"bastion-sensor.exe","User":"NT AUTHORITY\\SYSTEM","Protocol":"tcp","SourceIp":"10.20.30.41","SourcePort":60215,"DestinationIp":"104.18.22.51","DestinationPort":443}
{"EventID":3,"UtcTime":"2026-03-09 12:10:58.004","Computer":"10.20.30.41","ProcessGuid":"{f994d776-f83a-288b-31ae-c16e2d3e9c81}","ProcessId":2008,"Image":"bastion-sensor.exe","User":"NT AUTHORITY\\SYSTEM","Protocol":"tcp","SourceIp":"10.20.30.41","SourcePort":54347,"DestinationIp":"104.18.22.51","DestinationPort":443}
{"EventID":3,"UtcTime":"2026-03-09 12:11:27.917","Computer":"10.20.30.41","ProcessGuid":"{f994d776-f83a-288b-31ae-c16e2d3e9c81}","ProcessId":2008,"Image":"bastion-sensor.exe","User":"NT AUTHORITY\\SYSTEM","Protocol":"tcp","SourceIp":"10.20.30.41","SourcePort":52697,"DestinationIp":"104.18.22.51","DestinationPort":443}
{"EventID":3,"UtcTime":"2026-03-09 12:11:57.865","Computer":"10.20.30.101","ProcessGuid":"{a9b48d5c-a6d5-f7c9-3ddf-5c85b2fbd1e5}","ProcessId":58544,"Image":"OUTLOOK.EXE","User":"NT AUTHORITY\\SYSTEM","Protocol":"tcp","SourceIp":"10.20.30.101","SourcePort":56143,"DestinationIp":"52.96.0.1","DestinationPort":443}
{"EventID":3,"UtcTime":"2026-03-09 12:11:58.209","Computer":"10.20.30.41","ProcessGuid":"{f994d776-f83a-288b-31ae-c16e2d3e9c81}","ProcessId":2008,"Image":"bastion-sensor.exe","User":"NT AUTHORITY\\SYSTEM","Protocol":"tcp","SourceIp":"10.20.30.41","SourcePort":50770,"DestinationIp":"104.18.22.51","DestinationPort":443}
{"EventID":3,"UtcTime":"2026-03-09 12:12:28.385","Computer":"10.20.30.41","ProcessGuid":"{f994d776-f83a-288b-31ae-c16e2d3e9c81}","ProcessId":2008,"Image":"bastion-sensor.exe","User":"NT AUTHORITY\\SYSTEM","Protocol":"tcp","SourceIp":"10.20.30.41","SourcePort":51559,"DestinationIp":"104.18.22.51","DestinationPort":443}
{"EventID":3,"UtcTime":"2026-03-09 12:12:58.245","Computer":"10.20.30.41","ProcessGuid":"{f994d776-f83a-288b-31ae-c16e2d3e9c81}","ProcessId":2008,"Image":"bastion-sensor.exe","User":"NT AUTHORITY\\SYSTEM","Protocol":"tcp","SourceIp":"10.20.30.41","SourcePort":53185,"DestinationIp":"104.18.22.51","DestinationPort":443}
{"EventID":3,"UtcTime":"2026-03-09 12:13:27.935","Computer":"10.20.30.41","ProcessGuid":"{f994d776-f83a-288b-31ae-c16e2d3e9c81}","ProcessId":2008,"Image":"bastion-sensor.exe","User":"NT AUTHORITY\\SYSTEM","Protocol":"tcp","SourceIp":"10.20.30.41","SourcePort":54277,"DestinationIp":"104.18.22.51","DestinationPort":443}
{"EventID":3,"UtcTime":"2026-03-09 12:13:46.068","Computer":"10.20.30.101","ProcessGuid":"{a9b48d5c-a6d5-f7c9-3ddf-5c85b2fbd1e5}","ProcessId":58544,"Image":"OUTLOOK.EXE","User":"NT AUTHORITY\\SYSTEM","Protocol":"tcp","SourceIp":"10.20.30.101","SourcePort":53448,"DestinationIp":"52.96.0.1","DestinationPort":443}
{"EventID":3,"UtcTime":"2026-03-09 12:13:57.688","Computer":"10.20.30.41","ProcessGuid":"{f994d776-f83a-288b-31ae-c16e2d3e9c81}","ProcessId":2008,"Image":"bastion-sensor.exe","User":"NT AUTHORITY\\SYSTEM","Protocol":"tcp","SourceIp":"10.20.30.41","SourcePort":50359,"DestinationIp":"104.18.22.51","DestinationPort":443}
{"EventID":3,"UtcTime":"2026-03-09 12:14:28.064","Computer":"10.20.30.41","ProcessGuid":"{f994d776-f83a-288b-31ae-c16e2d3e9c81}","ProcessId":2008,"Image":"bastion-sensor.exe","User":"NT AUTHORITY\\SYSTEM","Protocol":"tcp","SourceIp":"10.20.30.41","SourcePort":62578,"DestinationIp":"104.18.22.51","DestinationPort":443}
{"EventID":3,"UtcTime":"2026-03-09 12:14:58.160","Computer":"10.20.30.41","ProcessGuid":"{f994d776-f83a-288b-31ae-c16e2d3e9c81}","ProcessId":2008,"Image":"bastion-sensor.exe","User":"NT AUTHORITY\\SYSTEM","Protocol":"tcp","SourceIp":"10.20.30.41","SourcePort":65333,"DestinationIp":"104.18.22.51","DestinationPort":443}
{"EventID":3,"UtcTime":"2026-03-09 12:15:18.784","Computer":"10.20.30.101","ProcessGuid":"{a9b48d5c-a6d5-f7c9-3ddf-5c85b2fbd1e5}","ProcessId":58544,"Image":"OUTLOOK.EXE","User":"NT AUTHORITY\\SYSTEM","Protocol":"tcp","SourceIp":"10.20.30.101","SourcePort":60831,"DestinationIp":"52.96.0.1","DestinationPort":443}
{"EventID":3,"UtcTime":"2026-03-09 12:15:27.899","Computer":"10.20.30.41","ProcessGuid":"{f994d776-f83a-288b-31ae-c16e2d3e9c81}","ProcessId":2008,"Image":"bastion-sensor.exe","User":"NT AUTHORITY\\SYSTEM","Protocol":"tcp","SourceIp":"10.20.30.41","SourcePort":57408,"DestinationIp":"104.18.22.51","DestinationPort":443}
{"EventID":3,"UtcTime":"2026-03-09 12:15:57.319","Computer":"10.20.30.41","ProcessGuid":"{f994d776-f83a-288b-31ae-c16e2d3e9c81}","ProcessId":2008,"Image":"bastion-sensor.exe","User":"NT AUTHORITY\\SYSTEM","Protocol":"tcp","SourceIp":"10.20.30.41","SourcePort":51253,"DestinationIp":"104.18.22.51","DestinationPort":443}
{"EventID":3,"UtcTime":"2026-03-09 12:16:27.687","Computer":"10.20.30.41","ProcessGuid":"{f994d776-f83a-288b-31ae-c16e2d3e9c81}","ProcessId":2008,"Image":"bastion-sensor.exe","User":"NT AUTHORITY\\SYSTEM","Protocol":"tcp","SourceIp":"10.20.30.41","SourcePort":65193,"DestinationIp":"104.18.22.51","DestinationPort":443}
{"EventID":3,"UtcTime":"2026-03-09 12:16:56.725","Computer":"10.20.30.101","ProcessGuid":"{a9b48d5c-a6d5-f7c9-3ddf-5c85b2fbd1e5}","ProcessId":58544,"Image":"OUTLOOK.EXE","User":"NT AUTHORITY\\SYSTEM","Protocol":"tcp","SourceIp":"10.20.30.101","SourcePort":52197,"DestinationIp":"52.96.0.1","DestinationPort":443}
{"EventID":3,"UtcTime":"2026-03-09 12:16:57.959","Computer":"10.20.30.41","ProcessGuid":"{f994d776-f83a-288b-31ae-c16e2d3e9c81}","ProcessId":2008,"Image":"bastion-sensor.exe","User":"NT AUTHORITY\\SYSTEM","Protocol":"tcp","SourceIp":"10.20.30.41","SourcePort":58227,"DestinationIp":"104.18.22.51","DestinationPort":443}
{"EventID":3,"UtcTime":"2026-03-09 12:17:27.438","Computer":"10.20.30.41","ProcessGuid":"{f994d776-f83a-288b-31ae-c16e2d3e9c81}","ProcessId":2008,"Image":"bastion-sensor.exe","User":"NT AUTHORITY\\SYSTEM","Protocol":"tcp","SourceIp":"10.20.30.41","SourcePort":51844,"DestinationIp":"104.18.22.51","DestinationPort":443}
{"EventID":3,"UtcTime":"2026-03-09 12:17:57.539","Computer":"10.20.30.41","ProcessGuid":"{f994d776-f83a-288b-31ae-c16e2d3e9c81}","ProcessId":2008,"Image":"bastion-sensor.exe","User":"NT AUTHORITY\\SYSTEM","Protocol":"tcp","SourceIp":"10.20.30.41","SourcePort":58182,"DestinationIp":"104.18.22.51","DestinationPort":443}
{"EventID":3,"UtcTime":"2026-03-09 12:18:27.504","Computer":"10.20.30.41","ProcessGuid":"{f994d776-f83a-288b-31ae-c16e2d3e9c81}","ProcessId":2008,"Image":"bastion-sensor.exe","User":"NT AUTHORITY\\SYSTEM","Protocol":"tcp","SourceIp":"10.20.30.41","SourcePort":60478,"DestinationIp":"104.18.22.51","DestinationPort":443}
{"EventID":3,"UtcTime":"2026-03-09 12:18:57.979","Computer":"10.20.30.41","ProcessGuid":"{f994d776-f83a-288b-31ae-c16e2d3e9c81}","ProcessId":2008,"Image":"bastion-sensor.exe","User":"NT AUTHORITY\\SYSTEM","Protocol":"tcp","SourceIp":"10.20.30.41","SourcePort":65365,"DestinationIp":"104.18.22.51","DestinationPort":443}
{"EventID":3,"UtcTime":"2026-03-09 12:19:06.200","Computer":"10.20.30.101","ProcessGuid":"{a9b48d5c-a6d5-f7c9-3ddf-5c85b2fbd1e5}","ProcessId":58544,"Image":"OUTLOOK.EXE","User":"NT AUTHORITY\\SYSTEM","Protocol":"tcp","SourceIp":"10.20.30.101","SourcePort":56061,"DestinationIp":"52.96.0.1","DestinationPort":443}
{"EventID":3,"UtcTime":"2026-03-09 12:19:28.353","Computer":"10.20.30.41","ProcessGuid":"{f994d776-f83a-288b-31ae-c16e2d3e9c81}","ProcessId":2008,"Image":"bastion-sensor.exe","User":"NT AUTHORITY\\SYSTEM","Protocol":"tcp","SourceIp":"10.20.30.41","SourcePort":62883,"DestinationIp":"104.18.22.51","DestinationPort":443}
{"EventID":3,"UtcTime":"2026-03-09 12:19:58.399","Computer":"10.20.30.41","ProcessGuid":"{f994d776-f83a-288b-31ae-c16e2d3e9c81}","ProcessId":2008,"Image":"bastion-sensor.exe","User":"NT AUTHORITY\\SYSTEM","Protocol":"tcp","SourceIp":"10.20.30.41","SourcePort":62509,"DestinationIp":"104.18.22.51","DestinationPort":443}
{"EventID":3,"UtcTime":"2026-03-09 12:20:11.232","Computer":"10.20.40.12","ProcessGuid":"{997e568f-be43-f9b7-6c84-4ad829e6175a}","ProcessId":6508,"Image":"AzureBackupAgent.exe","User":"NT AUTHORITY\\SYSTEM","Protocol":"tcp","SourceIp":"10.20.40.12","SourcePort":54723,"DestinationIp":"20.60.181.10","DestinationPort":443}
{"EventID":3,"UtcTime":"2026-03-09 12:20:28.746","Computer":"10.20.30.41","ProcessGuid":"{f994d776-f83a-288b-31ae-c16e2d3e9c81}","ProcessId":2008,"Image":"bastion-sensor.exe","User":"NT AUTHORITY\\SYSTEM","Protocol":"tcp","SourceIp":"10.20.30.41","SourcePort":62788,"DestinationIp":"104.18.22.51","DestinationPort":443}
{"EventID":3,"UtcTime":"2026-03-09 12:20:58.216","Computer":"10.20.30.41","ProcessGuid":"{f994d776-f83a-288b-31ae-c16e2d3e9c81}","ProcessId":2008,"Image":"bastion-sensor.exe","User":"NT AUTHORITY\\SYSTEM","Protocol":"tcp","SourceIp":"10.20.30.41","SourcePort":64032,"DestinationIp":"104.18.22.51","DestinationPort":443}
{"EventID":3,"UtcTime":"2026-03-09 12:21:20.036","Computer":"10.20.30.101","ProcessGuid":"{a9b48d5c-a6d5-f7c9-3ddf-5c85b2fbd1e5}","ProcessId":58544,"Image":"OUTLOOK.EXE","User":"NT AUTHORITY\\SYSTEM","Protocol":"tcp","SourceIp":"10.20.30.101","SourcePort":65152,"DestinationIp":"52.96.0.1","DestinationPort":443}
{"EventID":3,"UtcTime":"2026-03-09 12:21:28.088","Computer":"10.20.30.41","ProcessGuid":"{f994d776-f83a-288b-31ae-c16e2d3e9c81}","ProcessId":2008,"Image":"bastion-sensor.exe","User":"NT AUTHORITY\\SYSTEM","Protocol":"tcp","SourceIp":"10.20.30.41","SourcePort":58893,"DestinationIp":"104.18.22.51","DestinationPort":443}
{"EventID":3,"UtcTime":"2026-03-09 12:21:58.263","Computer":"10.20.30.41","ProcessGuid":"{f994d776-f83a-288b-31ae-c16e2d3e9c81}","ProcessId":2008,"Image":"bastion-sensor.exe","User":"NT AUTHORITY\\SYSTEM","Protocol":"tcp","SourceIp":"10.20.30.41","SourcePort":64356,"DestinationIp":"104.18.22.51","DestinationPort":443}
{"EventID":3,"UtcTime":"2026-03-09 12:22:27.964","Computer":"10.20.30.41","ProcessGuid":"{f994d776-f83a-288b-31ae-c16e2d3e9c81}","ProcessId":2008,"Image":"bastion-sensor.exe","User":"NT AUTHORITY\\SYSTEM","Protocol":"tcp","SourceIp":"10.20.30.41","SourcePort":57080,"DestinationIp":"104.18.22.51","DestinationPort":443}
{"EventID":3,"UtcTime":"2026-03-09 12:22:58.557","Computer":"10.20.30.41","ProcessGuid":"{f994d776-f83a-288b-31ae-c16e2d3e9c81}","ProcessId":2008,"Image":"bastion-sensor.exe","User":"NT AUTHORITY\\SYSTEM","Protocol":"tcp","SourceIp":"10.20.30.41","SourcePort":56079,"DestinationIp":"104.18.22.51","DestinationPort":443}
{"EventID":3,"UtcTime":"2026-03-09 12:23:29.149","Computer":"10.20.30.41","ProcessGuid":"{f994d776-f83a-288b-31ae-c16e2d3e9c81}","ProcessId":2008,"Image":"bastion-sensor.exe","User":"NT AUTHORITY\\SYSTEM","Protocol":"tcp","SourceIp":"10.20.30.41","SourcePort":63212,"DestinationIp":"104.18.22.51","DestinationPort":443}
{"EventID":3,"UtcTime":"2026-03-09 12:23:58.818","Computer":"10.20.30.41","ProcessGuid":"{f994d776-f83a-288b-31ae-c16e2d3e9c81}","ProcessId":2008,"Image":"bastion-sensor.exe","User":"NT AUTHORITY\\SYSTEM","Protocol":"tcp","SourceIp":"10.20.30.41","SourcePort":65088,"DestinationIp":"104.18.22.51","DestinationPort":443}
{"EventID":3,"UtcTime":"2026-03-09 12:24:03.302","Computer":"10.20.30.101","ProcessGuid":"{a9b48d5c-a6d5-f7c9-3ddf-5c85b2fbd1e5}","ProcessId":58544,"Image":"OUTLOOK.EXE","User":"NT AUTHORITY\\SYSTEM","Protocol":"tcp","SourceIp":"10.20.30.101","SourcePort":54260,"DestinationIp":"52.96.0.1","DestinationPort":443}
{"EventID":3,"UtcTime":"2026-03-09 12:24:28.563","Computer":"10.20.30.41","ProcessGuid":"{f994d776-f83a-288b-31ae-c16e2d3e9c81}","ProcessId":2008,"Image":"bastion-sensor.exe","User":"NT AUTHORITY\\SYSTEM","Protocol":"tcp","SourceIp":"10.20.30.41","SourcePort":63646,"DestinationIp":"104.18.22.51","DestinationPort":443}
{"EventID":3,"UtcTime":"2026-03-09 12:24:58.648","Computer":"10.20.30.41","ProcessGuid":"{f994d776-f83a-288b-31ae-c16e2d3e9c81}","ProcessId":2008,"Image":"bastion-sensor.exe","User":"NT AUTHORITY\\SYSTEM","Protocol":"tcp","SourceIp":"10.20.30.41","SourcePort":58301,"DestinationIp":"104.18.22.51","DestinationPort":443}
{"EventID":3,"UtcTime":"2026-03-09 12:25:29.001","Computer":"10.20.30.41","ProcessGuid":"{f994d776-f83a-288b-31ae-c16e2d3e9c81}","ProcessId":2008,"Image":"bastion-sensor.exe","User":"NT AUTHORITY\\SYSTEM","Protocol":"tcp","SourceIp":"10.20.30.41","SourcePort":52362,"DestinationIp":"104.18.22.51","DestinationPort":443}
{"EventID":3,"UtcTime":"2026-03-09 12:25:38.728","Computer":"10.20.30.101","ProcessGuid":"{a9b48d5c-a6d5-f7c9-3ddf-5c85b2fbd1e5}","ProcessId":58544,"Image":"OUTLOOK.EXE","User":"NT AUTHORITY\\SYSTEM","Protocol":"tcp","SourceIp":"10.20.30.101","SourcePort":61266,"DestinationIp":"52.96.0.1","DestinationPort":443}
{"EventID":3,"UtcTime":"2026-03-09 12:25:59.028","Computer":"10.20.30.41","ProcessGuid":"{f994d776-f83a-288b-31ae-c16e2d3e9c81}","ProcessId":2008,"Image":"bastion-sensor.exe","User":"NT AUTHORITY\\SYSTEM","Protocol":"tcp","SourceIp":"10.20.30.41","SourcePort":55659,"DestinationIp":"104.18.22.51","DestinationPort":443}
{"EventID":3,"UtcTime":"2026-03-09 12:26:28.650","Computer":"10.20.30.41","ProcessGuid":"{f994d776-f83a-288b-31ae-c16e2d3e9c81}","ProcessId":2008,"Image":"bastion-sensor.exe","User":"NT AUTHORITY\\SYSTEM","Protocol":"tcp","SourceIp":"10.20.30.41","SourcePort":55550,"DestinationIp":"104.18.22.51","DestinationPort":443}
{"EventID":3,"UtcTime":"2026-03-09 12:26:58.242","Computer":"10.20.30.41","ProcessGuid":"{f994d776-f83a-288b-31ae-c16e2d3e9c81}","ProcessId":2008,"Image":"bastion-sensor.exe","User":"NT AUTHORITY\\SYSTEM","Protocol":"tcp","SourceIp":"10.20.30.41","SourcePort":51067,"DestinationIp":"104.18.22.51","DestinationPort":443}
{"EventID":3,"UtcTime":"2026-03-09 12:27:28.100","Computer":"10.20.30.41","ProcessGuid":"{f994d776-f83a-288b-31ae-c16e2d3e9c81}","ProcessId":2008,"Image":"bastion-sensor.exe","User":"NT AUTHORITY\\SYSTEM","Protocol":"tcp","SourceIp":"10.20.30.41","SourcePort":65454,"DestinationIp":"104.18.22.51","DestinationPort":443}
{"EventID":3,"UtcTime":"2026-03-09 12:27:58.213","Computer":"10.20.30.41","ProcessGuid":"{f994d776-f83a-288b-31ae-c16e2d3e9c81}","ProcessId":2008,"Image":"bastion-sensor.exe","User":"NT AUTHORITY\\SYSTEM","Protocol":"tcp","SourceIp":"10.20.30.41","SourcePort":63451,"DestinationIp":"104.18.22.51","DestinationPort":443}
{"EventID":3,"UtcTime":"2026-03-09 12:28:23.667","Computer":"10.20.30.101","ProcessGuid":"{a9b48d5c-a6d5-f7c9-3ddf-5c85b2fbd1e5}","ProcessId":58544,"Image":"OUTLOOK.EXE","User":"NT AUTHORITY\\SYSTEM","Protocol":"tcp","SourceIp":"10.20.30.101","SourcePort":58678,"DestinationIp":"52.96.0.1","DestinationPort":443}
{"EventID":3,"UtcTime":"2026-03-09 12:28:28.005","Computer":"10.20.30.41","ProcessGuid":"{f994d776-f83a-288b-31ae-c16e2d3e9c81}","ProcessId":2008,"Image":"bastion-sensor.exe","User":"NT AUTHORITY\\SYSTEM","Protocol":"tcp","SourceIp":"10.20.30.41","SourcePort":51576,"DestinationIp":"104.18.22.51","DestinationPort":443}
{"EventID":3,"UtcTime":"2026-03-09 12:28:58.269","Computer":"10.20.30.41","ProcessGuid":"{f994d776-f83a-288b-31ae-c16e2d3e9c81}","ProcessId":2008,"Image":"bastion-sensor.exe","User":"NT AUTHORITY\\SYSTEM","Protocol":"tcp","SourceIp":"10.20.30.41","SourcePort":56998,"DestinationIp":"104.18.22.51","DestinationPort":443}
{"EventID":3,"UtcTime":"2026-03-09 12:29:27.882","Computer":"10.20.30.41","ProcessGuid":"{f994d776-f83a-288b-31ae-c16e2d3e9c81}","ProcessId":2008,"Image":"bastion-sensor.exe","User":"NT AUTHORITY\\SYSTEM","Protocol":"tcp","SourceIp":"10.20.30.41","SourcePort":60389,"DestinationIp":"104.18.22.51","DestinationPort":443}
{"EventID":3,"UtcTime":"2026-03-09 12:29:48.025","Computer":"10.20.40.12","ProcessGuid":"{997e568f-be43-f9b7-6c84-4ad829e6175a}","ProcessId":6508,"Image":"AzureBackupAgent.exe","User":"NT AUTHORITY\\SYSTEM","Protocol":"tcp","SourceIp":"10.20.40.12","SourcePort":56682,"DestinationIp":"20.60.181.10","DestinationPort":443}
{"EventID":3,"UtcTime":"2026-03-09 12:29:57.963","Computer":"10.20.30.41","ProcessGuid":"{f994d776-f83a-288b-31ae-c16e2d3e9c81}","ProcessId":2008,"Image":"bastion-sensor.exe","User":"NT AUTHORITY\\SYSTEM","Protocol":"tcp","SourceIp":"10.20.30.41","SourcePort":62755,"DestinationIp":"104.18.22.51","DestinationPort":443}
{"EventID":3,"UtcTime":"2026-03-09 12:30:26.937","Computer":"10.20.30.101","ProcessGuid":"{a9b48d5c-a6d5-f7c9-3ddf-5c85b2fbd1e5}","ProcessId":58544,"Image":"OUTLOOK.EXE","User":"NT AUTHORITY\\SYSTEM","Protocol":"tcp","SourceIp":"10.20.30.101","SourcePort":51792,"DestinationIp":"52.96.0.1","DestinationPort":443}
{"EventID":3,"UtcTime":"2026-03-09 12:30:28.045","Computer":"10.20.30.41","ProcessGuid":"{f994d776-f83a-288b-31ae-c16e2d3e9c81}","ProcessId":2008,"Image":"bastion-sensor.exe","User":"NT AUTHORITY\\SYSTEM","Protocol":"tcp","SourceIp":"10.20.30.41","SourcePort":55854,"DestinationIp":"104.18.22.51","DestinationPort":443}
{"EventID":3,"UtcTime":"2026-03-09 12:30:57.843","Computer":"10.20.30.41","ProcessGuid":"{f994d776-f83a-288b-31ae-c16e2d3e9c81}","ProcessId":2008,"Image":"bastion-sensor.exe","User":"NT AUTHORITY\\SYSTEM","Protocol":"tcp","SourceIp":"10.20.30.41","SourcePort":50312,"DestinationIp":"104.18.22.51","DestinationPort":443}
{"EventID":3,"UtcTime":"2026-03-09 12:31:27.470","Computer":"10.20.30.41","ProcessGuid":"{f994d776-f83a-288b-31ae-c16e2d3e9c81}","ProcessId":2008,"Image":"bastion-sensor.exe","User":"NT AUTHORITY\\SYSTEM","Protocol":"tcp","SourceIp":"10.20.30.41","SourcePort":60343,"DestinationIp":"104.18.22.51","DestinationPort":443}
{"EventID":3,"UtcTime":"2026-03-09 12:31:57.703","Computer":"10.20.30.41","ProcessGuid":"{f994d776-f83a-288b-31ae-c16e2d3e9c81}","ProcessId":2008,"Image":"bastion-sensor.exe","User":"NT AUTHORITY\\SYSTEM","Protocol":"tcp","SourceIp":"10.20.30.41","SourcePort":59023,"DestinationIp":"104.18.22.51","DestinationPort":443}
{"EventID":3,"UtcTime":"2026-03-09 12:32:01.957","Computer":"10.20.30.101","ProcessGuid":"{a9b48d5c-a6d5-f7c9-3ddf-5c85b2fbd1e5}","ProcessId":58544,"Image":"OUTLOOK.EXE","User":"NT AUTHORITY\\SYSTEM","Protocol":"tcp","SourceIp":"10.20.30.101","SourcePort":60287,"DestinationIp":"52.96.0.1","DestinationPort":443}
{"EventID":3,"UtcTime":"2026-03-09 12:32:27.285","Computer":"10.20.30.41","ProcessGuid":"{f994d776-f83a-288b-31ae-c16e2d3e9c81}","ProcessId":2008,"Image":"bastion-sensor.exe","User":"NT AUTHORITY\\SYSTEM","Protocol":"tcp","SourceIp":"10.20.30.41","SourcePort":59636,"DestinationIp":"104.18.22.51","DestinationPort":443}
{"EventID":3,"UtcTime":"2026-03-09 12:32:57.025","Computer":"10.20.30.41","ProcessGuid":"{f994d776-f83a-288b-31ae-c16e2d3e9c81}","ProcessId":2008,"Image":"bastion-sensor.exe","User":"NT AUTHORITY\\SYSTEM","Protocol":"tcp","SourceIp":"10.20.30.41","SourcePort":60600,"DestinationIp":"104.18.22.51","DestinationPort":443}
{"EventID":3,"UtcTime":"2026-03-09 12:33:26.920","Computer":"10.20.30.41","ProcessGuid":"{f994d776-f83a-288b-31ae-c16e2d3e9c81}","ProcessId":2008,"Image":"bastion-sensor.exe","User":"NT AUTHORITY\\SYSTEM","Protocol":"tcp","SourceIp":"10.20.30.41","SourcePort":63718,"DestinationIp":"104.18.22.51","DestinationPort":443}
{"EventID":3,"UtcTime":"2026-03-09 12:33:54.088","Computer":"10.20.30.101","ProcessGuid":"{a9b48d5c-a6d5-f7c9-3ddf-5c85b2fbd1e5}","ProcessId":58544,"Image":"OUTLOOK.EXE","User":"NT AUTHORITY\\SYSTEM","Protocol":"tcp","SourceIp":"10.20.30.101","SourcePort":60972,"DestinationIp":"52.96.0.1","DestinationPort":443}
{"EventID":3,"UtcTime":"2026-03-09 12:33:57.115","Computer":"10.20.30.41","ProcessGuid":"{f994d776-f83a-288b-31ae-c16e2d3e9c81}","ProcessId":2008,"Image":"bastion-sensor.exe","User":"NT AUTHORITY\\SYSTEM","Protocol":"tcp","SourceIp":"10.20.30.41","SourcePort":54518,"DestinationIp":"104.18.22.51","DestinationPort":443}
{"EventID":3,"UtcTime":"2026-03-09 12:34:27.569","Computer":"10.20.30.41","ProcessGuid":"{f994d776-f83a-288b-31ae-c16e2d3e9c81}","ProcessId":2008,"Image":"bastion-sensor.exe","User":"NT AUTHORITY\\SYSTEM","Protocol":"tcp","SourceIp":"10.20.30.41","SourcePort":64495,"DestinationIp":"104.18.22.51","DestinationPort":443}
{"EventID":3,"UtcTime":"2026-03-09 12:34:57.770","Computer":"10.20.30.41","ProcessGuid":"{f994d776-f83a-288b-31ae-c16e2d3e9c81}","ProcessId":2008,"Image":"bastion-sensor.exe","User":"NT AUTHORITY\\SYSTEM","Protocol":"tcp","SourceIp":"10.20.30.41","SourcePort":56200,"DestinationIp":"104.18.22.51","DestinationPort":443}
{"EventID":3,"UtcTime":"2026-03-09 12:35:27.905","Computer":"10.20.30.41","ProcessGuid":"{f994d776-f83a-288b-31ae-c16e2d3e9c81}","ProcessId":2008,"Image":"bastion-sensor.exe","User":"NT AUTHORITY\\SYSTEM","Protocol":"tcp","SourceIp":"10.20.30.41","SourcePort":52056,"DestinationIp":"104.18.22.51","DestinationPort":443}
{"EventID":3,"UtcTime":"2026-03-09 12:35:57.931","Computer":"10.20.30.41","ProcessGuid":"{f994d776-f83a-288b-31ae-c16e2d3e9c81}","ProcessId":2008,"Image":"bastion-sensor.exe","User":"NT AUTHORITY\\SYSTEM","Protocol":"tcp","SourceIp":"10.20.30.41","SourcePort":64387,"DestinationIp":"104.18.22.51","DestinationPort":443}
{"EventID":3,"UtcTime":"2026-03-09 12:36:15.829","Computer":"10.20.30.101","ProcessGuid":"{a9b48d5c-a6d5-f7c9-3ddf-5c85b2fbd1e5}","ProcessId":58544,"Image":"OUTLOOK.EXE","User":"NT AUTHORITY\\SYSTEM","Protocol":"tcp","SourceIp":"10.20.30.101","SourcePort":49229,"DestinationIp":"52.96.0.1","DestinationPort":443}
{"EventID":3,"UtcTime":"2026-03-09 12:36:27.338","Computer":"10.20.30.41","ProcessGuid":"{f994d776-f83a-288b-31ae-c16e2d3e9c81}","ProcessId":2008,"Image":"bastion-sensor.exe","User":"NT AUTHORITY\\SYSTEM","Protocol":"tcp","SourceIp":"10.20.30.41","SourcePort":58697,"DestinationIp":"104.18.22.51","DestinationPort":443}
{"EventID":3,"UtcTime":"2026-03-09 12:36:57.090","Computer":"10.20.30.41","ProcessGuid":"{f994d776-f83a-288b-31ae-c16e2d3e9c81}","ProcessId":2008,"Image":"bastion-sensor.exe","User":"NT AUTHORITY\\SYSTEM","Protocol":"tcp","SourceIp":"10.20.30.41","SourcePort":49465,"DestinationIp":"104.18.22.51","DestinationPort":443}
{"EventID":3,"UtcTime":"2026-03-09 12:37:27.258","Computer":"10.20.30.41","ProcessGuid":"{f994d776-f83a-288b-31ae-c16e2d3e9c81}","ProcessId":2008,"Image":"bastion-sensor.exe","User":"NT AUTHORITY\\SYSTEM","Protocol":"tcp","SourceIp":"10.20.30.41","SourcePort":61125,"DestinationIp":"104.18.22.51","DestinationPort":443}
{"EventID":3,"UtcTime":"2026-03-09 12:37:57.274","Computer":"10.20.30.41","ProcessGuid":"{f994d776-f83a-288b-31ae-c16e2d3e9c81}","ProcessId":2008,"Image":"bastion-sensor.exe","User":"NT AUTHORITY\\SYSTEM","Protocol":"tcp","SourceIp":"10.20.30.41","SourcePort":53266,"DestinationIp":"104.18.22.51","DestinationPort":443}
{"EventID":3,"UtcTime":"2026-03-09 12:38:22.479","Computer":"10.20.30.101","ProcessGuid":"{a9b48d5c-a6d5-f7c9-3ddf-5c85b2fbd1e5}","ProcessId":58544,"Image":"OUTLOOK.EXE","User":"NT AUTHORITY\\SYSTEM","Protocol":"tcp","SourceIp":"10.20.30.101","SourcePort":58312,"DestinationIp":"52.96.0.1","DestinationPort":443}
{"EventID":3,"UtcTime":"2026-03-09 12:38:27.172","Computer":"10.20.30.41","ProcessGuid":"{f994d776-f83a-288b-31ae-c16e2d3e9c81}","ProcessId":2008,"Image":"bastion-sensor.exe","User":"NT AUTHORITY\\SYSTEM","Protocol":"tcp","SourceIp":"10.20.30.41","SourcePort":62000,"DestinationIp":"104.18.22.51","DestinationPort":443}
{"EventID":3,"UtcTime":"2026-03-09 12:38:44.103","Computer":"10.20.40.12","ProcessGuid":"{997e568f-be43-f9b7-6c84-4ad829e6175a}","ProcessId":6508,"Image":"AzureBackupAgent.exe","User":"NT AUTHORITY\\SYSTEM","Protocol":"tcp","SourceIp":"10.20.40.12","SourcePort":54805,"DestinationIp":"20.60.181.10","DestinationPort":443}
{"EventID":3,"UtcTime":"2026-03-09 12:38:57.512","Computer":"10.20.30.41","ProcessGuid":"{f994d776-f83a-288b-31ae-c16e2d3e9c81}","ProcessId":2008,"Image":"bastion-sensor.exe","User":"NT AUTHORITY\\SYSTEM","Protocol":"tcp","SourceIp":"10.20.30.41","SourcePort":64325,"DestinationIp":"104.18.22.51","DestinationPort":443}
{"EventID":3,"UtcTime":"2026-03-09 12:39:28.072","Computer":"10.20.30.41","ProcessGuid":"{f994d776-f83a-288b-31ae-c16e2d3e9c81}","ProcessId":2008,"Image":"bastion-sensor.exe","User":"NT AUTHORITY\\SYSTEM","Protocol":"tcp","SourceIp":"10.20.30.41","SourcePort":52947,"DestinationIp":"104.18.22.51","DestinationPort":443}
{"EventID":3,"UtcTime":"2026-03-09 12:39:57.892","Computer":"10.20.30.41","ProcessGuid":"{f994d776-f83a-288b-31ae-c16e2d3e9c81}","ProcessId":2008,"Image":"bastion-sensor.exe","User":"NT AUTHORITY\\SYSTEM","Protocol":"tcp","SourceIp":"10.20.30.41","SourcePort":52513,"DestinationIp":"104.18.22.51","DestinationPort":443}
{"EventID":3,"UtcTime":"2026-03-09 12:40:28.373","Computer":"10.20.30.41","ProcessGuid":"{f994d776-f83a-288b-31ae-c16e2d3e9c81}","ProcessId":2008,"Image":"bastion-sensor.exe","User":"NT AUTHORITY\\SYSTEM","Protocol":"tcp","SourceIp":"10.20.30.41","SourcePort":52333,"DestinationIp":"104.18.22.51","DestinationPort":443}
{"EventID":3,"UtcTime":"2026-03-09 12:40:48.051","Computer":"10.20.30.101","ProcessGuid":"{a9b48d5c-a6d5-f7c9-3ddf-5c85b2fbd1e5}","ProcessId":58544,"Image":"OUTLOOK.EXE","User":"NT AUTHORITY\\SYSTEM","Protocol":"tcp","SourceIp":"10.20.30.101","SourcePort":52321,"DestinationIp":"52.96.0.1","DestinationPort":443}
{"EventID":3,"UtcTime":"2026-03-09 12:40:57.885","Computer":"10.20.30.41","ProcessGuid":"{f994d776-f83a-288b-31ae-c16e2d3e9c81}","ProcessId":2008,"Image":"bastion-sensor.exe","User":"NT AUTHORITY\\SYSTEM","Protocol":"tcp","SourceIp":"10.20.30.41","SourcePort":58123,"DestinationIp":"104.18.22.51","DestinationPort":443}
{"EventID":3,"UtcTime":"2026-03-09 12:41:28.183","Computer":"10.20.30.41","ProcessGuid":"{f994d776-f83a-288b-31ae-c16e2d3e9c81}","ProcessId":2008,"Image":"bastion-sensor.exe","User":"NT AUTHORITY\\SYSTEM","Protocol":"tcp","SourceIp":"10.20.30.41","SourcePort":56756,"DestinationIp":"104.18.22.51","DestinationPort":443}
{"EventID":3,"UtcTime":"2026-03-09 12:41:58.647","Computer":"10.20.30.41","ProcessGuid":"{f994d776-f83a-288b-31ae-c16e2d3e9c81}","ProcessId":2008,"Image":"bastion-sensor.exe","User":"NT AUTHORITY\\SYSTEM","Protocol":"tcp","SourceIp":"10.20.30.41","SourcePort":49738,"DestinationIp":"104.18.22.51","DestinationPort":443}
{"EventID":3,"UtcTime":"2026-03-09 12:42:29.136","Computer":"10.20.30.41","ProcessGuid":"{f994d776-f83a-288b-31ae-c16e2d3e9c81}","ProcessId":2008,"Image":"bastion-sensor.exe","User":"NT AUTHORITY\\SYSTEM","Protocol":"tcp","SourceIp":"10.20.30.41","SourcePort":56825,"DestinationIp":"104.18.22.51","DestinationPort":443}
{"EventID":3,"UtcTime":"2026-03-09 12:42:59.685","Computer":"10.20.30.41","ProcessGuid":"{f994d776-f83a-288b-31ae-c16e2d3e9c81}","ProcessId":2008,"Image":"bastion-sensor.exe","User":"NT AUTHORITY\\SYSTEM","Protocol":"tcp","SourceIp":"10.20.30.41","SourcePort":55892,"DestinationIp":"104.18.22.51","DestinationPort":443}
{"EventID":3,"UtcTime":"2026-03-09 12:43:26.996","Computer":"10.20.30.101","ProcessGuid":"{a9b48d5c-a6d5-f7c9-3ddf-5c85b2fbd1e5}","ProcessId":58544,"Image":"OUTLOOK.EXE","User":"NT AUTHORITY\\SYSTEM","Protocol":"tcp","SourceIp":"10.20.30.101","SourcePort":63803,"DestinationIp":"52.96.0.1","DestinationPort":443}
{"EventID":3,"UtcTime":"2026-03-09 12:43:29.457","Computer":"10.20.30.41","ProcessGuid":"{f994d776-f83a-288b-31ae-c16e2d3e9c81}","ProcessId":2008,"Image":"bastion-sensor.exe","User":"NT AUTHORITY\\SYSTEM","Protocol":"tcp","SourceIp":"10.20.30.41","SourcePort":54837,"DestinationIp":"104.18.22.51","DestinationPort":443}
{"EventID":3,"UtcTime":"2026-03-09 12:43:58.990","Computer":"10.20.30.41","ProcessGuid":"{f994d776-f83a-288b-31ae-c16e2d3e9c81}","ProcessId":2008,"Image":"bastion-sensor.exe","User":"NT AUTHORITY\\SYSTEM","Protocol":"tcp","SourceIp":"10.20.30.41","SourcePort":58097,"DestinationIp":"104.18.22.51","DestinationPort":443}
{"EventID":3,"UtcTime":"2026-03-09 12:44:29.168","Computer":"10.20.30.41","ProcessGuid":"{f994d776-f83a-288b-31ae-c16e2d3e9c81}","ProcessId":2008,"Image":"bastion-sensor.exe","User":"NT AUTHORITY\\SYSTEM","Protocol":"tcp","SourceIp":"10.20.30.41","SourcePort":50320,"DestinationIp":"104.18.22.51","DestinationPort":443}
{"EventID":3,"UtcTime":"2026-03-09 12:44:40.963","Computer":"10.20.30.101","ProcessGuid":"{a9b48d5c-a6d5-f7c9-3ddf-5c85b2fbd1e5}","ProcessId":58544,"Image":"OUTLOOK.EXE","User":"NT AUTHORITY\\SYSTEM","Protocol":"tcp","SourceIp":"10.20.30.101","SourcePort":61674,"DestinationIp":"52.96.0.1","DestinationPort":443}
{"EventID":3,"UtcTime":"2026-03-09 12:44:59.075","Computer":"10.20.30.41","ProcessGuid":"{f994d776-f83a-288b-31ae-c16e2d3e9c81}","ProcessId":2008,"Image":"bastion-sensor.exe","User":"NT AUTHORITY\\SYSTEM","Protocol":"tcp","SourceIp":"10.20.30.41","SourcePort":56000,"DestinationIp":"104.18.22.51","DestinationPort":443}
{"EventID":3,"UtcTime":"2026-03-09 12:45:28.980","Computer":"10.20.30.41","ProcessGuid":"{f994d776-f83a-288b-31ae-c16e2d3e9c81}","ProcessId":2008,"Image":"bastion-sensor.exe","User":"NT AUTHORITY\\SYSTEM","Protocol":"tcp","SourceIp":"10.20.30.41","SourcePort":52353,"DestinationIp":"104.18.22.51","DestinationPort":443}
{"EventID":3,"UtcTime":"2026-03-09 12:45:59.284","Computer":"10.20.30.41","ProcessGuid":"{f994d776-f83a-288b-31ae-c16e2d3e9c81}","ProcessId":2008,"Image":"bastion-sensor.exe","User":"NT AUTHORITY\\SYSTEM","Protocol":"tcp","SourceIp":"10.20.30.41","SourcePort":58679,"DestinationIp":"104.18.22.51","DestinationPort":443}
{"EventID":3,"UtcTime":"2026-03-09 12:45:59.821","Computer":"10.20.30.101","ProcessGuid":"{a9b48d5c-a6d5-f7c9-3ddf-5c85b2fbd1e5}","ProcessId":58544,"Image":"OUTLOOK.EXE","User":"NT AUTHORITY\\SYSTEM","Protocol":"tcp","SourceIp":"10.20.30.101","SourcePort":63301,"DestinationIp":"52.96.0.1","DestinationPort":443}
{"EventID":3,"UtcTime":"2026-03-09 12:46:28.774","Computer":"10.20.30.41","ProcessGuid":"{f994d776-f83a-288b-31ae-c16e2d3e9c81}","ProcessId":2008,"Image":"bastion-sensor.exe","User":"NT AUTHORITY\\SYSTEM","Protocol":"tcp","SourceIp":"10.20.30.41","SourcePort":60805,"DestinationIp":"104.18.22.51","DestinationPort":443}
{"EventID":3,"UtcTime":"2026-03-09 12:46:58.832","Computer":"10.20.30.41","ProcessGuid":"{f994d776-f83a-288b-31ae-c16e2d3e9c81}","ProcessId":2008,"Image":"bastion-sensor.exe","User":"NT AUTHORITY\\SYSTEM","Protocol":"tcp","SourceIp":"10.20.30.41","SourcePort":49274,"DestinationIp":"104.18.22.51","DestinationPort":443}
{"EventID":3,"UtcTime":"2026-03-09 12:47:28.342","Computer":"10.20.30.41","ProcessGuid":"{f994d776-f83a-288b-31ae-c16e2d3e9c81}","ProcessId":2008,"Image":"bastion-sensor.exe","User":"NT AUTHORITY\\SYSTEM","Protocol":"tcp","SourceIp":"10.20.30.41","SourcePort":55495,"DestinationIp":"104.18.22.51","DestinationPort":443}
{"EventID":3,"UtcTime":"2026-03-09 12:47:37.403","Computer":"10.20.30.101","ProcessGuid":"{a9b48d5c-a6d5-f7c9-3ddf-5c85b2fbd1e5}","ProcessId":58544,"Image":"OUTLOOK.EXE","User":"NT AUTHORITY\\SYSTEM","Protocol":"tcp","SourceIp":"10.20.30.101","SourcePort":57270,"DestinationIp":"52.96.0.1","DestinationPort":443}
{"EventID":3,"UtcTime":"2026-03-09 12:47:42.251","Computer":"10.20.40.12","ProcessGuid":"{997e568f-be43-f9b7-6c84-4ad829e6175a}","ProcessId":6508,"Image":"AzureBackupAgent.exe","User":"NT AUTHORITY\\SYSTEM","Protocol":"tcp","SourceIp":"10.20.40.12","SourcePort":64763,"DestinationIp":"20.60.181.10","DestinationPort":443}
{"EventID":3,"UtcTime":"2026-03-09 12:47:58.376","Computer":"10.20.30.41","ProcessGuid":"{f994d776-f83a-288b-31ae-c16e2d3e9c81}","ProcessId":2008,"Image":"bastion-sensor.exe","User":"NT AUTHORITY\\SYSTEM","Protocol":"tcp","SourceIp":"10.20.30.41","SourcePort":52434,"DestinationIp":"104.18.22.51","DestinationPort":443}
{"EventID":3,"UtcTime":"2026-03-09 12:48:28.631","Computer":"10.20.30.41","ProcessGuid":"{f994d776-f83a-288b-31ae-c16e2d3e9c81}","ProcessId":2008,"Image":"bastion-sensor.exe","User":"NT AUTHORITY\\SYSTEM","Protocol":"tcp","SourceIp":"10.20.30.41","SourcePort":62517,"DestinationIp":"104.18.22.51","DestinationPort":443}
{"EventID":3,"UtcTime":"2026-03-09 12:48:58.668","Computer":"10.20.30.41","ProcessGuid":"{f994d776-f83a-288b-31ae-c16e2d3e9c81}","ProcessId":2008,"Image":"bastion-sensor.exe","User":"NT AUTHORITY\\SYSTEM","Protocol":"tcp","SourceIp":"10.20.30.41","SourcePort":64527,"DestinationIp":"104.18.22.51","DestinationPort":443}
{"EventID":3,"UtcTime":"2026-03-09 12:49:29.165","Computer":"10.20.30.41","ProcessGuid":"{f994d776-f83a-288b-31ae-c16e2d3e9c81}","ProcessId":2008,"Image":"bastion-sensor.exe","User":"NT AUTHORITY\\SYSTEM","Protocol":"tcp","SourceIp":"10.20.30.41","SourcePort":61402,"DestinationIp":"104.18.22.51","DestinationPort":443}
{"EventID":3,"UtcTime":"2026-03-09 12:49:59.714","Computer":"10.20.30.41","ProcessGuid":"{f994d776-f83a-288b-31ae-c16e2d3e9c81}","ProcessId":2008,"Image":"bastion-sensor.exe","User":"NT AUTHORITY\\SYSTEM","Protocol":"tcp","SourceIp":"10.20.30.41","SourcePort":64386,"DestinationIp":"104.18.22.51","DestinationPort":443}
{"EventID":3,"UtcTime":"2026-03-09 12:50:06.866","Computer":"10.20.30.101","ProcessGuid":"{a9b48d5c-a6d5-f7c9-3ddf-5c85b2fbd1e5}","ProcessId":58544,"Image":"OUTLOOK.EXE","User":"NT AUTHORITY\\SYSTEM","Protocol":"tcp","SourceIp":"10.20.30.101","SourcePort":60582,"DestinationIp":"52.96.0.1","DestinationPort":443}
{"EventID":3,"UtcTime":"2026-03-09 12:50:29.318","Computer":"10.20.30.41","ProcessGuid":"{f994d776-f83a-288b-31ae-c16e2d3e9c81}","ProcessId":2008,"Image":"bastion-sensor.exe","User":"NT AUTHORITY\\SYSTEM","Protocol":"tcp","SourceIp":"10.20.30.41","SourcePort":60204,"DestinationIp":"104.18.22.51","DestinationPort":443}
{"EventID":3,"UtcTime":"2026-03-09 12:50:59.537","Computer":"10.20.30.41","ProcessGuid":"{f994d776-f83a-288b-31ae-c16e2d3e9c81}","ProcessId":2008,"Image":"bastion-sensor.exe","User":"NT AUTHORITY\\SYSTEM","Protocol":"tcp","SourceIp":"10.20.30.41","SourcePort":62176,"DestinationIp":"104.18.22.51","DestinationPort":443}
{"EventID":3,"UtcTime":"2026-03-09 12:51:21.352","Computer":"10.20.30.101","ProcessGuid":"{a9b48d5c-a6d5-f7c9-3ddf-5c85b2fbd1e5}","ProcessId":58544,"Image":"OUTLOOK.EXE","User":"NT AUTHORITY\\SYSTEM","Protocol":"tcp","SourceIp":"10.20.30.101","SourcePort":60326,"DestinationIp":"52.96.0.1","DestinationPort":443}
{"EventID":3,"UtcTime":"2026-03-09 12:51:29.998","Computer":"10.20.30.41","ProcessGuid":"{f994d776-f83a-288b-31ae-c16e2d3e9c81}","ProcessId":2008,"Image":"bastion-sensor.exe","User":"NT AUTHORITY\\SYSTEM","Protocol":"tcp","SourceIp":"10.20.30.41","SourcePort":63995,"DestinationIp":"104.18.22.51","DestinationPort":443}
{"EventID":3,"UtcTime":"2026-03-09 12:51:59.590","Computer":"10.20.30.41","ProcessGuid":"{f994d776-f83a-288b-31ae-c16e2d3e9c81}","ProcessId":2008,"Image":"bastion-sensor.exe","User":"NT AUTHORITY\\SYSTEM","Protocol":"tcp","SourceIp":"10.20.30.41","SourcePort":63677,"DestinationIp":"104.18.22.51","DestinationPort":443}
{"EventID":3,"UtcTime":"2026-03-09 12:52:29.560","Computer":"10.20.30.41","ProcessGuid":"{f994d776-f83a-288b-31ae-c16e2d3e9c81}","ProcessId":2008,"Image":"bastion-sensor.exe","User":"NT AUTHORITY\\SYSTEM","Protocol":"tcp","SourceIp":"10.20.30.41","SourcePort":51183,"DestinationIp":"104.18.22.51","DestinationPort":443}
{"EventID":3,"UtcTime":"2026-03-09 12:52:59.013","Computer":"10.20.30.41","ProcessGuid":"{f994d776-f83a-288b-31ae-c16e2d3e9c81}","ProcessId":2008,"Image":"bastion-sensor.exe","User":"NT AUTHORITY\\SYSTEM","Protocol":"tcp","SourceIp":"10.20.30.41","SourcePort":52510,"DestinationIp":"104.18.22.51","DestinationPort":443}
{"EventID":3,"UtcTime":"2026-03-09 12:53:22.422","Computer":"10.20.30.101","ProcessGuid":"{a9b48d5c-a6d5-f7c9-3ddf-5c85b2fbd1e5}","ProcessId":58544,"Image":"OUTLOOK.EXE","User":"NT AUTHORITY\\SYSTEM","Protocol":"tcp","SourceIp":"10.20.30.101","SourcePort":53283,"DestinationIp":"52.96.0.1","DestinationPort":443}
{"EventID":3,"UtcTime":"2026-03-09 12:53:28.844","Computer":"10.20.30.41","ProcessGuid":"{f994d776-f83a-288b-31ae-c16e2d3e9c81}","ProcessId":2008,"Image":"bastion-sensor.exe","User":"NT AUTHORITY\\SYSTEM","Protocol":"tcp","SourceIp":"10.20.30.41","SourcePort":49457,"DestinationIp":"104.18.22.51","DestinationPort":443}
{"EventID":3,"UtcTime":"2026-03-09 12:53:58.815","Computer":"10.20.30.41","ProcessGuid":"{f994d776-f83a-288b-31ae-c16e2d3e9c81}","ProcessId":2008,"Image":"bastion-sensor.exe","User":"NT AUTHORITY\\SYSTEM","Protocol":"tcp","SourceIp":"10.20.30.41","SourcePort":53737,"DestinationIp":"104.18.22.51","DestinationPort":443}
{"EventID":3,"UtcTime":"2026-03-09 12:54:29.154","Computer":"10.20.30.41","ProcessGuid":"{f994d776-f83a-288b-31ae-c16e2d3e9c81}","ProcessId":2008,"Image":"bastion-sensor.exe","User":"NT AUTHORITY\\SYSTEM","Protocol":"tcp","SourceIp":"10.20.30.41","SourcePort":65384,"DestinationIp":"104.18.22.51","DestinationPort":443}
{"EventID":3,"UtcTime":"2026-03-09 12:54:58.857","Computer":"10.20.30.41","ProcessGuid":"{f994d776-f83a-288b-31ae-c16e2d3e9c81}","ProcessId":2008,"Image":"bastion-sensor.exe","User":"NT AUTHORITY\\SYSTEM","Protocol":"tcp","SourceIp":"10.20.30.41","SourcePort":49464,"DestinationIp":"104.18.22.51","DestinationPort":443}
{"EventID":3,"UtcTime":"2026-03-09 12:55:28.434","Computer":"10.20.30.41","ProcessGuid":"{f994d776-f83a-288b-31ae-c16e2d3e9c81}","ProcessId":2008,"Image":"bastion-sensor.exe","User":"NT AUTHORITY\\SYSTEM","Protocol":"tcp","SourceIp":"10.20.30.41","SourcePort":53481,"DestinationIp":"104.18.22.51","DestinationPort":443}
{"EventID":3,"UtcTime":"2026-03-09 12:55:57.953","Computer":"10.20.30.41","ProcessGuid":"{f994d776-f83a-288b-31ae-c16e2d3e9c81}","ProcessId":2008,"Image":"bastion-sensor.exe","User":"NT AUTHORITY\\SYSTEM","Protocol":"tcp","SourceIp":"10.20.30.41","SourcePort":57470,"DestinationIp":"104.18.22.51","DestinationPort":443}
{"EventID":3,"UtcTime":"2026-03-09 12:56:07.167","Computer":"10.20.30.101","ProcessGuid":"{a9b48d5c-a6d5-f7c9-3ddf-5c85b2fbd1e5}","ProcessId":58544,"Image":"OUTLOOK.EXE","User":"NT AUTHORITY\\SYSTEM","Protocol":"tcp","SourceIp":"10.20.30.101","SourcePort":61588,"DestinationIp":"52.96.0.1","DestinationPort":443}
{"EventID":3,"UtcTime":"2026-03-09 12:56:27.845","Computer":"10.20.30.41","ProcessGuid":"{f994d776-f83a-288b-31ae-c16e2d3e9c81}","ProcessId":2008,"Image":"bastion-sensor.exe","User":"NT AUTHORITY\\SYSTEM","Protocol":"tcp","SourceIp":"10.20.30.41","SourcePort":49282,"DestinationIp":"104.18.22.51","DestinationPort":443}
{"EventID":3,"UtcTime":"2026-03-09 12:56:58.176","Computer":"10.20.30.41","ProcessGuid":"{f994d776-f83a-288b-31ae-c16e2d3e9c81}","ProcessId":2008,"Image":"bastion-sensor.exe","User":"NT AUTHORITY\\SYSTEM","Protocol":"tcp","SourceIp":"10.20.30.41","SourcePort":64972,"DestinationIp":"104.18.22.51","DestinationPort":443}
{"EventID":3,"UtcTime":"2026-03-09 12:57:28.310","Computer":"10.20.30.41","ProcessGuid":"{f994d776-f83a-288b-31ae-c16e2d3e9c81}","ProcessId":2008,"Image":"bastion-sensor.exe","User":"NT AUTHORITY\\SYSTEM","Protocol":"tcp","SourceIp":"10.20.30.41","SourcePort":49809,"DestinationIp":"104.18.22.51","DestinationPort":443}
{"EventID":3,"UtcTime":"2026-03-09 12:57:58.188","Computer":"10.20.30.41","ProcessGuid":"{f994d776-f83a-288b-31ae-c16e2d3e9c81}","ProcessId":2008,"Image":"bastion-sensor.exe","User":"NT AUTHORITY\\SYSTEM","Protocol":"tcp","SourceIp":"10.20.30.41","SourcePort":54712,"DestinationIp":"104.18.22.51","DestinationPort":443}
{"EventID":3,"UtcTime":"2026-03-09 12:58:24.258","Computer":"10.20.30.101","ProcessGuid":"{a9b48d5c-a6d5-f7c9-3ddf-5c85b2fbd1e5}","ProcessId":58544,"Image":"OUTLOOK.EXE","User":"NT AUTHORITY\\SYSTEM","Protocol":"tcp","SourceIp":"10.20.30.101","SourcePort":55755,"DestinationIp":"52.96.0.1","DestinationPort":443}
{"EventID":3,"UtcTime":"2026-03-09 12:58:28.644","Computer":"10.20.30.41","ProcessGuid":"{f994d776-f83a-288b-31ae-c16e2d3e9c81}","ProcessId":2008,"Image":"bastion-sensor.exe","User":"NT AUTHORITY\\SYSTEM","Protocol":"tcp","SourceIp":"10.20.30.41","SourcePort":64858,"DestinationIp":"104.18.22.51","DestinationPort":443}
{"EventID":3,"UtcTime":"2026-03-09 12:58:58.961","Computer":"10.20.30.41","ProcessGuid":"{f994d776-f83a-288b-31ae-c16e2d3e9c81}","ProcessId":2008,"Image":"bastion-sensor.exe","User":"NT AUTHORITY\\SYSTEM","Protocol":"tcp","SourceIp":"10.20.30.41","SourcePort":57000,"DestinationIp":"104.18.22.51","DestinationPort":443}
{"EventID":3,"UtcTime":"2026-03-09 12:59:28.666","Computer":"10.20.30.41","ProcessGuid":"{f994d776-f83a-288b-31ae-c16e2d3e9c81}","ProcessId":2008,"Image":"bastion-sensor.exe","User":"NT AUTHORITY\\SYSTEM","Protocol":"tcp","SourceIp":"10.20.30.41","SourcePort":60255,"DestinationIp":"104.18.22.51","DestinationPort":443}
{"EventID":3,"UtcTime":"2026-03-09 12:59:58.922","Computer":"10.20.30.41","ProcessGuid":"{f994d776-f83a-288b-31ae-c16e2d3e9c81}","ProcessId":2008,"Image":"bastion-sensor.exe","User":"NT AUTHORITY\\SYSTEM","Protocol":"tcp","SourceIp":"10.20.30.41","SourcePort":49197,"DestinationIp":"104.18.22.51","DestinationPort":443}
{"EventID":3,"UtcTime":"2026-03-09 13:00:19.285","Computer":"10.20.40.12","ProcessGuid":"{997e568f-be43-f9b7-6c84-4ad829e6175a}","ProcessId":6508,"Image":"AzureBackupAgent.exe","User":"NT AUTHORITY\\SYSTEM","Protocol":"tcp","SourceIp":"10.20.40.12","SourcePort":59933,"DestinationIp":"20.60.181.10","DestinationPort":443}
{"EventID":3,"UtcTime":"2026-03-09 13:00:29.162","Computer":"10.20.30.41","ProcessGuid":"{f994d776-f83a-288b-31ae-c16e2d3e9c81}","ProcessId":2008,"Image":"bastion-sensor.exe","User":"NT AUTHORITY\\SYSTEM","Protocol":"tcp","SourceIp":"10.20.30.41","SourcePort":57394,"DestinationIp":"104.18.22.51","DestinationPort":443}
{"EventID":3,"UtcTime":"2026-03-09 13:00:40.299","Computer":"10.20.30.101","ProcessGuid":"{a9b48d5c-a6d5-f7c9-3ddf-5c85b2fbd1e5}","ProcessId":58544,"Image":"OUTLOOK.EXE","User":"NT AUTHORITY\\SYSTEM","Protocol":"tcp","SourceIp":"10.20.30.101","SourcePort":60063,"DestinationIp":"52.96.0.1","DestinationPort":443}
