{"EventID":3,"UtcTime":"2026-03-09 19:44:18.229","Computer":"10.20.30.41","ProcessGuid":"{f994d776-f83a-288b-31ae-c16e2d3e9c81}","ProcessId":2008,"Image":"bastion-sensor.exe","User":"NT AUTHORITY\\SYSTEM","Protocol":"tcp","SourceIp":"10.20.30.41","SourcePort":49302,"DestinationIp":"104.18.22.51","DestinationPort":443}
{"EventID":3,"UtcTime":"2026-03-09 19:44:31.037","Computer":"10.20.30.41","ProcessGuid":"{18d8f26f-d16e-7c42-cc7a-bb96b22125cd}","ProcessId":2008,"Image":"node-bridge.exe","User":"LARKSPUR\\priya.nair","Protocol":"tcp","SourceIp":"10.20.30.41","SourcePort":54643,"DestinationIp":"193.42.33.81","DestinationPort":443}
{"EventID":3,"UtcTime":"2026-03-09 19:44:48.497","Computer":"10.20.30.41","ProcessGuid":"{f994d776-f83a-288b-31ae-c16e2d3e9c81}","ProcessId":2008,"Image":"bastion-sensor.exe","User":"NT AUTHORITY\\SYSTEM","Protocol":"tcp","SourceIp":"10.20.30.41","SourcePort":49861,"DestinationIp":"104.18.22.51","DestinationPort":443}
{"EventID":3,"UtcTime":"2026-03-09 19:45:15.341","Computer":"10.20.30.41","ProcessGuid":"{18d8f26f-d16e-7c42-cc7a-bb96b22125cd}","ProcessId":2008,"Image":"node-bridge.exe","User":"LARKSPUR\\priya.nair","Protocol":"tcp","SourceIp":"10.20.30.41","SourcePort":65481,"DestinationIp":"193.42.33.81","DestinationPort":443}
{"EventID":3,"UtcTime":"2026-03-09 19:45:18.127","Computer":"10.20.30.41","ProcessGuid":"{f994d776-f83a-288b-31ae-c16e2d3e9c81}","ProcessId":2008,"Image":"bastion-sensor.exe","User":"NT AUTHORITY\\SYSTEM","Protocol":"tcp","SourceIp":"10.20.30.41","SourcePort":62603,"DestinationIp":"104.18.22.51","DestinationPort":443}
{"EventID":3,"UtcTime":"2026-03-09 19:45:47.696","Computer":"10.20.30.41","ProcessGuid":"{f994d776-f83a-288b-31ae-c16e2d3e9c81}","ProcessId":2008,"Image":"bastion-sensor.exe","User":"NT AUTHORITY\\SYSTEM","Protocol":"tcp","SourceIp":"10.20.30.41","SourcePort":53051,"DestinationIp":"104.18.22.51","DestinationPort":443}
{"EventID":3,"UtcTime":"2026-03-09 19:46:02.079","Computer":"10.20.30.41","ProcessGuid":"{18d8f26f-d16e-7c42-cc7a-bb96b22125cd}","ProcessId":2008,"Image":"node-bridge.exe","User":"LARKSPUR\\priya.nair","Protocol":"tcp","SourceIp":"10.20.30.41","SourcePort":60626,"DestinationIp":"193.42.33.81","DestinationPort":443}
{"EventID":3,"UtcTime":"2026-03-09 19:46:18.050","Computer":"10.20.30.41","ProcessGuid":"{f994d776-f83a-288b-31ae-c16e2d3e9c81}","ProcessId":2008,"Image":"bastion-sensor.exe","User":"NT AUTHORITY\\SYSTEM","Protocol":"tcp","SourceIp":"10.20.30.41","SourcePort":55365,"DestinationIp":"104.18.22.51","DestinationPort":443}
{"EventID":3,"UtcTime":"2026-03-09 19:46:42.901","Computer":"10.20.30.41","ProcessGuid":"{18d8f26f-d16e-7c42-cc7a-bb96b22125cd}","ProcessId":2008,"Image":"node-bridge.exe","User":"LARKSPUR\\priya.nair","Protocol":"tcp","SourceIp":"10.20.30.41","SourcePort":58803,"DestinationIp":"193.42.33.81","DestinationPort":443}
{"EventID":3,"UtcTime":"2026-03-09 19:46:47.746","Computer":"10.20.30.41","ProcessGuid":"{f994d776-f83a-288b-31ae-c16e2d3e9c81}","ProcessId":2008,"Image":"bastion-sensor.exe","User":"NT AUTHORITY\\SYSTEM","Protocol":"tcp","SourceIp":"10.20.30.41","SourcePort":59030,"DestinationIp":"104.18.22.51","DestinationPort":443}
{"EventID":3,"UtcTime":"2026-03-09 19:47:17.419","Computer":"10.20.30.41","ProcessGuid":"{f994d776-f83a-288b-31ae-c16e2d3e9c81}","ProcessId":2008,"Image":"bastion-sensor.exe","User":"NT AUTHORITY\\SYSTEM","Protocol":"tcp","SourceIp":"10.20.30.41","SourcePort":60785,"DestinationIp":"104.18.22.51","DestinationPort":443}
{"EventID":3,"UtcTime":"2026-03-09 19:47:25.585","Computer":"10.20.30.41","ProcessGuid":"{18d8f26f-d16e-7c42-cc7a-bb96b22125cd}","ProcessId":2008,"Image":"node-bridge.exe","User":"LARKSPUR\\priya.nair","Protocol":"tcp","SourceIp":"10.20.30.41","SourcePort":54651,"DestinationIp":"193.42.33.81","DestinationPort":443}
{"EventID":3,"UtcTime":"2026-03-09 19:47:47.440","Computer":"10.20.30.41","ProcessGuid":"{f994d776-f83a-288b-31ae-c16e2d3e9c81}","ProcessId":2008,"Image":"bastion-sensor.exe","User":"NT AUTHORITY\\SYSTEM","Protocol":"tcp","SourceIp":"10.20.30.41","SourcePort":53490,"DestinationIp":"104.18.22.51","DestinationPort":443}
{"EventID":3,"UtcTime":"2026-03-09 19:48:08.292","Computer":"10.20.30.41","ProcessGuid":"{18d8f26f-d16e-7c42-cc7a-bb96b22125cd}","ProcessId":2008,"Image":"node-bridge.exe","User":"LARKSPUR\\priya.nair","Protocol":"tcp","SourceIp":"10.20.30.41","SourcePort":62846,"DestinationIp":"193.42.33.81","DestinationPort":443}
{"EventID":3,"UtcTime":"2026-03-09 19:48:17.582","Computer":"10.20.30.41","ProcessGuid":"{f994d776-f83a-288b-31ae-c16e2d3e9c81}","ProcessId":2008,"Image":"bastion-sensor.exe","User":"NT AUTHORITY\\SYSTEM","Protocol":"tcp","SourceIp":"10.20.30.41","SourcePort":51883,"DestinationIp":"104.18.22.51","DestinationPort":443}
{"EventID":3,"UtcTime":"2026-03-09 19:48:47.687","Computer":"10.20.30.41","ProcessGuid":"{f994d776-f83a-288b-31ae-c16e2d3e9c81}","ProcessId":2008,"Image":"bastion-sensor.exe","User":"NT AUTHORITY\\SYSTEM","Protocol":"tcp","SourceIp":"10.20.30.41","SourcePort":55821,"DestinationIp":"104.18.22.51","DestinationPort":443}
{"EventID":3,"UtcTime":"2026-03-09 19:48:52.020","Computer":"10.20.30.41","ProcessGuid":"{18d8f26f-d16e-7c42-cc7a-bb96b22125cd}","ProcessId":2008,"Image":"node-bridge.exe","User":"LARKSPUR\\priya.nair","Protocol":"tcp","SourceIp":"10.20.30.41","SourcePort":54028,"DestinationIp":"193.42.33.81","DestinationPort":443}
{"EventID":3,"UtcTime":"2026-03-09 19:49:18.203","Computer":"10.20.30.41","ProcessGuid":"{f994d776-f83a-288b-31ae-c16e2d3e9c81}","ProcessId":2008,"Image":"bastion-sensor.exe","User":"NT AUTHORITY\\SYSTEM","Protocol":"tcp","SourceIp":"10.20.30.41","SourcePort":61564,"DestinationIp":"104.18.22.51","DestinationPort":443}
{"EventID":3,"UtcTime":"2026-03-09 19:49:36.895","Computer":"10.20.30.41","ProcessGuid":"{18d8f26f-d16e-7c42-cc7a-bb96b22125cd}","ProcessId":2008,"Image":"node-bridge.exe","User":"LARKSPUR\\priya.nair","Protocol":"tcp","SourceIp":"10.20.30.41","SourcePort":65180,"DestinationIp":"193.42.33.81","DestinationPort":443}
{"EventID":3,"UtcTime":"2026-03-09 19:49:48.156","Computer":"10.20.30.41","ProcessGuid":"{f994d776-f83a-288b-31ae-c16e2d3e9c81}","ProcessId":2008,"Image":"bastion-sensor.exe","User":"NT AUTHORITY\\SYSTEM","Protocol":"tcp","SourceIp":"10.20.30.41","SourcePort":64257,"DestinationIp":"104.18.22.51","DestinationPort":443}
{"EventID":3,"UtcTime":"2026-03-09 19:50:18.355","Computer":"10.20.30.41","ProcessGuid":"{f994d776-f83a-288b-31ae-c16e2d3e9c81}","ProcessId":2008,"Image":"bastion-sensor.exe","User":"NT AUTHORITY\\SYSTEM","Protocol":"tcp","SourceIp":"10.20.30.41","SourcePort":58474,"DestinationIp":"104.18.22.51","DestinationPort":443}
{"EventID":3,"UtcTime":"2026-03-09 19:50:22.385","Computer":"10.20.30.41","ProcessGuid":"{18d8f26f-d16e-7c42-cc7a-bb96b22125cd}","ProcessId":2008,"Image":"node-bridge.exe","User":"LARKSPUR\\priya.nair","Protocol":"tcp","SourceIp":"10.20.30.41","SourcePort":58181,"DestinationIp":"193.42.33.81","DestinationPort":443}
{"EventID":3,"UtcTime":"2026-03-09 19:50:48.086","Computer":"10.20.30.41","ProcessGuid":"{f994d776-f83a-288b-31ae-c16e2d3e9c81}","ProcessId":2008,"Image":"bastion-sensor.exe","User":"NT AUTHORITY\\SYSTEM","Protocol":"tcp","SourceIp":"10.20.30.41","SourcePort":60258,"DestinationIp":"104.18.22.51","DestinationPort":443}
{"EventID":3,"UtcTime":"2026-03-09 19:51:03.755","Computer":"10.20.30.41","ProcessGuid":"{18d8f26f-d16e-7c42-cc7a-bb96b22125cd}","ProcessId":2008,"Image":"node-bridge.exe","User":"LARKSPUR\\priya.nair","Protocol":"tcp","SourceIp":"10.20.30.41","SourcePort":60100,"DestinationIp":"193.42.33.81","DestinationPort":443}
{"EventID":3,"UtcTime":"2026-03-09 19:51:18.132","Computer":"10.20.30.41","ProcessGuid":"{f994d776-f83a-288b-31ae-c16e2d3e9c81}","ProcessId":2008,"Image":"bastion-sensor.exe","User":"NT AUTHORITY\\SYSTEM","Protocol":"tcp","SourceIp":"10.20.30.41","SourcePort":64595,"DestinationIp":"104.18.22.51","DestinationPort":443}
{"EventID":3,"UtcTime":"2026-03-09 19:51:47.631","Computer":"10.20.30.41","ProcessGuid":"{18d8f26f-d16e-7c42-cc7a-bb96b22125cd}","ProcessId":2008,"Image":"node-bridge.exe","User":"LARKSPUR\\priya.nair","Protocol":"tcp","SourceIp":"10.20.30.41","SourcePort":61489,"DestinationIp":"193.42.33.81","DestinationPort":443}
{"EventID":3,"UtcTime":"2026-03-09 19:51:48.730","Computer":"10.20.30.41","ProcessGuid":"{f994d776-f83a-288b-31ae-c16e2d3e9c81}","ProcessId":2008,"Image":"bastion-sensor.exe","User":"NT AUTHORITY\\SYSTEM","Protocol":"tcp","SourceIp":"10.20.30.41","SourcePort":58742,"DestinationIp":"104.18.22.51","DestinationPort":443}
{"EventID":3,"UtcTime":"2026-03-09 19:52:18.140","Computer":"10.20.30.41","ProcessGuid":"{f994d776-f83a-288b-31ae-c16e2d3e9c81}","ProcessId":2008,"Image":"bastion-sensor.exe","User":"NT AUTHORITY\\SYSTEM","Protocol":"tcp","SourceIp":"10.20.30.41","SourcePort":54905,"DestinationIp":"104.18.22.51","DestinationPort":443}
{"EventID":3,"UtcTime":"2026-03-09 19:52:35.943","Computer":"10.20.30.41","ProcessGuid":"{18d8f26f-d16e-7c42-cc7a-bb96b22125cd}","ProcessId":2008,"Image":"node-bridge.exe","User":"LARKSPUR\\priya.nair","Protocol":"tcp","SourceIp":"10.20.30.41","SourcePort":50633,"DestinationIp":"193.42.33.81","DestinationPort":443}
{"EventID":3,"UtcTime":"2026-03-09 19:52:47.783","Computer":"10.20.30.41","ProcessGuid":"{f994d776-f83a-288b-31ae-c16e2d3e9c81}","ProcessId":2008,"Image":"bastion-sensor.exe","User":"NT AUTHORITY\\SYSTEM","Protocol":"tcp","SourceIp":"10.20.30.41","SourcePort":63482,"DestinationIp":"104.18.22.51","DestinationPort":443}
{"EventID":3,"UtcTime":"2026-03-09 19:53:17.336","Computer":"10.20.30.41","ProcessGuid":"{f994d776-f83a-288b-31ae-c16e2d3e9c81}","ProcessId":2008,"Image":"bastion-sensor.exe","User":"NT AUTHORITY\\SYSTEM","Protocol":"tcp","SourceIp":"10.20.30.41","SourcePort":60065,"DestinationIp":"104.18.22.51","DestinationPort":443}
{"EventID":3,"UtcTime":"2026-03-09 19:53:21.473","Computer":"10.20.30.41","ProcessGuid":"{18d8f26f-d16e-7c42-cc7a-bb96b22125cd}","ProcessId":2008,"Image":"node-bridge.exe","User":"LARKSPUR\\priya.nair","Protocol":"tcp","SourceIp":"10.20.30.41","SourcePort":50242,"DestinationIp":"193.42.33.81","DestinationPort":443}
{"EventID":3,"UtcTime":"2026-03-09 19:53:46.752","Computer":"10.20.30.41","ProcessGuid":"{f994d776-f83a-288b-31ae-c16e2d3e9c81}","ProcessId":2008,"Image":"bastion-sensor.exe","User":"NT AUTHORITY\\SYSTEM","Protocol":"tcp","SourceIp":"10.20.30.41","SourcePort":49555,"DestinationIp":"104.18.22.51","DestinationPort":443}
{"EventID":3,"UtcTime":"2026-03-09 19:54:05.423","Computer":"10.20.30.41","ProcessGuid":"{18d8f26f-d16e-7c42-cc7a-bb96b22125cd}","ProcessId":2008,"Image":"node-bridge.exe","User":"LARKSPUR\\priya.nair","Protocol":"tcp","SourceIp":"10.20.30.41","SourcePort":51651,"DestinationIp":"193.42.33.81","DestinationPort":443}
{"EventID":3,"UtcTime":"2026-03-09 19:54:16.475","Computer":"10.20.30.41","ProcessGuid":"{f994d776-f83a-288b-31ae-c16e2d3e9c81}","ProcessId":2008,"Image":"bastion-sensor.exe","User":"NT AUTHORITY\\SYSTEM","Protocol":"tcp","SourceIp":"10.20.30.41","SourcePort":56164,"DestinationIp":"104.18.22.51","DestinationPort":443}
{"EventID":3,"UtcTime":"2026-03-09 19:54:47.072","Computer":"10.20.30.41","ProcessGuid":"{f994d776-f83a-288b-31ae-c16e2d3e9c81}","ProcessId":2008,"Image":"bastion-sensor.exe","User":"NT AUTHORITY\\SYSTEM","Protocol":"tcp","SourceIp":"10.20.30.41","SourcePort":55922,"DestinationIp":"104.18.22.51","DestinationPort":443}
{"EventID":3,"UtcTime":"2026-03-09 19:54:48.442","Computer":"10.20.30.41","ProcessGuid":"{18d8f26f-d16e-7c42-cc7a-bb96b22125cd}","ProcessId":2008,"Image":"node-bridge.exe","User":"LARKSPUR\\priya.nair","Protocol":"tcp","SourceIp":"10.20.30.41","SourcePort":50720,"DestinationIp":"193.42.33.81","DestinationPort":443}
{"EventID":3,"UtcTime":"2026-03-09 19:55:17.649","Computer":"10.20.30.41","ProcessGuid":"{f994d776-f83a-288b-31ae-c16e2d3e9c81}","ProcessId":2008,"Image":"bastion-sensor.exe","User":"NT AUTHORITY\\SYSTEM","Protocol":"tcp","SourceIp":"10.20.30.41","SourcePort":50650,"DestinationIp":"104.18.22.51","DestinationPort":443}
{"EventID":3,"UtcTime":"2026-03-09 19:55:34.526","Computer":"10.20.30.41","ProcessGuid":"{18d8f26f-d16e-7c42-cc7a-bb96b22125cd}","ProcessId":2008,"Image":"node-bridge.exe","User":"LARKSPUR\\priya.nair","Protocol":"tcp","SourceIp":"10.20.30.41","SourcePort":55101,"DestinationIp":"193.42.33.81","DestinationPort":443}
{"EventID":3,"UtcTime":"2026-03-09 19:55:47.356","Computer":"10.20.30.41","ProcessGuid":"{f994d776-f83a-288b-31ae-c16e2d3e9c81}","ProcessId":2008,"Image":"bastion-sensor.exe","User":"NT AUTHORITY\\SYSTEM","Protocol":"tcp","SourceIp":"10.20.30.41","SourcePort":51252,"DestinationIp":"104.18.22.51","DestinationPort":443}
{"EventID":3,"UtcTime":"2026-03-09 19:56:16.033","Computer":"10.20.30.41","ProcessGuid":"{18d8f26f-d16e-7c42-cc7a-bb96b22125cd}","ProcessId":2008,"Image":"node-bridge.exe","User":"LARKSPUR\\priya.nair","Protocol":"tcp","SourceIp":"10.20.30.41","SourcePort":55754,"DestinationIp":"193.42.33.81","DestinationPort":443}
{"EventID":3,"UtcTime":"2026-03-09 19:56:17.167","Computer":"10.20.30.41","ProcessGuid":"{f994d776-f83a-288b-31ae-c16e2d3e9c81}","ProcessId":2008,"Image":"bastion-sensor.exe","User":"NT AUTHORITY\\SYSTEM","Protocol":"tcp","SourceIp":"10.20.30.41","SourcePort":57170,"DestinationIp":"104.18.22.51","DestinationPort":443}
{"EventID":3,"UtcTime":"2026-03-09 19:56:47.375","Computer":"10.20.30.41","ProcessGuid":"{f994d776-f83a-288b-31ae-c16e2d3e9c81}","ProcessId":2008,"Image":"bastion-sensor.exe","User":"NT AUTHORITY\\SYSTEM","Protocol":"tcp","SourceIp":"10.20.30.41","SourcePort":54483,"DestinationIp":"104.18.22.51","DestinationPort":443}
{"EventID":3,"UtcTime":"2026-03-09 19:56:57.654","Computer":"10.20.30.41","ProcessGuid":"{18d8f26f-d16e-7c42-cc7a-bb96b22125cd}","ProcessId":2008,"Image":"node-bridge.exe","User":"LARKSPUR\\priya.nair","Protocol":"tcp","SourceIp":"10.20.30.41","SourcePort":61334,"DestinationIp":"193.42.33.81","DestinationPort":443}
{"EventID":3,"UtcTime":"2026-03-09 19:57:17.230","Computer":"10.20.30.41","ProcessGuid":"{f994d776-f83a-288b-31ae-c16e2d3e9c81}","ProcessId":2008,"Image":"bastion-sensor.exe","User":"NT AUTHORITY\\SYSTEM","Protocol":"tcp","SourceIp":"10.20.30.41","SourcePort":50209,"DestinationIp":"104.18.22.51","DestinationPort":443}
{"EventID":3,"UtcTime":"2026-03-09 19:57:46.833","Computer":"10.20.30.41","ProcessGuid":"{f994d776-f83a-288b-31ae-c16e2d3e9c81}","ProcessId":2008,"Image":"bastion-sensor.exe","User":"NT AUTHORITY\\SYSTEM","Protocol":"tcp","SourceIp":"10.20.30.41","SourcePort":57761,"DestinationIp":"104.18.22.51","DestinationPort":443}
{"EventID":3,"UtcTime":"2026-03-09 19:57:46.958","Computer":"10.20.30.41","ProcessGuid":"{18d8f26f-d16e-7c42-cc7a-bb96b22125cd}","ProcessId":2008,"Image":"node-bridge.exe","User":"LARKSPUR\\priya.nair","Protocol":"tcp","SourceIp":"10.20.30.41","SourcePort":62815,"DestinationIp":"193.42.33.81","DestinationPort":443}
{"EventID":3,"UtcTime":"2026-03-09 19:58:16.419","Computer":"10.20.30.41","ProcessGuid":"{f994d776-f83a-288b-31ae-c16e2d3e9c81}","ProcessId":2008,"Image":"bastion-sensor.exe","User":"NT AUTHORITY\\SYSTEM","Protocol":"tcp","SourceIp":"10.20.30.41","SourcePort":65311,"DestinationIp":"104.18.22.51","DestinationPort":443}
{"EventID":3,"UtcTime":"2026-03-09 19:58:30.041","Computer":"10.20.30.41","ProcessGuid":"{18d8f26f-d16e-7c42-cc7a-bb96b22125cd}","ProcessId":2008,"Image":"node-bridge.exe","User":"LARKSPUR\\priya.nair","Protocol":"tcp","SourceIp":"10.20.30.41","SourcePort":50921,"DestinationIp":"193.42.33.81","DestinationPort":443}
{"EventID":3,"UtcTime":"2026-03-09 19:58:46.871","Computer":"10.20.30.41","ProcessGuid":"{f994d776-f83a-288b-31ae-c16e2d3e9c81}","ProcessId":2008,"Image":"bastion-sensor.exe","User":"NT AUTHORITY\\SYSTEM","Protocol":"tcp","SourceIp":"10.20.30.41","SourcePort":53456,"DestinationIp":"104.18.22.51","DestinationPort":443}
{"EventID":3,"UtcTime":"2026-03-09 19:59:16.699","Computer":"10.20.30.41","ProcessGuid":"{f994d776-f83a-288b-31ae-c16e2d3e9c81}","ProcessId":2008,"Image":"bastion-sensor.exe","User":"NT AUTHORITY\\SYSTEM","Protocol":"tcp","SourceIp":"10.20.30.41","SourcePort":62847,"DestinationIp":"104.18.22.51","DestinationPort":443}
{"EventID":3,"UtcTime":"2026-03-09 19:59:17.681","Computer":"10.20.30.41","ProcessGuid":"{18d8f26f-d16e-7c42-cc7a-bb96b22125cd}","ProcessId":2008,"Image":"node-bridge.exe","User":"LARKSPUR\\priya.nair","Protocol":"tcp","SourceIp":"10.20.30.41","SourcePort":61082,"DestinationIp":"193.42.33.81","DestinationPort":443}
