{"EventID":3,"UtcTime":"2026-03-09 18:30:08.776","Computer":"DEV-WS03","ProcessGuid":"{v3-implant-000000000003}","ProcessId":5003,"Image":"svchost-health.exe","User":"CORP.LOCAL\\jane.roberts","Protocol":"tcp","SourceIp":"10.42.10.45","SourcePort":49870,"DestinationIp":"185.225.73.217","DestinationPort":443}
{"EventID":3,"UtcTime":"2026-03-09 18:31:09.084","Computer":"DEV-WS03","ProcessGuid":"{v3-implant-000000000003}","ProcessId":5003,"Image":"svchost-health.exe","User":"CORP.LOCAL\\jane.roberts","Protocol":"tcp","SourceIp":"10.42.10.45","SourcePort":49871,"DestinationIp":"185.225.73.217","DestinationPort":443}
{"EventID":3,"UtcTime":"2026-03-09 18:32:11.029","Computer":"DEV-WS03","ProcessGuid":"{v3-implant-000000000003}","ProcessId":5003,"Image":"svchost-health.exe","User":"CORP.LOCAL\\jane.roberts","Protocol":"tcp","SourceIp":"10.42.10.45","SourcePort":49872,"DestinationIp":"185.225.73.217","DestinationPort":443}
{"EventID":3,"UtcTime":"2026-03-09 18:33:10.994","Computer":"DEV-WS03","ProcessGuid":"{v3-implant-000000000003}","ProcessId":5003,"Image":"svchost-health.exe","User":"CORP.LOCAL\\jane.roberts","Protocol":"tcp","SourceIp":"10.42.10.45","SourcePort":49873,"DestinationIp":"185.225.73.217","DestinationPort":443}
{"EventID":3,"UtcTime":"2026-03-09 18:34:08.696","Computer":"DEV-WS03","ProcessGuid":"{v3-implant-000000000003}","ProcessId":5003,"Image":"svchost-health.exe","User":"CORP.LOCAL\\jane.roberts","Protocol":"tcp","SourceIp":"10.42.10.45","SourcePort":49874,"DestinationIp":"185.225.73.217","DestinationPort":443}
{"EventID":3,"UtcTime":"2026-03-09 18:35:10.970","Computer":"DEV-WS03","ProcessGuid":"{v3-implant-000000000003}","ProcessId":5003,"Image":"svchost-health.exe","User":"CORP.LOCAL\\jane.roberts","Protocol":"tcp","SourceIp":"10.42.10.45","SourcePort":49875,"DestinationIp":"185.225.73.217","DestinationPort":443}
{"EventID":3,"UtcTime":"2026-03-09 18:35:23.528","Computer":"DEV-WS03","ProcessGuid":"{v3-code-main-000000000001}","ProcessId":5001,"Image":"Code.exe","User":"CORP.LOCAL\\jane.roberts","Protocol":"tcp","SourceIp":"10.42.10.45","SourcePort":49241,"DestinationIp":"140.82.121.6","DestinationPort":443}
{"EventID":3,"UtcTime":"2026-03-09 18:36:08.570","Computer":"DEV-WS03","ProcessGuid":"{v3-implant-000000000003}","ProcessId":5003,"Image":"svchost-health.exe","User":"CORP.LOCAL\\jane.roberts","Protocol":"tcp","SourceIp":"10.42.10.45","SourcePort":49876,"DestinationIp":"185.225.73.217","DestinationPort":443}
{"EventID":3,"UtcTime":"2026-03-09 18:37:06.421","Computer":"DEV-WS03","ProcessGuid":"{v3-implant-000000000003}","ProcessId":5003,"Image":"svchost-health.exe","User":"CORP.LOCAL\\jane.roberts","Protocol":"tcp","SourceIp":"10.42.10.45","SourcePort":49877,"DestinationIp":"185.225.73.217","DestinationPort":443}
{"EventID":3,"UtcTime":"2026-03-09 18:38:09.195","Computer":"DEV-WS03","ProcessGuid":"{v3-implant-000000000003}","ProcessId":5003,"Image":"svchost-health.exe","User":"CORP.LOCAL\\jane.roberts","Protocol":"tcp","SourceIp":"10.42.10.45","SourcePort":49878,"DestinationIp":"185.225.73.217","DestinationPort":443}
{"EventID":3,"UtcTime":"2026-03-09 18:39:10.812","Computer":"DEV-WS03","ProcessGuid":"{v3-implant-000000000003}","ProcessId":5003,"Image":"svchost-health.exe","User":"CORP.LOCAL\\jane.roberts","Protocol":"tcp","SourceIp":"10.42.10.45","SourcePort":49879,"DestinationIp":"185.225.73.217","DestinationPort":443}
{"EventID":3,"UtcTime":"2026-03-09 18:40:12.915","Computer":"DEV-WS03","ProcessGuid":"{v3-implant-000000000003}","ProcessId":5003,"Image":"svchost-health.exe","User":"CORP.LOCAL\\jane.roberts","Protocol":"tcp","SourceIp":"10.42.10.45","SourcePort":49880,"DestinationIp":"185.225.73.217","DestinationPort":443}
{"EventID":3,"UtcTime":"2026-03-09 18:41:09.926","Computer":"DEV-WS03","ProcessGuid":"{v3-implant-000000000003}","ProcessId":5003,"Image":"svchost-health.exe","User":"CORP.LOCAL\\jane.roberts","Protocol":"tcp","SourceIp":"10.42.10.45","SourcePort":49881,"DestinationIp":"185.225.73.217","DestinationPort":443}
{"EventID":3,"UtcTime":"2026-03-09 18:42:11.184","Computer":"DEV-WS03","ProcessGuid":"{v3-implant-000000000003}","ProcessId":5003,"Image":"svchost-health.exe","User":"CORP.LOCAL\\jane.roberts","Protocol":"tcp","SourceIp":"10.42.10.45","SourcePort":49882,"DestinationIp":"185.225.73.217","DestinationPort":443}
{"EventID":3,"UtcTime":"2026-03-09 18:43:09.992","Computer":"DEV-WS03","ProcessGuid":"{v3-implant-000000000003}","ProcessId":5003,"Image":"svchost-health.exe","User":"CORP.LOCAL\\jane.roberts","Protocol":"tcp","SourceIp":"10.42.10.45","SourcePort":49883,"DestinationIp":"185.225.73.217","DestinationPort":443}
{"EventID":3,"UtcTime":"2026-03-09 18:44:10.402","Computer":"DEV-WS03","ProcessGuid":"{v3-implant-000000000003}","ProcessId":5003,"Image":"svchost-health.exe","User":"CORP.LOCAL\\jane.roberts","Protocol":"tcp","SourceIp":"10.42.10.45","SourcePort":49884,"DestinationIp":"185.225.73.217","DestinationPort":443}
{"EventID":3,"UtcTime":"2026-03-09 18:45:13.298","Computer":"DEV-WS03","ProcessGuid":"{v3-implant-000000000003}","ProcessId":5003,"Image":"svchost-health.exe","User":"CORP.LOCAL\\jane.roberts","Protocol":"tcp","SourceIp":"10.42.10.45","SourcePort":49885,"DestinationIp":"185.225.73.217","DestinationPort":443}
{"EventID":3,"UtcTime":"2026-03-09 18:46:10.828","Computer":"DEV-WS03","ProcessGuid":"{v3-implant-000000000003}","ProcessId":5003,"Image":"svchost-health.exe","User":"CORP.LOCAL\\jane.roberts","Protocol":"tcp","SourceIp":"10.42.10.45","SourcePort":49886,"DestinationIp":"185.225.73.217","DestinationPort":443}
{"EventID":3,"UtcTime":"2026-03-09 18:46:30.465","Computer":"DEV-WS03","ProcessGuid":"{v3-code-main-000000000001}","ProcessId":5001,"Image":"Code.exe","User":"CORP.LOCAL\\jane.roberts","Protocol":"tcp","SourceIp":"10.42.10.45","SourcePort":49242,"DestinationIp":"104.16.17.35","DestinationPort":443}
{"EventID":3,"UtcTime":"2026-03-09 18:47:12.258","Computer":"DEV-WS03","ProcessGuid":"{v3-implant-000000000003}","ProcessId":5003,"Image":"svchost-health.exe","User":"CORP.LOCAL\\jane.roberts","Protocol":"tcp","SourceIp":"10.42.10.45","SourcePort":49887,"DestinationIp":"185.225.73.217","DestinationPort":443}
{"EventID":3,"UtcTime":"2026-03-09 18:48:14.726","Computer":"DEV-WS03","ProcessGuid":"{v3-implant-000000000003}","ProcessId":5003,"Image":"svchost-health.exe","User":"CORP.LOCAL\\jane.roberts","Protocol":"tcp","SourceIp":"10.42.10.45","SourcePort":49888,"DestinationIp":"185.225.73.217","DestinationPort":443}
{"EventID":3,"UtcTime":"2026-03-09 18:49:17.528","Computer":"DEV-WS03","ProcessGuid":"{v3-implant-000000000003}","ProcessId":5003,"Image":"svchost-health.exe","User":"CORP.LOCAL\\jane.roberts","Protocol":"tcp","SourceIp":"10.42.10.45","SourcePort":49889,"DestinationIp":"185.225.73.217","DestinationPort":443}
{"EventID":3,"UtcTime":"2026-03-09 18:50:17.511","Computer":"DEV-WS03","ProcessGuid":"{v3-implant-000000000003}","ProcessId":5003,"Image":"svchost-health.exe","User":"CORP.LOCAL\\jane.roberts","Protocol":"tcp","SourceIp":"10.42.10.45","SourcePort":49890,"DestinationIp":"185.225.73.217","DestinationPort":443}
{"EventID":3,"UtcTime":"2026-03-09 18:51:18.228","Computer":"DEV-WS03","ProcessGuid":"{v3-implant-000000000003}","ProcessId":5003,"Image":"svchost-health.exe","User":"CORP.LOCAL\\jane.roberts","Protocol":"tcp","SourceIp":"10.42.10.45","SourcePort":49891,"DestinationIp":"185.225.73.217","DestinationPort":443}
{"EventID":3,"UtcTime":"2026-03-09 18:52:15.351","Computer":"DEV-WS03","ProcessGuid":"{v3-implant-000000000003}","ProcessId":5003,"Image":"svchost-health.exe","User":"CORP.LOCAL\\jane.roberts","Protocol":"tcp","SourceIp":"10.42.10.45","SourcePort":49892,"DestinationIp":"185.225.73.217","DestinationPort":443}
{"EventID":3,"UtcTime":"2026-03-09 18:53:18.242","Computer":"DEV-WS03","ProcessGuid":"{v3-implant-000000000003}","ProcessId":5003,"Image":"svchost-health.exe","User":"CORP.LOCAL\\jane.roberts","Protocol":"tcp","SourceIp":"10.42.10.45","SourcePort":49893,"DestinationIp":"185.225.73.217","DestinationPort":443}
{"EventID":3,"UtcTime":"2026-03-09 18:54:17.171","Computer":"DEV-WS03","ProcessGuid":"{v3-implant-000000000003}","ProcessId":5003,"Image":"svchost-health.exe","User":"CORP.LOCAL\\jane.roberts","Protocol":"tcp","SourceIp":"10.42.10.45","SourcePort":49894,"DestinationIp":"185.225.73.217","DestinationPort":443}
{"EventID":3,"UtcTime":"2026-03-09 18:55:20.159","Computer":"DEV-WS03","ProcessGuid":"{v3-implant-000000000003}","ProcessId":5003,"Image":"svchost-health.exe","User":"CORP.LOCAL\\jane.roberts","Protocol":"tcp","SourceIp":"10.42.10.45","SourcePort":49895,"DestinationIp":"185.225.73.217","DestinationPort":443}
{"EventID":3,"UtcTime":"2026-03-09 18:56:21.528","Computer":"DEV-WS03","ProcessGuid":"{v3-implant-000000000003}","ProcessId":5003,"Image":"svchost-health.exe","User":"CORP.LOCAL\\jane.roberts","Protocol":"tcp","SourceIp":"10.42.10.45","SourcePort":49896,"DestinationIp":"185.225.73.217","DestinationPort":443}
{"EventID":3,"UtcTime":"2026-03-09 18:56:24.736","Computer":"DEV-WS03","ProcessGuid":"{v3-code-main-000000000001}","ProcessId":5001,"Image":"Code.exe","User":"CORP.LOCAL\\jane.roberts","Protocol":"tcp","SourceIp":"10.42.10.45","SourcePort":49243,"DestinationIp":"54.236.131.181","DestinationPort":443}
{"EventID":3,"UtcTime":"2026-03-09 18:57:22.955","Computer":"DEV-WS03","ProcessGuid":"{v3-implant-000000000003}","ProcessId":5003,"Image":"svchost-health.exe","User":"CORP.LOCAL\\jane.roberts","Protocol":"tcp","SourceIp":"10.42.10.45","SourcePort":49897,"DestinationIp":"185.225.73.217","DestinationPort":443}
{"EventID":3,"UtcTime":"2026-03-09 18:58:20.759","Computer":"DEV-WS03","ProcessGuid":"{v3-implant-000000000003}","ProcessId":5003,"Image":"svchost-health.exe","User":"CORP.LOCAL\\jane.roberts","Protocol":"tcp","SourceIp":"10.42.10.45","SourcePort":49898,"DestinationIp":"185.225.73.217","DestinationPort":443}
{"EventID":3,"UtcTime":"2026-03-09 18:59:17.958","Computer":"DEV-WS03","ProcessGuid":"{v3-implant-000000000003}","ProcessId":5003,"Image":"svchost-health.exe","User":"CORP.LOCAL\\jane.roberts","Protocol":"tcp","SourceIp":"10.42.10.45","SourcePort":49899,"DestinationIp":"185.225.73.217","DestinationPort":443}
{"EventID":3,"UtcTime":"2026-03-09 19:00:19.911","Computer":"DEV-WS03","ProcessGuid":"{v3-implant-000000000003}","ProcessId":5003,"Image":"svchost-health.exe","User":"CORP.LOCAL\\jane.roberts","Protocol":"tcp","SourceIp":"10.42.10.45","SourcePort":49900,"DestinationIp":"185.225.73.217","DestinationPort":443}
{"EventID":3,"UtcTime":"2026-03-09 19:01:19.931","Computer":"DEV-WS03","ProcessGuid":"{v3-implant-000000000003}","ProcessId":5003,"Image":"svchost-health.exe","User":"CORP.LOCAL\\jane.roberts","Protocol":"tcp","SourceIp":"10.42.10.45","SourcePort":49901,"DestinationIp":"185.225.73.217","DestinationPort":443}
{"EventID":3,"UtcTime":"2026-03-09 19:01:25.176","Computer":"DEV-WS03","ProcessGuid":"{v3-code-main-000000000001}","ProcessId":5001,"Image":"Code.exe","User":"CORP.LOCAL\\jane.roberts","Protocol":"tcp","SourceIp":"10.42.10.45","SourcePort":49244,"DestinationIp":"54.236.131.182","DestinationPort":443}
{"EventID":3,"UtcTime":"2026-03-09 19:02:19.877","Computer":"DEV-WS03","ProcessGuid":"{v3-implant-000000000003}","ProcessId":5003,"Image":"svchost-health.exe","User":"CORP.LOCAL\\jane.roberts","Protocol":"tcp","SourceIp":"10.42.10.45","SourcePort":49902,"DestinationIp":"185.225.73.217","DestinationPort":443}
{"EventID":3,"UtcTime":"2026-03-09 19:03:21.363","Computer":"DEV-WS03","ProcessGuid":"{v3-implant-000000000003}","ProcessId":5003,"Image":"svchost-health.exe","User":"CORP.LOCAL\\jane.roberts","Protocol":"tcp","SourceIp":"10.42.10.45","SourcePort":49903,"DestinationIp":"185.225.73.217","DestinationPort":443}
{"EventID":3,"UtcTime":"2026-03-09 19:04:19.238","Computer":"DEV-WS03","ProcessGuid":"{v3-implant-000000000003}","ProcessId":5003,"Image":"svchost-health.exe","User":"CORP.LOCAL\\jane.roberts","Protocol":"tcp","SourceIp":"10.42.10.45","SourcePort":49904,"DestinationIp":"185.225.73.217","DestinationPort":443}
{"EventID":3,"UtcTime":"2026-03-09 19:05:17.162","Computer":"DEV-WS03","ProcessGuid":"{v3-implant-000000000003}","ProcessId":5003,"Image":"svchost-health.exe","User":"CORP.LOCAL\\jane.roberts","Protocol":"tcp","SourceIp":"10.42.10.45","SourcePort":49905,"DestinationIp":"185.225.73.217","DestinationPort":443}
{"EventID":3,"UtcTime":"2026-03-09 19:06:15.901","Computer":"DEV-WS03","ProcessGuid":"{v3-implant-000000000003}","ProcessId":5003,"Image":"svchost-health.exe","User":"CORP.LOCAL\\jane.roberts","Protocol":"tcp","SourceIp":"10.42.10.45","SourcePort":49906,"DestinationIp":"185.225.73.217","DestinationPort":443}
{"EventID":3,"UtcTime":"2026-03-09 19:07:18.897","Computer":"DEV-WS03","ProcessGuid":"{v3-implant-000000000003}","ProcessId":5003,"Image":"svchost-health.exe","User":"CORP.LOCAL\\jane.roberts","Protocol":"tcp","SourceIp":"10.42.10.45","SourcePort":49907,"DestinationIp":"185.225.73.217","DestinationPort":443}
{"EventID":3,"UtcTime":"2026-03-09 19:08:18.153","Computer":"DEV-WS03","ProcessGuid":"{v3-implant-000000000003}","ProcessId":5003,"Image":"svchost-health.exe","User":"CORP.LOCAL\\jane.roberts","Protocol":"tcp","SourceIp":"10.42.10.45","SourcePort":49908,"DestinationIp":"185.225.73.217","DestinationPort":443}
{"EventID":3,"UtcTime":"2026-03-09 19:08:51.174","Computer":"DEV-WS03","ProcessGuid":"{v3-code-main-000000000001}","ProcessId":5001,"Image":"Code.exe","User":"CORP.LOCAL\\jane.roberts","Protocol":"tcp","SourceIp":"10.42.10.45","SourcePort":49245,"DestinationIp":"3.104.94.10","DestinationPort":443}
{"EventID":3,"UtcTime":"2026-03-09 19:09:20.826","Computer":"DEV-WS03","ProcessGuid":"{v3-implant-000000000003}","ProcessId":5003,"Image":"svchost-health.exe","User":"CORP.LOCAL\\jane.roberts","Protocol":"tcp","SourceIp":"10.42.10.45","SourcePort":49909,"DestinationIp":"185.225.73.217","DestinationPort":443}
{"EventID":3,"UtcTime":"2026-03-09 19:10:21.902","Computer":"DEV-WS03","ProcessGuid":"{v3-implant-000000000003}","ProcessId":5003,"Image":"svchost-health.exe","User":"CORP.LOCAL\\jane.roberts","Protocol":"tcp","SourceIp":"10.42.10.45","SourcePort":49910,"DestinationIp":"185.225.73.217","DestinationPort":443}
{"EventID":3,"UtcTime":"2026-03-09 19:11:19.660","Computer":"DEV-WS03","ProcessGuid":"{v3-implant-000000000003}","ProcessId":5003,"Image":"svchost-health.exe","User":"CORP.LOCAL\\jane.roberts","Protocol":"tcp","SourceIp":"10.42.10.45","SourcePort":49911,"DestinationIp":"185.225.73.217","DestinationPort":443}
{"EventID":3,"UtcTime":"2026-03-09 19:12:21.731","Computer":"DEV-WS03","ProcessGuid":"{v3-implant-000000000003}","ProcessId":5003,"Image":"svchost-health.exe","User":"CORP.LOCAL\\jane.roberts","Protocol":"tcp","SourceIp":"10.42.10.45","SourcePort":49912,"DestinationIp":"185.225.73.217","DestinationPort":443}
{"EventID":3,"UtcTime":"2026-03-09 19:13:22.947","Computer":"DEV-WS03","ProcessGuid":"{v3-implant-000000000003}","ProcessId":5003,"Image":"svchost-health.exe","User":"CORP.LOCAL\\jane.roberts","Protocol":"tcp","SourceIp":"10.42.10.45","SourcePort":49913,"DestinationIp":"185.225.73.217","DestinationPort":443}
{"EventID":3,"UtcTime":"2026-03-09 19:14:25.587","Computer":"DEV-WS03","ProcessGuid":"{v3-implant-000000000003}","ProcessId":5003,"Image":"svchost-health.exe","User":"CORP.LOCAL\\jane.roberts","Protocol":"tcp","SourceIp":"10.42.10.45","SourcePort":49914,"DestinationIp":"185.225.73.217","DestinationPort":443}
{"EventID":3,"UtcTime":"2026-03-09 19:15:23.703","Computer":"DEV-WS03","ProcessGuid":"{v3-implant-000000000003}","ProcessId":5003,"Image":"svchost-health.exe","User":"CORP.LOCAL\\jane.roberts","Protocol":"tcp","SourceIp":"10.42.10.45","SourcePort":49915,"DestinationIp":"185.225.73.217","DestinationPort":443}
{"EventID":3,"UtcTime":"2026-03-09 19:16:24.008","Computer":"DEV-WS03","ProcessGuid":"{v3-implant-000000000003}","ProcessId":5003,"Image":"svchost-health.exe","User":"CORP.LOCAL\\jane.roberts","Protocol":"tcp","SourceIp":"10.42.10.45","SourcePort":49916,"DestinationIp":"185.225.73.217","DestinationPort":443}
{"EventID":3,"UtcTime":"2026-03-09 19:17:21.655","Computer":"DEV-WS03","ProcessGuid":"{v3-implant-000000000003}","ProcessId":5003,"Image":"svchost-health.exe","User":"CORP.LOCAL\\jane.roberts","Protocol":"tcp","SourceIp":"10.42.10.45","SourcePort":49917,"DestinationIp":"185.225.73.217","DestinationPort":443}
{"EventID":3,"UtcTime":"2026-03-09 19:18:23.907","Computer":"DEV-WS03","ProcessGuid":"{v3-implant-000000000003}","ProcessId":5003,"Image":"svchost-health.exe","User":"CORP.LOCAL\\jane.roberts","Protocol":"tcp","SourceIp":"10.42.10.45","SourcePort":49918,"DestinationIp":"185.225.73.217","DestinationPort":443}
{"EventID":3,"UtcTime":"2026-03-09 19:19:26.138","Computer":"DEV-WS03","ProcessGuid":"{v3-implant-000000000003}","ProcessId":5003,"Image":"svchost-health.exe","User":"CORP.LOCAL\\jane.roberts","Protocol":"tcp","SourceIp":"10.42.10.45","SourcePort":49919,"DestinationIp":"185.225.73.217","DestinationPort":443}
{"EventID":3,"UtcTime":"2026-03-09 19:20:28.128","Computer":"DEV-WS03","ProcessGuid":"{v3-implant-000000000003}","ProcessId":5003,"Image":"svchost-health.exe","User":"CORP.LOCAL\\jane.roberts","Protocol":"tcp","SourceIp":"10.42.10.45","SourcePort":49920,"DestinationIp":"185.225.73.217","DestinationPort":443}
{"EventID":3,"UtcTime":"2026-03-09 19:21:26.394","Computer":"DEV-WS03","ProcessGuid":"{v3-implant-000000000003}","ProcessId":5003,"Image":"svchost-health.exe","User":"CORP.LOCAL\\jane.roberts","Protocol":"tcp","SourceIp":"10.42.10.45","SourcePort":49921,"DestinationIp":"185.225.73.217","DestinationPort":443}
{"EventID":3,"UtcTime":"2026-03-09 19:22:27.389","Computer":"DEV-WS03","ProcessGuid":"{v3-implant-000000000003}","ProcessId":5003,"Image":"svchost-health.exe","User":"CORP.LOCAL\\jane.roberts","Protocol":"tcp","SourceIp":"10.42.10.45","SourcePort":49922,"DestinationIp":"185.225.73.217","DestinationPort":443}
{"EventID":3,"UtcTime":"2026-03-09 19:22:41.930","Computer":"DEV-WS03","ProcessGuid":"{v3-code-main-000000000001}","ProcessId":5001,"Image":"Code.exe","User":"CORP.LOCAL\\jane.roberts","Protocol":"tcp","SourceIp":"10.42.10.45","SourcePort":49246,"DestinationIp":"52.113.194.132","DestinationPort":443}
{"EventID":3,"UtcTime":"2026-03-09 19:23:29.306","Computer":"DEV-WS03","ProcessGuid":"{v3-implant-000000000003}","ProcessId":5003,"Image":"svchost-health.exe","User":"CORP.LOCAL\\jane.roberts","Protocol":"tcp","SourceIp":"10.42.10.45","SourcePort":49923,"DestinationIp":"185.225.73.217","DestinationPort":443}
{"EventID":3,"UtcTime":"2026-03-09 19:24:29.871","Computer":"DEV-WS03","ProcessGuid":"{v3-implant-000000000003}","ProcessId":5003,"Image":"svchost-health.exe","User":"CORP.LOCAL\\jane.roberts","Protocol":"tcp","SourceIp":"10.42.10.45","SourcePort":49924,"DestinationIp":"185.225.73.217","DestinationPort":443}
{"EventID":3,"UtcTime":"2026-03-09 19:25:32.489","Computer":"DEV-WS03","ProcessGuid":"{v3-implant-000000000003}","ProcessId":5003,"Image":"svchost-health.exe","User":"CORP.LOCAL\\jane.roberts","Protocol":"tcp","SourceIp":"10.42.10.45","SourcePort":49925,"DestinationIp":"185.225.73.217","DestinationPort":443}
{"EventID":3,"UtcTime":"2026-03-09 19:26:32.098","Computer":"DEV-WS03","ProcessGuid":"{v3-implant-000000000003}","ProcessId":5003,"Image":"svchost-health.exe","User":"CORP.LOCAL\\jane.roberts","Protocol":"tcp","SourceIp":"10.42.10.45","SourcePort":49926,"DestinationIp":"185.225.73.217","DestinationPort":443}
{"EventID":3,"UtcTime":"2026-03-09 19:27:29.766","Computer":"DEV-WS03","ProcessGuid":"{v3-implant-000000000003}","ProcessId":5003,"Image":"svchost-health.exe","User":"CORP.LOCAL\\jane.roberts","Protocol":"tcp","SourceIp":"10.42.10.45","SourcePort":49927,"DestinationIp":"185.225.73.217","DestinationPort":443}
{"EventID":3,"UtcTime":"2026-03-09 19:28:27.660","Computer":"DEV-WS03","ProcessGuid":"{v3-implant-000000000003}","ProcessId":5003,"Image":"svchost-health.exe","User":"CORP.LOCAL\\jane.roberts","Protocol":"tcp","SourceIp":"10.42.10.45","SourcePort":49928,"DestinationIp":"185.225.73.217","DestinationPort":443}
{"EventID":3,"UtcTime":"2026-03-09 19:29:29.929","Computer":"DEV-WS03","ProcessGuid":"{v3-implant-000000000003}","ProcessId":5003,"Image":"svchost-health.exe","User":"CORP.LOCAL\\jane.roberts","Protocol":"tcp","SourceIp":"10.42.10.45","SourcePort":49929,"DestinationIp":"185.225.73.217","DestinationPort":443}
{"EventID":3,"UtcTime":"2026-03-09 19:30:31.767","Computer":"DEV-WS03","ProcessGuid":"{v3-implant-000000000003}","ProcessId":5003,"Image":"svchost-health.exe","User":"CORP.LOCAL\\jane.roberts","Protocol":"tcp","SourceIp":"10.42.10.45","SourcePort":49930,"DestinationIp":"185.225.73.217","DestinationPort":443}
{"EventID":3,"UtcTime":"2026-03-09 19:31:32.275","Computer":"DEV-WS03","ProcessGuid":"{v3-implant-000000000003}","ProcessId":5003,"Image":"svchost-health.exe","User":"CORP.LOCAL\\jane.roberts","Protocol":"tcp","SourceIp":"10.42.10.45","SourcePort":49931,"DestinationIp":"185.225.73.217","DestinationPort":443}
{"EventID":3,"UtcTime":"2026-03-09 19:31:56.597","Computer":"DEV-WS03","ProcessGuid":"{v3-code-main-000000000001}","ProcessId":5001,"Image":"Code.exe","User":"CORP.LOCAL\\jane.roberts","Protocol":"tcp","SourceIp":"10.42.10.45","SourcePort":49247,"DestinationIp":"3.120.229.10","DestinationPort":443}
{"EventID":3,"UtcTime":"2026-03-09 19:32:31.553","Computer":"DEV-WS03","ProcessGuid":"{v3-implant-000000000003}","ProcessId":5003,"Image":"svchost-health.exe","User":"CORP.LOCAL\\jane.roberts","Protocol":"tcp","SourceIp":"10.42.10.45","SourcePort":49932,"DestinationIp":"185.225.73.217","DestinationPort":443}
{"EventID":3,"UtcTime":"2026-03-09 19:33:33.236","Computer":"DEV-WS03","ProcessGuid":"{v3-implant-000000000003}","ProcessId":5003,"Image":"svchost-health.exe","User":"CORP.LOCAL\\jane.roberts","Protocol":"tcp","SourceIp":"10.42.10.45","SourcePort":49933,"DestinationIp":"185.225.73.217","DestinationPort":443}
{"EventID":3,"UtcTime":"2026-03-09 19:34:32.161","Computer":"DEV-WS03","ProcessGuid":"{v3-implant-000000000003}","ProcessId":5003,"Image":"svchost-health.exe","User":"CORP.LOCAL\\jane.roberts","Protocol":"tcp","SourceIp":"10.42.10.45","SourcePort":49934,"DestinationIp":"185.225.73.217","DestinationPort":443}
{"EventID":3,"UtcTime":"2026-03-09 19:35:32.907","Computer":"DEV-WS03","ProcessGuid":"{v3-implant-000000000003}","ProcessId":5003,"Image":"svchost-health.exe","User":"CORP.LOCAL\\jane.roberts","Protocol":"tcp","SourceIp":"10.42.10.45","SourcePort":49935,"DestinationIp":"185.225.73.217","DestinationPort":443}
{"EventID":3,"UtcTime":"2026-03-09 19:36:33.990","Computer":"DEV-WS03","ProcessGuid":"{v3-implant-000000000003}","ProcessId":5003,"Image":"svchost-health.exe","User":"CORP.LOCAL\\jane.roberts","Protocol":"tcp","SourceIp":"10.42.10.45","SourcePort":49936,"DestinationIp":"185.225.73.217","DestinationPort":443}
{"EventID":3,"UtcTime":"2026-03-09 19:37:33.991","Computer":"DEV-WS03","ProcessGuid":"{v3-implant-000000000003}","ProcessId":5003,"Image":"svchost-health.exe","User":"CORP.LOCAL\\jane.roberts","Protocol":"tcp","SourceIp":"10.42.10.45","SourcePort":49937,"DestinationIp":"185.225.73.217","DestinationPort":443}
{"EventID":3,"UtcTime":"2026-03-09 19:38:33.064","Computer":"DEV-WS03","ProcessGuid":"{v3-implant-000000000003}","ProcessId":5003,"Image":"svchost-health.exe","User":"CORP.LOCAL\\jane.roberts","Protocol":"tcp","SourceIp":"10.42.10.45","SourcePort":49938,"DestinationIp":"185.225.73.217","DestinationPort":443}
{"EventID":3,"UtcTime":"2026-03-09 19:39:32.096","Computer":"DEV-WS03","ProcessGuid":"{v3-implant-000000000003}","ProcessId":5003,"Image":"svchost-health.exe","User":"CORP.LOCAL\\jane.roberts","Protocol":"tcp","SourceIp":"10.42.10.45","SourcePort":49939,"DestinationIp":"185.225.73.217","DestinationPort":443}
{"EventID":3,"UtcTime":"2026-03-09 19:40:29.297","Computer":"DEV-WS03","ProcessGuid":"{v3-implant-000000000003}","ProcessId":5003,"Image":"svchost-health.exe","User":"CORP.LOCAL\\jane.roberts","Protocol":"tcp","SourceIp":"10.42.10.45","SourcePort":49940,"DestinationIp":"185.225.73.217","DestinationPort":443}
{"EventID":3,"UtcTime":"2026-03-09 19:41:28.134","Computer":"DEV-WS03","ProcessGuid":"{v3-implant-000000000003}","ProcessId":5003,"Image":"svchost-health.exe","User":"CORP.LOCAL\\jane.roberts","Protocol":"tcp","SourceIp":"10.42.10.45","SourcePort":49941,"DestinationIp":"185.225.73.217","DestinationPort":443}
{"EventID":3,"UtcTime":"2026-03-09 19:42:30.962","Computer":"DEV-WS03","ProcessGuid":"{v3-implant-000000000003}","ProcessId":5003,"Image":"svchost-health.exe","User":"CORP.LOCAL\\jane.roberts","Protocol":"tcp","SourceIp":"10.42.10.45","SourcePort":49942,"DestinationIp":"185.225.73.217","DestinationPort":443}
{"EventID":3,"UtcTime":"2026-03-09 19:43:29.208","Computer":"DEV-WS03","ProcessGuid":"{v3-implant-000000000003}","ProcessId":5003,"Image":"svchost-health.exe","User":"CORP.LOCAL\\jane.roberts","Protocol":"tcp","SourceIp":"10.42.10.45","SourcePort":49943,"DestinationIp":"185.225.73.217","DestinationPort":443}
{"EventID":3,"UtcTime":"2026-03-09 19:44:30.988","Computer":"DEV-WS03","ProcessGuid":"{v3-implant-000000000003}","ProcessId":5003,"Image":"svchost-health.exe","User":"CORP.LOCAL\\jane.roberts","Protocol":"tcp","SourceIp":"10.42.10.45","SourcePort":49944,"DestinationIp":"185.225.73.217","DestinationPort":443}
{"EventID":3,"UtcTime":"2026-03-09 19:44:50.871","Computer":"DEV-WS03","ProcessGuid":"{v3-code-main-000000000001}","ProcessId":5001,"Image":"Code.exe","User":"CORP.LOCAL\\jane.roberts","Protocol":"tcp","SourceIp":"10.42.10.45","SourcePort":49248,"DestinationIp":"140.82.121.4","DestinationPort":443}
{"EventID":3,"UtcTime":"2026-03-09 19:45:30.726","Computer":"DEV-WS03","ProcessGuid":"{v3-implant-000000000003}","ProcessId":5003,"Image":"svchost-health.exe","User":"CORP.LOCAL\\jane.roberts","Protocol":"tcp","SourceIp":"10.42.10.45","SourcePort":49945,"DestinationIp":"185.225.73.217","DestinationPort":443}
{"EventID":3,"UtcTime":"2026-03-09 19:46:31.347","Computer":"DEV-WS03","ProcessGuid":"{v3-implant-000000000003}","ProcessId":5003,"Image":"svchost-health.exe","User":"CORP.LOCAL\\jane.roberts","Protocol":"tcp","SourceIp":"10.42.10.45","SourcePort":49946,"DestinationIp":"185.225.73.217","DestinationPort":443}
{"EventID":3,"UtcTime":"2026-03-09 19:47:31.541","Computer":"DEV-WS03","ProcessGuid":"{v3-implant-000000000003}","ProcessId":5003,"Image":"svchost-health.exe","User":"CORP.LOCAL\\jane.roberts","Protocol":"tcp","SourceIp":"10.42.10.45","SourcePort":49947,"DestinationIp":"185.225.73.217","DestinationPort":443}
{"EventID":3,"UtcTime":"2026-03-09 19:48:29.596","Computer":"DEV-WS03","ProcessGuid":"{v3-implant-000000000003}","ProcessId":5003,"Image":"svchost-health.exe","User":"CORP.LOCAL\\jane.roberts","Protocol":"tcp","SourceIp":"10.42.10.45","SourcePort":49948,"DestinationIp":"185.225.73.217","DestinationPort":443}
{"EventID":3,"UtcTime":"2026-03-09 19:49:31.832","Computer":"DEV-WS03","ProcessGuid":"{v3-implant-000000000003}","ProcessId":5003,"Image":"svchost-health.exe","User":"CORP.LOCAL\\jane.roberts","Protocol":"tcp","SourceIp":"10.42.10.45","SourcePort":49949,"DestinationIp":"185.225.73.217","DestinationPort":443}
{"EventID":3,"UtcTime":"2026-03-09 19:50:33.309","Computer":"DEV-WS03","ProcessGuid":"{v3-implant-000000000003}","ProcessId":5003,"Image":"svchost-health.exe","User":"CORP.LOCAL\\jane.roberts","Protocol":"tcp","SourceIp":"10.42.10.45","SourcePort":49950,"DestinationIp":"185.225.73.217","DestinationPort":443}
{"EventID":3,"UtcTime":"2026-03-09 19:51:14.311","Computer":"DEV-WS03","ProcessGuid":"{v3-code-main-000000000001}","ProcessId":5001,"Image":"Code.exe","User":"CORP.LOCAL\\jane.roberts","Protocol":"tcp","SourceIp":"10.42.10.45","SourcePort":49249,"DestinationIp":"140.82.121.6","DestinationPort":443}
{"EventID":3,"UtcTime":"2026-03-09 19:51:35.165","Computer":"DEV-WS03","ProcessGuid":"{v3-implant-000000000003}","ProcessId":5003,"Image":"svchost-health.exe","User":"CORP.LOCAL\\jane.roberts","Protocol":"tcp","SourceIp":"10.42.10.45","SourcePort":49951,"DestinationIp":"185.225.73.217","DestinationPort":443}
{"EventID":3,"UtcTime":"2026-03-09 19:52:37.448","Computer":"DEV-WS03","ProcessGuid":"{v3-implant-000000000003}","ProcessId":5003,"Image":"svchost-health.exe","User":"CORP.LOCAL\\jane.roberts","Protocol":"tcp","SourceIp":"10.42.10.45","SourcePort":49952,"DestinationIp":"185.225.73.217","DestinationPort":443}
{"EventID":3,"UtcTime":"2026-03-09 19:53:36.132","Computer":"DEV-WS03","ProcessGuid":"{v3-implant-000000000003}","ProcessId":5003,"Image":"svchost-health.exe","User":"CORP.LOCAL\\jane.roberts","Protocol":"tcp","SourceIp":"10.42.10.45","SourcePort":49953,"DestinationIp":"185.225.73.217","DestinationPort":443}
{"EventID":3,"UtcTime":"2026-03-09 19:54:38.170","Computer":"DEV-WS03","ProcessGuid":"{v3-implant-000000000003}","ProcessId":5003,"Image":"svchost-health.exe","User":"CORP.LOCAL\\jane.roberts","Protocol":"tcp","SourceIp":"10.42.10.45","SourcePort":49954,"DestinationIp":"185.225.73.217","DestinationPort":443}
{"EventID":3,"UtcTime":"2026-03-09 19:55:36.835","Computer":"DEV-WS03","ProcessGuid":"{v3-implant-000000000003}","ProcessId":5003,"Image":"svchost-health.exe","User":"CORP.LOCAL\\jane.roberts","Protocol":"tcp","SourceIp":"10.42.10.45","SourcePort":49955,"DestinationIp":"185.225.73.217","DestinationPort":443}
{"EventID":3,"UtcTime":"2026-03-09 19:56:37.563","Computer":"DEV-WS03","ProcessGuid":"{v3-implant-000000000003}","ProcessId":5003,"Image":"svchost-health.exe","User":"CORP.LOCAL\\jane.roberts","Protocol":"tcp","SourceIp":"10.42.10.45","SourcePort":49956,"DestinationIp":"185.225.73.217","DestinationPort":443}
{"EventID":3,"UtcTime":"2026-03-09 19:57:37.362","Computer":"DEV-WS03","ProcessGuid":"{v3-implant-000000000003}","ProcessId":5003,"Image":"svchost-health.exe","User":"CORP.LOCAL\\jane.roberts","Protocol":"tcp","SourceIp":"10.42.10.45","SourcePort":49957,"DestinationIp":"185.225.73.217","DestinationPort":443}
{"EventID":3,"UtcTime":"2026-03-09 19:58:36.598","Computer":"DEV-WS03","ProcessGuid":"{v3-implant-000000000003}","ProcessId":5003,"Image":"svchost-health.exe","User":"CORP.LOCAL\\jane.roberts","Protocol":"tcp","SourceIp":"10.42.10.45","SourcePort":49958,"DestinationIp":"185.225.73.217","DestinationPort":443}
{"EventID":3,"UtcTime":"2026-03-09 19:59:39.016","Computer":"DEV-WS03","ProcessGuid":"{v3-implant-000000000003}","ProcessId":5003,"Image":"svchost-health.exe","User":"CORP.LOCAL\\jane.roberts","Protocol":"tcp","SourceIp":"10.42.10.45","SourcePort":49959,"DestinationIp":"185.225.73.217","DestinationPort":443}
