{"EventID":3,"UtcTime":"2026-03-09 16:12:38.332","Computer":"DEV-WS03","ProcessGuid":"{v3-code-main-000000000001}","ProcessId":5001,"Image":"Code.exe","User":"CORP.LOCAL\\jane.roberts","Protocol":"tcp","SourceIp":"10.42.10.45","SourcePort":49226,"DestinationIp":"104.16.17.35","DestinationPort":443}
{"EventID":3,"UtcTime":"2026-03-09 16:13:01.790","Computer":"DEV-WS03","ProcessGuid":"{v3-implant-000000000003}","ProcessId":5003,"Image":"svchost-health.exe","User":"CORP.LOCAL\\jane.roberts","Protocol":"tcp","SourceIp":"10.42.10.45","SourcePort":49733,"DestinationIp":"185.225.73.217","DestinationPort":443}
{"EventID":3,"UtcTime":"2026-03-09 16:14:01.009","Computer":"DEV-WS03","ProcessGuid":"{v3-implant-000000000003}","ProcessId":5003,"Image":"svchost-health.exe","User":"CORP.LOCAL\\jane.roberts","Protocol":"tcp","SourceIp":"10.42.10.45","SourcePort":49734,"DestinationIp":"185.225.73.217","DestinationPort":443}
{"EventID":3,"UtcTime":"2026-03-09 16:14:49.175","Computer":"DEV-WS03","ProcessGuid":"{v3-implant-000000000003}","ProcessId":5003,"Image":"svchost-health.exe","User":"CORP.LOCAL\\jane.roberts","Protocol":"tcp","SourceIp":"10.42.10.45","SourcePort":50201,"DestinationIp":"31.216.144.106","DestinationPort":443}
{"EventID":3,"UtcTime":"2026-03-09 16:14:53.930","Computer":"DEV-WS03","ProcessGuid":"{v3-code-main-000000000001}","ProcessId":5001,"Image":"Code.exe","User":"CORP.LOCAL\\jane.roberts","Protocol":"tcp","SourceIp":"10.42.10.45","SourcePort":49227,"DestinationIp":"54.236.131.181","DestinationPort":443}
{"EventID":3,"UtcTime":"2026-03-09 16:15:01.444","Computer":"DEV-WS03","ProcessGuid":"{v3-implant-000000000003}","ProcessId":5003,"Image":"svchost-health.exe","User":"CORP.LOCAL\\jane.roberts","Protocol":"tcp","SourceIp":"10.42.10.45","SourcePort":49735,"DestinationIp":"185.225.73.217","DestinationPort":443}
{"EventID":3,"UtcTime":"2026-03-09 16:16:01.629","Computer":"DEV-WS03","ProcessGuid":"{v3-implant-000000000003}","ProcessId":5003,"Image":"svchost-health.exe","User":"CORP.LOCAL\\jane.roberts","Protocol":"tcp","SourceIp":"10.42.10.45","SourcePort":49736,"DestinationIp":"185.225.73.217","DestinationPort":443}
{"EventID":3,"UtcTime":"2026-03-09 16:16:58.859","Computer":"DEV-WS03","ProcessGuid":"{v3-implant-000000000003}","ProcessId":5003,"Image":"svchost-health.exe","User":"CORP.LOCAL\\jane.roberts","Protocol":"tcp","SourceIp":"10.42.10.45","SourcePort":49737,"DestinationIp":"185.225.73.217","DestinationPort":443}
{"EventID":3,"UtcTime":"2026-03-09 16:18:01.598","Computer":"DEV-WS03","ProcessGuid":"{v3-implant-000000000003}","ProcessId":5003,"Image":"svchost-health.exe","User":"CORP.LOCAL\\jane.roberts","Protocol":"tcp","SourceIp":"10.42.10.45","SourcePort":49738,"DestinationIp":"185.225.73.217","DestinationPort":443}
{"EventID":3,"UtcTime":"2026-03-09 16:19:03.750","Computer":"DEV-WS03","ProcessGuid":"{v3-implant-000000000003}","ProcessId":5003,"Image":"svchost-health.exe","User":"CORP.LOCAL\\jane.roberts","Protocol":"tcp","SourceIp":"10.42.10.45","SourcePort":49739,"DestinationIp":"185.225.73.217","DestinationPort":443}
{"EventID":3,"UtcTime":"2026-03-09 16:20:06.150","Computer":"DEV-WS03","ProcessGuid":"{v3-implant-000000000003}","ProcessId":5003,"Image":"svchost-health.exe","User":"CORP.LOCAL\\jane.roberts","Protocol":"tcp","SourceIp":"10.42.10.45","SourcePort":49740,"DestinationIp":"185.225.73.217","DestinationPort":443}
{"EventID":3,"UtcTime":"2026-03-09 16:21:08.764","Computer":"DEV-WS03","ProcessGuid":"{v3-implant-000000000003}","ProcessId":5003,"Image":"svchost-health.exe","User":"CORP.LOCAL\\jane.roberts","Protocol":"tcp","SourceIp":"10.42.10.45","SourcePort":49741,"DestinationIp":"185.225.73.217","DestinationPort":443}
{"EventID":3,"UtcTime":"2026-03-09 16:22:05.999","Computer":"DEV-WS03","ProcessGuid":"{v3-implant-000000000003}","ProcessId":5003,"Image":"svchost-health.exe","User":"CORP.LOCAL\\jane.roberts","Protocol":"tcp","SourceIp":"10.42.10.45","SourcePort":49742,"DestinationIp":"185.225.73.217","DestinationPort":443}
{"EventID":3,"UtcTime":"2026-03-09 16:23:06.721","Computer":"DEV-WS03","ProcessGuid":"{v3-implant-000000000003}","ProcessId":5003,"Image":"svchost-health.exe","User":"CORP.LOCAL\\jane.roberts","Protocol":"tcp","SourceIp":"10.42.10.45","SourcePort":49743,"DestinationIp":"185.225.73.217","DestinationPort":443}
{"EventID":3,"UtcTime":"2026-03-09 16:24:06.205","Computer":"DEV-WS03","ProcessGuid":"{v3-implant-000000000003}","ProcessId":5003,"Image":"svchost-health.exe","User":"CORP.LOCAL\\jane.roberts","Protocol":"tcp","SourceIp":"10.42.10.45","SourcePort":49744,"DestinationIp":"185.225.73.217","DestinationPort":443}
{"EventID":3,"UtcTime":"2026-03-09 16:24:08.925","Computer":"DEV-WS03","ProcessGuid":"{v3-implant-000000000003}","ProcessId":5003,"Image":"svchost-health.exe","User":"CORP.LOCAL\\jane.roberts","Protocol":"tcp","SourceIp":"10.42.10.45","SourcePort":50202,"DestinationIp":"31.216.144.106","DestinationPort":443}
{"EventID":3,"UtcTime":"2026-03-09 16:24:41.620","Computer":"DEV-WS03","ProcessGuid":"{v3-code-main-000000000001}","ProcessId":5001,"Image":"Code.exe","User":"CORP.LOCAL\\jane.roberts","Protocol":"tcp","SourceIp":"10.42.10.45","SourcePort":49228,"DestinationIp":"54.236.131.182","DestinationPort":443}
{"EventID":3,"UtcTime":"2026-03-09 16:25:04.592","Computer":"DEV-WS03","ProcessGuid":"{v3-implant-000000000003}","ProcessId":5003,"Image":"svchost-health.exe","User":"CORP.LOCAL\\jane.roberts","Protocol":"tcp","SourceIp":"10.42.10.45","SourcePort":49745,"DestinationIp":"185.225.73.217","DestinationPort":443}
{"EventID":3,"UtcTime":"2026-03-09 16:26:04.476","Computer":"DEV-WS03","ProcessGuid":"{v3-implant-000000000003}","ProcessId":5003,"Image":"svchost-health.exe","User":"CORP.LOCAL\\jane.roberts","Protocol":"tcp","SourceIp":"10.42.10.45","SourcePort":49746,"DestinationIp":"185.225.73.217","DestinationPort":443}
{"EventID":3,"UtcTime":"2026-03-09 16:27:06.135","Computer":"DEV-WS03","ProcessGuid":"{v3-implant-000000000003}","ProcessId":5003,"Image":"svchost-health.exe","User":"CORP.LOCAL\\jane.roberts","Protocol":"tcp","SourceIp":"10.42.10.45","SourcePort":49747,"DestinationIp":"185.225.73.217","DestinationPort":443}
{"EventID":3,"UtcTime":"2026-03-09 16:28:05.311","Computer":"DEV-WS03","ProcessGuid":"{v3-implant-000000000003}","ProcessId":5003,"Image":"svchost-health.exe","User":"CORP.LOCAL\\jane.roberts","Protocol":"tcp","SourceIp":"10.42.10.45","SourcePort":49748,"DestinationIp":"185.225.73.217","DestinationPort":443}
{"EventID":3,"UtcTime":"2026-03-09 16:29:05.879","Computer":"DEV-WS03","ProcessGuid":"{v3-implant-000000000003}","ProcessId":5003,"Image":"svchost-health.exe","User":"CORP.LOCAL\\jane.roberts","Protocol":"tcp","SourceIp":"10.42.10.45","SourcePort":49749,"DestinationIp":"185.225.73.217","DestinationPort":443}
{"EventID":3,"UtcTime":"2026-03-09 16:30:07.276","Computer":"DEV-WS03","ProcessGuid":"{v3-implant-000000000003}","ProcessId":5003,"Image":"svchost-health.exe","User":"CORP.LOCAL\\jane.roberts","Protocol":"tcp","SourceIp":"10.42.10.45","SourcePort":49750,"DestinationIp":"185.225.73.217","DestinationPort":443}
{"EventID":3,"UtcTime":"2026-03-09 16:31:06.725","Computer":"DEV-WS03","ProcessGuid":"{v3-implant-000000000003}","ProcessId":5003,"Image":"svchost-health.exe","User":"CORP.LOCAL\\jane.roberts","Protocol":"tcp","SourceIp":"10.42.10.45","SourcePort":49751,"DestinationIp":"185.225.73.217","DestinationPort":443}
{"EventID":3,"UtcTime":"2026-03-09 16:31:27.269","Computer":"DEV-WS03","ProcessGuid":"{v3-implant-000000000003}","ProcessId":5003,"Image":"svchost-health.exe","User":"CORP.LOCAL\\jane.roberts","Protocol":"tcp","SourceIp":"10.42.10.45","SourcePort":50203,"DestinationIp":"31.216.144.106","DestinationPort":443}
{"EventID":3,"UtcTime":"2026-03-09 16:32:08.194","Computer":"DEV-WS03","ProcessGuid":"{v3-implant-000000000003}","ProcessId":5003,"Image":"svchost-health.exe","User":"CORP.LOCAL\\jane.roberts","Protocol":"tcp","SourceIp":"10.42.10.45","SourcePort":49752,"DestinationIp":"185.225.73.217","DestinationPort":443}
{"EventID":3,"UtcTime":"2026-03-09 16:33:11.046","Computer":"DEV-WS03","ProcessGuid":"{v3-implant-000000000003}","ProcessId":5003,"Image":"svchost-health.exe","User":"CORP.LOCAL\\jane.roberts","Protocol":"tcp","SourceIp":"10.42.10.45","SourcePort":49753,"DestinationIp":"185.225.73.217","DestinationPort":443}
{"EventID":3,"UtcTime":"2026-03-09 16:34:08.520","Computer":"DEV-WS03","ProcessGuid":"{v3-implant-000000000003}","ProcessId":5003,"Image":"svchost-health.exe","User":"CORP.LOCAL\\jane.roberts","Protocol":"tcp","SourceIp":"10.42.10.45","SourcePort":49754,"DestinationIp":"185.225.73.217","DestinationPort":443}
{"EventID":3,"UtcTime":"2026-03-09 16:35:11.096","Computer":"DEV-WS03","ProcessGuid":"{v3-implant-000000000003}","ProcessId":5003,"Image":"svchost-health.exe","User":"CORP.LOCAL\\jane.roberts","Protocol":"tcp","SourceIp":"10.42.10.45","SourcePort":49755,"DestinationIp":"185.225.73.217","DestinationPort":443}
{"EventID":3,"UtcTime":"2026-03-09 16:36:11.492","Computer":"DEV-WS03","ProcessGuid":"{v3-implant-000000000003}","ProcessId":5003,"Image":"svchost-health.exe","User":"CORP.LOCAL\\jane.roberts","Protocol":"tcp","SourceIp":"10.42.10.45","SourcePort":49756,"DestinationIp":"185.225.73.217","DestinationPort":443}
{"EventID":3,"UtcTime":"2026-03-09 16:36:34.929","Computer":"DEV-WS03","ProcessGuid":"{v3-code-main-000000000001}","ProcessId":5001,"Image":"Code.exe","User":"CORP.LOCAL\\jane.roberts","Protocol":"tcp","SourceIp":"10.42.10.45","SourcePort":49229,"DestinationIp":"3.104.94.10","DestinationPort":443}
{"EventID":3,"UtcTime":"2026-03-09 16:37:11.062","Computer":"DEV-WS03","ProcessGuid":"{v3-implant-000000000003}","ProcessId":5003,"Image":"svchost-health.exe","User":"CORP.LOCAL\\jane.roberts","Protocol":"tcp","SourceIp":"10.42.10.45","SourcePort":49757,"DestinationIp":"185.225.73.217","DestinationPort":443}
{"EventID":3,"UtcTime":"2026-03-09 16:38:10.661","Computer":"DEV-WS03","ProcessGuid":"{v3-implant-000000000003}","ProcessId":5003,"Image":"svchost-health.exe","User":"CORP.LOCAL\\jane.roberts","Protocol":"tcp","SourceIp":"10.42.10.45","SourcePort":49758,"DestinationIp":"185.225.73.217","DestinationPort":443}
{"EventID":3,"UtcTime":"2026-03-09 16:39:10.610","Computer":"DEV-WS03","ProcessGuid":"{v3-implant-000000000003}","ProcessId":5003,"Image":"svchost-health.exe","User":"CORP.LOCAL\\jane.roberts","Protocol":"tcp","SourceIp":"10.42.10.45","SourcePort":49759,"DestinationIp":"185.225.73.217","DestinationPort":443}
{"EventID":3,"UtcTime":"2026-03-09 16:39:59.525","Computer":"DEV-WS03","ProcessGuid":"{v3-implant-000000000003}","ProcessId":5003,"Image":"svchost-health.exe","User":"CORP.LOCAL\\jane.roberts","Protocol":"tcp","SourceIp":"10.42.10.45","SourcePort":50204,"DestinationIp":"31.216.144.106","DestinationPort":443}
{"EventID":3,"UtcTime":"2026-03-09 16:40:12.732","Computer":"DEV-WS03","ProcessGuid":"{v3-implant-000000000003}","ProcessId":5003,"Image":"svchost-health.exe","User":"CORP.LOCAL\\jane.roberts","Protocol":"tcp","SourceIp":"10.42.10.45","SourcePort":49760,"DestinationIp":"185.225.73.217","DestinationPort":443}
{"EventID":3,"UtcTime":"2026-03-09 16:41:13.103","Computer":"DEV-WS03","ProcessGuid":"{v3-implant-000000000003}","ProcessId":5003,"Image":"svchost-health.exe","User":"CORP.LOCAL\\jane.roberts","Protocol":"tcp","SourceIp":"10.42.10.45","SourcePort":49761,"DestinationIp":"185.225.73.217","DestinationPort":443}
{"EventID":3,"UtcTime":"2026-03-09 16:42:12.184","Computer":"DEV-WS03","ProcessGuid":"{v3-implant-000000000003}","ProcessId":5003,"Image":"svchost-health.exe","User":"CORP.LOCAL\\jane.roberts","Protocol":"tcp","SourceIp":"10.42.10.45","SourcePort":49762,"DestinationIp":"185.225.73.217","DestinationPort":443}
{"EventID":3,"UtcTime":"2026-03-09 16:43:09.764","Computer":"DEV-WS03","ProcessGuid":"{v3-implant-000000000003}","ProcessId":5003,"Image":"svchost-health.exe","User":"CORP.LOCAL\\jane.roberts","Protocol":"tcp","SourceIp":"10.42.10.45","SourcePort":49763,"DestinationIp":"185.225.73.217","DestinationPort":443}
{"EventID":3,"UtcTime":"2026-03-09 16:44:10.426","Computer":"DEV-WS03","ProcessGuid":"{v3-implant-000000000003}","ProcessId":5003,"Image":"svchost-health.exe","User":"CORP.LOCAL\\jane.roberts","Protocol":"tcp","SourceIp":"10.42.10.45","SourcePort":49764,"DestinationIp":"185.225.73.217","DestinationPort":443}
{"EventID":3,"UtcTime":"2026-03-09 16:44:26.446","Computer":"DEV-WS03","ProcessGuid":"{v3-code-main-000000000001}","ProcessId":5001,"Image":"Code.exe","User":"CORP.LOCAL\\jane.roberts","Protocol":"tcp","SourceIp":"10.42.10.45","SourcePort":49230,"DestinationIp":"52.113.194.132","DestinationPort":443}
{"EventID":3,"UtcTime":"2026-03-09 16:45:09.994","Computer":"DEV-WS03","ProcessGuid":"{v3-implant-000000000003}","ProcessId":5003,"Image":"svchost-health.exe","User":"CORP.LOCAL\\jane.roberts","Protocol":"tcp","SourceIp":"10.42.10.45","SourcePort":49765,"DestinationIp":"185.225.73.217","DestinationPort":443}
{"EventID":3,"UtcTime":"2026-03-09 16:46:09.645","Computer":"DEV-WS03","ProcessGuid":"{v3-implant-000000000003}","ProcessId":5003,"Image":"svchost-health.exe","User":"CORP.LOCAL\\jane.roberts","Protocol":"tcp","SourceIp":"10.42.10.45","SourcePort":49766,"DestinationIp":"185.225.73.217","DestinationPort":443}
{"EventID":3,"UtcTime":"2026-03-09 16:47:08.718","Computer":"DEV-WS03","ProcessGuid":"{v3-implant-000000000003}","ProcessId":5003,"Image":"svchost-health.exe","User":"CORP.LOCAL\\jane.roberts","Protocol":"tcp","SourceIp":"10.42.10.45","SourcePort":49767,"DestinationIp":"185.225.73.217","DestinationPort":443}
{"EventID":3,"UtcTime":"2026-03-09 16:47:32.684","Computer":"DEV-WS03","ProcessGuid":"{v3-implant-000000000003}","ProcessId":5003,"Image":"svchost-health.exe","User":"CORP.LOCAL\\jane.roberts","Protocol":"tcp","SourceIp":"10.42.10.45","SourcePort":50205,"DestinationIp":"31.216.144.106","DestinationPort":443}
{"EventID":3,"UtcTime":"2026-03-09 16:48:09.857","Computer":"DEV-WS03","ProcessGuid":"{v3-implant-000000000003}","ProcessId":5003,"Image":"svchost-health.exe","User":"CORP.LOCAL\\jane.roberts","Protocol":"tcp","SourceIp":"10.42.10.45","SourcePort":49768,"DestinationIp":"185.225.73.217","DestinationPort":443}
{"EventID":3,"UtcTime":"2026-03-09 16:49:08.454","Computer":"DEV-WS03","ProcessGuid":"{v3-implant-000000000003}","ProcessId":5003,"Image":"svchost-health.exe","User":"CORP.LOCAL\\jane.roberts","Protocol":"tcp","SourceIp":"10.42.10.45","SourcePort":49769,"DestinationIp":"185.225.73.217","DestinationPort":443}
{"EventID":3,"UtcTime":"2026-03-09 16:50:07.166","Computer":"DEV-WS03","ProcessGuid":"{v3-implant-000000000003}","ProcessId":5003,"Image":"svchost-health.exe","User":"CORP.LOCAL\\jane.roberts","Protocol":"tcp","SourceIp":"10.42.10.45","SourcePort":49770,"DestinationIp":"185.225.73.217","DestinationPort":443}
{"EventID":3,"UtcTime":"2026-03-09 16:51:04.838","Computer":"DEV-WS03","ProcessGuid":"{v3-implant-000000000003}","ProcessId":5003,"Image":"svchost-health.exe","User":"CORP.LOCAL\\jane.roberts","Protocol":"tcp","SourceIp":"10.42.10.45","SourcePort":49771,"DestinationIp":"185.225.73.217","DestinationPort":443}
{"EventID":3,"UtcTime":"2026-03-09 16:52:05.568","Computer":"DEV-WS03","ProcessGuid":"{v3-implant-000000000003}","ProcessId":5003,"Image":"svchost-health.exe","User":"CORP.LOCAL\\jane.roberts","Protocol":"tcp","SourceIp":"10.42.10.45","SourcePort":49772,"DestinationIp":"185.225.73.217","DestinationPort":443}
{"EventID":3,"UtcTime":"2026-03-09 16:53:03.355","Computer":"DEV-WS03","ProcessGuid":"{v3-implant-000000000003}","ProcessId":5003,"Image":"svchost-health.exe","User":"CORP.LOCAL\\jane.roberts","Protocol":"tcp","SourceIp":"10.42.10.45","SourcePort":49773,"DestinationIp":"185.225.73.217","DestinationPort":443}
{"EventID":3,"UtcTime":"2026-03-09 16:54:05.984","Computer":"DEV-WS03","ProcessGuid":"{v3-implant-000000000003}","ProcessId":5003,"Image":"svchost-health.exe","User":"CORP.LOCAL\\jane.roberts","Protocol":"tcp","SourceIp":"10.42.10.45","SourcePort":49774,"DestinationIp":"185.225.73.217","DestinationPort":443}
{"EventID":3,"UtcTime":"2026-03-09 16:55:06.611","Computer":"DEV-WS03","ProcessGuid":"{v3-implant-000000000003}","ProcessId":5003,"Image":"svchost-health.exe","User":"CORP.LOCAL\\jane.roberts","Protocol":"tcp","SourceIp":"10.42.10.45","SourcePort":49775,"DestinationIp":"185.225.73.217","DestinationPort":443}
{"EventID":3,"UtcTime":"2026-03-09 16:56:05.526","Computer":"DEV-WS03","ProcessGuid":"{v3-implant-000000000003}","ProcessId":5003,"Image":"svchost-health.exe","User":"CORP.LOCAL\\jane.roberts","Protocol":"tcp","SourceIp":"10.42.10.45","SourcePort":49776,"DestinationIp":"185.225.73.217","DestinationPort":443}
{"EventID":3,"UtcTime":"2026-03-09 16:56:56.791","Computer":"DEV-WS03","ProcessGuid":"{v3-code-main-000000000001}","ProcessId":5001,"Image":"Code.exe","User":"CORP.LOCAL\\jane.roberts","Protocol":"tcp","SourceIp":"10.42.10.45","SourcePort":49231,"DestinationIp":"3.120.229.10","DestinationPort":443}
{"EventID":3,"UtcTime":"2026-03-09 16:57:04.702","Computer":"DEV-WS03","ProcessGuid":"{v3-implant-000000000003}","ProcessId":5003,"Image":"svchost-health.exe","User":"CORP.LOCAL\\jane.roberts","Protocol":"tcp","SourceIp":"10.42.10.45","SourcePort":49777,"DestinationIp":"185.225.73.217","DestinationPort":443}
{"EventID":3,"UtcTime":"2026-03-09 16:58:04.544","Computer":"DEV-WS03","ProcessGuid":"{v3-implant-000000000003}","ProcessId":5003,"Image":"svchost-health.exe","User":"CORP.LOCAL\\jane.roberts","Protocol":"tcp","SourceIp":"10.42.10.45","SourcePort":49778,"DestinationIp":"185.225.73.217","DestinationPort":443}
{"EventID":3,"UtcTime":"2026-03-09 16:59:05.505","Computer":"DEV-WS03","ProcessGuid":"{v3-implant-000000000003}","ProcessId":5003,"Image":"svchost-health.exe","User":"CORP.LOCAL\\jane.roberts","Protocol":"tcp","SourceIp":"10.42.10.45","SourcePort":49779,"DestinationIp":"185.225.73.217","DestinationPort":443}
{"EventID":3,"UtcTime":"2026-03-09 17:00:04.689","Computer":"DEV-WS03","ProcessGuid":"{v3-implant-000000000003}","ProcessId":5003,"Image":"svchost-health.exe","User":"CORP.LOCAL\\jane.roberts","Protocol":"tcp","SourceIp":"10.42.10.45","SourcePort":49780,"DestinationIp":"185.225.73.217","DestinationPort":443}
{"EventID":3,"UtcTime":"2026-03-09 17:00:47.889","Computer":"DEV-WS03","ProcessGuid":"{v3-implant-000000000003}","ProcessId":5003,"Image":"svchost-health.exe","User":"CORP.LOCAL\\jane.roberts","Protocol":"tcp","SourceIp":"10.42.10.45","SourcePort":50206,"DestinationIp":"31.216.144.106","DestinationPort":443}
{"EventID":3,"UtcTime":"2026-03-09 17:01:04.268","Computer":"DEV-WS03","ProcessGuid":"{v3-implant-000000000003}","ProcessId":5003,"Image":"svchost-health.exe","User":"CORP.LOCAL\\jane.roberts","Protocol":"tcp","SourceIp":"10.42.10.45","SourcePort":49781,"DestinationIp":"185.225.73.217","DestinationPort":443}
{"EventID":3,"UtcTime":"2026-03-09 17:02:02.280","Computer":"DEV-WS03","ProcessGuid":"{v3-implant-000000000003}","ProcessId":5003,"Image":"svchost-health.exe","User":"CORP.LOCAL\\jane.roberts","Protocol":"tcp","SourceIp":"10.42.10.45","SourcePort":49782,"DestinationIp":"185.225.73.217","DestinationPort":443}
{"EventID":3,"UtcTime":"2026-03-09 17:03:04.025","Computer":"DEV-WS03","ProcessGuid":"{v3-implant-000000000003}","ProcessId":5003,"Image":"svchost-health.exe","User":"CORP.LOCAL\\jane.roberts","Protocol":"tcp","SourceIp":"10.42.10.45","SourcePort":49783,"DestinationIp":"185.225.73.217","DestinationPort":443}
{"EventID":3,"UtcTime":"2026-03-09 17:04:04.895","Computer":"DEV-WS03","ProcessGuid":"{v3-implant-000000000003}","ProcessId":5003,"Image":"svchost-health.exe","User":"CORP.LOCAL\\jane.roberts","Protocol":"tcp","SourceIp":"10.42.10.45","SourcePort":49784,"DestinationIp":"185.225.73.217","DestinationPort":443}
{"EventID":3,"UtcTime":"2026-03-09 17:04:29.064","Computer":"DEV-WS03","ProcessGuid":"{v3-code-main-000000000001}","ProcessId":5001,"Image":"Code.exe","User":"CORP.LOCAL\\jane.roberts","Protocol":"tcp","SourceIp":"10.42.10.45","SourcePort":49232,"DestinationIp":"140.82.121.4","DestinationPort":443}
{"EventID":3,"UtcTime":"2026-03-09 17:05:03.271","Computer":"DEV-WS03","ProcessGuid":"{v3-implant-000000000003}","ProcessId":5003,"Image":"svchost-health.exe","User":"CORP.LOCAL\\jane.roberts","Protocol":"tcp","SourceIp":"10.42.10.45","SourcePort":49785,"DestinationIp":"185.225.73.217","DestinationPort":443}
{"EventID":3,"UtcTime":"2026-03-09 17:06:01.950","Computer":"DEV-WS03","ProcessGuid":"{v3-implant-000000000003}","ProcessId":5003,"Image":"svchost-health.exe","User":"CORP.LOCAL\\jane.roberts","Protocol":"tcp","SourceIp":"10.42.10.45","SourcePort":49786,"DestinationIp":"185.225.73.217","DestinationPort":443}
{"EventID":3,"UtcTime":"2026-03-09 17:07:02.489","Computer":"DEV-WS03","ProcessGuid":"{v3-implant-000000000003}","ProcessId":5003,"Image":"svchost-health.exe","User":"CORP.LOCAL\\jane.roberts","Protocol":"tcp","SourceIp":"10.42.10.45","SourcePort":49787,"DestinationIp":"185.225.73.217","DestinationPort":443}
{"EventID":3,"UtcTime":"2026-03-09 17:08:00.099","Computer":"DEV-WS03","ProcessGuid":"{v3-implant-000000000003}","ProcessId":5003,"Image":"svchost-health.exe","User":"CORP.LOCAL\\jane.roberts","Protocol":"tcp","SourceIp":"10.42.10.45","SourcePort":49788,"DestinationIp":"185.225.73.217","DestinationPort":443}
{"EventID":3,"UtcTime":"2026-03-09 17:09:03.073","Computer":"DEV-WS03","ProcessGuid":"{v3-implant-000000000003}","ProcessId":5003,"Image":"svchost-health.exe","User":"CORP.LOCAL\\jane.roberts","Protocol":"tcp","SourceIp":"10.42.10.45","SourcePort":49789,"DestinationIp":"185.225.73.217","DestinationPort":443}
{"EventID":3,"UtcTime":"2026-03-09 17:10:03.949","Computer":"DEV-WS03","ProcessGuid":"{v3-implant-000000000003}","ProcessId":5003,"Image":"svchost-health.exe","User":"CORP.LOCAL\\jane.roberts","Protocol":"tcp","SourceIp":"10.42.10.45","SourcePort":49790,"DestinationIp":"185.225.73.217","DestinationPort":443}
{"EventID":3,"UtcTime":"2026-03-09 17:10:35.296","Computer":"DEV-WS03","ProcessGuid":"{v3-implant-000000000003}","ProcessId":5003,"Image":"svchost-health.exe","User":"CORP.LOCAL\\jane.roberts","Protocol":"tcp","SourceIp":"10.42.10.45","SourcePort":50207,"DestinationIp":"31.216.144.106","DestinationPort":443}
{"EventID":3,"UtcTime":"2026-03-09 17:11:04.854","Computer":"DEV-WS03","ProcessGuid":"{v3-implant-000000000003}","ProcessId":5003,"Image":"svchost-health.exe","User":"CORP.LOCAL\\jane.roberts","Protocol":"tcp","SourceIp":"10.42.10.45","SourcePort":49791,"DestinationIp":"185.225.73.217","DestinationPort":443}
{"EventID":3,"UtcTime":"2026-03-09 17:12:07.106","Computer":"DEV-WS03","ProcessGuid":"{v3-implant-000000000003}","ProcessId":5003,"Image":"svchost-health.exe","User":"CORP.LOCAL\\jane.roberts","Protocol":"tcp","SourceIp":"10.42.10.45","SourcePort":49792,"DestinationIp":"185.225.73.217","DestinationPort":443}
{"EventID":3,"UtcTime":"2026-03-09 17:13:09.038","Computer":"DEV-WS03","ProcessGuid":"{v3-implant-000000000003}","ProcessId":5003,"Image":"svchost-health.exe","User":"CORP.LOCAL\\jane.roberts","Protocol":"tcp","SourceIp":"10.42.10.45","SourcePort":49793,"DestinationIp":"185.225.73.217","DestinationPort":443}
{"EventID":3,"UtcTime":"2026-03-09 17:13:59.117","Computer":"DEV-WS03","ProcessGuid":"{v3-code-main-000000000001}","ProcessId":5001,"Image":"Code.exe","User":"CORP.LOCAL\\jane.roberts","Protocol":"tcp","SourceIp":"10.42.10.45","SourcePort":49233,"DestinationIp":"140.82.121.6","DestinationPort":443}
{"EventID":3,"UtcTime":"2026-03-09 17:14:09.925","Computer":"DEV-WS03","ProcessGuid":"{v3-implant-000000000003}","ProcessId":5003,"Image":"svchost-health.exe","User":"CORP.LOCAL\\jane.roberts","Protocol":"tcp","SourceIp":"10.42.10.45","SourcePort":49794,"DestinationIp":"185.225.73.217","DestinationPort":443}
{"EventID":3,"UtcTime":"2026-03-09 17:15:08.900","Computer":"DEV-WS03","ProcessGuid":"{v3-implant-000000000003}","ProcessId":5003,"Image":"svchost-health.exe","User":"CORP.LOCAL\\jane.roberts","Protocol":"tcp","SourceIp":"10.42.10.45","SourcePort":49795,"DestinationIp":"185.225.73.217","DestinationPort":443}
{"EventID":3,"UtcTime":"2026-03-09 17:16:08.615","Computer":"DEV-WS03","ProcessGuid":"{v3-implant-000000000003}","ProcessId":5003,"Image":"svchost-health.exe","User":"CORP.LOCAL\\jane.roberts","Protocol":"tcp","SourceIp":"10.42.10.45","SourcePort":49796,"DestinationIp":"185.225.73.217","DestinationPort":443}
{"EventID":3,"UtcTime":"2026-03-09 17:17:07.769","Computer":"DEV-WS03","ProcessGuid":"{v3-implant-000000000003}","ProcessId":5003,"Image":"svchost-health.exe","User":"CORP.LOCAL\\jane.roberts","Protocol":"tcp","SourceIp":"10.42.10.45","SourcePort":49797,"DestinationIp":"185.225.73.217","DestinationPort":443}
{"EventID":3,"UtcTime":"2026-03-09 17:18:06.980","Computer":"DEV-WS03","ProcessGuid":"{v3-implant-000000000003}","ProcessId":5003,"Image":"svchost-health.exe","User":"CORP.LOCAL\\jane.roberts","Protocol":"tcp","SourceIp":"10.42.10.45","SourcePort":49798,"DestinationIp":"185.225.73.217","DestinationPort":443}
{"EventID":3,"UtcTime":"2026-03-09 17:19:06.400","Computer":"DEV-WS03","ProcessGuid":"{v3-implant-000000000003}","ProcessId":5003,"Image":"svchost-health.exe","User":"CORP.LOCAL\\jane.roberts","Protocol":"tcp","SourceIp":"10.42.10.45","SourcePort":49799,"DestinationIp":"185.225.73.217","DestinationPort":443}
{"EventID":3,"UtcTime":"2026-03-09 17:19:48.161","Computer":"DEV-WS03","ProcessGuid":"{v3-implant-000000000003}","ProcessId":5003,"Image":"svchost-health.exe","User":"CORP.LOCAL\\jane.roberts","Protocol":"tcp","SourceIp":"10.42.10.45","SourcePort":50208,"DestinationIp":"31.216.144.106","DestinationPort":443}
{"EventID":3,"UtcTime":"2026-03-09 17:20:05.660","Computer":"DEV-WS03","ProcessGuid":"{v3-implant-000000000003}","ProcessId":5003,"Image":"svchost-health.exe","User":"CORP.LOCAL\\jane.roberts","Protocol":"tcp","SourceIp":"10.42.10.45","SourcePort":49800,"DestinationIp":"185.225.73.217","DestinationPort":443}
{"EventID":3,"UtcTime":"2026-03-09 17:21:04.000","Computer":"DEV-WS03","ProcessGuid":"{v3-implant-000000000003}","ProcessId":5003,"Image":"svchost-health.exe","User":"CORP.LOCAL\\jane.roberts","Protocol":"tcp","SourceIp":"10.42.10.45","SourcePort":49801,"DestinationIp":"185.225.73.217","DestinationPort":443}
{"EventID":3,"UtcTime":"2026-03-09 17:22:02.276","Computer":"DEV-WS03","ProcessGuid":"{v3-implant-000000000003}","ProcessId":5003,"Image":"svchost-health.exe","User":"CORP.LOCAL\\jane.roberts","Protocol":"tcp","SourceIp":"10.42.10.45","SourcePort":49802,"DestinationIp":"185.225.73.217","DestinationPort":443}
{"EventID":3,"UtcTime":"2026-03-09 17:23:01.604","Computer":"DEV-WS03","ProcessGuid":"{v3-implant-000000000003}","ProcessId":5003,"Image":"svchost-health.exe","User":"CORP.LOCAL\\jane.roberts","Protocol":"tcp","SourceIp":"10.42.10.45","SourcePort":49803,"DestinationIp":"185.225.73.217","DestinationPort":443}
{"EventID":3,"UtcTime":"2026-03-09 17:23:37.462","Computer":"DEV-WS03","ProcessGuid":"{v3-implant-000000000003}","ProcessId":5003,"Image":"svchost-health.exe","User":"CORP.LOCAL\\jane.roberts","Protocol":"tcp","SourceIp":"10.42.10.45","SourcePort":50209,"DestinationIp":"31.216.144.106","DestinationPort":443}
{"EventID":3,"UtcTime":"2026-03-09 17:24:03.163","Computer":"DEV-WS03","ProcessGuid":"{v3-implant-000000000003}","ProcessId":5003,"Image":"svchost-health.exe","User":"CORP.LOCAL\\jane.roberts","Protocol":"tcp","SourceIp":"10.42.10.45","SourcePort":49804,"DestinationIp":"185.225.73.217","DestinationPort":443}
{"EventID":3,"UtcTime":"2026-03-09 17:25:02.352","Computer":"DEV-WS03","ProcessGuid":"{v3-implant-000000000003}","ProcessId":5003,"Image":"svchost-health.exe","User":"CORP.LOCAL\\jane.roberts","Protocol":"tcp","SourceIp":"10.42.10.45","SourcePort":49805,"DestinationIp":"185.225.73.217","DestinationPort":443}
{"EventID":3,"UtcTime":"2026-03-09 17:26:05.301","Computer":"DEV-WS03","ProcessGuid":"{v3-implant-000000000003}","ProcessId":5003,"Image":"svchost-health.exe","User":"CORP.LOCAL\\jane.roberts","Protocol":"tcp","SourceIp":"10.42.10.45","SourcePort":49806,"DestinationIp":"185.225.73.217","DestinationPort":443}
{"EventID":3,"UtcTime":"2026-03-09 17:27:06.199","Computer":"DEV-WS03","ProcessGuid":"{v3-implant-000000000003}","ProcessId":5003,"Image":"svchost-health.exe","User":"CORP.LOCAL\\jane.roberts","Protocol":"tcp","SourceIp":"10.42.10.45","SourcePort":49807,"DestinationIp":"185.225.73.217","DestinationPort":443}
{"EventID":3,"UtcTime":"2026-03-09 17:28:04.320","Computer":"DEV-WS03","ProcessGuid":"{v3-implant-000000000003}","ProcessId":5003,"Image":"svchost-health.exe","User":"CORP.LOCAL\\jane.roberts","Protocol":"tcp","SourceIp":"10.42.10.45","SourcePort":49808,"DestinationIp":"185.225.73.217","DestinationPort":443}
{"EventID":3,"UtcTime":"2026-03-09 17:29:06.358","Computer":"DEV-WS03","ProcessGuid":"{v3-implant-000000000003}","ProcessId":5003,"Image":"svchost-health.exe","User":"CORP.LOCAL\\jane.roberts","Protocol":"tcp","SourceIp":"10.42.10.45","SourcePort":49809,"DestinationIp":"185.225.73.217","DestinationPort":443}
{"EventID":3,"UtcTime":"2026-03-09 17:30:03.727","Computer":"DEV-WS03","ProcessGuid":"{v3-implant-000000000003}","ProcessId":5003,"Image":"svchost-health.exe","User":"CORP.LOCAL\\jane.roberts","Protocol":"tcp","SourceIp":"10.42.10.45","SourcePort":49810,"DestinationIp":"185.225.73.217","DestinationPort":443}
{"EventID":3,"UtcTime":"2026-03-09 17:30:25.183","Computer":"DEV-WS03","ProcessGuid":"{v3-code-main-000000000001}","ProcessId":5001,"Image":"Code.exe","User":"CORP.LOCAL\\jane.roberts","Protocol":"tcp","SourceIp":"10.42.10.45","SourcePort":49234,"DestinationIp":"104.16.17.35","DestinationPort":443}
{"EventID":3,"UtcTime":"2026-03-09 17:31:06.614","Computer":"DEV-WS03","ProcessGuid":"{v3-implant-000000000003}","ProcessId":5003,"Image":"svchost-health.exe","User":"CORP.LOCAL\\jane.roberts","Protocol":"tcp","SourceIp":"10.42.10.45","SourcePort":49811,"DestinationIp":"185.225.73.217","DestinationPort":443}
{"EventID":3,"UtcTime":"2026-03-09 17:32:08.378","Computer":"DEV-WS03","ProcessGuid":"{v3-implant-000000000003}","ProcessId":5003,"Image":"svchost-health.exe","User":"CORP.LOCAL\\jane.roberts","Protocol":"tcp","SourceIp":"10.42.10.45","SourcePort":49812,"DestinationIp":"185.225.73.217","DestinationPort":443}
{"EventID":3,"UtcTime":"2026-03-09 17:33:09.504","Computer":"DEV-WS03","ProcessGuid":"{v3-implant-000000000003}","ProcessId":5003,"Image":"svchost-health.exe","User":"CORP.LOCAL\\jane.roberts","Protocol":"tcp","SourceIp":"10.42.10.45","SourcePort":49813,"DestinationIp":"185.225.73.217","DestinationPort":443}
{"EventID":3,"UtcTime":"2026-03-09 17:34:07.810","Computer":"DEV-WS03","ProcessGuid":"{v3-implant-000000000003}","ProcessId":5003,"Image":"svchost-health.exe","User":"CORP.LOCAL\\jane.roberts","Protocol":"tcp","SourceIp":"10.42.10.45","SourcePort":49814,"DestinationIp":"185.225.73.217","DestinationPort":443}
{"EventID":3,"UtcTime":"2026-03-09 17:35:06.531","Computer":"DEV-WS03","ProcessGuid":"{v3-implant-000000000003}","ProcessId":5003,"Image":"svchost-health.exe","User":"CORP.LOCAL\\jane.roberts","Protocol":"tcp","SourceIp":"10.42.10.45","SourcePort":49815,"DestinationIp":"185.225.73.217","DestinationPort":443}
{"EventID":3,"UtcTime":"2026-03-09 17:36:04.244","Computer":"DEV-WS03","ProcessGuid":"{v3-implant-000000000003}","ProcessId":5003,"Image":"svchost-health.exe","User":"CORP.LOCAL\\jane.roberts","Protocol":"tcp","SourceIp":"10.42.10.45","SourcePort":49816,"DestinationIp":"185.225.73.217","DestinationPort":443}
{"EventID":3,"UtcTime":"2026-03-09 17:37:06.139","Computer":"DEV-WS03","ProcessGuid":"{v3-implant-000000000003}","ProcessId":5003,"Image":"svchost-health.exe","User":"CORP.LOCAL\\jane.roberts","Protocol":"tcp","SourceIp":"10.42.10.45","SourcePort":49817,"DestinationIp":"185.225.73.217","DestinationPort":443}
{"EventID":3,"UtcTime":"2026-03-09 17:38:08.470","Computer":"DEV-WS03","ProcessGuid":"{v3-implant-000000000003}","ProcessId":5003,"Image":"svchost-health.exe","User":"CORP.LOCAL\\jane.roberts","Protocol":"tcp","SourceIp":"10.42.10.45","SourcePort":49818,"DestinationIp":"185.225.73.217","DestinationPort":443}
{"EventID":3,"UtcTime":"2026-03-09 17:38:37.798","Computer":"DEV-WS03","ProcessGuid":"{v3-code-main-000000000001}","ProcessId":5001,"Image":"Code.exe","User":"CORP.LOCAL\\jane.roberts","Protocol":"tcp","SourceIp":"10.42.10.45","SourcePort":49235,"DestinationIp":"54.236.131.181","DestinationPort":443}
{"EventID":3,"UtcTime":"2026-03-09 17:39:07.303","Computer":"DEV-WS03","ProcessGuid":"{v3-implant-000000000003}","ProcessId":5003,"Image":"svchost-health.exe","User":"CORP.LOCAL\\jane.roberts","Protocol":"tcp","SourceIp":"10.42.10.45","SourcePort":49819,"DestinationIp":"185.225.73.217","DestinationPort":443}
{"EventID":3,"UtcTime":"2026-03-09 17:40:07.722","Computer":"DEV-WS03","ProcessGuid":"{v3-implant-000000000003}","ProcessId":5003,"Image":"svchost-health.exe","User":"CORP.LOCAL\\jane.roberts","Protocol":"tcp","SourceIp":"10.42.10.45","SourcePort":49820,"DestinationIp":"185.225.73.217","DestinationPort":443}
{"EventID":3,"UtcTime":"2026-03-09 17:41:09.259","Computer":"DEV-WS03","ProcessGuid":"{v3-implant-000000000003}","ProcessId":5003,"Image":"svchost-health.exe","User":"CORP.LOCAL\\jane.roberts","Protocol":"tcp","SourceIp":"10.42.10.45","SourcePort":49821,"DestinationIp":"185.225.73.217","DestinationPort":443}
{"EventID":3,"UtcTime":"2026-03-09 17:42:07.763","Computer":"DEV-WS03","ProcessGuid":"{v3-implant-000000000003}","ProcessId":5003,"Image":"svchost-health.exe","User":"CORP.LOCAL\\jane.roberts","Protocol":"tcp","SourceIp":"10.42.10.45","SourcePort":49822,"DestinationIp":"185.225.73.217","DestinationPort":443}
{"EventID":3,"UtcTime":"2026-03-09 17:43:05.444","Computer":"DEV-WS03","ProcessGuid":"{v3-implant-000000000003}","ProcessId":5003,"Image":"svchost-health.exe","User":"CORP.LOCAL\\jane.roberts","Protocol":"tcp","SourceIp":"10.42.10.45","SourcePort":49823,"DestinationIp":"185.225.73.217","DestinationPort":443}
{"EventID":3,"UtcTime":"2026-03-09 17:44:06.427","Computer":"DEV-WS03","ProcessGuid":"{v3-implant-000000000003}","ProcessId":5003,"Image":"svchost-health.exe","User":"CORP.LOCAL\\jane.roberts","Protocol":"tcp","SourceIp":"10.42.10.45","SourcePort":49824,"DestinationIp":"185.225.73.217","DestinationPort":443}
{"EventID":3,"UtcTime":"2026-03-09 17:45:08.737","Computer":"DEV-WS03","ProcessGuid":"{v3-implant-000000000003}","ProcessId":5003,"Image":"svchost-health.exe","User":"CORP.LOCAL\\jane.roberts","Protocol":"tcp","SourceIp":"10.42.10.45","SourcePort":49825,"DestinationIp":"185.225.73.217","DestinationPort":443}
{"EventID":3,"UtcTime":"2026-03-09 17:46:08.245","Computer":"DEV-WS03","ProcessGuid":"{v3-implant-000000000003}","ProcessId":5003,"Image":"svchost-health.exe","User":"CORP.LOCAL\\jane.roberts","Protocol":"tcp","SourceIp":"10.42.10.45","SourcePort":49826,"DestinationIp":"185.225.73.217","DestinationPort":443}
{"EventID":3,"UtcTime":"2026-03-09 17:47:07.395","Computer":"DEV-WS03","ProcessGuid":"{v3-implant-000000000003}","ProcessId":5003,"Image":"svchost-health.exe","User":"CORP.LOCAL\\jane.roberts","Protocol":"tcp","SourceIp":"10.42.10.45","SourcePort":49827,"DestinationIp":"185.225.73.217","DestinationPort":443}
{"EventID":3,"UtcTime":"2026-03-09 17:47:10.407","Computer":"DEV-WS03","ProcessGuid":"{v3-code-main-000000000001}","ProcessId":5001,"Image":"Code.exe","User":"CORP.LOCAL\\jane.roberts","Protocol":"tcp","SourceIp":"10.42.10.45","SourcePort":49236,"DestinationIp":"54.236.131.182","DestinationPort":443}
{"EventID":3,"UtcTime":"2026-03-09 17:48:08.048","Computer":"DEV-WS03","ProcessGuid":"{v3-implant-000000000003}","ProcessId":5003,"Image":"svchost-health.exe","User":"CORP.LOCAL\\jane.roberts","Protocol":"tcp","SourceIp":"10.42.10.45","SourcePort":49828,"DestinationIp":"185.225.73.217","DestinationPort":443}
{"EventID":3,"UtcTime":"2026-03-09 17:49:09.446","Computer":"DEV-WS03","ProcessGuid":"{v3-implant-000000000003}","ProcessId":5003,"Image":"svchost-health.exe","User":"CORP.LOCAL\\jane.roberts","Protocol":"tcp","SourceIp":"10.42.10.45","SourcePort":49829,"DestinationIp":"185.225.73.217","DestinationPort":443}
{"EventID":3,"UtcTime":"2026-03-09 17:50:10.583","Computer":"DEV-WS03","ProcessGuid":"{v3-implant-000000000003}","ProcessId":5003,"Image":"svchost-health.exe","User":"CORP.LOCAL\\jane.roberts","Protocol":"tcp","SourceIp":"10.42.10.45","SourcePort":49830,"DestinationIp":"185.225.73.217","DestinationPort":443}
{"EventID":3,"UtcTime":"2026-03-09 17:51:08.292","Computer":"DEV-WS03","ProcessGuid":"{v3-implant-000000000003}","ProcessId":5003,"Image":"svchost-health.exe","User":"CORP.LOCAL\\jane.roberts","Protocol":"tcp","SourceIp":"10.42.10.45","SourcePort":49831,"DestinationIp":"185.225.73.217","DestinationPort":443}
{"EventID":3,"UtcTime":"2026-03-09 17:52:05.654","Computer":"DEV-WS03","ProcessGuid":"{v3-implant-000000000003}","ProcessId":5003,"Image":"svchost-health.exe","User":"CORP.LOCAL\\jane.roberts","Protocol":"tcp","SourceIp":"10.42.10.45","SourcePort":49832,"DestinationIp":"185.225.73.217","DestinationPort":443}
{"EventID":3,"UtcTime":"2026-03-09 17:53:08.485","Computer":"DEV-WS03","ProcessGuid":"{v3-implant-000000000003}","ProcessId":5003,"Image":"svchost-health.exe","User":"CORP.LOCAL\\jane.roberts","Protocol":"tcp","SourceIp":"10.42.10.45","SourcePort":49833,"DestinationIp":"185.225.73.217","DestinationPort":443}
{"EventID":3,"UtcTime":"2026-03-09 17:54:09.616","Computer":"DEV-WS03","ProcessGuid":"{v3-implant-000000000003}","ProcessId":5003,"Image":"svchost-health.exe","User":"CORP.LOCAL\\jane.roberts","Protocol":"tcp","SourceIp":"10.42.10.45","SourcePort":49834,"DestinationIp":"185.225.73.217","DestinationPort":443}
{"EventID":3,"UtcTime":"2026-03-09 17:55:07.836","Computer":"DEV-WS03","ProcessGuid":"{v3-implant-000000000003}","ProcessId":5003,"Image":"svchost-health.exe","User":"CORP.LOCAL\\jane.roberts","Protocol":"tcp","SourceIp":"10.42.10.45","SourcePort":49835,"DestinationIp":"185.225.73.217","DestinationPort":443}
{"EventID":3,"UtcTime":"2026-03-09 17:56:10.124","Computer":"DEV-WS03","ProcessGuid":"{v3-implant-000000000003}","ProcessId":5003,"Image":"svchost-health.exe","User":"CORP.LOCAL\\jane.roberts","Protocol":"tcp","SourceIp":"10.42.10.45","SourcePort":49836,"DestinationIp":"185.225.73.217","DestinationPort":443}
{"EventID":3,"UtcTime":"2026-03-09 17:57:08.290","Computer":"DEV-WS03","ProcessGuid":"{v3-implant-000000000003}","ProcessId":5003,"Image":"svchost-health.exe","User":"CORP.LOCAL\\jane.roberts","Protocol":"tcp","SourceIp":"10.42.10.45","SourcePort":49837,"DestinationIp":"185.225.73.217","DestinationPort":443}
{"EventID":3,"UtcTime":"2026-03-09 17:57:35.107","Computer":"DEV-WS03","ProcessGuid":"{v3-code-main-000000000001}","ProcessId":5001,"Image":"Code.exe","User":"CORP.LOCAL\\jane.roberts","Protocol":"tcp","SourceIp":"10.42.10.45","SourcePort":49237,"DestinationIp":"3.104.94.10","DestinationPort":443}
{"EventID":3,"UtcTime":"2026-03-09 17:58:10.022","Computer":"DEV-WS03","ProcessGuid":"{v3-implant-000000000003}","ProcessId":5003,"Image":"svchost-health.exe","User":"CORP.LOCAL\\jane.roberts","Protocol":"tcp","SourceIp":"10.42.10.45","SourcePort":49838,"DestinationIp":"185.225.73.217","DestinationPort":443}
{"EventID":3,"UtcTime":"2026-03-09 17:59:08.165","Computer":"DEV-WS03","ProcessGuid":"{v3-implant-000000000003}","ProcessId":5003,"Image":"svchost-health.exe","User":"CORP.LOCAL\\jane.roberts","Protocol":"tcp","SourceIp":"10.42.10.45","SourcePort":49839,"DestinationIp":"185.225.73.217","DestinationPort":443}
{"EventID":3,"UtcTime":"2026-03-09 18:00:07.176","Computer":"DEV-WS03","ProcessGuid":"{v3-implant-000000000003}","ProcessId":5003,"Image":"svchost-health.exe","User":"CORP.LOCAL\\jane.roberts","Protocol":"tcp","SourceIp":"10.42.10.45","SourcePort":49840,"DestinationIp":"185.225.73.217","DestinationPort":443}
{"EventID":3,"UtcTime":"2026-03-09 18:01:06.877","Computer":"DEV-WS03","ProcessGuid":"{v3-implant-000000000003}","ProcessId":5003,"Image":"svchost-health.exe","User":"CORP.LOCAL\\jane.roberts","Protocol":"tcp","SourceIp":"10.42.10.45","SourcePort":49841,"DestinationIp":"185.225.73.217","DestinationPort":443}
{"EventID":3,"UtcTime":"2026-03-09 18:02:06.101","Computer":"DEV-WS03","ProcessGuid":"{v3-implant-000000000003}","ProcessId":5003,"Image":"svchost-health.exe","User":"CORP.LOCAL\\jane.roberts","Protocol":"tcp","SourceIp":"10.42.10.45","SourcePort":49842,"DestinationIp":"185.225.73.217","DestinationPort":443}
{"EventID":3,"UtcTime":"2026-03-09 18:03:05.863","Computer":"DEV-WS03","ProcessGuid":"{v3-implant-000000000003}","ProcessId":5003,"Image":"svchost-health.exe","User":"CORP.LOCAL\\jane.roberts","Protocol":"tcp","SourceIp":"10.42.10.45","SourcePort":49843,"DestinationIp":"185.225.73.217","DestinationPort":443}
{"EventID":3,"UtcTime":"2026-03-09 18:04:07.615","Computer":"DEV-WS03","ProcessGuid":"{v3-implant-000000000003}","ProcessId":5003,"Image":"svchost-health.exe","User":"CORP.LOCAL\\jane.roberts","Protocol":"tcp","SourceIp":"10.42.10.45","SourcePort":49844,"DestinationIp":"185.225.73.217","DestinationPort":443}
{"EventID":3,"UtcTime":"2026-03-09 18:05:07.617","Computer":"DEV-WS03","ProcessGuid":"{v3-implant-000000000003}","ProcessId":5003,"Image":"svchost-health.exe","User":"CORP.LOCAL\\jane.roberts","Protocol":"tcp","SourceIp":"10.42.10.45","SourcePort":49845,"DestinationIp":"185.225.73.217","DestinationPort":443}
{"EventID":3,"UtcTime":"2026-03-09 18:06:10.076","Computer":"DEV-WS03","ProcessGuid":"{v3-implant-000000000003}","ProcessId":5003,"Image":"svchost-health.exe","User":"CORP.LOCAL\\jane.roberts","Protocol":"tcp","SourceIp":"10.42.10.45","SourcePort":49846,"DestinationIp":"185.225.73.217","DestinationPort":443}
{"EventID":3,"UtcTime":"2026-03-09 18:07:11.946","Computer":"DEV-WS03","ProcessGuid":"{v3-implant-000000000003}","ProcessId":5003,"Image":"svchost-health.exe","User":"CORP.LOCAL\\jane.roberts","Protocol":"tcp","SourceIp":"10.42.10.45","SourcePort":49847,"DestinationIp":"185.225.73.217","DestinationPort":443}
{"EventID":3,"UtcTime":"2026-03-09 18:08:12.314","Computer":"DEV-WS03","ProcessGuid":"{v3-implant-000000000003}","ProcessId":5003,"Image":"svchost-health.exe","User":"CORP.LOCAL\\jane.roberts","Protocol":"tcp","SourceIp":"10.42.10.45","SourcePort":49848,"DestinationIp":"185.225.73.217","DestinationPort":443}
{"EventID":3,"UtcTime":"2026-03-09 18:08:54.348","Computer":"DEV-WS03","ProcessGuid":"{v3-code-main-000000000001}","ProcessId":5001,"Image":"Code.exe","User":"CORP.LOCAL\\jane.roberts","Protocol":"tcp","SourceIp":"10.42.10.45","SourcePort":49238,"DestinationIp":"52.113.194.132","DestinationPort":443}
{"EventID":3,"UtcTime":"2026-03-09 18:09:10.984","Computer":"DEV-WS03","ProcessGuid":"{v3-implant-000000000003}","ProcessId":5003,"Image":"svchost-health.exe","User":"CORP.LOCAL\\jane.roberts","Protocol":"tcp","SourceIp":"10.42.10.45","SourcePort":49849,"DestinationIp":"185.225.73.217","DestinationPort":443}
{"EventID":3,"UtcTime":"2026-03-09 18:10:11.603","Computer":"DEV-WS03","ProcessGuid":"{v3-implant-000000000003}","ProcessId":5003,"Image":"svchost-health.exe","User":"CORP.LOCAL\\jane.roberts","Protocol":"tcp","SourceIp":"10.42.10.45","SourcePort":49850,"DestinationIp":"185.225.73.217","DestinationPort":443}
{"EventID":3,"UtcTime":"2026-03-09 18:11:11.604","Computer":"DEV-WS03","ProcessGuid":"{v3-implant-000000000003}","ProcessId":5003,"Image":"svchost-health.exe","User":"CORP.LOCAL\\jane.roberts","Protocol":"tcp","SourceIp":"10.42.10.45","SourcePort":49851,"DestinationIp":"185.225.73.217","DestinationPort":443}
{"EventID":3,"UtcTime":"2026-03-09 18:12:12.316","Computer":"DEV-WS03","ProcessGuid":"{v3-implant-000000000003}","ProcessId":5003,"Image":"svchost-health.exe","User":"CORP.LOCAL\\jane.roberts","Protocol":"tcp","SourceIp":"10.42.10.45","SourcePort":49852,"DestinationIp":"185.225.73.217","DestinationPort":443}
{"EventID":3,"UtcTime":"2026-03-09 18:13:13.683","Computer":"DEV-WS03","ProcessGuid":"{v3-implant-000000000003}","ProcessId":5003,"Image":"svchost-health.exe","User":"CORP.LOCAL\\jane.roberts","Protocol":"tcp","SourceIp":"10.42.10.45","SourcePort":49853,"DestinationIp":"185.225.73.217","DestinationPort":443}
{"EventID":3,"UtcTime":"2026-03-09 18:14:10.882","Computer":"DEV-WS03","ProcessGuid":"{v3-implant-000000000003}","ProcessId":5003,"Image":"svchost-health.exe","User":"CORP.LOCAL\\jane.roberts","Protocol":"tcp","SourceIp":"10.42.10.45","SourcePort":49854,"DestinationIp":"185.225.73.217","DestinationPort":443}
{"EventID":3,"UtcTime":"2026-03-09 18:15:12.900","Computer":"DEV-WS03","ProcessGuid":"{v3-implant-000000000003}","ProcessId":5003,"Image":"svchost-health.exe","User":"CORP.LOCAL\\jane.roberts","Protocol":"tcp","SourceIp":"10.42.10.45","SourcePort":49855,"DestinationIp":"185.225.73.217","DestinationPort":443}
{"EventID":3,"UtcTime":"2026-03-09 18:15:18.968","Computer":"DEV-WS03","ProcessGuid":"{v3-code-main-000000000001}","ProcessId":5001,"Image":"Code.exe","User":"CORP.LOCAL\\jane.roberts","Protocol":"tcp","SourceIp":"10.42.10.45","SourcePort":49239,"DestinationIp":"3.120.229.10","DestinationPort":443}
{"EventID":3,"UtcTime":"2026-03-09 18:16:10.853","Computer":"DEV-WS03","ProcessGuid":"{v3-implant-000000000003}","ProcessId":5003,"Image":"svchost-health.exe","User":"CORP.LOCAL\\jane.roberts","Protocol":"tcp","SourceIp":"10.42.10.45","SourcePort":49856,"DestinationIp":"185.225.73.217","DestinationPort":443}
{"EventID":3,"UtcTime":"2026-03-09 18:17:12.068","Computer":"DEV-WS03","ProcessGuid":"{v3-implant-000000000003}","ProcessId":5003,"Image":"svchost-health.exe","User":"CORP.LOCAL\\jane.roberts","Protocol":"tcp","SourceIp":"10.42.10.45","SourcePort":49857,"DestinationIp":"185.225.73.217","DestinationPort":443}
{"EventID":3,"UtcTime":"2026-03-09 18:18:09.587","Computer":"DEV-WS03","ProcessGuid":"{v3-implant-000000000003}","ProcessId":5003,"Image":"svchost-health.exe","User":"CORP.LOCAL\\jane.roberts","Protocol":"tcp","SourceIp":"10.42.10.45","SourcePort":49858,"DestinationIp":"185.225.73.217","DestinationPort":443}
{"EventID":3,"UtcTime":"2026-03-09 18:19:11.202","Computer":"DEV-WS03","ProcessGuid":"{v3-implant-000000000003}","ProcessId":5003,"Image":"svchost-health.exe","User":"CORP.LOCAL\\jane.roberts","Protocol":"tcp","SourceIp":"10.42.10.45","SourcePort":49859,"DestinationIp":"185.225.73.217","DestinationPort":443}
{"EventID":3,"UtcTime":"2026-03-09 18:20:09.631","Computer":"DEV-WS03","ProcessGuid":"{v3-implant-000000000003}","ProcessId":5003,"Image":"svchost-health.exe","User":"CORP.LOCAL\\jane.roberts","Protocol":"tcp","SourceIp":"10.42.10.45","SourcePort":49860,"DestinationIp":"185.225.73.217","DestinationPort":443}
{"EventID":3,"UtcTime":"2026-03-09 18:20:31.114","Computer":"DEV-WS03","ProcessGuid":"{v3-code-main-000000000001}","ProcessId":5001,"Image":"Code.exe","User":"CORP.LOCAL\\jane.roberts","Protocol":"tcp","SourceIp":"10.42.10.45","SourcePort":49240,"DestinationIp":"140.82.121.4","DestinationPort":443}
{"EventID":3,"UtcTime":"2026-03-09 18:21:11.073","Computer":"DEV-WS03","ProcessGuid":"{v3-implant-000000000003}","ProcessId":5003,"Image":"svchost-health.exe","User":"CORP.LOCAL\\jane.roberts","Protocol":"tcp","SourceIp":"10.42.10.45","SourcePort":49861,"DestinationIp":"185.225.73.217","DestinationPort":443}
{"EventID":3,"UtcTime":"2026-03-09 18:22:09.779","Computer":"DEV-WS03","ProcessGuid":"{v3-implant-000000000003}","ProcessId":5003,"Image":"svchost-health.exe","User":"CORP.LOCAL\\jane.roberts","Protocol":"tcp","SourceIp":"10.42.10.45","SourcePort":49862,"DestinationIp":"185.225.73.217","DestinationPort":443}
{"EventID":3,"UtcTime":"2026-03-09 18:23:08.120","Computer":"DEV-WS03","ProcessGuid":"{v3-implant-000000000003}","ProcessId":5003,"Image":"svchost-health.exe","User":"CORP.LOCAL\\jane.roberts","Protocol":"tcp","SourceIp":"10.42.10.45","SourcePort":49863,"DestinationIp":"185.225.73.217","DestinationPort":443}
{"EventID":3,"UtcTime":"2026-03-09 18:24:06.782","Computer":"DEV-WS03","ProcessGuid":"{v3-implant-000000000003}","ProcessId":5003,"Image":"svchost-health.exe","User":"CORP.LOCAL\\jane.roberts","Protocol":"tcp","SourceIp":"10.42.10.45","SourcePort":49864,"DestinationIp":"185.225.73.217","DestinationPort":443}
{"EventID":3,"UtcTime":"2026-03-09 18:25:08.101","Computer":"DEV-WS03","ProcessGuid":"{v3-implant-000000000003}","ProcessId":5003,"Image":"svchost-health.exe","User":"CORP.LOCAL\\jane.roberts","Protocol":"tcp","SourceIp":"10.42.10.45","SourcePort":49865,"DestinationIp":"185.225.73.217","DestinationPort":443}
{"EventID":3,"UtcTime":"2026-03-09 18:26:07.328","Computer":"DEV-WS03","ProcessGuid":"{v3-implant-000000000003}","ProcessId":5003,"Image":"svchost-health.exe","User":"CORP.LOCAL\\jane.roberts","Protocol":"tcp","SourceIp":"10.42.10.45","SourcePort":49866,"DestinationIp":"185.225.73.217","DestinationPort":443}
{"EventID":3,"UtcTime":"2026-03-09 18:27:06.898","Computer":"DEV-WS03","ProcessGuid":"{v3-implant-000000000003}","ProcessId":5003,"Image":"svchost-health.exe","User":"CORP.LOCAL\\jane.roberts","Protocol":"tcp","SourceIp":"10.42.10.45","SourcePort":49867,"DestinationIp":"185.225.73.217","DestinationPort":443}
{"EventID":3,"UtcTime":"2026-03-09 18:28:04.641","Computer":"DEV-WS03","ProcessGuid":"{v3-implant-000000000003}","ProcessId":5003,"Image":"svchost-health.exe","User":"CORP.LOCAL\\jane.roberts","Protocol":"tcp","SourceIp":"10.42.10.45","SourcePort":49868,"DestinationIp":"185.225.73.217","DestinationPort":443}
{"EventID":3,"UtcTime":"2026-03-09 18:29:06.160","Computer":"DEV-WS03","ProcessGuid":"{v3-implant-000000000003}","ProcessId":5003,"Image":"svchost-health.exe","User":"CORP.LOCAL\\jane.roberts","Protocol":"tcp","SourceIp":"10.42.10.45","SourcePort":49869,"DestinationIp":"185.225.73.217","DestinationPort":443}
