{"EventID":3,"UtcTime":"2026-03-09 11:59:17.138","Computer":"DEV-WS03","ProcessGuid":"{v3-code-main-000000000001}","ProcessId":5001,"Image":"Code.exe","User":"CORP.LOCAL\\jane.roberts","Protocol":"tcp","SourceIp":"10.42.10.45","SourcePort":49200,"DestinationIp":"140.82.121.4","DestinationPort":443}
{"EventID":3,"UtcTime":"2026-03-09 12:12:10.282","Computer":"DEV-WS03","ProcessGuid":"{v3-code-main-000000000001}","ProcessId":5001,"Image":"Code.exe","User":"CORP.LOCAL\\jane.roberts","Protocol":"tcp","SourceIp":"10.42.10.45","SourcePort":49201,"DestinationIp":"140.82.121.6","DestinationPort":443}
{"EventID":3,"UtcTime":"2026-03-09 12:19:10.987","Computer":"DEV-WS03","ProcessGuid":"{v3-code-main-000000000001}","ProcessId":5001,"Image":"Code.exe","User":"CORP.LOCAL\\jane.roberts","Protocol":"tcp","SourceIp":"10.42.10.45","SourcePort":49202,"DestinationIp":"104.16.17.35","DestinationPort":443}
{"EventID":3,"UtcTime":"2026-03-09 12:27:35.868","Computer":"DEV-WS03","ProcessGuid":"{v3-code-main-000000000001}","ProcessId":5001,"Image":"Code.exe","User":"CORP.LOCAL\\jane.roberts","Protocol":"tcp","SourceIp":"10.42.10.45","SourcePort":49203,"DestinationIp":"54.236.131.181","DestinationPort":443}
{"EventID":3,"UtcTime":"2026-03-09 12:37:53.643","Computer":"DEV-WS03","ProcessGuid":"{v3-code-main-000000000001}","ProcessId":5001,"Image":"Code.exe","User":"CORP.LOCAL\\jane.roberts","Protocol":"tcp","SourceIp":"10.42.10.45","SourcePort":49204,"DestinationIp":"54.236.131.182","DestinationPort":443}
{"EventID":3,"UtcTime":"2026-03-09 12:51:15.130","Computer":"DEV-WS03","ProcessGuid":"{v3-code-main-000000000001}","ProcessId":5001,"Image":"Code.exe","User":"CORP.LOCAL\\jane.roberts","Protocol":"tcp","SourceIp":"10.42.10.45","SourcePort":49205,"DestinationIp":"3.104.94.10","DestinationPort":443}
{"EventID":3,"UtcTime":"2026-03-09 12:58:59.735","Computer":"DEV-WS03","ProcessGuid":"{v3-code-main-000000000001}","ProcessId":5001,"Image":"Code.exe","User":"CORP.LOCAL\\jane.roberts","Protocol":"tcp","SourceIp":"10.42.10.45","SourcePort":49206,"DestinationIp":"52.113.194.132","DestinationPort":443}
{"EventID":3,"UtcTime":"2026-03-09 13:03:39.614","Computer":"DEV-WS03","ProcessGuid":"{v3-code-main-000000000001}","ProcessId":5001,"Image":"Code.exe","User":"CORP.LOCAL\\jane.roberts","Protocol":"tcp","SourceIp":"10.42.10.45","SourcePort":49207,"DestinationIp":"3.120.229.10","DestinationPort":443}
{"EventID":3,"UtcTime":"2026-03-09 13:17:55.188","Computer":"DEV-WS03","ProcessGuid":"{v3-code-main-000000000001}","ProcessId":5001,"Image":"Code.exe","User":"CORP.LOCAL\\jane.roberts","Protocol":"tcp","SourceIp":"10.42.10.45","SourcePort":49208,"DestinationIp":"140.82.121.4","DestinationPort":443}
{"EventID":3,"UtcTime":"2026-03-09 13:23:32.710","Computer":"DEV-WS03","ProcessGuid":"{v3-code-main-000000000001}","ProcessId":5001,"Image":"Code.exe","User":"CORP.LOCAL\\jane.roberts","Protocol":"tcp","SourceIp":"10.42.10.45","SourcePort":49209,"DestinationIp":"140.82.121.6","DestinationPort":443}
{"EventID":3,"UtcTime":"2026-03-09 13:35:35.395","Computer":"DEV-WS03","ProcessGuid":"{v3-code-main-000000000001}","ProcessId":5001,"Image":"Code.exe","User":"CORP.LOCAL\\jane.roberts","Protocol":"tcp","SourceIp":"10.42.10.45","SourcePort":49210,"DestinationIp":"104.16.17.35","DestinationPort":443}
{"EventID":3,"UtcTime":"2026-03-09 13:46:40.251","Computer":"DEV-WS03","ProcessGuid":"{v3-code-main-000000000001}","ProcessId":5001,"Image":"Code.exe","User":"CORP.LOCAL\\jane.roberts","Protocol":"tcp","SourceIp":"10.42.10.45","SourcePort":49211,"DestinationIp":"54.236.131.181","DestinationPort":443}
{"EventID":3,"UtcTime":"2026-03-09 13:56:34.276","Computer":"DEV-WS03","ProcessGuid":"{v3-code-main-000000000001}","ProcessId":5001,"Image":"Code.exe","User":"CORP.LOCAL\\jane.roberts","Protocol":"tcp","SourceIp":"10.42.10.45","SourcePort":49212,"DestinationIp":"54.236.131.182","DestinationPort":443}
{"EventID":3,"UtcTime":"2026-03-09 14:00:00.008","Computer":"DEV-WS03","ProcessGuid":"{v3-code-main-000000000001}","ProcessId":5001,"Image":"Code.exe","User":"CORP.LOCAL\\jane.roberts","Protocol":"tcp","SourceIp":"10.42.10.45","SourcePort":49501,"DestinationIp":"172.67.189.42","DestinationPort":443}
{"EventID":3,"UtcTime":"2026-03-09 14:00:18.004","Computer":"DEV-WS03","ProcessGuid":"{v3-ps-evil-000000000002}","ProcessId":5002,"Image":"powershell.exe","User":"CORP.LOCAL\\jane.roberts","Protocol":"tcp","SourceIp":"10.42.10.45","SourcePort":49502,"DestinationIp":"185.225.73.217","DestinationPort":443}
{"EventID":3,"UtcTime":"2026-03-09 14:00:30.010","Computer":"DEV-WS03","ProcessGuid":"{v3-implant-000000000003}","ProcessId":5003,"Image":"svchost-health.exe","User":"CORP.LOCAL\\jane.roberts","Protocol":"tcp","SourceIp":"10.42.10.45","SourcePort":49600,"DestinationIp":"185.225.73.217","DestinationPort":443}
{"EventID":3,"UtcTime":"2026-03-09 14:01:27.159","Computer":"DEV-WS03","ProcessGuid":"{v3-implant-000000000003}","ProcessId":5003,"Image":"svchost-health.exe","User":"CORP.LOCAL\\jane.roberts","Protocol":"tcp","SourceIp":"10.42.10.45","SourcePort":49601,"DestinationIp":"185.225.73.217","DestinationPort":443}
{"EventID":3,"UtcTime":"2026-03-09 14:02:29.884","Computer":"DEV-WS03","ProcessGuid":"{v3-implant-000000000003}","ProcessId":5003,"Image":"svchost-health.exe","User":"CORP.LOCAL\\jane.roberts","Protocol":"tcp","SourceIp":"10.42.10.45","SourcePort":49602,"DestinationIp":"185.225.73.217","DestinationPort":443}
{"EventID":3,"UtcTime":"2026-03-09 14:03:32.136","Computer":"DEV-WS03","ProcessGuid":"{v3-implant-000000000003}","ProcessId":5003,"Image":"svchost-health.exe","User":"CORP.LOCAL\\jane.roberts","Protocol":"tcp","SourceIp":"10.42.10.45","SourcePort":49603,"DestinationIp":"185.225.73.217","DestinationPort":443}
{"EventID":3,"UtcTime":"2026-03-09 14:04:31.097","Computer":"DEV-WS03","ProcessGuid":"{v3-implant-000000000003}","ProcessId":5003,"Image":"svchost-health.exe","User":"CORP.LOCAL\\jane.roberts","Protocol":"tcp","SourceIp":"10.42.10.45","SourcePort":49604,"DestinationIp":"185.225.73.217","DestinationPort":443}
{"EventID":3,"UtcTime":"2026-03-09 14:05:32.241","Computer":"DEV-WS03","ProcessGuid":"{v3-implant-000000000003}","ProcessId":5003,"Image":"svchost-health.exe","User":"CORP.LOCAL\\jane.roberts","Protocol":"tcp","SourceIp":"10.42.10.45","SourcePort":49605,"DestinationIp":"185.225.73.217","DestinationPort":443}
{"EventID":3,"UtcTime":"2026-03-09 14:06:30.714","Computer":"DEV-WS03","ProcessGuid":"{v3-implant-000000000003}","ProcessId":5003,"Image":"svchost-health.exe","User":"CORP.LOCAL\\jane.roberts","Protocol":"tcp","SourceIp":"10.42.10.45","SourcePort":49606,"DestinationIp":"185.225.73.217","DestinationPort":443}
{"EventID":3,"UtcTime":"2026-03-09 14:07:22.408","Computer":"DEV-WS03","ProcessGuid":"{v3-code-main-000000000001}","ProcessId":5001,"Image":"Code.exe","User":"CORP.LOCAL\\jane.roberts","Protocol":"tcp","SourceIp":"10.42.10.45","SourcePort":49213,"DestinationIp":"3.104.94.10","DestinationPort":443}
{"EventID":3,"UtcTime":"2026-03-09 14:07:29.812","Computer":"DEV-WS03","ProcessGuid":"{v3-implant-000000000003}","ProcessId":5003,"Image":"svchost-health.exe","User":"CORP.LOCAL\\jane.roberts","Protocol":"tcp","SourceIp":"10.42.10.45","SourcePort":49607,"DestinationIp":"185.225.73.217","DestinationPort":443}
{"EventID":3,"UtcTime":"2026-03-09 14:08:32.276","Computer":"DEV-WS03","ProcessGuid":"{v3-implant-000000000003}","ProcessId":5003,"Image":"svchost-health.exe","User":"CORP.LOCAL\\jane.roberts","Protocol":"tcp","SourceIp":"10.42.10.45","SourcePort":49608,"DestinationIp":"185.225.73.217","DestinationPort":443}
{"EventID":3,"UtcTime":"2026-03-09 14:09:29.478","Computer":"DEV-WS03","ProcessGuid":"{v3-implant-000000000003}","ProcessId":5003,"Image":"svchost-health.exe","User":"CORP.LOCAL\\jane.roberts","Protocol":"tcp","SourceIp":"10.42.10.45","SourcePort":49609,"DestinationIp":"185.225.73.217","DestinationPort":443}
{"EventID":3,"UtcTime":"2026-03-09 14:10:28.794","Computer":"DEV-WS03","ProcessGuid":"{v3-implant-000000000003}","ProcessId":5003,"Image":"svchost-health.exe","User":"CORP.LOCAL\\jane.roberts","Protocol":"tcp","SourceIp":"10.42.10.45","SourcePort":49610,"DestinationIp":"185.225.73.217","DestinationPort":443}
{"EventID":3,"UtcTime":"2026-03-09 14:11:25.953","Computer":"DEV-WS03","ProcessGuid":"{v3-implant-000000000003}","ProcessId":5003,"Image":"svchost-health.exe","User":"CORP.LOCAL\\jane.roberts","Protocol":"tcp","SourceIp":"10.42.10.45","SourcePort":49611,"DestinationIp":"185.225.73.217","DestinationPort":443}
{"EventID":3,"UtcTime":"2026-03-09 14:12:26.853","Computer":"DEV-WS03","ProcessGuid":"{v3-implant-000000000003}","ProcessId":5003,"Image":"svchost-health.exe","User":"CORP.LOCAL\\jane.roberts","Protocol":"tcp","SourceIp":"10.42.10.45","SourcePort":49612,"DestinationIp":"185.225.73.217","DestinationPort":443}
{"EventID":3,"UtcTime":"2026-03-09 14:13:27.375","Computer":"DEV-WS03","ProcessGuid":"{v3-implant-000000000003}","ProcessId":5003,"Image":"svchost-health.exe","User":"CORP.LOCAL\\jane.roberts","Protocol":"tcp","SourceIp":"10.42.10.45","SourcePort":49613,"DestinationIp":"185.225.73.217","DestinationPort":443}
{"EventID":3,"UtcTime":"2026-03-09 14:14:27.520","Computer":"DEV-WS03","ProcessGuid":"{v3-implant-000000000003}","ProcessId":5003,"Image":"svchost-health.exe","User":"CORP.LOCAL\\jane.roberts","Protocol":"tcp","SourceIp":"10.42.10.45","SourcePort":49614,"DestinationIp":"185.225.73.217","DestinationPort":443}
{"EventID":3,"UtcTime":"2026-03-09 14:15:27.378","Computer":"DEV-WS03","ProcessGuid":"{v3-implant-000000000003}","ProcessId":5003,"Image":"svchost-health.exe","User":"CORP.LOCAL\\jane.roberts","Protocol":"tcp","SourceIp":"10.42.10.45","SourcePort":49615,"DestinationIp":"185.225.73.217","DestinationPort":443}
{"EventID":3,"UtcTime":"2026-03-09 14:16:25.666","Computer":"DEV-WS03","ProcessGuid":"{v3-implant-000000000003}","ProcessId":5003,"Image":"svchost-health.exe","User":"CORP.LOCAL\\jane.roberts","Protocol":"tcp","SourceIp":"10.42.10.45","SourcePort":49616,"DestinationIp":"185.225.73.217","DestinationPort":443}
{"EventID":3,"UtcTime":"2026-03-09 14:17:23.768","Computer":"DEV-WS03","ProcessGuid":"{v3-implant-000000000003}","ProcessId":5003,"Image":"svchost-health.exe","User":"CORP.LOCAL\\jane.roberts","Protocol":"tcp","SourceIp":"10.42.10.45","SourcePort":49617,"DestinationIp":"185.225.73.217","DestinationPort":443}
{"EventID":3,"UtcTime":"2026-03-09 14:18:09.194","Computer":"DEV-WS03","ProcessGuid":"{v3-code-main-000000000001}","ProcessId":5001,"Image":"Code.exe","User":"CORP.LOCAL\\jane.roberts","Protocol":"tcp","SourceIp":"10.42.10.45","SourcePort":49214,"DestinationIp":"52.113.194.132","DestinationPort":443}
{"EventID":3,"UtcTime":"2026-03-09 14:18:21.756","Computer":"DEV-WS03","ProcessGuid":"{v3-implant-000000000003}","ProcessId":5003,"Image":"svchost-health.exe","User":"CORP.LOCAL\\jane.roberts","Protocol":"tcp","SourceIp":"10.42.10.45","SourcePort":49618,"DestinationIp":"185.225.73.217","DestinationPort":443}
{"EventID":3,"UtcTime":"2026-03-09 14:19:24.348","Computer":"DEV-WS03","ProcessGuid":"{v3-implant-000000000003}","ProcessId":5003,"Image":"svchost-health.exe","User":"CORP.LOCAL\\jane.roberts","Protocol":"tcp","SourceIp":"10.42.10.45","SourcePort":49619,"DestinationIp":"185.225.73.217","DestinationPort":443}
{"EventID":3,"UtcTime":"2026-03-09 14:20:23.727","Computer":"DEV-WS03","ProcessGuid":"{v3-implant-000000000003}","ProcessId":5003,"Image":"svchost-health.exe","User":"CORP.LOCAL\\jane.roberts","Protocol":"tcp","SourceIp":"10.42.10.45","SourcePort":49620,"DestinationIp":"185.225.73.217","DestinationPort":443}
{"EventID":3,"UtcTime":"2026-03-09 14:21:21.211","Computer":"DEV-WS03","ProcessGuid":"{v3-implant-000000000003}","ProcessId":5003,"Image":"svchost-health.exe","User":"CORP.LOCAL\\jane.roberts","Protocol":"tcp","SourceIp":"10.42.10.45","SourcePort":49621,"DestinationIp":"185.225.73.217","DestinationPort":443}
{"EventID":3,"UtcTime":"2026-03-09 14:22:18.399","Computer":"DEV-WS03","ProcessGuid":"{v3-implant-000000000003}","ProcessId":5003,"Image":"svchost-health.exe","User":"CORP.LOCAL\\jane.roberts","Protocol":"tcp","SourceIp":"10.42.10.45","SourcePort":49622,"DestinationIp":"185.225.73.217","DestinationPort":443}
{"EventID":3,"UtcTime":"2026-03-09 14:23:21.001","Computer":"DEV-WS03","ProcessGuid":"{v3-implant-000000000003}","ProcessId":5003,"Image":"svchost-health.exe","User":"CORP.LOCAL\\jane.roberts","Protocol":"tcp","SourceIp":"10.42.10.45","SourcePort":49623,"DestinationIp":"185.225.73.217","DestinationPort":443}
{"EventID":3,"UtcTime":"2026-03-09 14:24:20.606","Computer":"DEV-WS03","ProcessGuid":"{v3-implant-000000000003}","ProcessId":5003,"Image":"svchost-health.exe","User":"CORP.LOCAL\\jane.roberts","Protocol":"tcp","SourceIp":"10.42.10.45","SourcePort":49624,"DestinationIp":"185.225.73.217","DestinationPort":443}
{"EventID":3,"UtcTime":"2026-03-09 14:25:22.763","Computer":"DEV-WS03","ProcessGuid":"{v3-implant-000000000003}","ProcessId":5003,"Image":"svchost-health.exe","User":"CORP.LOCAL\\jane.roberts","Protocol":"tcp","SourceIp":"10.42.10.45","SourcePort":49625,"DestinationIp":"185.225.73.217","DestinationPort":443}
{"EventID":3,"UtcTime":"2026-03-09 14:26:19.841","Computer":"DEV-WS03","ProcessGuid":"{v3-implant-000000000003}","ProcessId":5003,"Image":"svchost-health.exe","User":"CORP.LOCAL\\jane.roberts","Protocol":"tcp","SourceIp":"10.42.10.45","SourcePort":49626,"DestinationIp":"185.225.73.217","DestinationPort":443}
{"EventID":3,"UtcTime":"2026-03-09 14:27:08.725","Computer":"DEV-WS03","ProcessGuid":"{v3-code-main-000000000001}","ProcessId":5001,"Image":"Code.exe","User":"CORP.LOCAL\\jane.roberts","Protocol":"tcp","SourceIp":"10.42.10.45","SourcePort":49215,"DestinationIp":"3.120.229.10","DestinationPort":443}
{"EventID":3,"UtcTime":"2026-03-09 14:27:21.059","Computer":"DEV-WS03","ProcessGuid":"{v3-implant-000000000003}","ProcessId":5003,"Image":"svchost-health.exe","User":"CORP.LOCAL\\jane.roberts","Protocol":"tcp","SourceIp":"10.42.10.45","SourcePort":49627,"DestinationIp":"185.225.73.217","DestinationPort":443}
{"EventID":3,"UtcTime":"2026-03-09 14:28:21.598","Computer":"DEV-WS03","ProcessGuid":"{v3-implant-000000000003}","ProcessId":5003,"Image":"svchost-health.exe","User":"CORP.LOCAL\\jane.roberts","Protocol":"tcp","SourceIp":"10.42.10.45","SourcePort":49628,"DestinationIp":"185.225.73.217","DestinationPort":443}
{"EventID":3,"UtcTime":"2026-03-09 14:29:24.321","Computer":"DEV-WS03","ProcessGuid":"{v3-implant-000000000003}","ProcessId":5003,"Image":"svchost-health.exe","User":"CORP.LOCAL\\jane.roberts","Protocol":"tcp","SourceIp":"10.42.10.45","SourcePort":49629,"DestinationIp":"185.225.73.217","DestinationPort":443}
{"EventID":3,"UtcTime":"2026-03-09 14:30:21.441","Computer":"DEV-WS03","ProcessGuid":"{v3-implant-000000000003}","ProcessId":5003,"Image":"svchost-health.exe","User":"CORP.LOCAL\\jane.roberts","Protocol":"tcp","SourceIp":"10.42.10.45","SourcePort":49630,"DestinationIp":"185.225.73.217","DestinationPort":443}
{"EventID":3,"UtcTime":"2026-03-09 14:31:23.735","Computer":"DEV-WS03","ProcessGuid":"{v3-implant-000000000003}","ProcessId":5003,"Image":"svchost-health.exe","User":"CORP.LOCAL\\jane.roberts","Protocol":"tcp","SourceIp":"10.42.10.45","SourcePort":49631,"DestinationIp":"185.225.73.217","DestinationPort":443}
{"EventID":3,"UtcTime":"2026-03-09 14:32:25.926","Computer":"DEV-WS03","ProcessGuid":"{v3-implant-000000000003}","ProcessId":5003,"Image":"svchost-health.exe","User":"CORP.LOCAL\\jane.roberts","Protocol":"tcp","SourceIp":"10.42.10.45","SourcePort":49632,"DestinationIp":"185.225.73.217","DestinationPort":443}
{"EventID":3,"UtcTime":"2026-03-09 14:33:25.116","Computer":"DEV-WS03","ProcessGuid":"{v3-implant-000000000003}","ProcessId":5003,"Image":"svchost-health.exe","User":"CORP.LOCAL\\jane.roberts","Protocol":"tcp","SourceIp":"10.42.10.45","SourcePort":49633,"DestinationIp":"185.225.73.217","DestinationPort":443}
{"EventID":3,"UtcTime":"2026-03-09 14:34:24.134","Computer":"DEV-WS03","ProcessGuid":"{v3-implant-000000000003}","ProcessId":5003,"Image":"svchost-health.exe","User":"CORP.LOCAL\\jane.roberts","Protocol":"tcp","SourceIp":"10.42.10.45","SourcePort":49634,"DestinationIp":"185.225.73.217","DestinationPort":443}
{"EventID":3,"UtcTime":"2026-03-09 14:35:25.763","Computer":"DEV-WS03","ProcessGuid":"{v3-implant-000000000003}","ProcessId":5003,"Image":"svchost-health.exe","User":"CORP.LOCAL\\jane.roberts","Protocol":"tcp","SourceIp":"10.42.10.45","SourcePort":49635,"DestinationIp":"185.225.73.217","DestinationPort":443}
{"EventID":3,"UtcTime":"2026-03-09 14:36:26.345","Computer":"DEV-WS03","ProcessGuid":"{v3-implant-000000000003}","ProcessId":5003,"Image":"svchost-health.exe","User":"CORP.LOCAL\\jane.roberts","Protocol":"tcp","SourceIp":"10.42.10.45","SourcePort":49636,"DestinationIp":"185.225.73.217","DestinationPort":443}
{"EventID":3,"UtcTime":"2026-03-09 14:37:28.108","Computer":"DEV-WS03","ProcessGuid":"{v3-implant-000000000003}","ProcessId":5003,"Image":"svchost-health.exe","User":"CORP.LOCAL\\jane.roberts","Protocol":"tcp","SourceIp":"10.42.10.45","SourcePort":49637,"DestinationIp":"185.225.73.217","DestinationPort":443}
{"EventID":3,"UtcTime":"2026-03-09 14:37:41.571","Computer":"DEV-WS03","ProcessGuid":"{v3-code-main-000000000001}","ProcessId":5001,"Image":"Code.exe","User":"CORP.LOCAL\\jane.roberts","Protocol":"tcp","SourceIp":"10.42.10.45","SourcePort":49216,"DestinationIp":"140.82.121.4","DestinationPort":443}
{"EventID":3,"UtcTime":"2026-03-09 14:38:27.245","Computer":"DEV-WS03","ProcessGuid":"{v3-implant-000000000003}","ProcessId":5003,"Image":"svchost-health.exe","User":"CORP.LOCAL\\jane.roberts","Protocol":"tcp","SourceIp":"10.42.10.45","SourcePort":49638,"DestinationIp":"185.225.73.217","DestinationPort":443}
{"EventID":3,"UtcTime":"2026-03-09 14:39:21.044","Computer":"DEV-WS03","ProcessGuid":"{v3-code-main-000000000001}","ProcessId":5001,"Image":"Code.exe","User":"CORP.LOCAL\\jane.roberts","Protocol":"tcp","SourceIp":"10.42.10.45","SourcePort":49217,"DestinationIp":"140.82.121.6","DestinationPort":443}
{"EventID":3,"UtcTime":"2026-03-09 14:39:24.433","Computer":"DEV-WS03","ProcessGuid":"{v3-implant-000000000003}","ProcessId":5003,"Image":"svchost-health.exe","User":"CORP.LOCAL\\jane.roberts","Protocol":"tcp","SourceIp":"10.42.10.45","SourcePort":49639,"DestinationIp":"185.225.73.217","DestinationPort":443}
{"EventID":3,"UtcTime":"2026-03-09 14:40:24.616","Computer":"DEV-WS03","ProcessGuid":"{v3-implant-000000000003}","ProcessId":5003,"Image":"svchost-health.exe","User":"CORP.LOCAL\\jane.roberts","Protocol":"tcp","SourceIp":"10.42.10.45","SourcePort":49640,"DestinationIp":"185.225.73.217","DestinationPort":443}
{"EventID":3,"UtcTime":"2026-03-09 14:41:26.749","Computer":"DEV-WS03","ProcessGuid":"{v3-implant-000000000003}","ProcessId":5003,"Image":"svchost-health.exe","User":"CORP.LOCAL\\jane.roberts","Protocol":"tcp","SourceIp":"10.42.10.45","SourcePort":49641,"DestinationIp":"185.225.73.217","DestinationPort":443}
{"EventID":3,"UtcTime":"2026-03-09 14:42:27.231","Computer":"DEV-WS03","ProcessGuid":"{v3-implant-000000000003}","ProcessId":5003,"Image":"svchost-health.exe","User":"CORP.LOCAL\\jane.roberts","Protocol":"tcp","SourceIp":"10.42.10.45","SourcePort":49642,"DestinationIp":"185.225.73.217","DestinationPort":443}
{"EventID":3,"UtcTime":"2026-03-09 14:43:26.592","Computer":"DEV-WS03","ProcessGuid":"{v3-implant-000000000003}","ProcessId":5003,"Image":"svchost-health.exe","User":"CORP.LOCAL\\jane.roberts","Protocol":"tcp","SourceIp":"10.42.10.45","SourcePort":49643,"DestinationIp":"185.225.73.217","DestinationPort":443}
{"EventID":3,"UtcTime":"2026-03-09 14:44:24.881","Computer":"DEV-WS03","ProcessGuid":"{v3-implant-000000000003}","ProcessId":5003,"Image":"svchost-health.exe","User":"CORP.LOCAL\\jane.roberts","Protocol":"tcp","SourceIp":"10.42.10.45","SourcePort":49644,"DestinationIp":"185.225.73.217","DestinationPort":443}
{"EventID":3,"UtcTime":"2026-03-09 14:45:21.985","Computer":"DEV-WS03","ProcessGuid":"{v3-implant-000000000003}","ProcessId":5003,"Image":"svchost-health.exe","User":"CORP.LOCAL\\jane.roberts","Protocol":"tcp","SourceIp":"10.42.10.45","SourcePort":49645,"DestinationIp":"185.225.73.217","DestinationPort":443}
{"EventID":3,"UtcTime":"2026-03-09 14:46:21.095","Computer":"DEV-WS03","ProcessGuid":"{v3-implant-000000000003}","ProcessId":5003,"Image":"svchost-health.exe","User":"CORP.LOCAL\\jane.roberts","Protocol":"tcp","SourceIp":"10.42.10.45","SourcePort":49646,"DestinationIp":"185.225.73.217","DestinationPort":443}
{"EventID":3,"UtcTime":"2026-03-09 14:47:23.941","Computer":"DEV-WS03","ProcessGuid":"{v3-implant-000000000003}","ProcessId":5003,"Image":"svchost-health.exe","User":"CORP.LOCAL\\jane.roberts","Protocol":"tcp","SourceIp":"10.42.10.45","SourcePort":49647,"DestinationIp":"185.225.73.217","DestinationPort":443}
{"EventID":3,"UtcTime":"2026-03-09 14:48:26.075","Computer":"DEV-WS03","ProcessGuid":"{v3-implant-000000000003}","ProcessId":5003,"Image":"svchost-health.exe","User":"CORP.LOCAL\\jane.roberts","Protocol":"tcp","SourceIp":"10.42.10.45","SourcePort":49648,"DestinationIp":"185.225.73.217","DestinationPort":443}
{"EventID":3,"UtcTime":"2026-03-09 14:49:28.951","Computer":"DEV-WS03","ProcessGuid":"{v3-implant-000000000003}","ProcessId":5003,"Image":"svchost-health.exe","User":"CORP.LOCAL\\jane.roberts","Protocol":"tcp","SourceIp":"10.42.10.45","SourcePort":49649,"DestinationIp":"185.225.73.217","DestinationPort":443}
{"EventID":3,"UtcTime":"2026-03-09 14:50:29.757","Computer":"DEV-WS03","ProcessGuid":"{v3-implant-000000000003}","ProcessId":5003,"Image":"svchost-health.exe","User":"CORP.LOCAL\\jane.roberts","Protocol":"tcp","SourceIp":"10.42.10.45","SourcePort":49650,"DestinationIp":"185.225.73.217","DestinationPort":443}
{"EventID":3,"UtcTime":"2026-03-09 14:51:27.312","Computer":"DEV-WS03","ProcessGuid":"{v3-implant-000000000003}","ProcessId":5003,"Image":"svchost-health.exe","User":"CORP.LOCAL\\jane.roberts","Protocol":"tcp","SourceIp":"10.42.10.45","SourcePort":49651,"DestinationIp":"185.225.73.217","DestinationPort":443}
{"EventID":3,"UtcTime":"2026-03-09 14:52:25.411","Computer":"DEV-WS03","ProcessGuid":"{v3-implant-000000000003}","ProcessId":5003,"Image":"svchost-health.exe","User":"CORP.LOCAL\\jane.roberts","Protocol":"tcp","SourceIp":"10.42.10.45","SourcePort":49652,"DestinationIp":"185.225.73.217","DestinationPort":443}
{"EventID":3,"UtcTime":"2026-03-09 14:53:24.590","Computer":"DEV-WS03","ProcessGuid":"{v3-implant-000000000003}","ProcessId":5003,"Image":"svchost-health.exe","User":"CORP.LOCAL\\jane.roberts","Protocol":"tcp","SourceIp":"10.42.10.45","SourcePort":49653,"DestinationIp":"185.225.73.217","DestinationPort":443}
{"EventID":3,"UtcTime":"2026-03-09 14:54:26.353","Computer":"DEV-WS03","ProcessGuid":"{v3-implant-000000000003}","ProcessId":5003,"Image":"svchost-health.exe","User":"CORP.LOCAL\\jane.roberts","Protocol":"tcp","SourceIp":"10.42.10.45","SourcePort":49654,"DestinationIp":"185.225.73.217","DestinationPort":443}
{"EventID":3,"UtcTime":"2026-03-09 14:54:35.178","Computer":"DEV-WS03","ProcessGuid":"{v3-code-main-000000000001}","ProcessId":5001,"Image":"Code.exe","User":"CORP.LOCAL\\jane.roberts","Protocol":"tcp","SourceIp":"10.42.10.45","SourcePort":49218,"DestinationIp":"104.16.17.35","DestinationPort":443}
{"EventID":3,"UtcTime":"2026-03-09 14:55:27.500","Computer":"DEV-WS03","ProcessGuid":"{v3-implant-000000000003}","ProcessId":5003,"Image":"svchost-health.exe","User":"CORP.LOCAL\\jane.roberts","Protocol":"tcp","SourceIp":"10.42.10.45","SourcePort":49655,"DestinationIp":"185.225.73.217","DestinationPort":443}
{"EventID":3,"UtcTime":"2026-03-09 14:56:26.019","Computer":"DEV-WS03","ProcessGuid":"{v3-implant-000000000003}","ProcessId":5003,"Image":"svchost-health.exe","User":"CORP.LOCAL\\jane.roberts","Protocol":"tcp","SourceIp":"10.42.10.45","SourcePort":49656,"DestinationIp":"185.225.73.217","DestinationPort":443}
{"EventID":3,"UtcTime":"2026-03-09 14:57:28.513","Computer":"DEV-WS03","ProcessGuid":"{v3-implant-000000000003}","ProcessId":5003,"Image":"svchost-health.exe","User":"CORP.LOCAL\\jane.roberts","Protocol":"tcp","SourceIp":"10.42.10.45","SourcePort":49657,"DestinationIp":"185.225.73.217","DestinationPort":443}
{"EventID":3,"UtcTime":"2026-03-09 14:58:27.317","Computer":"DEV-WS03","ProcessGuid":"{v3-implant-000000000003}","ProcessId":5003,"Image":"svchost-health.exe","User":"CORP.LOCAL\\jane.roberts","Protocol":"tcp","SourceIp":"10.42.10.45","SourcePort":49658,"DestinationIp":"185.225.73.217","DestinationPort":443}
{"EventID":3,"UtcTime":"2026-03-09 14:59:28.257","Computer":"DEV-WS03","ProcessGuid":"{v3-implant-000000000003}","ProcessId":5003,"Image":"svchost-health.exe","User":"CORP.LOCAL\\jane.roberts","Protocol":"tcp","SourceIp":"10.42.10.45","SourcePort":49659,"DestinationIp":"185.225.73.217","DestinationPort":443}
{"EventID":3,"UtcTime":"2026-03-09 15:00:31.254","Computer":"DEV-WS03","ProcessGuid":"{v3-implant-000000000003}","ProcessId":5003,"Image":"svchost-health.exe","User":"CORP.LOCAL\\jane.roberts","Protocol":"tcp","SourceIp":"10.42.10.45","SourcePort":49660,"DestinationIp":"185.225.73.217","DestinationPort":443}
{"EventID":3,"UtcTime":"2026-03-09 15:01:32.201","Computer":"DEV-WS03","ProcessGuid":"{v3-implant-000000000003}","ProcessId":5003,"Image":"svchost-health.exe","User":"CORP.LOCAL\\jane.roberts","Protocol":"tcp","SourceIp":"10.42.10.45","SourcePort":49661,"DestinationIp":"185.225.73.217","DestinationPort":443}
{"EventID":3,"UtcTime":"2026-03-09 15:02:30.633","Computer":"DEV-WS03","ProcessGuid":"{v3-implant-000000000003}","ProcessId":5003,"Image":"svchost-health.exe","User":"CORP.LOCAL\\jane.roberts","Protocol":"tcp","SourceIp":"10.42.10.45","SourcePort":49662,"DestinationIp":"185.225.73.217","DestinationPort":443}
{"EventID":3,"UtcTime":"2026-03-09 15:03:28.198","Computer":"DEV-WS03","ProcessGuid":"{v3-implant-000000000003}","ProcessId":5003,"Image":"svchost-health.exe","User":"CORP.LOCAL\\jane.roberts","Protocol":"tcp","SourceIp":"10.42.10.45","SourcePort":49663,"DestinationIp":"185.225.73.217","DestinationPort":443}
{"EventID":3,"UtcTime":"2026-03-09 15:04:22.230","Computer":"DEV-WS03","ProcessGuid":"{v3-code-main-000000000001}","ProcessId":5001,"Image":"Code.exe","User":"CORP.LOCAL\\jane.roberts","Protocol":"tcp","SourceIp":"10.42.10.45","SourcePort":49219,"DestinationIp":"54.236.131.181","DestinationPort":443}
{"EventID":3,"UtcTime":"2026-03-09 15:04:26.145","Computer":"DEV-WS03","ProcessGuid":"{v3-implant-000000000003}","ProcessId":5003,"Image":"svchost-health.exe","User":"CORP.LOCAL\\jane.roberts","Protocol":"tcp","SourceIp":"10.42.10.45","SourcePort":49664,"DestinationIp":"185.225.73.217","DestinationPort":443}
{"EventID":3,"UtcTime":"2026-03-09 15:05:26.955","Computer":"DEV-WS03","ProcessGuid":"{v3-implant-000000000003}","ProcessId":5003,"Image":"svchost-health.exe","User":"CORP.LOCAL\\jane.roberts","Protocol":"tcp","SourceIp":"10.42.10.45","SourcePort":49665,"DestinationIp":"185.225.73.217","DestinationPort":443}
{"EventID":3,"UtcTime":"2026-03-09 15:06:27.520","Computer":"DEV-WS03","ProcessGuid":"{v3-implant-000000000003}","ProcessId":5003,"Image":"svchost-health.exe","User":"CORP.LOCAL\\jane.roberts","Protocol":"tcp","SourceIp":"10.42.10.45","SourcePort":49666,"DestinationIp":"185.225.73.217","DestinationPort":443}
{"EventID":3,"UtcTime":"2026-03-09 15:07:27.619","Computer":"DEV-WS03","ProcessGuid":"{v3-implant-000000000003}","ProcessId":5003,"Image":"svchost-health.exe","User":"CORP.LOCAL\\jane.roberts","Protocol":"tcp","SourceIp":"10.42.10.45","SourcePort":49667,"DestinationIp":"185.225.73.217","DestinationPort":443}
{"EventID":3,"UtcTime":"2026-03-09 15:08:24.969","Computer":"DEV-WS03","ProcessGuid":"{v3-implant-000000000003}","ProcessId":5003,"Image":"svchost-health.exe","User":"CORP.LOCAL\\jane.roberts","Protocol":"tcp","SourceIp":"10.42.10.45","SourcePort":49668,"DestinationIp":"185.225.73.217","DestinationPort":443}
{"EventID":3,"UtcTime":"2026-03-09 15:09:23.070","Computer":"DEV-WS03","ProcessGuid":"{v3-implant-000000000003}","ProcessId":5003,"Image":"svchost-health.exe","User":"CORP.LOCAL\\jane.roberts","Protocol":"tcp","SourceIp":"10.42.10.45","SourcePort":49669,"DestinationIp":"185.225.73.217","DestinationPort":443}
{"EventID":3,"UtcTime":"2026-03-09 15:10:07.246","Computer":"DEV-WS03","ProcessGuid":"{v3-code-main-000000000001}","ProcessId":5001,"Image":"Code.exe","User":"CORP.LOCAL\\jane.roberts","Protocol":"tcp","SourceIp":"10.42.10.45","SourcePort":49220,"DestinationIp":"54.236.131.182","DestinationPort":443}
{"EventID":3,"UtcTime":"2026-03-09 15:10:20.459","Computer":"DEV-WS03","ProcessGuid":"{v3-implant-000000000003}","ProcessId":5003,"Image":"svchost-health.exe","User":"CORP.LOCAL\\jane.roberts","Protocol":"tcp","SourceIp":"10.42.10.45","SourcePort":49670,"DestinationIp":"185.225.73.217","DestinationPort":443}
{"EventID":3,"UtcTime":"2026-03-09 15:11:22.906","Computer":"DEV-WS03","ProcessGuid":"{v3-implant-000000000003}","ProcessId":5003,"Image":"svchost-health.exe","User":"CORP.LOCAL\\jane.roberts","Protocol":"tcp","SourceIp":"10.42.10.45","SourcePort":49671,"DestinationIp":"185.225.73.217","DestinationPort":443}
{"EventID":3,"UtcTime":"2026-03-09 15:12:21.429","Computer":"DEV-WS03","ProcessGuid":"{v3-implant-000000000003}","ProcessId":5003,"Image":"svchost-health.exe","User":"CORP.LOCAL\\jane.roberts","Protocol":"tcp","SourceIp":"10.42.10.45","SourcePort":49672,"DestinationIp":"185.225.73.217","DestinationPort":443}
{"EventID":3,"UtcTime":"2026-03-09 15:13:20.406","Computer":"DEV-WS03","ProcessGuid":"{v3-implant-000000000003}","ProcessId":5003,"Image":"svchost-health.exe","User":"CORP.LOCAL\\jane.roberts","Protocol":"tcp","SourceIp":"10.42.10.45","SourcePort":49673,"DestinationIp":"185.225.73.217","DestinationPort":443}
{"EventID":3,"UtcTime":"2026-03-09 15:14:22.353","Computer":"DEV-WS03","ProcessGuid":"{v3-implant-000000000003}","ProcessId":5003,"Image":"svchost-health.exe","User":"CORP.LOCAL\\jane.roberts","Protocol":"tcp","SourceIp":"10.42.10.45","SourcePort":49674,"DestinationIp":"185.225.73.217","DestinationPort":443}
{"EventID":3,"UtcTime":"2026-03-09 15:15:20.007","Computer":"DEV-WS03","ProcessGuid":"{v3-implant-000000000003}","ProcessId":5003,"Image":"svchost-health.exe","User":"CORP.LOCAL\\jane.roberts","Protocol":"tcp","SourceIp":"10.42.10.45","SourcePort":49675,"DestinationIp":"185.225.73.217","DestinationPort":443}
{"EventID":3,"UtcTime":"2026-03-09 15:16:18.057","Computer":"DEV-WS03","ProcessGuid":"{v3-implant-000000000003}","ProcessId":5003,"Image":"svchost-health.exe","User":"CORP.LOCAL\\jane.roberts","Protocol":"tcp","SourceIp":"10.42.10.45","SourcePort":49676,"DestinationIp":"185.225.73.217","DestinationPort":443}
{"EventID":3,"UtcTime":"2026-03-09 15:17:17.047","Computer":"DEV-WS03","ProcessGuid":"{v3-implant-000000000003}","ProcessId":5003,"Image":"svchost-health.exe","User":"CORP.LOCAL\\jane.roberts","Protocol":"tcp","SourceIp":"10.42.10.45","SourcePort":49677,"DestinationIp":"185.225.73.217","DestinationPort":443}
{"EventID":3,"UtcTime":"2026-03-09 15:18:15.535","Computer":"DEV-WS03","ProcessGuid":"{v3-implant-000000000003}","ProcessId":5003,"Image":"svchost-health.exe","User":"CORP.LOCAL\\jane.roberts","Protocol":"tcp","SourceIp":"10.42.10.45","SourcePort":49678,"DestinationIp":"185.225.73.217","DestinationPort":443}
{"EventID":3,"UtcTime":"2026-03-09 15:19:14.403","Computer":"DEV-WS03","ProcessGuid":"{v3-implant-000000000003}","ProcessId":5003,"Image":"svchost-health.exe","User":"CORP.LOCAL\\jane.roberts","Protocol":"tcp","SourceIp":"10.42.10.45","SourcePort":49679,"DestinationIp":"185.225.73.217","DestinationPort":443}
{"EventID":3,"UtcTime":"2026-03-09 15:20:12.084","Computer":"DEV-WS03","ProcessGuid":"{v3-implant-000000000003}","ProcessId":5003,"Image":"svchost-health.exe","User":"CORP.LOCAL\\jane.roberts","Protocol":"tcp","SourceIp":"10.42.10.45","SourcePort":49680,"DestinationIp":"185.225.73.217","DestinationPort":443}
{"EventID":3,"UtcTime":"2026-03-09 15:21:12.454","Computer":"DEV-WS03","ProcessGuid":"{v3-implant-000000000003}","ProcessId":5003,"Image":"svchost-health.exe","User":"CORP.LOCAL\\jane.roberts","Protocol":"tcp","SourceIp":"10.42.10.45","SourcePort":49681,"DestinationIp":"185.225.73.217","DestinationPort":443}
{"EventID":3,"UtcTime":"2026-03-09 15:22:11.520","Computer":"DEV-WS03","ProcessGuid":"{v3-implant-000000000003}","ProcessId":5003,"Image":"svchost-health.exe","User":"CORP.LOCAL\\jane.roberts","Protocol":"tcp","SourceIp":"10.42.10.45","SourcePort":49682,"DestinationIp":"185.225.73.217","DestinationPort":443}
{"EventID":3,"UtcTime":"2026-03-09 15:23:08.675","Computer":"DEV-WS03","ProcessGuid":"{v3-implant-000000000003}","ProcessId":5003,"Image":"svchost-health.exe","User":"CORP.LOCAL\\jane.roberts","Protocol":"tcp","SourceIp":"10.42.10.45","SourcePort":49683,"DestinationIp":"185.225.73.217","DestinationPort":443}
{"EventID":3,"UtcTime":"2026-03-09 15:24:11.461","Computer":"DEV-WS03","ProcessGuid":"{v3-implant-000000000003}","ProcessId":5003,"Image":"svchost-health.exe","User":"CORP.LOCAL\\jane.roberts","Protocol":"tcp","SourceIp":"10.42.10.45","SourcePort":49684,"DestinationIp":"185.225.73.217","DestinationPort":443}
{"EventID":3,"UtcTime":"2026-03-09 15:24:17.775","Computer":"DEV-WS03","ProcessGuid":"{v3-code-main-000000000001}","ProcessId":5001,"Image":"Code.exe","User":"CORP.LOCAL\\jane.roberts","Protocol":"tcp","SourceIp":"10.42.10.45","SourcePort":49221,"DestinationIp":"3.104.94.10","DestinationPort":443}
{"EventID":3,"UtcTime":"2026-03-09 15:25:10.597","Computer":"DEV-WS03","ProcessGuid":"{v3-implant-000000000003}","ProcessId":5003,"Image":"svchost-health.exe","User":"CORP.LOCAL\\jane.roberts","Protocol":"tcp","SourceIp":"10.42.10.45","SourcePort":49685,"DestinationIp":"185.225.73.217","DestinationPort":443}
{"EventID":3,"UtcTime":"2026-03-09 15:26:10.622","Computer":"DEV-WS03","ProcessGuid":"{v3-implant-000000000003}","ProcessId":5003,"Image":"svchost-health.exe","User":"CORP.LOCAL\\jane.roberts","Protocol":"tcp","SourceIp":"10.42.10.45","SourcePort":49686,"DestinationIp":"185.225.73.217","DestinationPort":443}
{"EventID":3,"UtcTime":"2026-03-09 15:27:12.811","Computer":"DEV-WS03","ProcessGuid":"{v3-implant-000000000003}","ProcessId":5003,"Image":"svchost-health.exe","User":"CORP.LOCAL\\jane.roberts","Protocol":"tcp","SourceIp":"10.42.10.45","SourcePort":49687,"DestinationIp":"185.225.73.217","DestinationPort":443}
{"EventID":3,"UtcTime":"2026-03-09 15:28:11.707","Computer":"DEV-WS03","ProcessGuid":"{v3-implant-000000000003}","ProcessId":5003,"Image":"svchost-health.exe","User":"CORP.LOCAL\\jane.roberts","Protocol":"tcp","SourceIp":"10.42.10.45","SourcePort":49688,"DestinationIp":"185.225.73.217","DestinationPort":443}
{"EventID":3,"UtcTime":"2026-03-09 15:29:13.327","Computer":"DEV-WS03","ProcessGuid":"{v3-implant-000000000003}","ProcessId":5003,"Image":"svchost-health.exe","User":"CORP.LOCAL\\jane.roberts","Protocol":"tcp","SourceIp":"10.42.10.45","SourcePort":49689,"DestinationIp":"185.225.73.217","DestinationPort":443}
{"EventID":3,"UtcTime":"2026-03-09 15:30:10.489","Computer":"DEV-WS03","ProcessGuid":"{v3-implant-000000000003}","ProcessId":5003,"Image":"svchost-health.exe","User":"CORP.LOCAL\\jane.roberts","Protocol":"tcp","SourceIp":"10.42.10.45","SourcePort":49690,"DestinationIp":"185.225.73.217","DestinationPort":443}
{"EventID":3,"UtcTime":"2026-03-09 15:31:05.735","Computer":"DEV-WS03","ProcessGuid":"{v3-code-main-000000000001}","ProcessId":5001,"Image":"Code.exe","User":"CORP.LOCAL\\jane.roberts","Protocol":"tcp","SourceIp":"10.42.10.45","SourcePort":49222,"DestinationIp":"52.113.194.132","DestinationPort":443}
{"EventID":3,"UtcTime":"2026-03-09 15:31:11.209","Computer":"DEV-WS03","ProcessGuid":"{v3-implant-000000000003}","ProcessId":5003,"Image":"svchost-health.exe","User":"CORP.LOCAL\\jane.roberts","Protocol":"tcp","SourceIp":"10.42.10.45","SourcePort":49691,"DestinationIp":"185.225.73.217","DestinationPort":443}
{"EventID":3,"UtcTime":"2026-03-09 15:32:13.848","Computer":"DEV-WS03","ProcessGuid":"{v3-implant-000000000003}","ProcessId":5003,"Image":"svchost-health.exe","User":"CORP.LOCAL\\jane.roberts","Protocol":"tcp","SourceIp":"10.42.10.45","SourcePort":49692,"DestinationIp":"185.225.73.217","DestinationPort":443}
{"EventID":3,"UtcTime":"2026-03-09 15:33:13.985","Computer":"DEV-WS03","ProcessGuid":"{v3-implant-000000000003}","ProcessId":5003,"Image":"svchost-health.exe","User":"CORP.LOCAL\\jane.roberts","Protocol":"tcp","SourceIp":"10.42.10.45","SourcePort":49693,"DestinationIp":"185.225.73.217","DestinationPort":443}
{"EventID":3,"UtcTime":"2026-03-09 15:34:15.815","Computer":"DEV-WS03","ProcessGuid":"{v3-implant-000000000003}","ProcessId":5003,"Image":"svchost-health.exe","User":"CORP.LOCAL\\jane.roberts","Protocol":"tcp","SourceIp":"10.42.10.45","SourcePort":49694,"DestinationIp":"185.225.73.217","DestinationPort":443}
{"EventID":3,"UtcTime":"2026-03-09 15:35:17.897","Computer":"DEV-WS03","ProcessGuid":"{v3-implant-000000000003}","ProcessId":5003,"Image":"svchost-health.exe","User":"CORP.LOCAL\\jane.roberts","Protocol":"tcp","SourceIp":"10.42.10.45","SourcePort":49695,"DestinationIp":"185.225.73.217","DestinationPort":443}
{"EventID":3,"UtcTime":"2026-03-09 15:36:15.318","Computer":"DEV-WS03","ProcessGuid":"{v3-implant-000000000003}","ProcessId":5003,"Image":"svchost-health.exe","User":"CORP.LOCAL\\jane.roberts","Protocol":"tcp","SourceIp":"10.42.10.45","SourcePort":49696,"DestinationIp":"185.225.73.217","DestinationPort":443}
{"EventID":3,"UtcTime":"2026-03-09 15:37:16.279","Computer":"DEV-WS03","ProcessGuid":"{v3-implant-000000000003}","ProcessId":5003,"Image":"svchost-health.exe","User":"CORP.LOCAL\\jane.roberts","Protocol":"tcp","SourceIp":"10.42.10.45","SourcePort":49697,"DestinationIp":"185.225.73.217","DestinationPort":443}
{"EventID":3,"UtcTime":"2026-03-09 15:38:16.567","Computer":"DEV-WS03","ProcessGuid":"{v3-implant-000000000003}","ProcessId":5003,"Image":"svchost-health.exe","User":"CORP.LOCAL\\jane.roberts","Protocol":"tcp","SourceIp":"10.42.10.45","SourcePort":49698,"DestinationIp":"185.225.73.217","DestinationPort":443}
{"EventID":3,"UtcTime":"2026-03-09 15:39:17.167","Computer":"DEV-WS03","ProcessGuid":"{v3-implant-000000000003}","ProcessId":5003,"Image":"svchost-health.exe","User":"CORP.LOCAL\\jane.roberts","Protocol":"tcp","SourceIp":"10.42.10.45","SourcePort":49699,"DestinationIp":"185.225.73.217","DestinationPort":443}
{"EventID":3,"UtcTime":"2026-03-09 15:40:15.067","Computer":"DEV-WS03","ProcessGuid":"{v3-implant-000000000003}","ProcessId":5003,"Image":"svchost-health.exe","User":"CORP.LOCAL\\jane.roberts","Protocol":"tcp","SourceIp":"10.42.10.45","SourcePort":49700,"DestinationIp":"185.225.73.217","DestinationPort":443}
{"EventID":3,"UtcTime":"2026-03-09 15:41:14.810","Computer":"DEV-WS03","ProcessGuid":"{v3-implant-000000000003}","ProcessId":5003,"Image":"svchost-health.exe","User":"CORP.LOCAL\\jane.roberts","Protocol":"tcp","SourceIp":"10.42.10.45","SourcePort":49701,"DestinationIp":"185.225.73.217","DestinationPort":443}
{"EventID":3,"UtcTime":"2026-03-09 15:42:14.708","Computer":"DEV-WS03","ProcessGuid":"{v3-implant-000000000003}","ProcessId":5003,"Image":"svchost-health.exe","User":"CORP.LOCAL\\jane.roberts","Protocol":"tcp","SourceIp":"10.42.10.45","SourcePort":49702,"DestinationIp":"185.225.73.217","DestinationPort":443}
{"EventID":3,"UtcTime":"2026-03-09 15:43:11.940","Computer":"DEV-WS03","ProcessGuid":"{v3-implant-000000000003}","ProcessId":5003,"Image":"svchost-health.exe","User":"CORP.LOCAL\\jane.roberts","Protocol":"tcp","SourceIp":"10.42.10.45","SourcePort":49703,"DestinationIp":"185.225.73.217","DestinationPort":443}
{"EventID":3,"UtcTime":"2026-03-09 15:43:15.913","Computer":"DEV-WS03","ProcessGuid":"{v3-code-main-000000000001}","ProcessId":5001,"Image":"Code.exe","User":"CORP.LOCAL\\jane.roberts","Protocol":"tcp","SourceIp":"10.42.10.45","SourcePort":49223,"DestinationIp":"3.120.229.10","DestinationPort":443}
{"EventID":3,"UtcTime":"2026-03-09 15:44:12.914","Computer":"DEV-WS03","ProcessGuid":"{v3-implant-000000000003}","ProcessId":5003,"Image":"svchost-health.exe","User":"CORP.LOCAL\\jane.roberts","Protocol":"tcp","SourceIp":"10.42.10.45","SourcePort":49704,"DestinationIp":"185.225.73.217","DestinationPort":443}
{"EventID":3,"UtcTime":"2026-03-09 15:45:15.665","Computer":"DEV-WS03","ProcessGuid":"{v3-implant-000000000003}","ProcessId":5003,"Image":"svchost-health.exe","User":"CORP.LOCAL\\jane.roberts","Protocol":"tcp","SourceIp":"10.42.10.45","SourcePort":49705,"DestinationIp":"185.225.73.217","DestinationPort":443}
{"EventID":3,"UtcTime":"2026-03-09 15:46:14.299","Computer":"DEV-WS03","ProcessGuid":"{v3-implant-000000000003}","ProcessId":5003,"Image":"svchost-health.exe","User":"CORP.LOCAL\\jane.roberts","Protocol":"tcp","SourceIp":"10.42.10.45","SourcePort":49706,"DestinationIp":"185.225.73.217","DestinationPort":443}
{"EventID":3,"UtcTime":"2026-03-09 15:47:14.855","Computer":"DEV-WS03","ProcessGuid":"{v3-implant-000000000003}","ProcessId":5003,"Image":"svchost-health.exe","User":"CORP.LOCAL\\jane.roberts","Protocol":"tcp","SourceIp":"10.42.10.45","SourcePort":49707,"DestinationIp":"185.225.73.217","DestinationPort":443}
{"EventID":3,"UtcTime":"2026-03-09 15:48:15.409","Computer":"DEV-WS03","ProcessGuid":"{v3-implant-000000000003}","ProcessId":5003,"Image":"svchost-health.exe","User":"CORP.LOCAL\\jane.roberts","Protocol":"tcp","SourceIp":"10.42.10.45","SourcePort":49708,"DestinationIp":"185.225.73.217","DestinationPort":443}
{"EventID":3,"UtcTime":"2026-03-09 15:49:17.424","Computer":"DEV-WS03","ProcessGuid":"{v3-implant-000000000003}","ProcessId":5003,"Image":"svchost-health.exe","User":"CORP.LOCAL\\jane.roberts","Protocol":"tcp","SourceIp":"10.42.10.45","SourcePort":49709,"DestinationIp":"185.225.73.217","DestinationPort":443}
{"EventID":3,"UtcTime":"2026-03-09 15:50:16.535","Computer":"DEV-WS03","ProcessGuid":"{v3-implant-000000000003}","ProcessId":5003,"Image":"svchost-health.exe","User":"CORP.LOCAL\\jane.roberts","Protocol":"tcp","SourceIp":"10.42.10.45","SourcePort":49710,"DestinationIp":"185.225.73.217","DestinationPort":443}
{"EventID":3,"UtcTime":"2026-03-09 15:51:13.539","Computer":"DEV-WS03","ProcessGuid":"{v3-implant-000000000003}","ProcessId":5003,"Image":"svchost-health.exe","User":"CORP.LOCAL\\jane.roberts","Protocol":"tcp","SourceIp":"10.42.10.45","SourcePort":49711,"DestinationIp":"185.225.73.217","DestinationPort":443}
{"EventID":3,"UtcTime":"2026-03-09 15:52:12.845","Computer":"DEV-WS03","ProcessGuid":"{v3-implant-000000000003}","ProcessId":5003,"Image":"svchost-health.exe","User":"CORP.LOCAL\\jane.roberts","Protocol":"tcp","SourceIp":"10.42.10.45","SourcePort":49712,"DestinationIp":"185.225.73.217","DestinationPort":443}
{"EventID":3,"UtcTime":"2026-03-09 15:53:15.592","Computer":"DEV-WS03","ProcessGuid":"{v3-implant-000000000003}","ProcessId":5003,"Image":"svchost-health.exe","User":"CORP.LOCAL\\jane.roberts","Protocol":"tcp","SourceIp":"10.42.10.45","SourcePort":49713,"DestinationIp":"185.225.73.217","DestinationPort":443}
{"EventID":3,"UtcTime":"2026-03-09 15:54:14.068","Computer":"DEV-WS03","ProcessGuid":"{v3-implant-000000000003}","ProcessId":5003,"Image":"svchost-health.exe","User":"CORP.LOCAL\\jane.roberts","Protocol":"tcp","SourceIp":"10.42.10.45","SourcePort":49714,"DestinationIp":"185.225.73.217","DestinationPort":443}
{"EventID":3,"UtcTime":"2026-03-09 15:54:53.038","Computer":"DEV-WS03","ProcessGuid":"{v3-code-main-000000000001}","ProcessId":5001,"Image":"Code.exe","User":"CORP.LOCAL\\jane.roberts","Protocol":"tcp","SourceIp":"10.42.10.45","SourcePort":49224,"DestinationIp":"140.82.121.4","DestinationPort":443}
{"EventID":3,"UtcTime":"2026-03-09 15:55:14.898","Computer":"DEV-WS03","ProcessGuid":"{v3-implant-000000000003}","ProcessId":5003,"Image":"svchost-health.exe","User":"CORP.LOCAL\\jane.roberts","Protocol":"tcp","SourceIp":"10.42.10.45","SourcePort":49715,"DestinationIp":"185.225.73.217","DestinationPort":443}
{"EventID":3,"UtcTime":"2026-03-09 15:56:13.716","Computer":"DEV-WS03","ProcessGuid":"{v3-implant-000000000003}","ProcessId":5003,"Image":"svchost-health.exe","User":"CORP.LOCAL\\jane.roberts","Protocol":"tcp","SourceIp":"10.42.10.45","SourcePort":49716,"DestinationIp":"185.225.73.217","DestinationPort":443}
{"EventID":3,"UtcTime":"2026-03-09 15:57:14.672","Computer":"DEV-WS03","ProcessGuid":"{v3-code-main-000000000001}","ProcessId":5001,"Image":"Code.exe","User":"CORP.LOCAL\\jane.roberts","Protocol":"tcp","SourceIp":"10.42.10.45","SourcePort":49225,"DestinationIp":"140.82.121.6","DestinationPort":443}
{"EventID":3,"UtcTime":"2026-03-09 15:57:14.781","Computer":"DEV-WS03","ProcessGuid":"{v3-implant-000000000003}","ProcessId":5003,"Image":"svchost-health.exe","User":"CORP.LOCAL\\jane.roberts","Protocol":"tcp","SourceIp":"10.42.10.45","SourcePort":49717,"DestinationIp":"185.225.73.217","DestinationPort":443}
{"EventID":3,"UtcTime":"2026-03-09 15:58:12.633","Computer":"DEV-WS03","ProcessGuid":"{v3-implant-000000000003}","ProcessId":5003,"Image":"svchost-health.exe","User":"CORP.LOCAL\\jane.roberts","Protocol":"tcp","SourceIp":"10.42.10.45","SourcePort":49718,"DestinationIp":"185.225.73.217","DestinationPort":443}
{"EventID":3,"UtcTime":"2026-03-09 15:59:14.400","Computer":"DEV-WS03","ProcessGuid":"{v3-implant-000000000003}","ProcessId":5003,"Image":"svchost-health.exe","User":"CORP.LOCAL\\jane.roberts","Protocol":"tcp","SourceIp":"10.42.10.45","SourcePort":49719,"DestinationIp":"185.225.73.217","DestinationPort":443}
{"EventID":3,"UtcTime":"2026-03-09 16:00:12.672","Computer":"DEV-WS03","ProcessGuid":"{v3-implant-000000000003}","ProcessId":5003,"Image":"svchost-health.exe","User":"CORP.LOCAL\\jane.roberts","Protocol":"tcp","SourceIp":"10.42.10.45","SourcePort":49720,"DestinationIp":"185.225.73.217","DestinationPort":443}
{"EventID":3,"UtcTime":"2026-03-09 16:01:14.214","Computer":"DEV-WS03","ProcessGuid":"{v3-implant-000000000003}","ProcessId":5003,"Image":"svchost-health.exe","User":"CORP.LOCAL\\jane.roberts","Protocol":"tcp","SourceIp":"10.42.10.45","SourcePort":49721,"DestinationIp":"185.225.73.217","DestinationPort":443}
{"EventID":3,"UtcTime":"2026-03-09 16:02:13.425","Computer":"DEV-WS03","ProcessGuid":"{v3-implant-000000000003}","ProcessId":5003,"Image":"svchost-health.exe","User":"CORP.LOCAL\\jane.roberts","Protocol":"tcp","SourceIp":"10.42.10.45","SourcePort":49722,"DestinationIp":"185.225.73.217","DestinationPort":443}
{"EventID":3,"UtcTime":"2026-03-09 16:03:10.680","Computer":"DEV-WS03","ProcessGuid":"{v3-implant-000000000003}","ProcessId":5003,"Image":"svchost-health.exe","User":"CORP.LOCAL\\jane.roberts","Protocol":"tcp","SourceIp":"10.42.10.45","SourcePort":49723,"DestinationIp":"185.225.73.217","DestinationPort":443}
{"EventID":3,"UtcTime":"2026-03-09 16:04:12.951","Computer":"DEV-WS03","ProcessGuid":"{v3-implant-000000000003}","ProcessId":5003,"Image":"svchost-health.exe","User":"CORP.LOCAL\\jane.roberts","Protocol":"tcp","SourceIp":"10.42.10.45","SourcePort":49724,"DestinationIp":"185.225.73.217","DestinationPort":443}
{"EventID":3,"UtcTime":"2026-03-09 16:05:13.494","Computer":"DEV-WS03","ProcessGuid":"{v3-implant-000000000003}","ProcessId":5003,"Image":"svchost-health.exe","User":"CORP.LOCAL\\jane.roberts","Protocol":"tcp","SourceIp":"10.42.10.45","SourcePort":49725,"DestinationIp":"185.225.73.217","DestinationPort":443}
{"EventID":3,"UtcTime":"2026-03-09 16:05:31.954","Computer":"DEV-WS03","ProcessGuid":"{v3-implant-000000000003}","ProcessId":5003,"Image":"svchost-health.exe","User":"CORP.LOCAL\\jane.roberts","Protocol":"tcp","SourceIp":"10.42.10.45","SourcePort":50200,"DestinationIp":"31.216.144.106","DestinationPort":443}
{"EventID":3,"UtcTime":"2026-03-09 16:06:10.692","Computer":"DEV-WS03","ProcessGuid":"{v3-implant-000000000003}","ProcessId":5003,"Image":"svchost-health.exe","User":"CORP.LOCAL\\jane.roberts","Protocol":"tcp","SourceIp":"10.42.10.45","SourcePort":49726,"DestinationIp":"185.225.73.217","DestinationPort":443}
{"EventID":3,"UtcTime":"2026-03-09 16:07:12.486","Computer":"DEV-WS03","ProcessGuid":"{v3-implant-000000000003}","ProcessId":5003,"Image":"svchost-health.exe","User":"CORP.LOCAL\\jane.roberts","Protocol":"tcp","SourceIp":"10.42.10.45","SourcePort":49727,"DestinationIp":"185.225.73.217","DestinationPort":443}
{"EventID":3,"UtcTime":"2026-03-09 16:08:13.477","Computer":"DEV-WS03","ProcessGuid":"{v3-implant-000000000003}","ProcessId":5003,"Image":"svchost-health.exe","User":"CORP.LOCAL\\jane.roberts","Protocol":"tcp","SourceIp":"10.42.10.45","SourcePort":49728,"DestinationIp":"185.225.73.217","DestinationPort":443}
{"EventID":3,"UtcTime":"2026-03-09 16:09:10.796","Computer":"DEV-WS03","ProcessGuid":"{v3-implant-000000000003}","ProcessId":5003,"Image":"svchost-health.exe","User":"CORP.LOCAL\\jane.roberts","Protocol":"tcp","SourceIp":"10.42.10.45","SourcePort":49729,"DestinationIp":"185.225.73.217","DestinationPort":443}
{"EventID":3,"UtcTime":"2026-03-09 16:10:07.993","Computer":"DEV-WS03","ProcessGuid":"{v3-implant-000000000003}","ProcessId":5003,"Image":"svchost-health.exe","User":"CORP.LOCAL\\jane.roberts","Protocol":"tcp","SourceIp":"10.42.10.45","SourcePort":49730,"DestinationIp":"185.225.73.217","DestinationPort":443}
{"EventID":3,"UtcTime":"2026-03-09 16:11:05.823","Computer":"DEV-WS03","ProcessGuid":"{v3-implant-000000000003}","ProcessId":5003,"Image":"svchost-health.exe","User":"CORP.LOCAL\\jane.roberts","Protocol":"tcp","SourceIp":"10.42.10.45","SourcePort":49731,"DestinationIp":"185.225.73.217","DestinationPort":443}
{"EventID":3,"UtcTime":"2026-03-09 16:12:03.097","Computer":"DEV-WS03","ProcessGuid":"{v3-implant-000000000003}","ProcessId":5003,"Image":"svchost-health.exe","User":"CORP.LOCAL\\jane.roberts","Protocol":"tcp","SourceIp":"10.42.10.45","SourcePort":49732,"DestinationIp":"185.225.73.217","DestinationPort":443}
